[0.204s] DEBUG:colcon:Command line arguments: ['/usr/bin/colcon', 'build']
[0.204s] DEBUG:colcon:Parsed command line arguments: Namespace(allow_overriding=[], ament_cmake_args=None, base_paths=['.'], build_base='build', catkin_cmake_args=None, catkin_skip_building_tests=False, cmake_args=None, cmake_clean_cache=False, cmake_clean_first=False, cmake_force_configure=False, cmake_target=None, cmake_target_skip_unavailable=False, continue_on_error=False, event_handlers=None, executor='parallel', ignore_user_meta=False, install_base='install', log_base=None, log_level=None, main=<bound method BuildVerb.main of <colcon_core.verb.build.BuildVerb object at 0x7fbcd69f9dc0>>, merge_install=False, metas=['./colcon.meta'], packages_above=None, packages_above_and_dependencies=None, packages_above_depth=None, packages_end=None, packages_ignore=None, packages_ignore_regex=None, packages_select=None, packages_select_build_failed=False, packages_select_by_dep=None, packages_select_regex=None, packages_select_test_failures=False, packages_skip=None, packages_skip_build_finished=False, packages_skip_by_dep=None, packages_skip_regex=None, packages_skip_test_passed=False, packages_skip_up_to=None, packages_start=None, packages_up_to=None, packages_up_to_regex=None, parallel_workers=1, paths=None, symlink_install=False, test_result_base=None, verb_extension=<colcon_core.verb.build.BuildVerb object at 0x7fbcd69f9dc0>, verb_name='build', verb_parser=<colcon_defaults.argument_parser.defaults.DefaultArgumentsDecorator object at 0x7fbcd6a04370>)
[0.251s] Level 1:colcon.colcon_core.package_discovery:discover_packages(colcon_meta) check parameters
[0.251s] Level 1:colcon.colcon_core.package_discovery:discover_packages(recursive) check parameters
[0.251s] Level 1:colcon.colcon_core.package_discovery:discover_packages(ignore) check parameters
[0.251s] Level 1:colcon.colcon_core.package_discovery:discover_packages(path) check parameters
[0.251s] Level 1:colcon.colcon_core.package_discovery:discover_packages(colcon_meta) discover
[0.251s] Level 1:colcon.colcon_core.package_discovery:discover_packages(recursive) discover
[0.251s] INFO:colcon.colcon_core.package_discovery:Crawling recursively for packages in '/home/marc/Documents/GitHub/IR2117-PSR/tb3_ws'
[0.251s] Level 1:colcon.colcon_core.package_identification:_identify(.) by extensions ['ignore', 'ignore_ament_install']
[0.251s] Level 1:colcon.colcon_core.package_identification:_identify(.) by extension 'ignore'
[0.251s] Level 1:colcon.colcon_core.package_identification:_identify(.) by extension 'ignore_ament_install'
[0.251s] Level 1:colcon.colcon_core.package_identification:_identify(.) by extensions ['colcon_pkg']
[0.251s] Level 1:colcon.colcon_core.package_identification:_identify(.) by extension 'colcon_pkg'
[0.252s] Level 1:colcon.colcon_core.package_identification:_identify(.) by extensions ['colcon_meta']
[0.252s] Level 1:colcon.colcon_core.package_identification:_identify(.) by extension 'colcon_meta'
[0.252s] Level 1:colcon.colcon_core.package_identification:_identify(.) by extensions ['ros']
[0.252s] Level 1:colcon.colcon_core.package_identification:_identify(.) by extension 'ros'
[0.300s] Level 1:colcon.colcon_core.package_identification:_identify(.) by extensions ['cmake', 'python']
[0.300s] Level 1:colcon.colcon_core.package_identification:_identify(.) by extension 'cmake'
[0.300s] Level 1:colcon.colcon_core.package_identification:_identify(.) by extension 'python'
[0.300s] Level 1:colcon.colcon_core.package_identification:_identify(.) by extensions ['python_setup_py']
[0.300s] Level 1:colcon.colcon_core.package_identification:_identify(.) by extension 'python_setup_py'
[0.300s] Level 1:colcon.colcon_core.package_identification:_identify(build) by extensions ['ignore', 'ignore_ament_install']
[0.300s] Level 1:colcon.colcon_core.package_identification:_identify(build) by extension 'ignore'
[0.300s] Level 1:colcon.colcon_core.package_identification:_identify(build) ignored
[0.300s] Level 1:colcon.colcon_core.package_identification:_identify(install) by extensions ['ignore', 'ignore_ament_install']
[0.300s] Level 1:colcon.colcon_core.package_identification:_identify(install) by extension 'ignore'
[0.300s] Level 1:colcon.colcon_core.package_identification:_identify(install) ignored
[0.300s] Level 1:colcon.colcon_core.package_identification:_identify(log) by extensions ['ignore', 'ignore_ament_install']
[0.300s] Level 1:colcon.colcon_core.package_identification:_identify(log) by extension 'ignore'
[0.300s] Level 1:colcon.colcon_core.package_identification:_identify(log) ignored
[0.300s] Level 1:colcon.colcon_core.package_identification:_identify(rosbag2_2023_03_28-12_32_38) by extensions ['ignore', 'ignore_ament_install']
[0.300s] Level 1:colcon.colcon_core.package_identification:_identify(rosbag2_2023_03_28-12_32_38) by extension 'ignore'
[0.300s] Level 1:colcon.colcon_core.package_identification:_identify(rosbag2_2023_03_28-12_32_38) by extension 'ignore_ament_install'
[0.300s] Level 1:colcon.colcon_core.package_identification:_identify(rosbag2_2023_03_28-12_32_38) by extensions ['colcon_pkg']
[0.300s] Level 1:colcon.colcon_core.package_identification:_identify(rosbag2_2023_03_28-12_32_38) by extension 'colcon_pkg'
[0.300s] Level 1:colcon.colcon_core.package_identification:_identify(rosbag2_2023_03_28-12_32_38) by extensions ['colcon_meta']
[0.300s] Level 1:colcon.colcon_core.package_identification:_identify(rosbag2_2023_03_28-12_32_38) by extension 'colcon_meta'
[0.300s] Level 1:colcon.colcon_core.package_identification:_identify(rosbag2_2023_03_28-12_32_38) by extensions ['ros']
[0.301s] Level 1:colcon.colcon_core.package_identification:_identify(rosbag2_2023_03_28-12_32_38) by extension 'ros'
[0.301s] Level 1:colcon.colcon_core.package_identification:_identify(rosbag2_2023_03_28-12_32_38) by extensions ['cmake', 'python']
[0.301s] Level 1:colcon.colcon_core.package_identification:_identify(rosbag2_2023_03_28-12_32_38) by extension 'cmake'
[0.301s] Level 1:colcon.colcon_core.package_identification:_identify(rosbag2_2023_03_28-12_32_38) by extension 'python'
[0.301s] Level 1:colcon.colcon_core.package_identification:_identify(rosbag2_2023_03_28-12_32_38) by extensions ['python_setup_py']
[0.301s] Level 1:colcon.colcon_core.package_identification:_identify(rosbag2_2023_03_28-12_32_38) by extension 'python_setup_py'
[0.301s] Level 1:colcon.colcon_core.package_identification:_identify(src) by extensions ['ignore', 'ignore_ament_install']
[0.301s] Level 1:colcon.colcon_core.package_identification:_identify(src) by extension 'ignore'
[0.301s] Level 1:colcon.colcon_core.package_identification:_identify(src) by extension 'ignore_ament_install'
[0.301s] Level 1:colcon.colcon_core.package_identification:_identify(src) by extensions ['colcon_pkg']
[0.301s] Level 1:colcon.colcon_core.package_identification:_identify(src) by extension 'colcon_pkg'
[0.301s] Level 1:colcon.colcon_core.package_identification:_identify(src) by extensions ['colcon_meta']
[0.301s] Level 1:colcon.colcon_core.package_identification:_identify(src) by extension 'colcon_meta'
[0.301s] Level 1:colcon.colcon_core.package_identification:_identify(src) by extensions ['ros']
[0.301s] Level 1:colcon.colcon_core.package_identification:_identify(src) by extension 'ros'
[0.301s] Level 1:colcon.colcon_core.package_identification:_identify(src) by extensions ['cmake', 'python']
[0.301s] Level 1:colcon.colcon_core.package_identification:_identify(src) by extension 'cmake'
[0.301s] Level 1:colcon.colcon_core.package_identification:_identify(src) by extension 'python'
[0.301s] Level 1:colcon.colcon_core.package_identification:_identify(src) by extensions ['python_setup_py']
[0.301s] Level 1:colcon.colcon_core.package_identification:_identify(src) by extension 'python_setup_py'
[0.301s] Level 1:colcon.colcon_core.package_identification:_identify(src/obstacles) by extensions ['ignore', 'ignore_ament_install']
[0.301s] Level 1:colcon.colcon_core.package_identification:_identify(src/obstacles) by extension 'ignore'
[0.301s] Level 1:colcon.colcon_core.package_identification:_identify(src/obstacles) by extension 'ignore_ament_install'
[0.301s] Level 1:colcon.colcon_core.package_identification:_identify(src/obstacles) by extensions ['colcon_pkg']
[0.301s] Level 1:colcon.colcon_core.package_identification:_identify(src/obstacles) by extension 'colcon_pkg'
[0.301s] Level 1:colcon.colcon_core.package_identification:_identify(src/obstacles) by extensions ['colcon_meta']
[0.301s] Level 1:colcon.colcon_core.package_identification:_identify(src/obstacles) by extension 'colcon_meta'
[0.301s] Level 1:colcon.colcon_core.package_identification:_identify(src/obstacles) by extensions ['ros']
[0.301s] Level 1:colcon.colcon_core.package_identification:_identify(src/obstacles) by extension 'ros'
[0.303s] DEBUG:colcon.colcon_core.package_identification:Package 'src/obstacles' with type 'ros.ament_cmake' and name 'obstacles'
[0.303s] Level 1:colcon.colcon_core.package_identification:_identify(src/robot_trajectory) by extensions ['ignore', 'ignore_ament_install']
[0.303s] Level 1:colcon.colcon_core.package_identification:_identify(src/robot_trajectory) by extension 'ignore'
[0.303s] Level 1:colcon.colcon_core.package_identification:_identify(src/robot_trajectory) by extension 'ignore_ament_install'
[0.303s] Level 1:colcon.colcon_core.package_identification:_identify(src/robot_trajectory) by extensions ['colcon_pkg']
[0.303s] Level 1:colcon.colcon_core.package_identification:_identify(src/robot_trajectory) by extension 'colcon_pkg'
[0.303s] Level 1:colcon.colcon_core.package_identification:_identify(src/robot_trajectory) by extensions ['colcon_meta']
[0.303s] Level 1:colcon.colcon_core.package_identification:_identify(src/robot_trajectory) by extension 'colcon_meta'
[0.303s] Level 1:colcon.colcon_core.package_identification:_identify(src/robot_trajectory) by extensions ['ros']
[0.303s] Level 1:colcon.colcon_core.package_identification:_identify(src/robot_trajectory) by extension 'ros'
[0.304s] DEBUG:colcon.colcon_core.package_identification:Package 'src/robot_trajectory' with type 'ros.ament_cmake' and name 'robot_trajectory'
[0.304s] Level 1:colcon.colcon_core.package_discovery:discover_packages(recursive) using defaults
[0.304s] Level 1:colcon.colcon_core.package_discovery:discover_packages(ignore) discover
[0.304s] Level 1:colcon.colcon_core.package_discovery:discover_packages(ignore) using defaults
[0.304s] Level 1:colcon.colcon_core.package_discovery:discover_packages(path) discover
[0.304s] Level 1:colcon.colcon_core.package_discovery:discover_packages(path) using defaults
[0.333s] Level 1:colcon.colcon_core.package_discovery:discover_packages(prefix_path) check parameters
[0.333s] Level 1:colcon.colcon_core.package_discovery:discover_packages(prefix_path) discover
[0.334s] WARNING:colcon.colcon_ros.prefix_path.ament:The path '/home/marc/Documents/GitHub/IR2117-PSR/tb3_ws/install/robot_trajectory' in the environment variable AMENT_PREFIX_PATH doesn't exist
[0.336s] WARNING:colcon.colcon_ros.prefix_path.ament:The path '/home/marc/Documents/GitHub/IR2117-PSR/tb3_ws/install/obstacles' in the environment variable AMENT_PREFIX_PATH doesn't exist
[0.336s] WARNING:colcon.colcon_ros.prefix_path.catkin:The path '/home/marc/Documents/GitHub/IR2117-PSR/tb3_ws/install/robot_trajectory' in the environment variable CMAKE_PREFIX_PATH doesn't exist
[0.336s] WARNING:colcon.colcon_ros.prefix_path.catkin:The path '/home/marc/Documents/GitHub/IR2117-PSR/tb3_ws/install/obstacles' in the environment variable CMAKE_PREFIX_PATH doesn't exist
[0.337s] DEBUG:colcon.colcon_installed_package_information.package_discovery:Found 0 installed packages in /home/marc/Documents/GitHub/IR2117-PSR/tb3_ws/install
[0.340s] DEBUG:colcon.colcon_installed_package_information.package_discovery:Found 266 installed packages in /opt/ros/foxy
[0.342s] Level 1:colcon.colcon_core.package_discovery:discover_packages(prefix_path) using defaults
[0.409s] Level 5:colcon.colcon_core.verb:set package 'obstacles' build argument 'cmake_args' from command line to 'None'
[0.409s] Level 5:colcon.colcon_core.verb:set package 'obstacles' build argument 'cmake_target' from command line to 'None'
[0.409s] Level 5:colcon.colcon_core.verb:set package 'obstacles' build argument 'cmake_target_skip_unavailable' from command line to 'False'
[0.409s] Level 5:colcon.colcon_core.verb:set package 'obstacles' build argument 'cmake_clean_cache' from command line to 'False'
[0.409s] Level 5:colcon.colcon_core.verb:set package 'obstacles' build argument 'cmake_clean_first' from command line to 'False'
[0.409s] Level 5:colcon.colcon_core.verb:set package 'obstacles' build argument 'cmake_force_configure' from command line to 'False'
[0.409s] Level 5:colcon.colcon_core.verb:set package 'obstacles' build argument 'ament_cmake_args' from command line to 'None'
[0.409s] Level 5:colcon.colcon_core.verb:set package 'obstacles' build argument 'catkin_cmake_args' from command line to 'None'
[0.409s] Level 5:colcon.colcon_core.verb:set package 'obstacles' build argument 'catkin_skip_building_tests' from command line to 'False'
[0.409s] DEBUG:colcon.colcon_core.verb:Building package 'obstacles' with the following arguments: {'ament_cmake_args': None, 'build_base': '/home/marc/Documents/GitHub/IR2117-PSR/tb3_ws/build/obstacles', 'catkin_cmake_args': None, 'catkin_skip_building_tests': False, 'cmake_args': None, 'cmake_clean_cache': False, 'cmake_clean_first': False, 'cmake_force_configure': False, 'cmake_target': None, 'cmake_target_skip_unavailable': False, 'install_base': '/home/marc/Documents/GitHub/IR2117-PSR/tb3_ws/install/obstacles', 'merge_install': False, 'path': '/home/marc/Documents/GitHub/IR2117-PSR/tb3_ws/src/obstacles', 'symlink_install': False, 'test_result_base': None}
[0.410s] Level 5:colcon.colcon_core.verb:set package 'robot_trajectory' build argument 'cmake_args' from command line to 'None'
[0.410s] Level 5:colcon.colcon_core.verb:set package 'robot_trajectory' build argument 'cmake_target' from command line to 'None'
[0.410s] Level 5:colcon.colcon_core.verb:set package 'robot_trajectory' build argument 'cmake_target_skip_unavailable' from command line to 'False'
[0.410s] Level 5:colcon.colcon_core.verb:set package 'robot_trajectory' build argument 'cmake_clean_cache' from command line to 'False'
[0.410s] Level 5:colcon.colcon_core.verb:set package 'robot_trajectory' build argument 'cmake_clean_first' from command line to 'False'
[0.410s] Level 5:colcon.colcon_core.verb:set package 'robot_trajectory' build argument 'cmake_force_configure' from command line to 'False'
[0.410s] Level 5:colcon.colcon_core.verb:set package 'robot_trajectory' build argument 'ament_cmake_args' from command line to 'None'
[0.410s] Level 5:colcon.colcon_core.verb:set package 'robot_trajectory' build argument 'catkin_cmake_args' from command line to 'None'
[0.410s] Level 5:colcon.colcon_core.verb:set package 'robot_trajectory' build argument 'catkin_skip_building_tests' from command line to 'False'
[0.410s] DEBUG:colcon.colcon_core.verb:Building package 'robot_trajectory' with the following arguments: {'ament_cmake_args': None, 'build_base': '/home/marc/Documents/GitHub/IR2117-PSR/tb3_ws/build/robot_trajectory', 'catkin_cmake_args': None, 'catkin_skip_building_tests': False, 'cmake_args': None, 'cmake_clean_cache': False, 'cmake_clean_first': False, 'cmake_force_configure': False, 'cmake_target': None, 'cmake_target_skip_unavailable': False, 'install_base': '/home/marc/Documents/GitHub/IR2117-PSR/tb3_ws/install/robot_trajectory', 'merge_install': False, 'path': '/home/marc/Documents/GitHub/IR2117-PSR/tb3_ws/src/robot_trajectory', 'symlink_install': False, 'test_result_base': None}
[0.410s] INFO:colcon.colcon_core.executor:Executing jobs using 'parallel' executor
[0.412s] DEBUG:colcon.colcon_parallel_executor.executor.parallel:run_until_complete
[0.412s] INFO:colcon.colcon_ros.task.ament_cmake.build:Building ROS package in '/home/marc/Documents/GitHub/IR2117-PSR/tb3_ws/src/obstacles' with build type 'ament_cmake'
[0.412s] INFO:colcon.colcon_cmake.task.cmake.build:Building CMake package in '/home/marc/Documents/GitHub/IR2117-PSR/tb3_ws/src/obstacles'
[0.415s] INFO:colcon.colcon_core.plugin_system:Skipping extension 'colcon_core.shell.bat': Not used on non-Windows systems
[0.415s] INFO:colcon.colcon_core.shell:Skip shell extension 'powershell' for command environment: Not usable outside of PowerShell
[0.415s] DEBUG:colcon.colcon_core.shell:Skip shell extension 'dsv' for command environment
[0.426s] DEBUG:colcon.colcon_core.event_handler.log_command:Invoking command in '/home/marc/Documents/GitHub/IR2117-PSR/tb3_ws/build/obstacles': CMAKE_PREFIX_PATH=${CMAKE_PREFIX_PATH}:/opt/ros/foxy /usr/bin/cmake /home/marc/Documents/GitHub/IR2117-PSR/tb3_ws/src/obstacles -DCMAKE_INSTALL_PREFIX=/home/marc/Documents/GitHub/IR2117-PSR/tb3_ws/install/obstacles
[2.366s] DEBUG:colcon.colcon_core.event_handler.log_command:Invoked command in '/home/marc/Documents/GitHub/IR2117-PSR/tb3_ws/build/obstacles' returned '0': CMAKE_PREFIX_PATH=${CMAKE_PREFIX_PATH}:/opt/ros/foxy /usr/bin/cmake /home/marc/Documents/GitHub/IR2117-PSR/tb3_ws/src/obstacles -DCMAKE_INSTALL_PREFIX=/home/marc/Documents/GitHub/IR2117-PSR/tb3_ws/install/obstacles
[2.366s] DEBUG:colcon.colcon_core.event_handler.log_command:Invoking command in '/home/marc/Documents/GitHub/IR2117-PSR/tb3_ws/build/obstacles': CMAKE_PREFIX_PATH=${CMAKE_PREFIX_PATH}:/opt/ros/foxy /usr/bin/cmake --build /home/marc/Documents/GitHub/IR2117-PSR/tb3_ws/build/obstacles -- -j1 -l1
[7.602s] DEBUG:colcon.colcon_core.event_handler.log_command:Invoked command in '/home/marc/Documents/GitHub/IR2117-PSR/tb3_ws/build/obstacles' returned '0': CMAKE_PREFIX_PATH=${CMAKE_PREFIX_PATH}:/opt/ros/foxy /usr/bin/cmake --build /home/marc/Documents/GitHub/IR2117-PSR/tb3_ws/build/obstacles -- -j1 -l1
[7.670s] DEBUG:colcon.colcon_core.event_handler.log_command:Invoking command in '/home/marc/Documents/GitHub/IR2117-PSR/tb3_ws/build/obstacles': CMAKE_PREFIX_PATH=${CMAKE_PREFIX_PATH}:/opt/ros/foxy /usr/bin/cmake --install /home/marc/Documents/GitHub/IR2117-PSR/tb3_ws/build/obstacles
[7.684s] Level 1:colcon.colcon_core.environment:create_environment_scripts_only(obstacles)
[7.687s] Level 1:colcon.colcon_core.environment:checking '/home/marc/Documents/GitHub/IR2117-PSR/tb3_ws/install/obstacles' for CMake module files
[7.688s] Level 1:colcon.colcon_core.environment:checking '/home/marc/Documents/GitHub/IR2117-PSR/tb3_ws/install/obstacles' for CMake config files
[7.688s] Level 1:colcon.colcon_core.shell:create_environment_hook('obstacles', 'cmake_prefix_path')
[7.689s] INFO:colcon.colcon_core.shell:Creating environment hook '/home/marc/Documents/GitHub/IR2117-PSR/tb3_ws/install/obstacles/share/obstacles/hook/cmake_prefix_path.ps1'
[7.690s] INFO:colcon.colcon_core.shell:Creating environment descriptor '/home/marc/Documents/GitHub/IR2117-PSR/tb3_ws/install/obstacles/share/obstacles/hook/cmake_prefix_path.dsv'
[7.690s] INFO:colcon.colcon_core.shell:Creating environment hook '/home/marc/Documents/GitHub/IR2117-PSR/tb3_ws/install/obstacles/share/obstacles/hook/cmake_prefix_path.sh'
[7.690s] Level 1:colcon.colcon_core.environment:checking '/home/marc/Documents/GitHub/IR2117-PSR/tb3_ws/install/obstacles/lib'
[7.690s] Level 1:colcon.colcon_core.environment:checking '/home/marc/Documents/GitHub/IR2117-PSR/tb3_ws/install/obstacles/bin'
[7.690s] Level 1:colcon.colcon_core.environment:checking '/home/marc/Documents/GitHub/IR2117-PSR/tb3_ws/install/obstacles/lib/pkgconfig/obstacles.pc'
[7.691s] Level 1:colcon.colcon_core.environment:checking '/home/marc/Documents/GitHub/IR2117-PSR/tb3_ws/install/obstacles/lib/python3.8/site-packages'
[7.691s] Level 1:colcon.colcon_core.environment:checking '/home/marc/Documents/GitHub/IR2117-PSR/tb3_ws/install/obstacles/bin'
[7.692s] INFO:colcon.colcon_core.shell:Creating package script '/home/marc/Documents/GitHub/IR2117-PSR/tb3_ws/install/obstacles/share/obstacles/package.ps1'
[7.692s] INFO:colcon.colcon_core.shell:Creating package descriptor '/home/marc/Documents/GitHub/IR2117-PSR/tb3_ws/install/obstacles/share/obstacles/package.dsv'
[7.693s] DEBUG:colcon.colcon_core.event_handler.log_command:Invoked command in '/home/marc/Documents/GitHub/IR2117-PSR/tb3_ws/build/obstacles' returned '0': CMAKE_PREFIX_PATH=${CMAKE_PREFIX_PATH}:/opt/ros/foxy /usr/bin/cmake --install /home/marc/Documents/GitHub/IR2117-PSR/tb3_ws/build/obstacles
[7.694s] INFO:colcon.colcon_core.shell:Creating package script '/home/marc/Documents/GitHub/IR2117-PSR/tb3_ws/install/obstacles/share/obstacles/package.sh'
[7.694s] INFO:colcon.colcon_core.shell:Creating package script '/home/marc/Documents/GitHub/IR2117-PSR/tb3_ws/install/obstacles/share/obstacles/package.bash'
[7.694s] INFO:colcon.colcon_core.shell:Creating package script '/home/marc/Documents/GitHub/IR2117-PSR/tb3_ws/install/obstacles/share/obstacles/package.zsh'
[7.695s] Level 1:colcon.colcon_core.environment:create_file_with_runtime_dependencies(/home/marc/Documents/GitHub/IR2117-PSR/tb3_ws/install/obstacles/share/colcon-core/packages/obstacles)
[7.729s] Level 1:colcon.colcon_core.environment:create_environment_scripts_only(obstacles)
[7.730s] Level 1:colcon.colcon_core.environment:checking '/home/marc/Documents/GitHub/IR2117-PSR/tb3_ws/install/obstacles' for CMake module files
[7.731s] Level 1:colcon.colcon_core.environment:checking '/home/marc/Documents/GitHub/IR2117-PSR/tb3_ws/install/obstacles' for CMake config files
[7.731s] Level 1:colcon.colcon_core.shell:create_environment_hook('obstacles', 'cmake_prefix_path')
[7.732s] INFO:colcon.colcon_core.shell:Creating environment hook '/home/marc/Documents/GitHub/IR2117-PSR/tb3_ws/install/obstacles/share/obstacles/hook/cmake_prefix_path.ps1'
[7.733s] INFO:colcon.colcon_core.shell:Creating environment descriptor '/home/marc/Documents/GitHub/IR2117-PSR/tb3_ws/install/obstacles/share/obstacles/hook/cmake_prefix_path.dsv'
[7.733s] INFO:colcon.colcon_core.shell:Creating environment hook '/home/marc/Documents/GitHub/IR2117-PSR/tb3_ws/install/obstacles/share/obstacles/hook/cmake_prefix_path.sh'
[7.734s] Level 1:colcon.colcon_core.environment:checking '/home/marc/Documents/GitHub/IR2117-PSR/tb3_ws/install/obstacles/lib'
[7.734s] Level 1:colcon.colcon_core.environment:checking '/home/marc/Documents/GitHub/IR2117-PSR/tb3_ws/install/obstacles/bin'
[7.734s] Level 1:colcon.colcon_core.environment:checking '/home/marc/Documents/GitHub/IR2117-PSR/tb3_ws/install/obstacles/lib/pkgconfig/obstacles.pc'
[7.734s] Level 1:colcon.colcon_core.environment:checking '/home/marc/Documents/GitHub/IR2117-PSR/tb3_ws/install/obstacles/lib/python3.8/site-packages'
[7.734s] Level 1:colcon.colcon_core.environment:checking '/home/marc/Documents/GitHub/IR2117-PSR/tb3_ws/install/obstacles/bin'
[7.735s] INFO:colcon.colcon_core.shell:Creating package script '/home/marc/Documents/GitHub/IR2117-PSR/tb3_ws/install/obstacles/share/obstacles/package.ps1'
[7.736s] INFO:colcon.colcon_core.shell:Creating package descriptor '/home/marc/Documents/GitHub/IR2117-PSR/tb3_ws/install/obstacles/share/obstacles/package.dsv'
[7.737s] INFO:colcon.colcon_core.shell:Creating package script '/home/marc/Documents/GitHub/IR2117-PSR/tb3_ws/install/obstacles/share/obstacles/package.sh'
[7.737s] INFO:colcon.colcon_core.shell:Creating package script '/home/marc/Documents/GitHub/IR2117-PSR/tb3_ws/install/obstacles/share/obstacles/package.bash'
[7.738s] INFO:colcon.colcon_core.shell:Creating package script '/home/marc/Documents/GitHub/IR2117-PSR/tb3_ws/install/obstacles/share/obstacles/package.zsh'
[7.739s] Level 1:colcon.colcon_core.environment:create_file_with_runtime_dependencies(/home/marc/Documents/GitHub/IR2117-PSR/tb3_ws/install/obstacles/share/colcon-core/packages/obstacles)
[7.740s] INFO:colcon.colcon_ros.task.ament_cmake.build:Building ROS package in '/home/marc/Documents/GitHub/IR2117-PSR/tb3_ws/src/robot_trajectory' with build type 'ament_cmake'
[7.740s] INFO:colcon.colcon_cmake.task.cmake.build:Building CMake package in '/home/marc/Documents/GitHub/IR2117-PSR/tb3_ws/src/robot_trajectory'
[7.741s] INFO:colcon.colcon_core.shell:Skip shell extension 'powershell' for command environment: Not usable outside of PowerShell
[7.741s] DEBUG:colcon.colcon_core.shell:Skip shell extension 'dsv' for command environment
[7.749s] DEBUG:colcon.colcon_core.event_handler.log_command:Invoking command in '/home/marc/Documents/GitHub/IR2117-PSR/tb3_ws/build/robot_trajectory': CMAKE_PREFIX_PATH=${CMAKE_PREFIX_PATH}:/opt/ros/foxy /usr/bin/cmake /home/marc/Documents/GitHub/IR2117-PSR/tb3_ws/src/robot_trajectory -DCMAKE_INSTALL_PREFIX=/home/marc/Documents/GitHub/IR2117-PSR/tb3_ws/install/robot_trajectory
[9.732s] DEBUG:colcon.colcon_core.event_handler.log_command:Invoked command in '/home/marc/Documents/GitHub/IR2117-PSR/tb3_ws/build/robot_trajectory' returned '0': CMAKE_PREFIX_PATH=${CMAKE_PREFIX_PATH}:/opt/ros/foxy /usr/bin/cmake /home/marc/Documents/GitHub/IR2117-PSR/tb3_ws/src/robot_trajectory -DCMAKE_INSTALL_PREFIX=/home/marc/Documents/GitHub/IR2117-PSR/tb3_ws/install/robot_trajectory
[9.732s] DEBUG:colcon.colcon_core.event_handler.log_command:Invoking command in '/home/marc/Documents/GitHub/IR2117-PSR/tb3_ws/build/robot_trajectory': CMAKE_PREFIX_PATH=${CMAKE_PREFIX_PATH}:/opt/ros/foxy /usr/bin/cmake --build /home/marc/Documents/GitHub/IR2117-PSR/tb3_ws/build/robot_trajectory -- -j1 -l1
[20.910s] DEBUG:colcon.colcon_core.event_handler.log_command:Invoked command in '/home/marc/Documents/GitHub/IR2117-PSR/tb3_ws/build/robot_trajectory' returned '0': CMAKE_PREFIX_PATH=${CMAKE_PREFIX_PATH}:/opt/ros/foxy /usr/bin/cmake --build /home/marc/Documents/GitHub/IR2117-PSR/tb3_ws/build/robot_trajectory -- -j1 -l1
[20.939s] DEBUG:colcon.colcon_core.event_handler.log_command:Invoking command in '/home/marc/Documents/GitHub/IR2117-PSR/tb3_ws/build/robot_trajectory': CMAKE_PREFIX_PATH=${CMAKE_PREFIX_PATH}:/opt/ros/foxy /usr/bin/cmake --install /home/marc/Documents/GitHub/IR2117-PSR/tb3_ws/build/robot_trajectory
[20.954s] Level 1:colcon.colcon_core.environment:create_environment_scripts_only(robot_trajectory)
[20.956s] Level 1:colcon.colcon_core.environment:checking '/home/marc/Documents/GitHub/IR2117-PSR/tb3_ws/install/robot_trajectory' for CMake module files
[20.956s] Level 1:colcon.colcon_core.environment:checking '/home/marc/Documents/GitHub/IR2117-PSR/tb3_ws/install/robot_trajectory' for CMake config files
[20.956s] Level 1:colcon.colcon_core.shell:create_environment_hook('robot_trajectory', 'cmake_prefix_path')
[20.957s] INFO:colcon.colcon_core.shell:Creating environment hook '/home/marc/Documents/GitHub/IR2117-PSR/tb3_ws/install/robot_trajectory/share/robot_trajectory/hook/cmake_prefix_path.ps1'
[20.957s] INFO:colcon.colcon_core.shell:Creating environment descriptor '/home/marc/Documents/GitHub/IR2117-PSR/tb3_ws/install/robot_trajectory/share/robot_trajectory/hook/cmake_prefix_path.dsv'
[20.957s] INFO:colcon.colcon_core.shell:Creating environment hook '/home/marc/Documents/GitHub/IR2117-PSR/tb3_ws/install/robot_trajectory/share/robot_trajectory/hook/cmake_prefix_path.sh'
[20.958s] Level 1:colcon.colcon_core.environment:checking '/home/marc/Documents/GitHub/IR2117-PSR/tb3_ws/install/robot_trajectory/lib'
[20.958s] Level 1:colcon.colcon_core.environment:checking '/home/marc/Documents/GitHub/IR2117-PSR/tb3_ws/install/robot_trajectory/bin'
[20.958s] Level 1:colcon.colcon_core.environment:checking '/home/marc/Documents/GitHub/IR2117-PSR/tb3_ws/install/robot_trajectory/lib/pkgconfig/robot_trajectory.pc'
[20.958s] Level 1:colcon.colcon_core.environment:checking '/home/marc/Documents/GitHub/IR2117-PSR/tb3_ws/install/robot_trajectory/lib/python3.8/site-packages'
[20.958s] Level 1:colcon.colcon_core.environment:checking '/home/marc/Documents/GitHub/IR2117-PSR/tb3_ws/install/robot_trajectory/bin'
[20.959s] INFO:colcon.colcon_core.shell:Creating package script '/home/marc/Documents/GitHub/IR2117-PSR/tb3_ws/install/robot_trajectory/share/robot_trajectory/package.ps1'
[20.959s] INFO:colcon.colcon_core.shell:Creating package descriptor '/home/marc/Documents/GitHub/IR2117-PSR/tb3_ws/install/robot_trajectory/share/robot_trajectory/package.dsv'
[20.977s] DEBUG:colcon.colcon_core.event_handler.log_command:Invoked command in '/home/marc/Documents/GitHub/IR2117-PSR/tb3_ws/build/robot_trajectory' returned '0': CMAKE_PREFIX_PATH=${CMAKE_PREFIX_PATH}:/opt/ros/foxy /usr/bin/cmake --install /home/marc/Documents/GitHub/IR2117-PSR/tb3_ws/build/robot_trajectory
[20.978s] INFO:colcon.colcon_core.shell:Creating package script '/home/marc/Documents/GitHub/IR2117-PSR/tb3_ws/install/robot_trajectory/share/robot_trajectory/package.sh'
[20.978s] INFO:colcon.colcon_core.shell:Creating package script '/home/marc/Documents/GitHub/IR2117-PSR/tb3_ws/install/robot_trajectory/share/robot_trajectory/package.bash'
[20.978s] INFO:colcon.colcon_core.shell:Creating package script '/home/marc/Documents/GitHub/IR2117-PSR/tb3_ws/install/robot_trajectory/share/robot_trajectory/package.zsh'
[20.978s] Level 1:colcon.colcon_core.environment:create_file_with_runtime_dependencies(/home/marc/Documents/GitHub/IR2117-PSR/tb3_ws/install/robot_trajectory/share/colcon-core/packages/robot_trajectory)
[21.037s] Level 1:colcon.colcon_core.environment:create_environment_scripts_only(robot_trajectory)
[21.038s] Level 1:colcon.colcon_core.environment:checking '/home/marc/Documents/GitHub/IR2117-PSR/tb3_ws/install/robot_trajectory' for CMake module files
[21.038s] Level 1:colcon.colcon_core.environment:checking '/home/marc/Documents/GitHub/IR2117-PSR/tb3_ws/install/robot_trajectory' for CMake config files
[21.038s] Level 1:colcon.colcon_core.shell:create_environment_hook('robot_trajectory', 'cmake_prefix_path')
[21.039s] INFO:colcon.colcon_core.shell:Creating environment hook '/home/marc/Documents/GitHub/IR2117-PSR/tb3_ws/install/robot_trajectory/share/robot_trajectory/hook/cmake_prefix_path.ps1'
[21.050s] INFO:colcon.colcon_core.shell:Creating environment descriptor '/home/marc/Documents/GitHub/IR2117-PSR/tb3_ws/install/robot_trajectory/share/robot_trajectory/hook/cmake_prefix_path.dsv'
[21.052s] INFO:colcon.colcon_core.shell:Creating environment hook '/home/marc/Documents/GitHub/IR2117-PSR/tb3_ws/install/robot_trajectory/share/robot_trajectory/hook/cmake_prefix_path.sh'
[21.052s] Level 1:colcon.colcon_core.environment:checking '/home/marc/Documents/GitHub/IR2117-PSR/tb3_ws/install/robot_trajectory/lib'
[21.053s] Level 1:colcon.colcon_core.environment:checking '/home/marc/Documents/GitHub/IR2117-PSR/tb3_ws/install/robot_trajectory/bin'
[21.053s] Level 1:colcon.colcon_core.environment:checking '/home/marc/Documents/GitHub/IR2117-PSR/tb3_ws/install/robot_trajectory/lib/pkgconfig/robot_trajectory.pc'
[21.053s] Level 1:colcon.colcon_core.environment:checking '/home/marc/Documents/GitHub/IR2117-PSR/tb3_ws/install/robot_trajectory/lib/python3.8/site-packages'
[21.053s] Level 1:colcon.colcon_core.environment:checking '/home/marc/Documents/GitHub/IR2117-PSR/tb3_ws/install/robot_trajectory/bin'
[21.054s] INFO:colcon.colcon_core.shell:Creating package script '/home/marc/Documents/GitHub/IR2117-PSR/tb3_ws/install/robot_trajectory/share/robot_trajectory/package.ps1'
[21.054s] INFO:colcon.colcon_core.shell:Creating package descriptor '/home/marc/Documents/GitHub/IR2117-PSR/tb3_ws/install/robot_trajectory/share/robot_trajectory/package.dsv'
[21.065s] INFO:colcon.colcon_core.shell:Creating package script '/home/marc/Documents/GitHub/IR2117-PSR/tb3_ws/install/robot_trajectory/share/robot_trajectory/package.sh'
[21.066s] INFO:colcon.colcon_core.shell:Creating package script '/home/marc/Documents/GitHub/IR2117-PSR/tb3_ws/install/robot_trajectory/share/robot_trajectory/package.bash'
[21.067s] INFO:colcon.colcon_core.shell:Creating package script '/home/marc/Documents/GitHub/IR2117-PSR/tb3_ws/install/robot_trajectory/share/robot_trajectory/package.zsh'
[21.067s] Level 1:colcon.colcon_core.environment:create_file_with_runtime_dependencies(/home/marc/Documents/GitHub/IR2117-PSR/tb3_ws/install/robot_trajectory/share/colcon-core/packages/robot_trajectory)
[21.068s] DEBUG:colcon.colcon_parallel_executor.executor.parallel:closing loop
[21.068s] DEBUG:colcon.colcon_parallel_executor.executor.parallel:loop closed
[21.068s] DEBUG:colcon.colcon_parallel_executor.executor.parallel:run_until_complete finished with '0'
[21.068s] DEBUG:colcon.colcon_core.event_reactor:joining thread
[21.071s] INFO:colcon.colcon_core.plugin_system:Skipping extension 'colcon_notification.desktop_notification.terminal_notifier': Not used on non-Darwin systems
[21.076s] INFO:colcon.colcon_core.plugin_system:Skipping extension 'colcon_notification.desktop_notification.win32': Not used on non-Windows systems
[21.076s] INFO:colcon.colcon_notification.desktop_notification:Sending desktop notification using 'notify2'
[21.088s] DEBUG:colcon.colcon_core.event_reactor:joined thread
[21.089s] INFO:colcon.colcon_core.shell:Creating prefix script '/home/marc/Documents/GitHub/IR2117-PSR/tb3_ws/install/local_setup.ps1'
[21.094s] INFO:colcon.colcon_core.shell:Creating prefix util module '/home/marc/Documents/GitHub/IR2117-PSR/tb3_ws/install/_local_setup_util_ps1.py'
[21.095s] INFO:colcon.colcon_core.shell:Creating prefix chain script '/home/marc/Documents/GitHub/IR2117-PSR/tb3_ws/install/setup.ps1'
[21.096s] INFO:colcon.colcon_core.shell:Creating prefix script '/home/marc/Documents/GitHub/IR2117-PSR/tb3_ws/install/local_setup.sh'
[21.096s] INFO:colcon.colcon_core.shell:Creating prefix util module '/home/marc/Documents/GitHub/IR2117-PSR/tb3_ws/install/_local_setup_util_sh.py'
[21.096s] INFO:colcon.colcon_core.shell:Creating prefix chain script '/home/marc/Documents/GitHub/IR2117-PSR/tb3_ws/install/setup.sh'
[21.097s] INFO:colcon.colcon_core.shell:Creating prefix script '/home/marc/Documents/GitHub/IR2117-PSR/tb3_ws/install/local_setup.bash'
[21.097s] INFO:colcon.colcon_core.shell:Creating prefix chain script '/home/marc/Documents/GitHub/IR2117-PSR/tb3_ws/install/setup.bash'
[21.099s] INFO:colcon.colcon_core.shell:Creating prefix script '/home/marc/Documents/GitHub/IR2117-PSR/tb3_ws/install/local_setup.zsh'
[21.099s] INFO:colcon.colcon_core.shell:Creating prefix chain script '/home/marc/Documents/GitHub/IR2117-PSR/tb3_ws/install/setup.zsh'
