[0.034s] Invoking command in '/home/usuario/Documentos/GitHub/IR2117-PSR/tb3_ws/build/obstacles': CMAKE_PREFIX_PATH=${CMAKE_PREFIX_PATH}:/opt/ros/foxy /usr/bin/cmake /home/usuario/Documentos/GitHub/IR2117-PSR/tb3_ws/src/obstacles -DCMAKE_INSTALL_PREFIX=/home/usuario/Documentos/GitHub/IR2117-PSR/tb3_ws/install/obstacles
[0.044s] -- Found ament_cmake: 0.9.11 (/opt/ros/foxy/share/ament_cmake/cmake)
[0.061s] -- Using PYTHON_EXECUTABLE: /usr/bin/python3
[0.216s] -- Found rclcpp: 2.4.2 (/opt/ros/foxy/share/rclcpp/cmake)
[0.242s] -- Using all available rosidl_typesupport_c: rosidl_typesupport_fastrtps_c;rosidl_typesupport_introspection_c
[0.244s] -- Found rosidl_adapter: 1.3.0 (/opt/ros/foxy/share/rosidl_adapter/cmake)
[0.339s] -- Using all available rosidl_typesupport_cpp: rosidl_typesupport_fastrtps_cpp;rosidl_typesupport_introspection_cpp
[0.374s] -- Found rmw_implementation_cmake: 1.0.3 (/opt/ros/foxy/share/rmw_implementation_cmake/cmake)
[0.375s] -- Using RMW implementation 'rmw_fastrtps_cpp' as default
[0.476s] -- Found sensor_msgs: 2.0.5 (/opt/ros/foxy/share/sensor_msgs/cmake)
[0.557s] -- Found example_interfaces: 0.9.1 (/opt/ros/foxy/share/example_interfaces/cmake)
[0.645s] -- Found ament_lint_auto: 0.9.7 (/opt/ros/foxy/share/ament_lint_auto/cmake)
[0.716s] -- Added test 'copyright' to check source files copyright and LICENSE
[0.716s] -- Added test 'cppcheck' to perform static code analysis on C / C++ code
[0.717s] -- Configured cppcheck include dirs: 
[0.717s] -- Configured cppcheck exclude dirs and/or files: 
[0.717s] -- Added test 'cpplint' to check C / C++ code against the Google style
[0.717s] -- Configured cpplint exclude dirs and/or files: 
[0.717s] -- Added test 'flake8' to check Python code syntax and style conventions
[0.718s] -- Added test 'lint_cmake' to check CMake code style
[0.718s] -- Added test 'pep257' to check Python code against some of the style conventions in PEP 257
[0.718s] -- Added test 'uncrustify' to check C / C++ code style
[0.718s] -- Configured uncrustify additional arguments: 
[0.719s] -- Added test 'xmllint' to check XML markup files
[0.722s] -- Configuring done
[0.731s] -- Generating done
[0.732s] -- Build files have been written to: /home/usuario/Documentos/GitHub/IR2117-PSR/tb3_ws/build/obstacles
[0.739s] Invoked command in '/home/usuario/Documentos/GitHub/IR2117-PSR/tb3_ws/build/obstacles' returned '0': CMAKE_PREFIX_PATH=${CMAKE_PREFIX_PATH}:/opt/ros/foxy /usr/bin/cmake /home/usuario/Documentos/GitHub/IR2117-PSR/tb3_ws/src/obstacles -DCMAKE_INSTALL_PREFIX=/home/usuario/Documentos/GitHub/IR2117-PSR/tb3_ws/install/obstacles
[0.742s] Invoking command in '/home/usuario/Documentos/GitHub/IR2117-PSR/tb3_ws/build/obstacles': CMAKE_PREFIX_PATH=${CMAKE_PREFIX_PATH}:/opt/ros/foxy /usr/bin/cmake --build /home/usuario/Documentos/GitHub/IR2117-PSR/tb3_ws/build/obstacles -- -j6 -l6
[0.781s] [35m[1mScanning dependencies of target detector[0m
[0.813s] [ 50%] [32mBuilding CXX object CMakeFiles/detector.dir/src/detector.cpp.o[0m
[4.819s] [100%] [32m[1mLinking CXX executable detector[0m
[5.172s] [100%] Built target detector
[5.185s] Invoked command in '/home/usuario/Documentos/GitHub/IR2117-PSR/tb3_ws/build/obstacles' returned '0': CMAKE_PREFIX_PATH=${CMAKE_PREFIX_PATH}:/opt/ros/foxy /usr/bin/cmake --build /home/usuario/Documentos/GitHub/IR2117-PSR/tb3_ws/build/obstacles -- -j6 -l6
[5.209s] Invoking command in '/home/usuario/Documentos/GitHub/IR2117-PSR/tb3_ws/build/obstacles': CMAKE_PREFIX_PATH=${CMAKE_PREFIX_PATH}:/opt/ros/foxy /usr/bin/cmake --install /home/usuario/Documentos/GitHub/IR2117-PSR/tb3_ws/build/obstacles
[5.217s] -- Install configuration: ""
[5.217s] -- Installing: /home/usuario/Documentos/GitHub/IR2117-PSR/tb3_ws/install/obstacles/lib/obstacles/detector
[5.227s] -- Set runtime path of "/home/usuario/Documentos/GitHub/IR2117-PSR/tb3_ws/install/obstacles/lib/obstacles/detector" to ""
[5.228s] -- Installing: /home/usuario/Documentos/GitHub/IR2117-PSR/tb3_ws/install/obstacles/share/obstacles/launch
[5.228s] -- Installing: /home/usuario/Documentos/GitHub/IR2117-PSR/tb3_ws/install/obstacles/share/obstacles/launch/detector_test.launch.py
[5.228s] -- Installing: /home/usuario/Documentos/GitHub/IR2117-PSR/tb3_ws/install/obstacles/share/obstacles/launch/triple_detector.launch.py
[5.229s] -- Installing: /home/usuario/Documentos/GitHub/IR2117-PSR/tb3_ws/install/obstacles/share/ament_index/resource_index/package_run_dependencies/obstacles
[5.229s] -- Installing: /home/usuario/Documentos/GitHub/IR2117-PSR/tb3_ws/install/obstacles/share/ament_index/resource_index/parent_prefix_path/obstacles
[5.230s] -- Installing: /home/usuario/Documentos/GitHub/IR2117-PSR/tb3_ws/install/obstacles/share/obstacles/environment/ament_prefix_path.sh
[5.230s] -- Installing: /home/usuario/Documentos/GitHub/IR2117-PSR/tb3_ws/install/obstacles/share/obstacles/environment/ament_prefix_path.dsv
[5.231s] -- Installing: /home/usuario/Documentos/GitHub/IR2117-PSR/tb3_ws/install/obstacles/share/obstacles/environment/path.sh
[5.231s] -- Installing: /home/usuario/Documentos/GitHub/IR2117-PSR/tb3_ws/install/obstacles/share/obstacles/environment/path.dsv
[5.232s] -- Installing: /home/usuario/Documentos/GitHub/IR2117-PSR/tb3_ws/install/obstacles/share/obstacles/local_setup.bash
[5.232s] -- Installing: /home/usuario/Documentos/GitHub/IR2117-PSR/tb3_ws/install/obstacles/share/obstacles/local_setup.sh
[5.233s] -- Installing: /home/usuario/Documentos/GitHub/IR2117-PSR/tb3_ws/install/obstacles/share/obstacles/local_setup.zsh
[5.233s] -- Installing: /home/usuario/Documentos/GitHub/IR2117-PSR/tb3_ws/install/obstacles/share/obstacles/local_setup.dsv
[5.234s] -- Installing: /home/usuario/Documentos/GitHub/IR2117-PSR/tb3_ws/install/obstacles/share/obstacles/package.dsv
[5.235s] -- Installing: /home/usuario/Documentos/GitHub/IR2117-PSR/tb3_ws/install/obstacles/share/ament_index/resource_index/packages/obstacles
[5.235s] -- Installing: /home/usuario/Documentos/GitHub/IR2117-PSR/tb3_ws/install/obstacles/share/obstacles/cmake/obstaclesConfig.cmake
[5.235s] -- Installing: /home/usuario/Documentos/GitHub/IR2117-PSR/tb3_ws/install/obstacles/share/obstacles/cmake/obstaclesConfig-version.cmake
[5.235s] -- Installing: /home/usuario/Documentos/GitHub/IR2117-PSR/tb3_ws/install/obstacles/share/obstacles/package.xml
[5.242s] Invoked command in '/home/usuario/Documentos/GitHub/IR2117-PSR/tb3_ws/build/obstacles' returned '0': CMAKE_PREFIX_PATH=${CMAKE_PREFIX_PATH}:/opt/ros/foxy /usr/bin/cmake --install /home/usuario/Documentos/GitHub/IR2117-PSR/tb3_ws/build/obstacles
