[0.056s] Invoking command in '/home/usuario/Documentos/GitHub/IR2117-PSR/tb3_ws/build/cpp_srvcli': CMAKE_PREFIX_PATH=${CMAKE_PREFIX_PATH}:/opt/ros/foxy /usr/bin/cmake --build /home/usuario/Documentos/GitHub/IR2117-PSR/tb3_ws/build/cpp_srvcli -- -j6 -l6
[0.099s] [ 50%] Built target server
[0.117s] [100%] Built target client
[0.122s] Invoked command in '/home/usuario/Documentos/GitHub/IR2117-PSR/tb3_ws/build/cpp_srvcli' returned '0': CMAKE_PREFIX_PATH=${CMAKE_PREFIX_PATH}:/opt/ros/foxy /usr/bin/cmake --build /home/usuario/Documentos/GitHub/IR2117-PSR/tb3_ws/build/cpp_srvcli -- -j6 -l6
[0.145s] Invoking command in '/home/usuario/Documentos/GitHub/IR2117-PSR/tb3_ws/build/cpp_srvcli': CMAKE_PREFIX_PATH=${CMAKE_PREFIX_PATH}:/opt/ros/foxy /usr/bin/cmake --install /home/usuario/Documentos/GitHub/IR2117-PSR/tb3_ws/build/cpp_srvcli
[0.150s] -- Install configuration: ""
[0.155s] -- Up-to-date: /home/usuario/Documentos/GitHub/IR2117-PSR/tb3_ws/install/cpp_srvcli/lib/cpp_srvcli/server
[0.166s] -- Up-to-date: /home/usuario/Documentos/GitHub/IR2117-PSR/tb3_ws/install/cpp_srvcli/lib/cpp_srvcli/client
[0.170s] -- Up-to-date: /home/usuario/Documentos/GitHub/IR2117-PSR/tb3_ws/install/cpp_srvcli/share/ament_index/resource_index/package_run_dependencies/cpp_srvcli
[0.171s] -- Up-to-date: /home/usuario/Documentos/GitHub/IR2117-PSR/tb3_ws/install/cpp_srvcli/share/ament_index/resource_index/parent_prefix_path/cpp_srvcli
[0.171s] -- Up-to-date: /home/usuario/Documentos/GitHub/IR2117-PSR/tb3_ws/install/cpp_srvcli/share/cpp_srvcli/environment/ament_prefix_path.sh
[0.172s] -- Up-to-date: /home/usuario/Documentos/GitHub/IR2117-PSR/tb3_ws/install/cpp_srvcli/share/cpp_srvcli/environment/ament_prefix_path.dsv
[0.173s] -- Up-to-date: /home/usuario/Documentos/GitHub/IR2117-PSR/tb3_ws/install/cpp_srvcli/share/cpp_srvcli/environment/path.sh
[0.173s] -- Up-to-date: /home/usuario/Documentos/GitHub/IR2117-PSR/tb3_ws/install/cpp_srvcli/share/cpp_srvcli/environment/path.dsv
[0.173s] -- Up-to-date: /home/usuario/Documentos/GitHub/IR2117-PSR/tb3_ws/install/cpp_srvcli/share/cpp_srvcli/local_setup.bash
[0.173s] -- Up-to-date: /home/usuario/Documentos/GitHub/IR2117-PSR/tb3_ws/install/cpp_srvcli/share/cpp_srvcli/local_setup.sh
[0.173s] -- Up-to-date: /home/usuario/Documentos/GitHub/IR2117-PSR/tb3_ws/install/cpp_srvcli/share/cpp_srvcli/local_setup.zsh
[0.173s] -- Up-to-date: /home/usuario/Documentos/GitHub/IR2117-PSR/tb3_ws/install/cpp_srvcli/share/cpp_srvcli/local_setup.dsv
[0.173s] -- Installing: /home/usuario/Documentos/GitHub/IR2117-PSR/tb3_ws/install/cpp_srvcli/share/cpp_srvcli/package.dsv
[0.174s] -- Up-to-date: /home/usuario/Documentos/GitHub/IR2117-PSR/tb3_ws/install/cpp_srvcli/share/ament_index/resource_index/packages/cpp_srvcli
[0.174s] -- Up-to-date: /home/usuario/Documentos/GitHub/IR2117-PSR/tb3_ws/install/cpp_srvcli/share/cpp_srvcli/cmake/cpp_srvcliConfig.cmake
[0.174s] -- Up-to-date: /home/usuario/Documentos/GitHub/IR2117-PSR/tb3_ws/install/cpp_srvcli/share/cpp_srvcli/cmake/cpp_srvcliConfig-version.cmake
[0.174s] -- Up-to-date: /home/usuario/Documentos/GitHub/IR2117-PSR/tb3_ws/install/cpp_srvcli/share/cpp_srvcli/package.xml
[0.208s] Invoked command in '/home/usuario/Documentos/GitHub/IR2117-PSR/tb3_ws/build/cpp_srvcli' returned '0': CMAKE_PREFIX_PATH=${CMAKE_PREFIX_PATH}:/opt/ros/foxy /usr/bin/cmake --install /home/usuario/Documentos/GitHub/IR2117-PSR/tb3_ws/build/cpp_srvcli
