[0.698s] DEBUG:colcon:Command line arguments: ['/usr/bin/colcon', 'build']
[0.699s] DEBUG:colcon:Parsed command line arguments: Namespace(allow_overriding=[], ament_cmake_args=None, base_paths=['.'], build_base='build', catkin_cmake_args=None, catkin_skip_building_tests=False, cmake_args=None, cmake_clean_cache=False, cmake_clean_first=False, cmake_force_configure=False, cmake_target=None, cmake_target_skip_unavailable=False, continue_on_error=False, event_handlers=None, executor='parallel', ignore_user_meta=False, install_base='install', log_base=None, log_level=None, main=<bound method BuildVerb.main of <colcon_core.verb.build.BuildVerb object at 0x7f5d81b6b6a0>>, merge_install=False, metas=['./colcon.meta'], packages_above=None, packages_above_and_dependencies=None, packages_above_depth=None, packages_end=None, packages_ignore=None, packages_ignore_regex=None, packages_select=None, packages_select_build_failed=False, packages_select_by_dep=None, packages_select_regex=None, packages_select_test_failures=False, packages_skip=None, packages_skip_build_finished=False, packages_skip_by_dep=None, packages_skip_regex=None, packages_skip_test_passed=False, packages_skip_up_to=None, packages_start=None, packages_up_to=None, packages_up_to_regex=None, parallel_workers=2, paths=None, symlink_install=False, test_result_base=None, verb_extension=<colcon_core.verb.build.BuildVerb object at 0x7f5d81b6b6a0>, verb_name='build', verb_parser=<colcon_defaults.argument_parser.defaults.DefaultArgumentsDecorator object at 0x7f5d81b6bbe0>)
[0.752s] Level 1:colcon.colcon_core.package_discovery:discover_packages(colcon_meta) check parameters
[0.753s] Level 1:colcon.colcon_core.package_discovery:discover_packages(recursive) check parameters
[0.753s] Level 1:colcon.colcon_core.package_discovery:discover_packages(ignore) check parameters
[0.753s] Level 1:colcon.colcon_core.package_discovery:discover_packages(path) check parameters
[0.753s] Level 1:colcon.colcon_core.package_discovery:discover_packages(colcon_meta) discover
[0.753s] Level 1:colcon.colcon_core.package_discovery:discover_packages(recursive) discover
[0.753s] INFO:colcon.colcon_core.package_discovery:Crawling recursively for packages in '/home/marc/Documentos/GitHub/IR2117-PSR/tb3_ws'
[0.753s] Level 1:colcon.colcon_core.package_identification:_identify(.) by extensions ['ignore', 'ignore_ament_install']
[0.753s] Level 1:colcon.colcon_core.package_identification:_identify(.) by extension 'ignore'
[0.753s] Level 1:colcon.colcon_core.package_identification:_identify(.) by extension 'ignore_ament_install'
[0.754s] Level 1:colcon.colcon_core.package_identification:_identify(.) by extensions ['colcon_pkg']
[0.754s] Level 1:colcon.colcon_core.package_identification:_identify(.) by extension 'colcon_pkg'
[0.754s] Level 1:colcon.colcon_core.package_identification:_identify(.) by extensions ['colcon_meta']
[0.754s] Level 1:colcon.colcon_core.package_identification:_identify(.) by extension 'colcon_meta'
[0.754s] Level 1:colcon.colcon_core.package_identification:_identify(.) by extensions ['ros']
[0.754s] Level 1:colcon.colcon_core.package_identification:_identify(.) by extension 'ros'
[0.791s] Level 1:colcon.colcon_core.package_identification:_identify(.) by extensions ['cmake', 'python']
[0.791s] Level 1:colcon.colcon_core.package_identification:_identify(.) by extension 'cmake'
[0.791s] Level 1:colcon.colcon_core.package_identification:_identify(.) by extension 'python'
[0.792s] Level 1:colcon.colcon_core.package_identification:_identify(.) by extensions ['python_setup_py']
[0.792s] Level 1:colcon.colcon_core.package_identification:_identify(.) by extension 'python_setup_py'
[0.792s] Level 1:colcon.colcon_core.package_identification:_identify(build) by extensions ['ignore', 'ignore_ament_install']
[0.792s] Level 1:colcon.colcon_core.package_identification:_identify(build) by extension 'ignore'
[0.792s] Level 1:colcon.colcon_core.package_identification:_identify(build) ignored
[0.792s] Level 1:colcon.colcon_core.package_identification:_identify(cpp_srvcli) by extensions ['ignore', 'ignore_ament_install']
[0.792s] Level 1:colcon.colcon_core.package_identification:_identify(cpp_srvcli) by extension 'ignore'
[0.793s] Level 1:colcon.colcon_core.package_identification:_identify(cpp_srvcli) by extension 'ignore_ament_install'
[0.793s] Level 1:colcon.colcon_core.package_identification:_identify(cpp_srvcli) by extensions ['colcon_pkg']
[0.793s] Level 1:colcon.colcon_core.package_identification:_identify(cpp_srvcli) by extension 'colcon_pkg'
[0.793s] Level 1:colcon.colcon_core.package_identification:_identify(cpp_srvcli) by extensions ['colcon_meta']
[0.793s] Level 1:colcon.colcon_core.package_identification:_identify(cpp_srvcli) by extension 'colcon_meta'
[0.794s] Level 1:colcon.colcon_core.package_identification:_identify(cpp_srvcli) by extensions ['ros']
[0.794s] Level 1:colcon.colcon_core.package_identification:_identify(cpp_srvcli) by extension 'ros'
[0.799s] DEBUG:colcon.colcon_core.package_identification:Package 'cpp_srvcli' with type 'ros.ament_cmake' and name 'cpp_srvcli'
[0.799s] Level 1:colcon.colcon_core.package_identification:_identify(install) by extensions ['ignore', 'ignore_ament_install']
[0.800s] Level 1:colcon.colcon_core.package_identification:_identify(install) by extension 'ignore'
[0.800s] Level 1:colcon.colcon_core.package_identification:_identify(install) ignored
[0.800s] Level 1:colcon.colcon_core.package_identification:_identify(log) by extensions ['ignore', 'ignore_ament_install']
[0.800s] Level 1:colcon.colcon_core.package_identification:_identify(log) by extension 'ignore'
[0.800s] Level 1:colcon.colcon_core.package_identification:_identify(log) ignored
[0.801s] Level 1:colcon.colcon_core.package_identification:_identify(rosbag2_2023_03_28-12_32_38) by extensions ['ignore', 'ignore_ament_install']
[0.801s] Level 1:colcon.colcon_core.package_identification:_identify(rosbag2_2023_03_28-12_32_38) by extension 'ignore'
[0.801s] Level 1:colcon.colcon_core.package_identification:_identify(rosbag2_2023_03_28-12_32_38) by extension 'ignore_ament_install'
[0.801s] Level 1:colcon.colcon_core.package_identification:_identify(rosbag2_2023_03_28-12_32_38) by extensions ['colcon_pkg']
[0.801s] Level 1:colcon.colcon_core.package_identification:_identify(rosbag2_2023_03_28-12_32_38) by extension 'colcon_pkg'
[0.801s] Level 1:colcon.colcon_core.package_identification:_identify(rosbag2_2023_03_28-12_32_38) by extensions ['colcon_meta']
[0.802s] Level 1:colcon.colcon_core.package_identification:_identify(rosbag2_2023_03_28-12_32_38) by extension 'colcon_meta'
[0.802s] Level 1:colcon.colcon_core.package_identification:_identify(rosbag2_2023_03_28-12_32_38) by extensions ['ros']
[0.802s] Level 1:colcon.colcon_core.package_identification:_identify(rosbag2_2023_03_28-12_32_38) by extension 'ros'
[0.802s] Level 1:colcon.colcon_core.package_identification:_identify(rosbag2_2023_03_28-12_32_38) by extensions ['cmake', 'python']
[0.802s] Level 1:colcon.colcon_core.package_identification:_identify(rosbag2_2023_03_28-12_32_38) by extension 'cmake'
[0.802s] Level 1:colcon.colcon_core.package_identification:_identify(rosbag2_2023_03_28-12_32_38) by extension 'python'
[0.802s] Level 1:colcon.colcon_core.package_identification:_identify(rosbag2_2023_03_28-12_32_38) by extensions ['python_setup_py']
[0.802s] Level 1:colcon.colcon_core.package_identification:_identify(rosbag2_2023_03_28-12_32_38) by extension 'python_setup_py'
[0.803s] Level 1:colcon.colcon_core.package_identification:_identify(src) by extensions ['ignore', 'ignore_ament_install']
[0.803s] Level 1:colcon.colcon_core.package_identification:_identify(src) by extension 'ignore'
[0.803s] Level 1:colcon.colcon_core.package_identification:_identify(src) by extension 'ignore_ament_install'
[0.803s] Level 1:colcon.colcon_core.package_identification:_identify(src) by extensions ['colcon_pkg']
[0.803s] Level 1:colcon.colcon_core.package_identification:_identify(src) by extension 'colcon_pkg'
[0.803s] Level 1:colcon.colcon_core.package_identification:_identify(src) by extensions ['colcon_meta']
[0.804s] Level 1:colcon.colcon_core.package_identification:_identify(src) by extension 'colcon_meta'
[0.804s] Level 1:colcon.colcon_core.package_identification:_identify(src) by extensions ['ros']
[0.804s] Level 1:colcon.colcon_core.package_identification:_identify(src) by extension 'ros'
[0.804s] Level 1:colcon.colcon_core.package_identification:_identify(src) by extensions ['cmake', 'python']
[0.804s] Level 1:colcon.colcon_core.package_identification:_identify(src) by extension 'cmake'
[0.804s] Level 1:colcon.colcon_core.package_identification:_identify(src) by extension 'python'
[0.804s] Level 1:colcon.colcon_core.package_identification:_identify(src) by extensions ['python_setup_py']
[0.804s] Level 1:colcon.colcon_core.package_identification:_identify(src) by extension 'python_setup_py'
[0.804s] Level 1:colcon.colcon_core.package_identification:_identify(src/obstacles) by extensions ['ignore', 'ignore_ament_install']
[0.805s] Level 1:colcon.colcon_core.package_identification:_identify(src/obstacles) by extension 'ignore'
[0.805s] Level 1:colcon.colcon_core.package_identification:_identify(src/obstacles) by extension 'ignore_ament_install'
[0.805s] Level 1:colcon.colcon_core.package_identification:_identify(src/obstacles) by extensions ['colcon_pkg']
[0.805s] Level 1:colcon.colcon_core.package_identification:_identify(src/obstacles) by extension 'colcon_pkg'
[0.805s] Level 1:colcon.colcon_core.package_identification:_identify(src/obstacles) by extensions ['colcon_meta']
[0.805s] Level 1:colcon.colcon_core.package_identification:_identify(src/obstacles) by extension 'colcon_meta'
[0.805s] Level 1:colcon.colcon_core.package_identification:_identify(src/obstacles) by extensions ['ros']
[0.805s] Level 1:colcon.colcon_core.package_identification:_identify(src/obstacles) by extension 'ros'
[0.808s] DEBUG:colcon.colcon_core.package_identification:Package 'src/obstacles' with type 'ros.ament_cmake' and name 'obstacles'
[0.808s] Level 1:colcon.colcon_core.package_identification:_identify(src/olympic) by extensions ['ignore', 'ignore_ament_install']
[0.809s] Level 1:colcon.colcon_core.package_identification:_identify(src/olympic) by extension 'ignore'
[0.809s] Level 1:colcon.colcon_core.package_identification:_identify(src/olympic) by extension 'ignore_ament_install'
[0.809s] Level 1:colcon.colcon_core.package_identification:_identify(src/olympic) by extensions ['colcon_pkg']
[0.809s] Level 1:colcon.colcon_core.package_identification:_identify(src/olympic) by extension 'colcon_pkg'
[0.809s] Level 1:colcon.colcon_core.package_identification:_identify(src/olympic) by extensions ['colcon_meta']
[0.809s] Level 1:colcon.colcon_core.package_identification:_identify(src/olympic) by extension 'colcon_meta'
[0.809s] Level 1:colcon.colcon_core.package_identification:_identify(src/olympic) by extensions ['ros']
[0.809s] Level 1:colcon.colcon_core.package_identification:_identify(src/olympic) by extension 'ros'
[0.812s] DEBUG:colcon.colcon_core.package_identification:Package 'src/olympic' with type 'ros.ament_cmake' and name 'olympic'
[0.812s] Level 1:colcon.colcon_core.package_identification:_identify(src/olympic_interfaces) by extensions ['ignore', 'ignore_ament_install']
[0.813s] Level 1:colcon.colcon_core.package_identification:_identify(src/olympic_interfaces) by extension 'ignore'
[0.813s] Level 1:colcon.colcon_core.package_identification:_identify(src/olympic_interfaces) by extension 'ignore_ament_install'
[0.814s] Level 1:colcon.colcon_core.package_identification:_identify(src/olympic_interfaces) by extensions ['colcon_pkg']
[0.814s] Level 1:colcon.colcon_core.package_identification:_identify(src/olympic_interfaces) by extension 'colcon_pkg'
[0.814s] Level 1:colcon.colcon_core.package_identification:_identify(src/olympic_interfaces) by extensions ['colcon_meta']
[0.814s] Level 1:colcon.colcon_core.package_identification:_identify(src/olympic_interfaces) by extension 'colcon_meta'
[0.814s] Level 1:colcon.colcon_core.package_identification:_identify(src/olympic_interfaces) by extensions ['ros']
[0.814s] Level 1:colcon.colcon_core.package_identification:_identify(src/olympic_interfaces) by extension 'ros'
[0.818s] DEBUG:colcon.colcon_core.package_identification:Package 'src/olympic_interfaces' with type 'ros.ament_cmake' and name 'olympic_interfaces'
[0.818s] Level 1:colcon.colcon_core.package_identification:_identify(src/robot_trajectory) by extensions ['ignore', 'ignore_ament_install']
[0.819s] Level 1:colcon.colcon_core.package_identification:_identify(src/robot_trajectory) by extension 'ignore'
[0.819s] Level 1:colcon.colcon_core.package_identification:_identify(src/robot_trajectory) by extension 'ignore_ament_install'
[0.819s] Level 1:colcon.colcon_core.package_identification:_identify(src/robot_trajectory) by extensions ['colcon_pkg']
[0.819s] Level 1:colcon.colcon_core.package_identification:_identify(src/robot_trajectory) by extension 'colcon_pkg'
[0.820s] Level 1:colcon.colcon_core.package_identification:_identify(src/robot_trajectory) by extensions ['colcon_meta']
[0.820s] Level 1:colcon.colcon_core.package_identification:_identify(src/robot_trajectory) by extension 'colcon_meta'
[0.820s] Level 1:colcon.colcon_core.package_identification:_identify(src/robot_trajectory) by extensions ['ros']
[0.820s] Level 1:colcon.colcon_core.package_identification:_identify(src/robot_trajectory) by extension 'ros'
[0.823s] DEBUG:colcon.colcon_core.package_identification:Package 'src/robot_trajectory' with type 'ros.ament_cmake' and name 'robot_trajectory'
[0.823s] Level 1:colcon.colcon_core.package_discovery:discover_packages(recursive) using defaults
[0.823s] Level 1:colcon.colcon_core.package_discovery:discover_packages(ignore) discover
[0.823s] Level 1:colcon.colcon_core.package_discovery:discover_packages(ignore) using defaults
[0.823s] Level 1:colcon.colcon_core.package_discovery:discover_packages(path) discover
[0.823s] Level 1:colcon.colcon_core.package_discovery:discover_packages(path) using defaults
[0.877s] Level 1:colcon.colcon_core.package_discovery:discover_packages(prefix_path) check parameters
[0.877s] Level 1:colcon.colcon_core.package_discovery:discover_packages(prefix_path) discover
[0.884s] DEBUG:colcon.colcon_installed_package_information.package_discovery:Found 256 installed packages in /opt/ros/foxy
[0.888s] Level 1:colcon.colcon_core.package_discovery:discover_packages(prefix_path) using defaults
[1.031s] Level 5:colcon.colcon_core.verb:set package 'cpp_srvcli' build argument 'cmake_args' from command line to 'None'
[1.031s] Level 5:colcon.colcon_core.verb:set package 'cpp_srvcli' build argument 'cmake_target' from command line to 'None'
[1.031s] Level 5:colcon.colcon_core.verb:set package 'cpp_srvcli' build argument 'cmake_target_skip_unavailable' from command line to 'False'
[1.032s] Level 5:colcon.colcon_core.verb:set package 'cpp_srvcli' build argument 'cmake_clean_cache' from command line to 'False'
[1.032s] Level 5:colcon.colcon_core.verb:set package 'cpp_srvcli' build argument 'cmake_clean_first' from command line to 'False'
[1.032s] Level 5:colcon.colcon_core.verb:set package 'cpp_srvcli' build argument 'cmake_force_configure' from command line to 'False'
[1.032s] Level 5:colcon.colcon_core.verb:set package 'cpp_srvcli' build argument 'ament_cmake_args' from command line to 'None'
[1.032s] Level 5:colcon.colcon_core.verb:set package 'cpp_srvcli' build argument 'catkin_cmake_args' from command line to 'None'
[1.032s] Level 5:colcon.colcon_core.verb:set package 'cpp_srvcli' build argument 'catkin_skip_building_tests' from command line to 'False'
[1.032s] DEBUG:colcon.colcon_core.verb:Building package 'cpp_srvcli' with the following arguments: {'ament_cmake_args': None, 'build_base': '/home/marc/Documentos/GitHub/IR2117-PSR/tb3_ws/build/cpp_srvcli', 'catkin_cmake_args': None, 'catkin_skip_building_tests': False, 'cmake_args': None, 'cmake_clean_cache': False, 'cmake_clean_first': False, 'cmake_force_configure': False, 'cmake_target': None, 'cmake_target_skip_unavailable': False, 'install_base': '/home/marc/Documentos/GitHub/IR2117-PSR/tb3_ws/install/cpp_srvcli', 'merge_install': False, 'path': '/home/marc/Documentos/GitHub/IR2117-PSR/tb3_ws/cpp_srvcli', 'symlink_install': False, 'test_result_base': None}
[1.034s] Level 5:colcon.colcon_core.verb:set package 'obstacles' build argument 'cmake_args' from command line to 'None'
[1.034s] Level 5:colcon.colcon_core.verb:set package 'obstacles' build argument 'cmake_target' from command line to 'None'
[1.034s] Level 5:colcon.colcon_core.verb:set package 'obstacles' build argument 'cmake_target_skip_unavailable' from command line to 'False'
[1.034s] Level 5:colcon.colcon_core.verb:set package 'obstacles' build argument 'cmake_clean_cache' from command line to 'False'
[1.034s] Level 5:colcon.colcon_core.verb:set package 'obstacles' build argument 'cmake_clean_first' from command line to 'False'
[1.034s] Level 5:colcon.colcon_core.verb:set package 'obstacles' build argument 'cmake_force_configure' from command line to 'False'
[1.034s] Level 5:colcon.colcon_core.verb:set package 'obstacles' build argument 'ament_cmake_args' from command line to 'None'
[1.034s] Level 5:colcon.colcon_core.verb:set package 'obstacles' build argument 'catkin_cmake_args' from command line to 'None'
[1.035s] Level 5:colcon.colcon_core.verb:set package 'obstacles' build argument 'catkin_skip_building_tests' from command line to 'False'
[1.035s] DEBUG:colcon.colcon_core.verb:Building package 'obstacles' with the following arguments: {'ament_cmake_args': None, 'build_base': '/home/marc/Documentos/GitHub/IR2117-PSR/tb3_ws/build/obstacles', 'catkin_cmake_args': None, 'catkin_skip_building_tests': False, 'cmake_args': None, 'cmake_clean_cache': False, 'cmake_clean_first': False, 'cmake_force_configure': False, 'cmake_target': None, 'cmake_target_skip_unavailable': False, 'install_base': '/home/marc/Documentos/GitHub/IR2117-PSR/tb3_ws/install/obstacles', 'merge_install': False, 'path': '/home/marc/Documentos/GitHub/IR2117-PSR/tb3_ws/src/obstacles', 'symlink_install': False, 'test_result_base': None}
[1.037s] Level 5:colcon.colcon_core.verb:set package 'olympic_interfaces' build argument 'cmake_args' from command line to 'None'
[1.037s] Level 5:colcon.colcon_core.verb:set package 'olympic_interfaces' build argument 'cmake_target' from command line to 'None'
[1.037s] Level 5:colcon.colcon_core.verb:set package 'olympic_interfaces' build argument 'cmake_target_skip_unavailable' from command line to 'False'
[1.037s] Level 5:colcon.colcon_core.verb:set package 'olympic_interfaces' build argument 'cmake_clean_cache' from command line to 'False'
[1.037s] Level 5:colcon.colcon_core.verb:set package 'olympic_interfaces' build argument 'cmake_clean_first' from command line to 'False'
[1.037s] Level 5:colcon.colcon_core.verb:set package 'olympic_interfaces' build argument 'cmake_force_configure' from command line to 'False'
[1.037s] Level 5:colcon.colcon_core.verb:set package 'olympic_interfaces' build argument 'ament_cmake_args' from command line to 'None'
[1.037s] Level 5:colcon.colcon_core.verb:set package 'olympic_interfaces' build argument 'catkin_cmake_args' from command line to 'None'
[1.037s] Level 5:colcon.colcon_core.verb:set package 'olympic_interfaces' build argument 'catkin_skip_building_tests' from command line to 'False'
[1.037s] DEBUG:colcon.colcon_core.verb:Building package 'olympic_interfaces' with the following arguments: {'ament_cmake_args': None, 'build_base': '/home/marc/Documentos/GitHub/IR2117-PSR/tb3_ws/build/olympic_interfaces', 'catkin_cmake_args': None, 'catkin_skip_building_tests': False, 'cmake_args': None, 'cmake_clean_cache': False, 'cmake_clean_first': False, 'cmake_force_configure': False, 'cmake_target': None, 'cmake_target_skip_unavailable': False, 'install_base': '/home/marc/Documentos/GitHub/IR2117-PSR/tb3_ws/install/olympic_interfaces', 'merge_install': False, 'path': '/home/marc/Documentos/GitHub/IR2117-PSR/tb3_ws/src/olympic_interfaces', 'symlink_install': False, 'test_result_base': None}
[1.039s] Level 5:colcon.colcon_core.verb:set package 'robot_trajectory' build argument 'cmake_args' from command line to 'None'
[1.039s] Level 5:colcon.colcon_core.verb:set package 'robot_trajectory' build argument 'cmake_target' from command line to 'None'
[1.039s] Level 5:colcon.colcon_core.verb:set package 'robot_trajectory' build argument 'cmake_target_skip_unavailable' from command line to 'False'
[1.039s] Level 5:colcon.colcon_core.verb:set package 'robot_trajectory' build argument 'cmake_clean_cache' from command line to 'False'
[1.039s] Level 5:colcon.colcon_core.verb:set package 'robot_trajectory' build argument 'cmake_clean_first' from command line to 'False'
[1.039s] Level 5:colcon.colcon_core.verb:set package 'robot_trajectory' build argument 'cmake_force_configure' from command line to 'False'
[1.039s] Level 5:colcon.colcon_core.verb:set package 'robot_trajectory' build argument 'ament_cmake_args' from command line to 'None'
[1.040s] Level 5:colcon.colcon_core.verb:set package 'robot_trajectory' build argument 'catkin_cmake_args' from command line to 'None'
[1.040s] Level 5:colcon.colcon_core.verb:set package 'robot_trajectory' build argument 'catkin_skip_building_tests' from command line to 'False'
[1.040s] DEBUG:colcon.colcon_core.verb:Building package 'robot_trajectory' with the following arguments: {'ament_cmake_args': None, 'build_base': '/home/marc/Documentos/GitHub/IR2117-PSR/tb3_ws/build/robot_trajectory', 'catkin_cmake_args': None, 'catkin_skip_building_tests': False, 'cmake_args': None, 'cmake_clean_cache': False, 'cmake_clean_first': False, 'cmake_force_configure': False, 'cmake_target': None, 'cmake_target_skip_unavailable': False, 'install_base': '/home/marc/Documentos/GitHub/IR2117-PSR/tb3_ws/install/robot_trajectory', 'merge_install': False, 'path': '/home/marc/Documentos/GitHub/IR2117-PSR/tb3_ws/src/robot_trajectory', 'symlink_install': False, 'test_result_base': None}
[1.043s] Level 5:colcon.colcon_core.verb:set package 'olympic' build argument 'cmake_args' from command line to 'None'
[1.043s] Level 5:colcon.colcon_core.verb:set package 'olympic' build argument 'cmake_target' from command line to 'None'
[1.043s] Level 5:colcon.colcon_core.verb:set package 'olympic' build argument 'cmake_target_skip_unavailable' from command line to 'False'
[1.043s] Level 5:colcon.colcon_core.verb:set package 'olympic' build argument 'cmake_clean_cache' from command line to 'False'
[1.043s] Level 5:colcon.colcon_core.verb:set package 'olympic' build argument 'cmake_clean_first' from command line to 'False'
[1.043s] Level 5:colcon.colcon_core.verb:set package 'olympic' build argument 'cmake_force_configure' from command line to 'False'
[1.043s] Level 5:colcon.colcon_core.verb:set package 'olympic' build argument 'ament_cmake_args' from command line to 'None'
[1.043s] Level 5:colcon.colcon_core.verb:set package 'olympic' build argument 'catkin_cmake_args' from command line to 'None'
[1.043s] Level 5:colcon.colcon_core.verb:set package 'olympic' build argument 'catkin_skip_building_tests' from command line to 'False'
[1.043s] DEBUG:colcon.colcon_core.verb:Building package 'olympic' with the following arguments: {'ament_cmake_args': None, 'build_base': '/home/marc/Documentos/GitHub/IR2117-PSR/tb3_ws/build/olympic', 'catkin_cmake_args': None, 'catkin_skip_building_tests': False, 'cmake_args': None, 'cmake_clean_cache': False, 'cmake_clean_first': False, 'cmake_force_configure': False, 'cmake_target': None, 'cmake_target_skip_unavailable': False, 'install_base': '/home/marc/Documentos/GitHub/IR2117-PSR/tb3_ws/install/olympic', 'merge_install': False, 'path': '/home/marc/Documentos/GitHub/IR2117-PSR/tb3_ws/src/olympic', 'symlink_install': False, 'test_result_base': None}
[1.045s] INFO:colcon.colcon_core.executor:Executing jobs using 'parallel' executor
[1.053s] DEBUG:colcon.colcon_parallel_executor.executor.parallel:run_until_complete
[1.053s] INFO:colcon.colcon_ros.task.ament_cmake.build:Building ROS package in '/home/marc/Documentos/GitHub/IR2117-PSR/tb3_ws/src/olympic_interfaces' with build type 'ament_cmake'
[1.053s] INFO:colcon.colcon_cmake.task.cmake.build:Building CMake package in '/home/marc/Documentos/GitHub/IR2117-PSR/tb3_ws/src/olympic_interfaces'
[1.063s] INFO:colcon.colcon_core.plugin_system:Skipping extension 'colcon_core.shell.bat': Not used on non-Windows systems
[1.063s] INFO:colcon.colcon_core.shell:Skip shell extension 'powershell' for command environment: Not usable outside of PowerShell
[1.063s] DEBUG:colcon.colcon_core.shell:Skip shell extension 'dsv' for command environment
[1.076s] INFO:colcon.colcon_ros.task.ament_cmake.build:Building ROS package in '/home/marc/Documentos/GitHub/IR2117-PSR/tb3_ws/cpp_srvcli' with build type 'ament_cmake'
[1.076s] INFO:colcon.colcon_cmake.task.cmake.build:Building CMake package in '/home/marc/Documentos/GitHub/IR2117-PSR/tb3_ws/cpp_srvcli'
[1.080s] INFO:colcon.colcon_core.shell:Skip shell extension 'powershell' for command environment: Not usable outside of PowerShell
[1.080s] DEBUG:colcon.colcon_core.shell:Skip shell extension 'dsv' for command environment
[1.118s] DEBUG:colcon.colcon_core.event_handler.log_command:Invoking command in '/home/marc/Documentos/GitHub/IR2117-PSR/tb3_ws/build/olympic_interfaces': CMAKE_PREFIX_PATH=/opt/ros/foxy /usr/bin/cmake --build /home/marc/Documentos/GitHub/IR2117-PSR/tb3_ws/build/olympic_interfaces -- -j2 -l2
[1.142s] DEBUG:colcon.colcon_core.event_handler.log_command:Invoking command in '/home/marc/Documentos/GitHub/IR2117-PSR/tb3_ws/build/cpp_srvcli': CMAKE_PREFIX_PATH=/opt/ros/foxy /usr/bin/cmake --build /home/marc/Documentos/GitHub/IR2117-PSR/tb3_ws/build/cpp_srvcli -- -j2 -l2
[1.379s] DEBUG:colcon.colcon_core.event_handler.log_command:Invoked command in '/home/marc/Documentos/GitHub/IR2117-PSR/tb3_ws/build/cpp_srvcli' returned '0': CMAKE_PREFIX_PATH=/opt/ros/foxy /usr/bin/cmake --build /home/marc/Documentos/GitHub/IR2117-PSR/tb3_ws/build/cpp_srvcli -- -j2 -l2
[1.522s] DEBUG:colcon.colcon_core.event_handler.log_command:Invoking command in '/home/marc/Documentos/GitHub/IR2117-PSR/tb3_ws/build/cpp_srvcli': CMAKE_PREFIX_PATH=/opt/ros/foxy /usr/bin/cmake --install /home/marc/Documentos/GitHub/IR2117-PSR/tb3_ws/build/cpp_srvcli
[1.565s] Level 1:colcon.colcon_core.environment:create_environment_scripts_only(cpp_srvcli)
[1.575s] DEBUG:colcon.colcon_core.event_handler.log_command:Invoked command in '/home/marc/Documentos/GitHub/IR2117-PSR/tb3_ws/build/cpp_srvcli' returned '0': CMAKE_PREFIX_PATH=/opt/ros/foxy /usr/bin/cmake --install /home/marc/Documentos/GitHub/IR2117-PSR/tb3_ws/build/cpp_srvcli
[1.583s] Level 1:colcon.colcon_core.environment:checking '/home/marc/Documentos/GitHub/IR2117-PSR/tb3_ws/install/cpp_srvcli' for CMake module files
[1.589s] Level 1:colcon.colcon_core.environment:checking '/home/marc/Documentos/GitHub/IR2117-PSR/tb3_ws/install/cpp_srvcli' for CMake config files
[1.590s] Level 1:colcon.colcon_core.shell:create_environment_hook('cpp_srvcli', 'cmake_prefix_path')
[1.595s] INFO:colcon.colcon_core.shell:Creating environment hook '/home/marc/Documentos/GitHub/IR2117-PSR/tb3_ws/install/cpp_srvcli/share/cpp_srvcli/hook/cmake_prefix_path.ps1'
[1.597s] INFO:colcon.colcon_core.shell:Creating environment descriptor '/home/marc/Documentos/GitHub/IR2117-PSR/tb3_ws/install/cpp_srvcli/share/cpp_srvcli/hook/cmake_prefix_path.dsv'
[1.598s] INFO:colcon.colcon_core.shell:Creating environment hook '/home/marc/Documentos/GitHub/IR2117-PSR/tb3_ws/install/cpp_srvcli/share/cpp_srvcli/hook/cmake_prefix_path.sh'
[1.601s] Level 1:colcon.colcon_core.environment:checking '/home/marc/Documentos/GitHub/IR2117-PSR/tb3_ws/install/cpp_srvcli/lib'
[1.601s] Level 1:colcon.colcon_core.environment:checking '/home/marc/Documentos/GitHub/IR2117-PSR/tb3_ws/install/cpp_srvcli/bin'
[1.602s] Level 1:colcon.colcon_core.environment:checking '/home/marc/Documentos/GitHub/IR2117-PSR/tb3_ws/install/cpp_srvcli/lib/pkgconfig/cpp_srvcli.pc'
[1.602s] Level 1:colcon.colcon_core.environment:checking '/home/marc/Documentos/GitHub/IR2117-PSR/tb3_ws/install/cpp_srvcli/lib/python3.8/site-packages'
[1.603s] Level 1:colcon.colcon_core.environment:checking '/home/marc/Documentos/GitHub/IR2117-PSR/tb3_ws/install/cpp_srvcli/bin'
[1.607s] INFO:colcon.colcon_core.shell:Creating package script '/home/marc/Documentos/GitHub/IR2117-PSR/tb3_ws/install/cpp_srvcli/share/cpp_srvcli/package.ps1'
[1.610s] INFO:colcon.colcon_core.shell:Creating package descriptor '/home/marc/Documentos/GitHub/IR2117-PSR/tb3_ws/install/cpp_srvcli/share/cpp_srvcli/package.dsv'
[1.612s] INFO:colcon.colcon_core.shell:Creating package script '/home/marc/Documentos/GitHub/IR2117-PSR/tb3_ws/install/cpp_srvcli/share/cpp_srvcli/package.sh'
[1.614s] INFO:colcon.colcon_core.shell:Creating package script '/home/marc/Documentos/GitHub/IR2117-PSR/tb3_ws/install/cpp_srvcli/share/cpp_srvcli/package.bash'
[1.617s] INFO:colcon.colcon_core.shell:Creating package script '/home/marc/Documentos/GitHub/IR2117-PSR/tb3_ws/install/cpp_srvcli/share/cpp_srvcli/package.zsh'
[1.619s] Level 1:colcon.colcon_core.environment:create_file_with_runtime_dependencies(/home/marc/Documentos/GitHub/IR2117-PSR/tb3_ws/install/cpp_srvcli/share/colcon-core/packages/cpp_srvcli)
[1.677s] Level 1:colcon.colcon_core.environment:create_environment_scripts_only(cpp_srvcli)
[1.683s] Level 1:colcon.colcon_core.environment:checking '/home/marc/Documentos/GitHub/IR2117-PSR/tb3_ws/install/cpp_srvcli' for CMake module files
[1.687s] Level 1:colcon.colcon_core.environment:checking '/home/marc/Documentos/GitHub/IR2117-PSR/tb3_ws/install/cpp_srvcli' for CMake config files
[1.687s] Level 1:colcon.colcon_core.shell:create_environment_hook('cpp_srvcli', 'cmake_prefix_path')
[1.692s] INFO:colcon.colcon_core.shell:Creating environment hook '/home/marc/Documentos/GitHub/IR2117-PSR/tb3_ws/install/cpp_srvcli/share/cpp_srvcli/hook/cmake_prefix_path.ps1'
[1.693s] INFO:colcon.colcon_core.shell:Creating environment descriptor '/home/marc/Documentos/GitHub/IR2117-PSR/tb3_ws/install/cpp_srvcli/share/cpp_srvcli/hook/cmake_prefix_path.dsv'
[1.700s] INFO:colcon.colcon_core.shell:Creating environment hook '/home/marc/Documentos/GitHub/IR2117-PSR/tb3_ws/install/cpp_srvcli/share/cpp_srvcli/hook/cmake_prefix_path.sh'
[1.702s] Level 1:colcon.colcon_core.environment:checking '/home/marc/Documentos/GitHub/IR2117-PSR/tb3_ws/install/cpp_srvcli/lib'
[1.702s] Level 1:colcon.colcon_core.environment:checking '/home/marc/Documentos/GitHub/IR2117-PSR/tb3_ws/install/cpp_srvcli/bin'
[1.702s] Level 1:colcon.colcon_core.environment:checking '/home/marc/Documentos/GitHub/IR2117-PSR/tb3_ws/install/cpp_srvcli/lib/pkgconfig/cpp_srvcli.pc'
[1.703s] Level 1:colcon.colcon_core.environment:checking '/home/marc/Documentos/GitHub/IR2117-PSR/tb3_ws/install/cpp_srvcli/lib/python3.8/site-packages'
[1.704s] Level 1:colcon.colcon_core.environment:checking '/home/marc/Documentos/GitHub/IR2117-PSR/tb3_ws/install/cpp_srvcli/bin'
[1.707s] INFO:colcon.colcon_core.shell:Creating package script '/home/marc/Documentos/GitHub/IR2117-PSR/tb3_ws/install/cpp_srvcli/share/cpp_srvcli/package.ps1'
[1.711s] INFO:colcon.colcon_core.shell:Creating package descriptor '/home/marc/Documentos/GitHub/IR2117-PSR/tb3_ws/install/cpp_srvcli/share/cpp_srvcli/package.dsv'
[1.720s] INFO:colcon.colcon_core.shell:Creating package script '/home/marc/Documentos/GitHub/IR2117-PSR/tb3_ws/install/cpp_srvcli/share/cpp_srvcli/package.sh'
[1.721s] INFO:colcon.colcon_core.shell:Creating package script '/home/marc/Documentos/GitHub/IR2117-PSR/tb3_ws/install/cpp_srvcli/share/cpp_srvcli/package.bash'
[1.722s] INFO:colcon.colcon_core.shell:Creating package script '/home/marc/Documentos/GitHub/IR2117-PSR/tb3_ws/install/cpp_srvcli/share/cpp_srvcli/package.zsh'
[1.725s] Level 1:colcon.colcon_core.environment:create_file_with_runtime_dependencies(/home/marc/Documentos/GitHub/IR2117-PSR/tb3_ws/install/cpp_srvcli/share/colcon-core/packages/cpp_srvcli)
[1.728s] INFO:colcon.colcon_ros.task.ament_cmake.build:Building ROS package in '/home/marc/Documentos/GitHub/IR2117-PSR/tb3_ws/src/obstacles' with build type 'ament_cmake'
[1.728s] INFO:colcon.colcon_cmake.task.cmake.build:Building CMake package in '/home/marc/Documentos/GitHub/IR2117-PSR/tb3_ws/src/obstacles'
[1.732s] INFO:colcon.colcon_core.shell:Skip shell extension 'powershell' for command environment: Not usable outside of PowerShell
[1.733s] DEBUG:colcon.colcon_core.shell:Skip shell extension 'dsv' for command environment
[1.797s] DEBUG:colcon.colcon_core.event_handler.log_command:Invoking command in '/home/marc/Documentos/GitHub/IR2117-PSR/tb3_ws/build/obstacles': CMAKE_PREFIX_PATH=/opt/ros/foxy /usr/bin/cmake --build /home/marc/Documentos/GitHub/IR2117-PSR/tb3_ws/build/obstacles -- -j2 -l2
[1.845s] DEBUG:colcon.colcon_core.event_handler.log_command:Invoked command in '/home/marc/Documentos/GitHub/IR2117-PSR/tb3_ws/build/olympic_interfaces' returned '0': CMAKE_PREFIX_PATH=/opt/ros/foxy /usr/bin/cmake --build /home/marc/Documentos/GitHub/IR2117-PSR/tb3_ws/build/olympic_interfaces -- -j2 -l2
[1.973s] DEBUG:colcon.colcon_core.event_handler.log_command:Invoked command in '/home/marc/Documentos/GitHub/IR2117-PSR/tb3_ws/build/obstacles' returned '0': CMAKE_PREFIX_PATH=/opt/ros/foxy /usr/bin/cmake --build /home/marc/Documentos/GitHub/IR2117-PSR/tb3_ws/build/obstacles -- -j2 -l2
[2.022s] DEBUG:colcon.colcon_core.event_handler.log_command:Invoking command in '/home/marc/Documentos/GitHub/IR2117-PSR/tb3_ws/build/olympic_interfaces': CMAKE_PREFIX_PATH=/opt/ros/foxy /usr/bin/cmake --install /home/marc/Documentos/GitHub/IR2117-PSR/tb3_ws/build/olympic_interfaces
[2.033s] DEBUG:colcon.colcon_core.event_handler.log_command:Invoking command in '/home/marc/Documentos/GitHub/IR2117-PSR/tb3_ws/build/obstacles': CMAKE_PREFIX_PATH=/opt/ros/foxy /usr/bin/cmake --install /home/marc/Documentos/GitHub/IR2117-PSR/tb3_ws/build/obstacles
[2.114s] Level 1:colcon.colcon_core.environment:create_environment_scripts_only(obstacles)
[2.114s] DEBUG:colcon.colcon_core.event_handler.log_command:Invoked command in '/home/marc/Documentos/GitHub/IR2117-PSR/tb3_ws/build/obstacles' returned '0': CMAKE_PREFIX_PATH=/opt/ros/foxy /usr/bin/cmake --install /home/marc/Documentos/GitHub/IR2117-PSR/tb3_ws/build/obstacles
[2.119s] Level 1:colcon.colcon_core.environment:checking '/home/marc/Documentos/GitHub/IR2117-PSR/tb3_ws/install/obstacles' for CMake module files
[2.122s] Level 1:colcon.colcon_core.environment:checking '/home/marc/Documentos/GitHub/IR2117-PSR/tb3_ws/install/obstacles' for CMake config files
[2.123s] Level 1:colcon.colcon_core.shell:create_environment_hook('obstacles', 'cmake_prefix_path')
[2.126s] INFO:colcon.colcon_core.shell:Creating environment hook '/home/marc/Documentos/GitHub/IR2117-PSR/tb3_ws/install/obstacles/share/obstacles/hook/cmake_prefix_path.ps1'
[2.127s] INFO:colcon.colcon_core.shell:Creating environment descriptor '/home/marc/Documentos/GitHub/IR2117-PSR/tb3_ws/install/obstacles/share/obstacles/hook/cmake_prefix_path.dsv'
[2.128s] INFO:colcon.colcon_core.shell:Creating environment hook '/home/marc/Documentos/GitHub/IR2117-PSR/tb3_ws/install/obstacles/share/obstacles/hook/cmake_prefix_path.sh'
[2.130s] Level 1:colcon.colcon_core.environment:checking '/home/marc/Documentos/GitHub/IR2117-PSR/tb3_ws/install/obstacles/lib'
[2.130s] Level 1:colcon.colcon_core.environment:checking '/home/marc/Documentos/GitHub/IR2117-PSR/tb3_ws/install/obstacles/bin'
[2.130s] Level 1:colcon.colcon_core.environment:checking '/home/marc/Documentos/GitHub/IR2117-PSR/tb3_ws/install/obstacles/lib/pkgconfig/obstacles.pc'
[2.131s] Level 1:colcon.colcon_core.environment:checking '/home/marc/Documentos/GitHub/IR2117-PSR/tb3_ws/install/obstacles/lib/python3.8/site-packages'
[2.131s] Level 1:colcon.colcon_core.environment:checking '/home/marc/Documentos/GitHub/IR2117-PSR/tb3_ws/install/obstacles/bin'
[2.134s] INFO:colcon.colcon_core.shell:Creating package script '/home/marc/Documentos/GitHub/IR2117-PSR/tb3_ws/install/obstacles/share/obstacles/package.ps1'
[2.136s] INFO:colcon.colcon_core.shell:Creating package descriptor '/home/marc/Documentos/GitHub/IR2117-PSR/tb3_ws/install/obstacles/share/obstacles/package.dsv'
[2.136s] INFO:colcon.colcon_core.shell:Creating package script '/home/marc/Documentos/GitHub/IR2117-PSR/tb3_ws/install/obstacles/share/obstacles/package.sh'
[2.137s] INFO:colcon.colcon_core.shell:Creating package script '/home/marc/Documentos/GitHub/IR2117-PSR/tb3_ws/install/obstacles/share/obstacles/package.bash'
[2.138s] INFO:colcon.colcon_core.shell:Creating package script '/home/marc/Documentos/GitHub/IR2117-PSR/tb3_ws/install/obstacles/share/obstacles/package.zsh'
[2.139s] Level 1:colcon.colcon_core.environment:create_file_with_runtime_dependencies(/home/marc/Documentos/GitHub/IR2117-PSR/tb3_ws/install/obstacles/share/colcon-core/packages/obstacles)
[2.177s] Level 1:colcon.colcon_core.environment:create_environment_scripts_only(olympic_interfaces)
[2.182s] Level 1:colcon.colcon_core.environment:checking '/home/marc/Documentos/GitHub/IR2117-PSR/tb3_ws/install/olympic_interfaces' for CMake module files
[2.184s] Level 1:colcon.colcon_core.environment:checking '/home/marc/Documentos/GitHub/IR2117-PSR/tb3_ws/install/olympic_interfaces' for CMake config files
[2.185s] Level 1:colcon.colcon_core.shell:create_environment_hook('olympic_interfaces', 'cmake_prefix_path')
[2.190s] INFO:colcon.colcon_core.shell:Creating environment hook '/home/marc/Documentos/GitHub/IR2117-PSR/tb3_ws/install/olympic_interfaces/share/olympic_interfaces/hook/cmake_prefix_path.ps1'
[2.191s] DEBUG:colcon.colcon_core.event_handler.log_command:Invoked command in '/home/marc/Documentos/GitHub/IR2117-PSR/tb3_ws/build/olympic_interfaces' returned '0': CMAKE_PREFIX_PATH=/opt/ros/foxy /usr/bin/cmake --install /home/marc/Documentos/GitHub/IR2117-PSR/tb3_ws/build/olympic_interfaces
[2.193s] INFO:colcon.colcon_core.shell:Creating environment descriptor '/home/marc/Documentos/GitHub/IR2117-PSR/tb3_ws/install/olympic_interfaces/share/olympic_interfaces/hook/cmake_prefix_path.dsv'
[2.194s] INFO:colcon.colcon_core.shell:Creating environment hook '/home/marc/Documentos/GitHub/IR2117-PSR/tb3_ws/install/olympic_interfaces/share/olympic_interfaces/hook/cmake_prefix_path.sh'
[2.195s] Level 1:colcon.colcon_core.environment:checking '/home/marc/Documentos/GitHub/IR2117-PSR/tb3_ws/install/olympic_interfaces/lib'
[2.196s] Level 1:colcon.colcon_core.shell:create_environment_hook('olympic_interfaces', 'ld_library_path_lib')
[2.202s] INFO:colcon.colcon_core.shell:Creating environment hook '/home/marc/Documentos/GitHub/IR2117-PSR/tb3_ws/install/olympic_interfaces/share/olympic_interfaces/hook/ld_library_path_lib.ps1'
[2.206s] INFO:colcon.colcon_core.shell:Creating environment descriptor '/home/marc/Documentos/GitHub/IR2117-PSR/tb3_ws/install/olympic_interfaces/share/olympic_interfaces/hook/ld_library_path_lib.dsv'
[2.207s] INFO:colcon.colcon_core.shell:Creating environment hook '/home/marc/Documentos/GitHub/IR2117-PSR/tb3_ws/install/olympic_interfaces/share/olympic_interfaces/hook/ld_library_path_lib.sh'
[2.208s] Level 1:colcon.colcon_core.environment:checking '/home/marc/Documentos/GitHub/IR2117-PSR/tb3_ws/install/olympic_interfaces/bin'
[2.208s] Level 1:colcon.colcon_core.environment:checking '/home/marc/Documentos/GitHub/IR2117-PSR/tb3_ws/install/olympic_interfaces/lib/pkgconfig/olympic_interfaces.pc'
[2.209s] Level 1:colcon.colcon_core.environment:checking '/home/marc/Documentos/GitHub/IR2117-PSR/tb3_ws/install/olympic_interfaces/lib/python3.8/site-packages'
[2.209s] Level 1:colcon.colcon_core.shell:create_environment_hook('olympic_interfaces', 'pythonpath')
[2.211s] INFO:colcon.colcon_core.shell:Creating environment hook '/home/marc/Documentos/GitHub/IR2117-PSR/tb3_ws/install/olympic_interfaces/share/olympic_interfaces/hook/pythonpath.ps1'
[2.213s] INFO:colcon.colcon_core.shell:Creating environment descriptor '/home/marc/Documentos/GitHub/IR2117-PSR/tb3_ws/install/olympic_interfaces/share/olympic_interfaces/hook/pythonpath.dsv'
[2.214s] INFO:colcon.colcon_core.shell:Creating environment hook '/home/marc/Documentos/GitHub/IR2117-PSR/tb3_ws/install/olympic_interfaces/share/olympic_interfaces/hook/pythonpath.sh'
[2.215s] Level 1:colcon.colcon_core.environment:checking '/home/marc/Documentos/GitHub/IR2117-PSR/tb3_ws/install/olympic_interfaces/bin'
[2.218s] INFO:colcon.colcon_core.shell:Creating package script '/home/marc/Documentos/GitHub/IR2117-PSR/tb3_ws/install/olympic_interfaces/share/olympic_interfaces/package.ps1'
[2.219s] INFO:colcon.colcon_core.shell:Creating package descriptor '/home/marc/Documentos/GitHub/IR2117-PSR/tb3_ws/install/olympic_interfaces/share/olympic_interfaces/package.dsv'
[2.220s] INFO:colcon.colcon_core.shell:Creating package script '/home/marc/Documentos/GitHub/IR2117-PSR/tb3_ws/install/olympic_interfaces/share/olympic_interfaces/package.sh'
[2.222s] INFO:colcon.colcon_core.shell:Creating package script '/home/marc/Documentos/GitHub/IR2117-PSR/tb3_ws/install/olympic_interfaces/share/olympic_interfaces/package.bash'
[2.222s] INFO:colcon.colcon_core.shell:Creating package script '/home/marc/Documentos/GitHub/IR2117-PSR/tb3_ws/install/olympic_interfaces/share/olympic_interfaces/package.zsh'
[2.223s] Level 1:colcon.colcon_core.environment:create_file_with_runtime_dependencies(/home/marc/Documentos/GitHub/IR2117-PSR/tb3_ws/install/olympic_interfaces/share/colcon-core/packages/olympic_interfaces)
[2.233s] Level 1:colcon.colcon_core.environment:create_environment_scripts_only(obstacles)
[2.238s] Level 1:colcon.colcon_core.environment:checking '/home/marc/Documentos/GitHub/IR2117-PSR/tb3_ws/install/obstacles' for CMake module files
[2.239s] Level 1:colcon.colcon_core.environment:checking '/home/marc/Documentos/GitHub/IR2117-PSR/tb3_ws/install/obstacles' for CMake config files
[2.240s] Level 1:colcon.colcon_core.shell:create_environment_hook('obstacles', 'cmake_prefix_path')
[2.243s] INFO:colcon.colcon_core.shell:Creating environment hook '/home/marc/Documentos/GitHub/IR2117-PSR/tb3_ws/install/obstacles/share/obstacles/hook/cmake_prefix_path.ps1'
[2.244s] INFO:colcon.colcon_core.shell:Creating environment descriptor '/home/marc/Documentos/GitHub/IR2117-PSR/tb3_ws/install/obstacles/share/obstacles/hook/cmake_prefix_path.dsv'
[2.245s] INFO:colcon.colcon_core.shell:Creating environment hook '/home/marc/Documentos/GitHub/IR2117-PSR/tb3_ws/install/obstacles/share/obstacles/hook/cmake_prefix_path.sh'
[2.247s] Level 1:colcon.colcon_core.environment:checking '/home/marc/Documentos/GitHub/IR2117-PSR/tb3_ws/install/obstacles/lib'
[2.247s] Level 1:colcon.colcon_core.environment:checking '/home/marc/Documentos/GitHub/IR2117-PSR/tb3_ws/install/obstacles/bin'
[2.247s] Level 1:colcon.colcon_core.environment:checking '/home/marc/Documentos/GitHub/IR2117-PSR/tb3_ws/install/obstacles/lib/pkgconfig/obstacles.pc'
[2.247s] Level 1:colcon.colcon_core.environment:checking '/home/marc/Documentos/GitHub/IR2117-PSR/tb3_ws/install/obstacles/lib/python3.8/site-packages'
[2.248s] Level 1:colcon.colcon_core.environment:checking '/home/marc/Documentos/GitHub/IR2117-PSR/tb3_ws/install/obstacles/bin'
[2.251s] INFO:colcon.colcon_core.shell:Creating package script '/home/marc/Documentos/GitHub/IR2117-PSR/tb3_ws/install/obstacles/share/obstacles/package.ps1'
[2.252s] INFO:colcon.colcon_core.shell:Creating package descriptor '/home/marc/Documentos/GitHub/IR2117-PSR/tb3_ws/install/obstacles/share/obstacles/package.dsv'
[2.253s] INFO:colcon.colcon_core.shell:Creating package script '/home/marc/Documentos/GitHub/IR2117-PSR/tb3_ws/install/obstacles/share/obstacles/package.sh'
[2.254s] INFO:colcon.colcon_core.shell:Creating package script '/home/marc/Documentos/GitHub/IR2117-PSR/tb3_ws/install/obstacles/share/obstacles/package.bash'
[2.255s] INFO:colcon.colcon_core.shell:Creating package script '/home/marc/Documentos/GitHub/IR2117-PSR/tb3_ws/install/obstacles/share/obstacles/package.zsh'
[2.256s] Level 1:colcon.colcon_core.environment:create_file_with_runtime_dependencies(/home/marc/Documentos/GitHub/IR2117-PSR/tb3_ws/install/obstacles/share/colcon-core/packages/obstacles)
[2.258s] INFO:colcon.colcon_ros.task.ament_cmake.build:Building ROS package in '/home/marc/Documentos/GitHub/IR2117-PSR/tb3_ws/src/robot_trajectory' with build type 'ament_cmake'
[2.259s] INFO:colcon.colcon_cmake.task.cmake.build:Building CMake package in '/home/marc/Documentos/GitHub/IR2117-PSR/tb3_ws/src/robot_trajectory'
[2.263s] INFO:colcon.colcon_core.shell:Skip shell extension 'powershell' for command environment: Not usable outside of PowerShell
[2.263s] DEBUG:colcon.colcon_core.shell:Skip shell extension 'dsv' for command environment
[2.313s] DEBUG:colcon.colcon_core.event_handler.log_command:Invoking command in '/home/marc/Documentos/GitHub/IR2117-PSR/tb3_ws/build/robot_trajectory': CMAKE_PREFIX_PATH=/opt/ros/foxy /usr/bin/cmake --build /home/marc/Documentos/GitHub/IR2117-PSR/tb3_ws/build/robot_trajectory -- -j2 -l2
[2.378s] Level 1:colcon.colcon_core.environment:create_environment_scripts_only(olympic_interfaces)
[2.383s] Level 1:colcon.colcon_core.environment:checking '/home/marc/Documentos/GitHub/IR2117-PSR/tb3_ws/install/olympic_interfaces' for CMake module files
[2.385s] Level 1:colcon.colcon_core.environment:checking '/home/marc/Documentos/GitHub/IR2117-PSR/tb3_ws/install/olympic_interfaces' for CMake config files
[2.385s] Level 1:colcon.colcon_core.shell:create_environment_hook('olympic_interfaces', 'cmake_prefix_path')
[2.389s] INFO:colcon.colcon_core.shell:Creating environment hook '/home/marc/Documentos/GitHub/IR2117-PSR/tb3_ws/install/olympic_interfaces/share/olympic_interfaces/hook/cmake_prefix_path.ps1'
[2.390s] INFO:colcon.colcon_core.shell:Creating environment descriptor '/home/marc/Documentos/GitHub/IR2117-PSR/tb3_ws/install/olympic_interfaces/share/olympic_interfaces/hook/cmake_prefix_path.dsv'
[2.391s] INFO:colcon.colcon_core.shell:Creating environment hook '/home/marc/Documentos/GitHub/IR2117-PSR/tb3_ws/install/olympic_interfaces/share/olympic_interfaces/hook/cmake_prefix_path.sh'
[2.393s] Level 1:colcon.colcon_core.environment:checking '/home/marc/Documentos/GitHub/IR2117-PSR/tb3_ws/install/olympic_interfaces/lib'
[2.393s] Level 1:colcon.colcon_core.shell:create_environment_hook('olympic_interfaces', 'ld_library_path_lib')
[2.396s] INFO:colcon.colcon_core.shell:Creating environment hook '/home/marc/Documentos/GitHub/IR2117-PSR/tb3_ws/install/olympic_interfaces/share/olympic_interfaces/hook/ld_library_path_lib.ps1'
[2.397s] INFO:colcon.colcon_core.shell:Creating environment descriptor '/home/marc/Documentos/GitHub/IR2117-PSR/tb3_ws/install/olympic_interfaces/share/olympic_interfaces/hook/ld_library_path_lib.dsv'
[2.398s] INFO:colcon.colcon_core.shell:Creating environment hook '/home/marc/Documentos/GitHub/IR2117-PSR/tb3_ws/install/olympic_interfaces/share/olympic_interfaces/hook/ld_library_path_lib.sh'
[2.399s] Level 1:colcon.colcon_core.environment:checking '/home/marc/Documentos/GitHub/IR2117-PSR/tb3_ws/install/olympic_interfaces/bin'
[2.399s] Level 1:colcon.colcon_core.environment:checking '/home/marc/Documentos/GitHub/IR2117-PSR/tb3_ws/install/olympic_interfaces/lib/pkgconfig/olympic_interfaces.pc'
[2.399s] Level 1:colcon.colcon_core.environment:checking '/home/marc/Documentos/GitHub/IR2117-PSR/tb3_ws/install/olympic_interfaces/lib/python3.8/site-packages'
[2.400s] Level 1:colcon.colcon_core.shell:create_environment_hook('olympic_interfaces', 'pythonpath')
[2.403s] INFO:colcon.colcon_core.shell:Creating environment hook '/home/marc/Documentos/GitHub/IR2117-PSR/tb3_ws/install/olympic_interfaces/share/olympic_interfaces/hook/pythonpath.ps1'
[2.404s] INFO:colcon.colcon_core.shell:Creating environment descriptor '/home/marc/Documentos/GitHub/IR2117-PSR/tb3_ws/install/olympic_interfaces/share/olympic_interfaces/hook/pythonpath.dsv'
[2.404s] INFO:colcon.colcon_core.shell:Creating environment hook '/home/marc/Documentos/GitHub/IR2117-PSR/tb3_ws/install/olympic_interfaces/share/olympic_interfaces/hook/pythonpath.sh'
[2.406s] Level 1:colcon.colcon_core.environment:checking '/home/marc/Documentos/GitHub/IR2117-PSR/tb3_ws/install/olympic_interfaces/bin'
[2.410s] INFO:colcon.colcon_core.shell:Creating package script '/home/marc/Documentos/GitHub/IR2117-PSR/tb3_ws/install/olympic_interfaces/share/olympic_interfaces/package.ps1'
[2.415s] INFO:colcon.colcon_core.shell:Creating package descriptor '/home/marc/Documentos/GitHub/IR2117-PSR/tb3_ws/install/olympic_interfaces/share/olympic_interfaces/package.dsv'
[2.419s] INFO:colcon.colcon_core.shell:Creating package script '/home/marc/Documentos/GitHub/IR2117-PSR/tb3_ws/install/olympic_interfaces/share/olympic_interfaces/package.sh'
[2.421s] INFO:colcon.colcon_core.shell:Creating package script '/home/marc/Documentos/GitHub/IR2117-PSR/tb3_ws/install/olympic_interfaces/share/olympic_interfaces/package.bash'
[2.422s] INFO:colcon.colcon_core.shell:Creating package script '/home/marc/Documentos/GitHub/IR2117-PSR/tb3_ws/install/olympic_interfaces/share/olympic_interfaces/package.zsh'
[2.423s] Level 1:colcon.colcon_core.environment:create_file_with_runtime_dependencies(/home/marc/Documentos/GitHub/IR2117-PSR/tb3_ws/install/olympic_interfaces/share/colcon-core/packages/olympic_interfaces)
[2.425s] INFO:colcon.colcon_ros.task.ament_cmake.build:Building ROS package in '/home/marc/Documentos/GitHub/IR2117-PSR/tb3_ws/src/olympic' with build type 'ament_cmake'
[2.425s] INFO:colcon.colcon_cmake.task.cmake.build:Building CMake package in '/home/marc/Documentos/GitHub/IR2117-PSR/tb3_ws/src/olympic'
[2.428s] INFO:colcon.colcon_core.shell:Skip shell extension 'powershell' for command environment: Not usable outside of PowerShell
[2.429s] DEBUG:colcon.colcon_core.shell:Skip shell extension 'dsv' for command environment
[2.470s] DEBUG:colcon.colcon_core.event_handler.log_command:Invoking command in '/home/marc/Documentos/GitHub/IR2117-PSR/tb3_ws/build/olympic': AMENT_PREFIX_PATH=/home/marc/Documentos/GitHub/IR2117-PSR/tb3_ws/install/olympic_interfaces:${AMENT_PREFIX_PATH} CMAKE_PREFIX_PATH=/home/marc/Documentos/GitHub/IR2117-PSR/tb3_ws/install/olympic_interfaces:/opt/ros/foxy LD_LIBRARY_PATH=/home/marc/Documentos/GitHub/IR2117-PSR/tb3_ws/install/olympic_interfaces/lib:${LD_LIBRARY_PATH} PYTHONPATH=/home/marc/Documentos/GitHub/IR2117-PSR/tb3_ws/install/olympic_interfaces/lib/python3.8/site-packages:${PYTHONPATH} /usr/bin/cmake --build /home/marc/Documentos/GitHub/IR2117-PSR/tb3_ws/build/olympic -- -j2 -l2
[2.646s] DEBUG:colcon.colcon_core.event_handler.log_command:Invoked command in '/home/marc/Documentos/GitHub/IR2117-PSR/tb3_ws/build/robot_trajectory' returned '0': CMAKE_PREFIX_PATH=/opt/ros/foxy /usr/bin/cmake --build /home/marc/Documentos/GitHub/IR2117-PSR/tb3_ws/build/robot_trajectory -- -j2 -l2
[2.971s] DEBUG:colcon.colcon_core.event_handler.log_command:Invoking command in '/home/marc/Documentos/GitHub/IR2117-PSR/tb3_ws/build/robot_trajectory': CMAKE_PREFIX_PATH=/opt/ros/foxy /usr/bin/cmake --install /home/marc/Documentos/GitHub/IR2117-PSR/tb3_ws/build/robot_trajectory
[3.033s] Level 1:colcon.colcon_core.environment:create_environment_scripts_only(robot_trajectory)
[3.038s] Level 1:colcon.colcon_core.environment:checking '/home/marc/Documentos/GitHub/IR2117-PSR/tb3_ws/install/robot_trajectory' for CMake module files
[3.040s] DEBUG:colcon.colcon_core.event_handler.log_command:Invoked command in '/home/marc/Documentos/GitHub/IR2117-PSR/tb3_ws/build/robot_trajectory' returned '0': CMAKE_PREFIX_PATH=/opt/ros/foxy /usr/bin/cmake --install /home/marc/Documentos/GitHub/IR2117-PSR/tb3_ws/build/robot_trajectory
[3.046s] Level 1:colcon.colcon_core.environment:checking '/home/marc/Documentos/GitHub/IR2117-PSR/tb3_ws/install/robot_trajectory' for CMake config files
[3.046s] Level 1:colcon.colcon_core.shell:create_environment_hook('robot_trajectory', 'cmake_prefix_path')
[3.051s] INFO:colcon.colcon_core.shell:Creating environment hook '/home/marc/Documentos/GitHub/IR2117-PSR/tb3_ws/install/robot_trajectory/share/robot_trajectory/hook/cmake_prefix_path.ps1'
[3.060s] INFO:colcon.colcon_core.shell:Creating environment descriptor '/home/marc/Documentos/GitHub/IR2117-PSR/tb3_ws/install/robot_trajectory/share/robot_trajectory/hook/cmake_prefix_path.dsv'
[3.062s] INFO:colcon.colcon_core.shell:Creating environment hook '/home/marc/Documentos/GitHub/IR2117-PSR/tb3_ws/install/robot_trajectory/share/robot_trajectory/hook/cmake_prefix_path.sh'
[3.064s] Level 1:colcon.colcon_core.environment:checking '/home/marc/Documentos/GitHub/IR2117-PSR/tb3_ws/install/robot_trajectory/lib'
[3.064s] Level 1:colcon.colcon_core.environment:checking '/home/marc/Documentos/GitHub/IR2117-PSR/tb3_ws/install/robot_trajectory/bin'
[3.064s] Level 1:colcon.colcon_core.environment:checking '/home/marc/Documentos/GitHub/IR2117-PSR/tb3_ws/install/robot_trajectory/lib/pkgconfig/robot_trajectory.pc'
[3.065s] Level 1:colcon.colcon_core.environment:checking '/home/marc/Documentos/GitHub/IR2117-PSR/tb3_ws/install/robot_trajectory/lib/python3.8/site-packages'
[3.065s] Level 1:colcon.colcon_core.environment:checking '/home/marc/Documentos/GitHub/IR2117-PSR/tb3_ws/install/robot_trajectory/bin'
[3.070s] INFO:colcon.colcon_core.shell:Creating package script '/home/marc/Documentos/GitHub/IR2117-PSR/tb3_ws/install/robot_trajectory/share/robot_trajectory/package.ps1'
[3.079s] INFO:colcon.colcon_core.shell:Creating package descriptor '/home/marc/Documentos/GitHub/IR2117-PSR/tb3_ws/install/robot_trajectory/share/robot_trajectory/package.dsv'
[3.080s] INFO:colcon.colcon_core.shell:Creating package script '/home/marc/Documentos/GitHub/IR2117-PSR/tb3_ws/install/robot_trajectory/share/robot_trajectory/package.sh'
[3.082s] INFO:colcon.colcon_core.shell:Creating package script '/home/marc/Documentos/GitHub/IR2117-PSR/tb3_ws/install/robot_trajectory/share/robot_trajectory/package.bash'
[3.083s] INFO:colcon.colcon_core.shell:Creating package script '/home/marc/Documentos/GitHub/IR2117-PSR/tb3_ws/install/robot_trajectory/share/robot_trajectory/package.zsh'
[3.083s] Level 1:colcon.colcon_core.environment:create_file_with_runtime_dependencies(/home/marc/Documentos/GitHub/IR2117-PSR/tb3_ws/install/robot_trajectory/share/colcon-core/packages/robot_trajectory)
[3.186s] Level 1:colcon.colcon_core.environment:create_environment_scripts_only(robot_trajectory)
[3.191s] Level 1:colcon.colcon_core.environment:checking '/home/marc/Documentos/GitHub/IR2117-PSR/tb3_ws/install/robot_trajectory' for CMake module files
[3.205s] Level 1:colcon.colcon_core.environment:checking '/home/marc/Documentos/GitHub/IR2117-PSR/tb3_ws/install/robot_trajectory' for CMake config files
[3.206s] Level 1:colcon.colcon_core.shell:create_environment_hook('robot_trajectory', 'cmake_prefix_path')
[3.210s] INFO:colcon.colcon_core.shell:Creating environment hook '/home/marc/Documentos/GitHub/IR2117-PSR/tb3_ws/install/robot_trajectory/share/robot_trajectory/hook/cmake_prefix_path.ps1'
[3.211s] INFO:colcon.colcon_core.shell:Creating environment descriptor '/home/marc/Documentos/GitHub/IR2117-PSR/tb3_ws/install/robot_trajectory/share/robot_trajectory/hook/cmake_prefix_path.dsv'
[3.212s] INFO:colcon.colcon_core.shell:Creating environment hook '/home/marc/Documentos/GitHub/IR2117-PSR/tb3_ws/install/robot_trajectory/share/robot_trajectory/hook/cmake_prefix_path.sh'
[3.220s] Level 1:colcon.colcon_core.environment:checking '/home/marc/Documentos/GitHub/IR2117-PSR/tb3_ws/install/robot_trajectory/lib'
[3.220s] Level 1:colcon.colcon_core.environment:checking '/home/marc/Documentos/GitHub/IR2117-PSR/tb3_ws/install/robot_trajectory/bin'
[3.220s] Level 1:colcon.colcon_core.environment:checking '/home/marc/Documentos/GitHub/IR2117-PSR/tb3_ws/install/robot_trajectory/lib/pkgconfig/robot_trajectory.pc'
[3.221s] Level 1:colcon.colcon_core.environment:checking '/home/marc/Documentos/GitHub/IR2117-PSR/tb3_ws/install/robot_trajectory/lib/python3.8/site-packages'
[3.222s] Level 1:colcon.colcon_core.environment:checking '/home/marc/Documentos/GitHub/IR2117-PSR/tb3_ws/install/robot_trajectory/bin'
[3.232s] INFO:colcon.colcon_core.shell:Creating package script '/home/marc/Documentos/GitHub/IR2117-PSR/tb3_ws/install/robot_trajectory/share/robot_trajectory/package.ps1'
[3.234s] INFO:colcon.colcon_core.shell:Creating package descriptor '/home/marc/Documentos/GitHub/IR2117-PSR/tb3_ws/install/robot_trajectory/share/robot_trajectory/package.dsv'
[3.235s] INFO:colcon.colcon_core.shell:Creating package script '/home/marc/Documentos/GitHub/IR2117-PSR/tb3_ws/install/robot_trajectory/share/robot_trajectory/package.sh'
[3.236s] INFO:colcon.colcon_core.shell:Creating package script '/home/marc/Documentos/GitHub/IR2117-PSR/tb3_ws/install/robot_trajectory/share/robot_trajectory/package.bash'
[3.239s] INFO:colcon.colcon_core.shell:Creating package script '/home/marc/Documentos/GitHub/IR2117-PSR/tb3_ws/install/robot_trajectory/share/robot_trajectory/package.zsh'
[3.246s] Level 1:colcon.colcon_core.environment:create_file_with_runtime_dependencies(/home/marc/Documentos/GitHub/IR2117-PSR/tb3_ws/install/robot_trajectory/share/colcon-core/packages/robot_trajectory)
[8.673s] DEBUG:colcon.colcon_core.event_handler.log_command:Invoked command in '/home/marc/Documentos/GitHub/IR2117-PSR/tb3_ws/build/olympic' returned '2': AMENT_PREFIX_PATH=/home/marc/Documentos/GitHub/IR2117-PSR/tb3_ws/install/olympic_interfaces:${AMENT_PREFIX_PATH} CMAKE_PREFIX_PATH=/home/marc/Documentos/GitHub/IR2117-PSR/tb3_ws/install/olympic_interfaces:/opt/ros/foxy LD_LIBRARY_PATH=/home/marc/Documentos/GitHub/IR2117-PSR/tb3_ws/install/olympic_interfaces/lib:${LD_LIBRARY_PATH} PYTHONPATH=/home/marc/Documentos/GitHub/IR2117-PSR/tb3_ws/install/olympic_interfaces/lib/python3.8/site-packages:${PYTHONPATH} /usr/bin/cmake --build /home/marc/Documentos/GitHub/IR2117-PSR/tb3_ws/build/olympic -- -j2 -l2
[8.739s] Level 1:colcon.colcon_core.environment:create_environment_scripts_only(olympic)
[8.744s] Level 1:colcon.colcon_core.environment:checking '/home/marc/Documentos/GitHub/IR2117-PSR/tb3_ws/install/olympic' for CMake module files
[8.745s] Level 1:colcon.colcon_core.environment:checking '/home/marc/Documentos/GitHub/IR2117-PSR/tb3_ws/install/olympic' for CMake config files
[8.746s] Level 1:colcon.colcon_core.environment:checking '/home/marc/Documentos/GitHub/IR2117-PSR/tb3_ws/install/olympic/bin'
[8.746s] Level 1:colcon.colcon_core.environment:checking '/home/marc/Documentos/GitHub/IR2117-PSR/tb3_ws/install/olympic/lib/pkgconfig/olympic.pc'
[8.746s] Level 1:colcon.colcon_core.environment:checking '/home/marc/Documentos/GitHub/IR2117-PSR/tb3_ws/install/olympic/lib/python3.8/site-packages'
[8.747s] Level 1:colcon.colcon_core.environment:checking '/home/marc/Documentos/GitHub/IR2117-PSR/tb3_ws/install/olympic/bin'
[8.751s] INFO:colcon.colcon_core.shell:Creating package script '/home/marc/Documentos/GitHub/IR2117-PSR/tb3_ws/install/olympic/share/olympic/package.ps1'
[8.752s] INFO:colcon.colcon_core.shell:Creating package descriptor '/home/marc/Documentos/GitHub/IR2117-PSR/tb3_ws/install/olympic/share/olympic/package.dsv'
[8.753s] INFO:colcon.colcon_core.shell:Creating package script '/home/marc/Documentos/GitHub/IR2117-PSR/tb3_ws/install/olympic/share/olympic/package.sh'
[8.754s] INFO:colcon.colcon_core.shell:Creating package script '/home/marc/Documentos/GitHub/IR2117-PSR/tb3_ws/install/olympic/share/olympic/package.bash'
[8.756s] INFO:colcon.colcon_core.shell:Creating package script '/home/marc/Documentos/GitHub/IR2117-PSR/tb3_ws/install/olympic/share/olympic/package.zsh'
[8.757s] Level 1:colcon.colcon_core.environment:create_file_with_runtime_dependencies(/home/marc/Documentos/GitHub/IR2117-PSR/tb3_ws/install/olympic/share/colcon-core/packages/olympic)
[8.769s] DEBUG:colcon.colcon_parallel_executor.executor.parallel:closing loop
[8.772s] DEBUG:colcon.colcon_parallel_executor.executor.parallel:loop closed
[8.773s] DEBUG:colcon.colcon_parallel_executor.executor.parallel:run_until_complete finished with '2'
[8.773s] DEBUG:colcon.colcon_core.event_reactor:joining thread
[8.788s] INFO:colcon.colcon_core.plugin_system:Skipping extension 'colcon_notification.desktop_notification.terminal_notifier': Not used on non-Darwin systems
[8.788s] INFO:colcon.colcon_core.plugin_system:Skipping extension 'colcon_notification.desktop_notification.win32': Not used on non-Windows systems
[8.788s] INFO:colcon.colcon_notification.desktop_notification:Sending desktop notification using 'notify2'
[8.844s] DEBUG:colcon.colcon_core.event_reactor:joined thread
[8.849s] INFO:colcon.colcon_core.shell:Creating prefix script '/home/marc/Documentos/GitHub/IR2117-PSR/tb3_ws/install/local_setup.ps1'
[8.852s] INFO:colcon.colcon_core.shell:Creating prefix util module '/home/marc/Documentos/GitHub/IR2117-PSR/tb3_ws/install/_local_setup_util_ps1.py'
[8.866s] INFO:colcon.colcon_core.shell:Creating prefix chain script '/home/marc/Documentos/GitHub/IR2117-PSR/tb3_ws/install/setup.ps1'
[8.870s] INFO:colcon.colcon_core.shell:Creating prefix script '/home/marc/Documentos/GitHub/IR2117-PSR/tb3_ws/install/local_setup.sh'
[8.872s] INFO:colcon.colcon_core.shell:Creating prefix util module '/home/marc/Documentos/GitHub/IR2117-PSR/tb3_ws/install/_local_setup_util_sh.py'
[8.873s] INFO:colcon.colcon_core.shell:Creating prefix chain script '/home/marc/Documentos/GitHub/IR2117-PSR/tb3_ws/install/setup.sh'
[8.884s] INFO:colcon.colcon_core.shell:Creating prefix script '/home/marc/Documentos/GitHub/IR2117-PSR/tb3_ws/install/local_setup.bash'
[8.886s] INFO:colcon.colcon_core.shell:Creating prefix chain script '/home/marc/Documentos/GitHub/IR2117-PSR/tb3_ws/install/setup.bash'
[8.890s] INFO:colcon.colcon_core.shell:Creating prefix script '/home/marc/Documentos/GitHub/IR2117-PSR/tb3_ws/install/local_setup.zsh'
[8.891s] INFO:colcon.colcon_core.shell:Creating prefix chain script '/home/marc/Documentos/GitHub/IR2117-PSR/tb3_ws/install/setup.zsh'
