[0.020s] Invoking command in '/home/usuario/Documentos/GitHub/IR2117-PSR/tb3_ws/build/olympic': AMENT_PREFIX_PATH=/home/usuario/Documentos/GitHub/IR2117-PSR/tb3_ws/install/olympic_interfaces:${AMENT_PREFIX_PATH} CMAKE_PREFIX_PATH=/home/usuario/Documentos/GitHub/IR2117-PSR/tb3_ws/install/olympic_interfaces:/opt/ros/foxy LD_LIBRARY_PATH=/home/usuario/Documentos/GitHub/IR2117-PSR/tb3_ws/install/olympic_interfaces/lib:${LD_LIBRARY_PATH} PYTHONPATH=/home/usuario/Documentos/GitHub/IR2117-PSR/tb3_ws/install/olympic_interfaces/lib/python3.8/site-packages:${PYTHONPATH} /usr/bin/cmake /home/usuario/Documentos/GitHub/IR2117-PSR/tb3_ws/src/olympic -DCMAKE_INSTALL_PREFIX=/home/usuario/Documentos/GitHub/IR2117-PSR/tb3_ws/install/olympic
[0.035s] -- Found ament_cmake: 0.9.11 (/opt/ros/foxy/share/ament_cmake/cmake)
[0.061s] -- Using PYTHON_EXECUTABLE: /usr/bin/python3
[0.223s] -- Found rclcpp: 2.4.2 (/opt/ros/foxy/share/rclcpp/cmake)
[0.248s] -- Using all available rosidl_typesupport_c: rosidl_typesupport_fastrtps_c;rosidl_typesupport_introspection_c
[0.251s] -- Found rosidl_adapter: 1.3.0 (/opt/ros/foxy/share/rosidl_adapter/cmake)
[0.344s] -- Using all available rosidl_typesupport_cpp: rosidl_typesupport_fastrtps_cpp;rosidl_typesupport_introspection_cpp
[0.379s] -- Found rmw_implementation_cmake: 1.0.3 (/opt/ros/foxy/share/rmw_implementation_cmake/cmake)
[0.380s] -- Using RMW implementation 'rmw_fastrtps_cpp' as default
[0.481s] -- Found rclcpp_action: 2.4.2 (/opt/ros/foxy/share/rclcpp_action/cmake)
[0.533s] -- Found rclcpp_components: 2.4.2 (/opt/ros/foxy/share/rclcpp_components/cmake)
[0.572s] -- Found geometry_msgs: 2.0.5 (/opt/ros/foxy/share/geometry_msgs/cmake)
[0.595s] -- Found turtlesim: 1.2.6 (/opt/ros/foxy/share/turtlesim/cmake)
[0.637s] -- Found olympic_interfaces: 0.0.0 (/home/usuario/Documentos/GitHub/IR2117-PSR/tb3_ws/install/olympic_interfaces/share/olympic_interfaces/cmake)
[0.694s] -- Found ament_lint_auto: 0.9.7 (/opt/ros/foxy/share/ament_lint_auto/cmake)
[0.777s] -- Added test 'copyright' to check source files copyright and LICENSE
[0.777s] -- Added test 'cppcheck' to perform static code analysis on C / C++ code
[0.778s] -- Configured cppcheck include dirs: $<BUILD_INTERFACE:/home/usuario/Documentos/GitHub/IR2117-PSR/tb3_ws/src/olympic/include>
[0.778s] -- Configured cppcheck exclude dirs and/or files: 
[0.778s] -- Added test 'cpplint' to check C / C++ code against the Google style
[0.778s] -- Configured cpplint exclude dirs and/or files: 
[0.779s] -- Added test 'lint_cmake' to check CMake code style
[0.779s] -- Added test 'uncrustify' to check C / C++ code style
[0.779s] -- Configured uncrustify additional arguments: 
[0.779s] -- Added test 'xmllint' to check XML markup files
[0.782s] -- Configuring done
[0.801s] -- Generating done
[0.802s] -- Build files have been written to: /home/usuario/Documentos/GitHub/IR2117-PSR/tb3_ws/build/olympic
[0.809s] Invoked command in '/home/usuario/Documentos/GitHub/IR2117-PSR/tb3_ws/build/olympic' returned '0': AMENT_PREFIX_PATH=/home/usuario/Documentos/GitHub/IR2117-PSR/tb3_ws/install/olympic_interfaces:${AMENT_PREFIX_PATH} CMAKE_PREFIX_PATH=/home/usuario/Documentos/GitHub/IR2117-PSR/tb3_ws/install/olympic_interfaces:/opt/ros/foxy LD_LIBRARY_PATH=/home/usuario/Documentos/GitHub/IR2117-PSR/tb3_ws/install/olympic_interfaces/lib:${LD_LIBRARY_PATH} PYTHONPATH=/home/usuario/Documentos/GitHub/IR2117-PSR/tb3_ws/install/olympic_interfaces/lib/python3.8/site-packages:${PYTHONPATH} /usr/bin/cmake /home/usuario/Documentos/GitHub/IR2117-PSR/tb3_ws/src/olympic -DCMAKE_INSTALL_PREFIX=/home/usuario/Documentos/GitHub/IR2117-PSR/tb3_ws/install/olympic
[0.812s] Invoking command in '/home/usuario/Documentos/GitHub/IR2117-PSR/tb3_ws/build/olympic': AMENT_PREFIX_PATH=/home/usuario/Documentos/GitHub/IR2117-PSR/tb3_ws/install/olympic_interfaces:${AMENT_PREFIX_PATH} CMAKE_PREFIX_PATH=/home/usuario/Documentos/GitHub/IR2117-PSR/tb3_ws/install/olympic_interfaces:/opt/ros/foxy LD_LIBRARY_PATH=/home/usuario/Documentos/GitHub/IR2117-PSR/tb3_ws/install/olympic_interfaces/lib:${LD_LIBRARY_PATH} PYTHONPATH=/home/usuario/Documentos/GitHub/IR2117-PSR/tb3_ws/install/olympic_interfaces/lib/python3.8/site-packages:${PYTHONPATH} /usr/bin/cmake --build /home/usuario/Documentos/GitHub/IR2117-PSR/tb3_ws/build/olympic -- -j6 -l6
[0.852s] [35m[1mScanning dependencies of target rings_action_client[0m
[0.852s] [35m[1mScanning dependencies of target rings[0m
[0.852s] [35m[1mScanning dependencies of target rings_action_server[0m
[0.860s] [ 16%] [32mBuilding CXX object CMakeFiles/rings_action_server.dir/src/rings_action_server.cpp.o[0m
[0.874s] [ 33%] [32m[1mLinking CXX executable rings_action_server[0m
[0.879s] [ 66%] [32mBuilding CXX object CMakeFiles/rings_action_client.dir/src/rings_action_client.cpp.o[0m
[0.879s] [ 66%] [32mBuilding CXX object CMakeFiles/rings.dir/src/rings.cpp.o[0m
[0.902s] [01m[K/home/usuario/Documentos/GitHub/IR2117-PSR/tb3_ws/src/olympic/src/rings_action_client.cpp:3:10:[m[K [01;31m[Kfatal error: [m[Kolympic_interfaces/action/rings.action: No existe el archivo o el directorio
[0.902s]     3 | #include [01;31m[K"olympic_interfaces/action/rings.action"[m[K
[0.902s]       |          [01;31m[K^~~~~~~~~~~~~~~~~~~~~~~~~~~~~~~~~~~~~~~~[m[K
[0.903s] compilation terminated.
[0.903s] make[2]: *** [CMakeFiles/rings_action_client.dir/build.make:63: CMakeFiles/rings_action_client.dir/src/rings_action_client.cpp.o] Error 1
[0.904s] make[1]: *** [CMakeFiles/Makefile2:109: CMakeFiles/rings_action_client.dir/all] Error 2
[0.904s] make[1]: *** Se espera a que terminen otras tareas....
[0.921s] /usr/bin/ld: /usr/lib/gcc/x86_64-linux-gnu/9/../../../x86_64-linux-gnu/Scrt1.o: en la función `_start':
[0.921s] (.text+0x24): referencia a `main' sin definir
[0.921s] collect2: error: ld returned 1 exit status
[0.922s] make[2]: *** [CMakeFiles/rings_action_server.dir/build.make:167: rings_action_server] Error 1
[0.922s] make[1]: *** [CMakeFiles/Makefile2:82: CMakeFiles/rings_action_server.dir/all] Error 2
[1.854s] [01m[K/home/usuario/Documentos/GitHub/IR2117-PSR/tb3_ws/src/olympic/src/rings.cpp:[m[K In function ‘[01m[Kint main(int, char**)[m[K’:
[1.854s] [01m[K/home/usuario/Documentos/GitHub/IR2117-PSR/tb3_ws/src/olympic/src/rings.cpp:71:40:[m[K [01;31m[Kerror: [m[K‘[01m[Kradius[m[K’ was not declared in this scope
[1.855s]    71 |   std::vector<double> x = {5.5, (5.5-2*[01;31m[Kradius[m[K), (5.5+2*radius), (5.5-radius), (5.5+radius)};
[1.855s]       |                                        [01;31m[K^~~~~~[m[K
[1.855s] [01m[K/home/usuario/Documentos/GitHub/IR2117-PSR/tb3_ws/src/olympic/src/rings.cpp:71:91:[m[K [01;31m[Kerror: [m[Kcould not convert ‘[01m[K{5.5e+0, <expression error>, <expression error>, <expression error>, <expression error>}[m[K’ from ‘[01m[K<brace-enclosed initializer list>[m[K’ to ‘[01m[Kstd::vector<double, std::allocator<double> >[m[K’
[1.855s]    71 |   std::vector<double> x = {5.5, (5.5-2*radius), (5.5+2*radius), (5.5-radius), (5.5+radius)[01;31m[K}[m[K;
[1.855s]       |                                                                                           [01;31m[K^[m[K
[1.855s]       |                                                                                           [01;31m[K|[m[K
[1.855s]       |                                                                                           [01;31m[K<brace-enclosed initializer list>[m[K
[1.855s] [01m[K/home/usuario/Documentos/GitHub/IR2117-PSR/tb3_ws/src/olympic/src/rings.cpp:72:69:[m[K [01;31m[Kerror: [m[Kcould not convert ‘[01m[K{5.5e+0, 5.5e+0, 5.5e+0, <expression error>, <expression error>}[m[K’ from ‘[01m[K<brace-enclosed initializer list>[m[K’ to ‘[01m[Kstd::vector<double, std::allocator<double> >[m[K’
[1.855s]    72 |   std::vector<double> y = {5.5, 5.5, 5.5, (5.5-radius), (5.5-radius)[01;31m[K}[m[K;
[1.855s]       |                                                                     [01;31m[K^[m[K
[1.855s]       |                                                                     [01;31m[K|[m[K
[1.855s]       |                                                                     [01;31m[K<brace-enclosed initializer list>[m[K
[1.857s] [01m[K/home/usuario/Documentos/GitHub/IR2117-PSR/tb3_ws/src/olympic/src/rings.cpp:93:14:[m[K [01;31m[Kerror: [m[K‘[01m[Kusing element_type = struct turtlesim::srv::SetPen_Request_<std::allocator<void> >[m[K’ {aka ‘[01m[Kstruct turtlesim::srv::SetPen_Request_<std::allocator<void> >[m[K’} has no member named ‘[01m[Kred[m[K’
[1.857s]    93 |     request->[01;31m[Kred[m[K = red[i];
[1.857s]       |              [01;31m[K^~~[m[K
[1.857s] [01m[K/home/usuario/Documentos/GitHub/IR2117-PSR/tb3_ws/src/olympic/src/rings.cpp:94:14:[m[K [01;31m[Kerror: [m[K‘[01m[Kusing element_type = struct turtlesim::srv::SetPen_Request_<std::allocator<void> >[m[K’ {aka ‘[01m[Kstruct turtlesim::srv::SetPen_Request_<std::allocator<void> >[m[K’} has no member named ‘[01m[Kgreen[m[K’
[1.857s]    94 |     request->[01;31m[Kgreen[m[K = green[i];
[1.857s]       |              [01;31m[K^~~~~[m[K
[1.857s] [01m[K/home/usuario/Documentos/GitHub/IR2117-PSR/tb3_ws/src/olympic/src/rings.cpp:95:14:[m[K [01;31m[Kerror: [m[K‘[01m[Kusing element_type = struct turtlesim::srv::SetPen_Request_<std::allocator<void> >[m[K’ {aka ‘[01m[Kstruct turtlesim::srv::SetPen_Request_<std::allocator<void> >[m[K’} has no member named ‘[01m[Kblue[m[K’
[1.857s]    95 |     request->[01;31m[Kblue[m[K = blue[i];
[1.857s]       |              [01;31m[K^~~~[m[K
[1.865s] [01m[K/home/usuario/Documentos/GitHub/IR2117-PSR/tb3_ws/src/olympic/src/rings.cpp:24:7:[m[K [01;35m[Kwarning: [m[Kunused variable ‘[01m[Kpublish_count[m[K’ [[01;35m[K-Wunused-variable[m[K]
[1.865s]    24 |  auto [01;35m[Kpublish_count[m[K = 0;
[1.866s]       |       [01;35m[K^~~~~~~~~~~~~[m[K
[1.866s] [01m[K/home/usuario/Documentos/GitHub/IR2117-PSR/tb3_ws/src/olympic/src/rings.cpp:27:9:[m[K [01;35m[Kwarning: [m[Kunused variable ‘[01m[Kradius_length[m[K’ [[01;35m[K-Wunused-variable[m[K]
[1.866s]    27 |  double [01;35m[Kradius_length[m[K = node->get_parameter("radius_length").get_parameter_value().get<double>();
[1.866s]       |         [01;35m[K^~~~~~~~~~~~~[m[K
[1.866s] [01m[K/home/usuario/Documentos/GitHub/IR2117-PSR/tb3_ws/src/olympic/src/rings.cpp:118:1:[m[K [01;31m[Kerror: [m[Kexpected ‘[01m[K}[m[K’ at end of input
[1.866s]   118 | [01;31m[K}[m[K
[1.866s]       | [01;31m[K^[m[K
[1.866s] [01m[K/home/usuario/Documentos/GitHub/IR2117-PSR/tb3_ws/src/olympic/src/rings.cpp:17:1:[m[K [01;36m[Knote: [m[Kto match this ‘[01m[K{[m[K’
[1.866s]    17 | [01;36m[K{[m[K
[1.866s]       | [01;36m[K^[m[K
[2.778s] make[2]: *** [CMakeFiles/rings.dir/build.make:63: CMakeFiles/rings.dir/src/rings.cpp.o] Error 1
[2.778s] make[1]: *** [CMakeFiles/Makefile2:136: CMakeFiles/rings.dir/all] Error 2
[2.778s] make: *** [Makefile:141: all] Error 2
[2.780s] Invoked command in '/home/usuario/Documentos/GitHub/IR2117-PSR/tb3_ws/build/olympic' returned '2': AMENT_PREFIX_PATH=/home/usuario/Documentos/GitHub/IR2117-PSR/tb3_ws/install/olympic_interfaces:${AMENT_PREFIX_PATH} CMAKE_PREFIX_PATH=/home/usuario/Documentos/GitHub/IR2117-PSR/tb3_ws/install/olympic_interfaces:/opt/ros/foxy LD_LIBRARY_PATH=/home/usuario/Documentos/GitHub/IR2117-PSR/tb3_ws/install/olympic_interfaces/lib:${LD_LIBRARY_PATH} PYTHONPATH=/home/usuario/Documentos/GitHub/IR2117-PSR/tb3_ws/install/olympic_interfaces/lib/python3.8/site-packages:${PYTHONPATH} /usr/bin/cmake --build /home/usuario/Documentos/GitHub/IR2117-PSR/tb3_ws/build/olympic -- -j6 -l6
