[0.028s] Invoking command in '/home/usuario/Documentos/GitHub/IR2117-PSR/ros2_ws/build/examples_sum': CMAKE_PREFIX_PATH=${CMAKE_PREFIX_PATH}:/opt/ros/foxy /usr/bin/cmake /home/usuario/Documentos/GitHub/IR2117-PSR/ros2_ws/src/examples/sum -DCMAKE_INSTALL_PREFIX=/home/usuario/Documentos/GitHub/IR2117-PSR/ros2_ws/install/examples_sum
[0.040s] -- Found ament_cmake: 0.9.11 (/opt/ros/foxy/share/ament_cmake/cmake)
[0.057s] -- Using PYTHON_EXECUTABLE: /usr/bin/python3
[0.206s] -- Found rclcpp: 2.4.2 (/opt/ros/foxy/share/rclcpp/cmake)
[0.231s] -- Using all available rosidl_typesupport_c: rosidl_typesupport_fastrtps_c;rosidl_typesupport_introspection_c
[0.233s] -- Found rosidl_adapter: 1.3.0 (/opt/ros/foxy/share/rosidl_adapter/cmake)
[0.320s] -- Using all available rosidl_typesupport_cpp: rosidl_typesupport_fastrtps_cpp;rosidl_typesupport_introspection_cpp
[0.355s] -- Found rmw_implementation_cmake: 1.0.3 (/opt/ros/foxy/share/rmw_implementation_cmake/cmake)
[0.356s] -- Using RMW implementation 'rmw_fastrtps_cpp' as default
[0.523s] -- Configuring done
[0.529s] -- Generating done
[0.530s] -- Build files have been written to: /home/usuario/Documentos/GitHub/IR2117-PSR/ros2_ws/build/examples_sum
[0.537s] Invoked command in '/home/usuario/Documentos/GitHub/IR2117-PSR/ros2_ws/build/examples_sum' returned '0': CMAKE_PREFIX_PATH=${CMAKE_PREFIX_PATH}:/opt/ros/foxy /usr/bin/cmake /home/usuario/Documentos/GitHub/IR2117-PSR/ros2_ws/src/examples/sum -DCMAKE_INSTALL_PREFIX=/home/usuario/Documentos/GitHub/IR2117-PSR/ros2_ws/install/examples_sum
[0.539s] Invoking command in '/home/usuario/Documentos/GitHub/IR2117-PSR/ros2_ws/build/examples_sum': CMAKE_PREFIX_PATH=${CMAKE_PREFIX_PATH}:/opt/ros/foxy /usr/bin/cmake --build /home/usuario/Documentos/GitHub/IR2117-PSR/ros2_ws/build/examples_sum -- -j6 -l6
[0.576s] [35m[1mScanning dependencies of target sum[0m
[0.600s] [ 50%] [32mBuilding CXX object CMakeFiles/sum.dir/sum.cpp.o[0m
[4.301s] [100%] [32m[1mLinking CXX executable sum[0m
[4.807s] [100%] Built target sum
[4.817s] Invoked command in '/home/usuario/Documentos/GitHub/IR2117-PSR/ros2_ws/build/examples_sum' returned '0': CMAKE_PREFIX_PATH=${CMAKE_PREFIX_PATH}:/opt/ros/foxy /usr/bin/cmake --build /home/usuario/Documentos/GitHub/IR2117-PSR/ros2_ws/build/examples_sum -- -j6 -l6
[4.834s] Invoking command in '/home/usuario/Documentos/GitHub/IR2117-PSR/ros2_ws/build/examples_sum': CMAKE_PREFIX_PATH=${CMAKE_PREFIX_PATH}:/opt/ros/foxy /usr/bin/cmake --install /home/usuario/Documentos/GitHub/IR2117-PSR/ros2_ws/build/examples_sum
[4.842s] -- Install configuration: ""
[4.842s] -- Installing: /home/usuario/Documentos/GitHub/IR2117-PSR/ros2_ws/install/examples_sum/lib/examples_sum/sum
[4.858s] -- Set runtime path of "/home/usuario/Documentos/GitHub/IR2117-PSR/ros2_ws/install/examples_sum/lib/examples_sum/sum" to ""
[4.858s] -- Installing: /home/usuario/Documentos/GitHub/IR2117-PSR/ros2_ws/install/examples_sum/share/ament_index/resource_index/package_run_dependencies/examples_sum
[4.858s] -- Installing: /home/usuario/Documentos/GitHub/IR2117-PSR/ros2_ws/install/examples_sum/share/ament_index/resource_index/parent_prefix_path/examples_sum
[4.859s] -- Installing: /home/usuario/Documentos/GitHub/IR2117-PSR/ros2_ws/install/examples_sum/share/examples_sum/environment/ament_prefix_path.sh
[4.859s] -- Installing: /home/usuario/Documentos/GitHub/IR2117-PSR/ros2_ws/install/examples_sum/share/examples_sum/environment/ament_prefix_path.dsv
[4.860s] -- Installing: /home/usuario/Documentos/GitHub/IR2117-PSR/ros2_ws/install/examples_sum/share/examples_sum/environment/path.sh
[4.860s] -- Installing: /home/usuario/Documentos/GitHub/IR2117-PSR/ros2_ws/install/examples_sum/share/examples_sum/environment/path.dsv
[4.860s] -- Installing: /home/usuario/Documentos/GitHub/IR2117-PSR/ros2_ws/install/examples_sum/share/examples_sum/local_setup.bash
[4.861s] -- Installing: /home/usuario/Documentos/GitHub/IR2117-PSR/ros2_ws/install/examples_sum/share/examples_sum/local_setup.sh
[4.861s] -- Installing: /home/usuario/Documentos/GitHub/IR2117-PSR/ros2_ws/install/examples_sum/share/examples_sum/local_setup.zsh
[4.861s] -- Installing: /home/usuario/Documentos/GitHub/IR2117-PSR/ros2_ws/install/examples_sum/share/examples_sum/local_setup.dsv
[4.862s] -- Installing: /home/usuario/Documentos/GitHub/IR2117-PSR/ros2_ws/install/examples_sum/share/examples_sum/package.dsv
[4.862s] -- Installing: /home/usuario/Documentos/GitHub/IR2117-PSR/ros2_ws/install/examples_sum/share/ament_index/resource_index/packages/examples_sum
[4.862s] -- Installing: /home/usuario/Documentos/GitHub/IR2117-PSR/ros2_ws/install/examples_sum/share/examples_sum/cmake/examples_sumConfig.cmake
[4.863s] -- Installing: /home/usuario/Documentos/GitHub/IR2117-PSR/ros2_ws/install/examples_sum/share/examples_sum/cmake/examples_sumConfig-version.cmake
[4.863s] -- Installing: /home/usuario/Documentos/GitHub/IR2117-PSR/ros2_ws/install/examples_sum/share/examples_sum/package.xml
[4.868s] Invoked command in '/home/usuario/Documentos/GitHub/IR2117-PSR/ros2_ws/build/examples_sum' returned '0': CMAKE_PREFIX_PATH=${CMAKE_PREFIX_PATH}:/opt/ros/foxy /usr/bin/cmake --install /home/usuario/Documentos/GitHub/IR2117-PSR/ros2_ws/build/examples_sum
