[0.018s] Invoking command in '/home/usuario/Documentos/GitHub/IR2117-PSR/ros2_ws/build/learning_tf2_cpp': CMAKE_PREFIX_PATH=${CMAKE_PREFIX_PATH}:/opt/ros/foxy /usr/bin/cmake /home/usuario/Documentos/GitHub/IR2117-PSR/ros2_ws/src/learning_tf2_cpp -DCMAKE_INSTALL_PREFIX=/home/usuario/Documentos/GitHub/IR2117-PSR/ros2_ws/install/learning_tf2_cpp
[0.073s] -- The C compiler identification is GNU 9.4.0
[0.126s] -- The CXX compiler identification is GNU 9.4.0
[0.131s] -- Check for working C compiler: /usr/bin/cc
[0.204s] -- Check for working C compiler: /usr/bin/cc -- works
[0.205s] -- Detecting C compiler ABI info
[0.282s] -- Detecting C compiler ABI info - done
[0.293s] -- Detecting C compile features
[0.293s] -- Detecting C compile features - done
[0.295s] -- Check for working CXX compiler: /usr/bin/c++
[0.367s] -- Check for working CXX compiler: /usr/bin/c++ -- works
[0.369s] -- Detecting CXX compiler ABI info
[0.457s] -- Detecting CXX compiler ABI info - done
[0.468s] -- Detecting CXX compile features
[0.468s] -- Detecting CXX compile features - done
[0.470s] -- Found ament_cmake: 0.9.11 (/opt/ros/foxy/share/ament_cmake/cmake)
[0.498s] -- Found PythonInterp: /usr/bin/python3 (found suitable version "3.8.10", minimum required is "3") 
[0.498s] -- Using PYTHON_EXECUTABLE: /usr/bin/python3
[0.679s] -- Found geometry_msgs: 2.0.5 (/opt/ros/foxy/share/geometry_msgs/cmake)
[0.701s] -- Using all available rosidl_typesupport_c: rosidl_typesupport_fastrtps_c;rosidl_typesupport_introspection_c
[0.706s] -- Found rosidl_adapter: 1.3.0 (/opt/ros/foxy/share/rosidl_adapter/cmake)
[0.772s] -- Found OpenSSL: /usr/lib/x86_64-linux-gnu/libcrypto.so (found version "1.1.1f")  
[0.800s] -- Found FastRTPS: /opt/ros/foxy/include  
[0.859s] -- Using all available rosidl_typesupport_cpp: rosidl_typesupport_fastrtps_cpp;rosidl_typesupport_introspection_cpp
[0.919s] -- Found rclcpp: 2.4.2 (/opt/ros/foxy/share/rclcpp/cmake)
[0.950s] -- Found rmw_implementation_cmake: 1.0.3 (/opt/ros/foxy/share/rmw_implementation_cmake/cmake)
[0.951s] -- Using RMW implementation 'rmw_fastrtps_cpp' as default
[0.954s] -- Looking for pthread.h
[1.025s] -- Looking for pthread.h - found
[1.025s] -- Performing Test CMAKE_HAVE_LIBC_PTHREAD
[1.105s] -- Performing Test CMAKE_HAVE_LIBC_PTHREAD - Failed
[1.105s] -- Looking for pthread_create in pthreads
[1.168s] -- Looking for pthread_create in pthreads - not found
[1.168s] -- Looking for pthread_create in pthread
[1.245s] -- Looking for pthread_create in pthread - found
[1.246s] -- Found Threads: TRUE  
[1.351s] -- Found tf2: 0.13.13 (/opt/ros/foxy/share/tf2/cmake)
[1.360s] -- Found tf2_ros: 0.13.13 (/opt/ros/foxy/share/tf2_ros/cmake)
[1.599s] -- Found turtlesim: 1.2.6 (/opt/ros/foxy/share/turtlesim/cmake)
[1.641s] -- Found ament_lint_auto: 0.9.7 (/opt/ros/foxy/share/ament_lint_auto/cmake)
[1.712s] -- Added test 'copyright' to check source files copyright and LICENSE
[1.712s] -- Added test 'cppcheck' to perform static code analysis on C / C++ code
[1.712s] -- Configured cppcheck include dirs: 
[1.712s] -- Configured cppcheck exclude dirs and/or files: 
[1.713s] -- Added test 'cpplint' to check C / C++ code against the Google style
[1.713s] -- Configured cpplint exclude dirs and/or files: 
[1.713s] -- Added test 'flake8' to check Python code syntax and style conventions
[1.714s] -- Added test 'lint_cmake' to check CMake code style
[1.714s] -- Added test 'pep257' to check Python code against some of the style conventions in PEP 257
[1.715s] -- Added test 'uncrustify' to check C / C++ code style
[1.715s] -- Configured uncrustify additional arguments: 
[1.715s] -- Added test 'xmllint' to check XML markup files
[1.718s] -- Configuring done
[1.732s] -- Generating done
[1.733s] -- Build files have been written to: /home/usuario/Documentos/GitHub/IR2117-PSR/ros2_ws/build/learning_tf2_cpp
[1.742s] Invoked command in '/home/usuario/Documentos/GitHub/IR2117-PSR/ros2_ws/build/learning_tf2_cpp' returned '0': CMAKE_PREFIX_PATH=${CMAKE_PREFIX_PATH}:/opt/ros/foxy /usr/bin/cmake /home/usuario/Documentos/GitHub/IR2117-PSR/ros2_ws/src/learning_tf2_cpp -DCMAKE_INSTALL_PREFIX=/home/usuario/Documentos/GitHub/IR2117-PSR/ros2_ws/install/learning_tf2_cpp
[1.745s] Invoking command in '/home/usuario/Documentos/GitHub/IR2117-PSR/ros2_ws/build/learning_tf2_cpp': CMAKE_PREFIX_PATH=${CMAKE_PREFIX_PATH}:/opt/ros/foxy /usr/bin/cmake --build /home/usuario/Documentos/GitHub/IR2117-PSR/ros2_ws/build/learning_tf2_cpp -- -j6 -l6
[1.779s] [35m[1mScanning dependencies of target turtle_tf2_broadcaster[0m
[1.780s] [35m[1mScanning dependencies of target turtle_tf2_listener[0m
[1.809s] [ 50%] [32mBuilding CXX object CMakeFiles/turtle_tf2_listener.dir/src/turtle_tf2_listener.cpp.o[0m
[1.809s] [ 50%] [32mBuilding CXX object CMakeFiles/turtle_tf2_broadcaster.dir/src/turtle_tf2_broadcaster.cpp.o[0m
[4.309s] [ 75%] [32m[1mLinking CXX executable turtle_tf2_listener[0m
[4.492s] [ 75%] Built target turtle_tf2_listener
[5.924s] [100%] [32m[1mLinking CXX executable turtle_tf2_broadcaster[0m
[6.299s] [100%] Built target turtle_tf2_broadcaster
[6.312s] Invoked command in '/home/usuario/Documentos/GitHub/IR2117-PSR/ros2_ws/build/learning_tf2_cpp' returned '0': CMAKE_PREFIX_PATH=${CMAKE_PREFIX_PATH}:/opt/ros/foxy /usr/bin/cmake --build /home/usuario/Documentos/GitHub/IR2117-PSR/ros2_ws/build/learning_tf2_cpp -- -j6 -l6
[6.348s] Invoking command in '/home/usuario/Documentos/GitHub/IR2117-PSR/ros2_ws/build/learning_tf2_cpp': CMAKE_PREFIX_PATH=${CMAKE_PREFIX_PATH}:/opt/ros/foxy /usr/bin/cmake --install /home/usuario/Documentos/GitHub/IR2117-PSR/ros2_ws/build/learning_tf2_cpp
[6.354s] -- Install configuration: ""
[6.354s] -- Installing: /home/usuario/Documentos/GitHub/IR2117-PSR/ros2_ws/install/learning_tf2_cpp/lib/learning_tf2_cpp/turtle_tf2_broadcaster
[6.356s] -- Set runtime path of "/home/usuario/Documentos/GitHub/IR2117-PSR/ros2_ws/install/learning_tf2_cpp/lib/learning_tf2_cpp/turtle_tf2_broadcaster" to ""
[6.356s] -- Installing: /home/usuario/Documentos/GitHub/IR2117-PSR/ros2_ws/install/learning_tf2_cpp/lib/learning_tf2_cpp/turtle_tf2_listener
[6.356s] -- Set runtime path of "/home/usuario/Documentos/GitHub/IR2117-PSR/ros2_ws/install/learning_tf2_cpp/lib/learning_tf2_cpp/turtle_tf2_listener" to ""
[6.356s] -- Installing: /home/usuario/Documentos/GitHub/IR2117-PSR/ros2_ws/install/learning_tf2_cpp/share/learning_tf2_cpp/launch
[6.356s] -- Installing: /home/usuario/Documentos/GitHub/IR2117-PSR/ros2_ws/install/learning_tf2_cpp/share/learning_tf2_cpp/launch/turtle_tf2_demo.launch.py
[6.357s] -- Installing: /home/usuario/Documentos/GitHub/IR2117-PSR/ros2_ws/install/learning_tf2_cpp/share/ament_index/resource_index/package_run_dependencies/learning_tf2_cpp
[6.357s] -- Installing: /home/usuario/Documentos/GitHub/IR2117-PSR/ros2_ws/install/learning_tf2_cpp/share/ament_index/resource_index/parent_prefix_path/learning_tf2_cpp
[6.358s] -- Installing: /home/usuario/Documentos/GitHub/IR2117-PSR/ros2_ws/install/learning_tf2_cpp/share/learning_tf2_cpp/environment/ament_prefix_path.sh
[6.358s] -- Installing: /home/usuario/Documentos/GitHub/IR2117-PSR/ros2_ws/install/learning_tf2_cpp/share/learning_tf2_cpp/environment/ament_prefix_path.dsv
[6.359s] -- Installing: /home/usuario/Documentos/GitHub/IR2117-PSR/ros2_ws/install/learning_tf2_cpp/share/learning_tf2_cpp/environment/path.sh
[6.359s] -- Installing: /home/usuario/Documentos/GitHub/IR2117-PSR/ros2_ws/install/learning_tf2_cpp/share/learning_tf2_cpp/environment/path.dsv
[6.360s] -- Installing: /home/usuario/Documentos/GitHub/IR2117-PSR/ros2_ws/install/learning_tf2_cpp/share/learning_tf2_cpp/local_setup.bash
[6.360s] -- Installing: /home/usuario/Documentos/GitHub/IR2117-PSR/ros2_ws/install/learning_tf2_cpp/share/learning_tf2_cpp/local_setup.sh
[6.360s] -- Installing: /home/usuario/Documentos/GitHub/IR2117-PSR/ros2_ws/install/learning_tf2_cpp/share/learning_tf2_cpp/local_setup.zsh
[6.361s] -- Installing: /home/usuario/Documentos/GitHub/IR2117-PSR/ros2_ws/install/learning_tf2_cpp/share/learning_tf2_cpp/local_setup.dsv
[6.361s] -- Installing: /home/usuario/Documentos/GitHub/IR2117-PSR/ros2_ws/install/learning_tf2_cpp/share/learning_tf2_cpp/package.dsv
[6.361s] -- Installing: /home/usuario/Documentos/GitHub/IR2117-PSR/ros2_ws/install/learning_tf2_cpp/share/ament_index/resource_index/packages/learning_tf2_cpp
[6.362s] -- Installing: /home/usuario/Documentos/GitHub/IR2117-PSR/ros2_ws/install/learning_tf2_cpp/share/learning_tf2_cpp/cmake/learning_tf2_cppConfig.cmake
[6.362s] -- Installing: /home/usuario/Documentos/GitHub/IR2117-PSR/ros2_ws/install/learning_tf2_cpp/share/learning_tf2_cpp/cmake/learning_tf2_cppConfig-version.cmake
[6.363s] -- Installing: /home/usuario/Documentos/GitHub/IR2117-PSR/ros2_ws/install/learning_tf2_cpp/share/learning_tf2_cpp/package.xml
[6.365s] Invoked command in '/home/usuario/Documentos/GitHub/IR2117-PSR/ros2_ws/build/learning_tf2_cpp' returned '0': CMAKE_PREFIX_PATH=${CMAKE_PREFIX_PATH}:/opt/ros/foxy /usr/bin/cmake --install /home/usuario/Documentos/GitHub/IR2117-PSR/ros2_ws/build/learning_tf2_cpp
