[0.023s] Invoking command in '/home/marc/Documents/GitHub/IR2117-PSR/tb3_ws/build/obstacles': CMAKE_PREFIX_PATH=/opt/ros/foxy /usr/bin/cmake --build /home/marc/Documents/GitHub/IR2117-PSR/tb3_ws/build/obstacles -- -j1 -l1
[0.138s] [ 50%] Built target detector
[0.184s] [100%] Built target avoidance
[0.225s] Invoked command in '/home/marc/Documents/GitHub/IR2117-PSR/tb3_ws/build/obstacles' returned '0': CMAKE_PREFIX_PATH=/opt/ros/foxy /usr/bin/cmake --build /home/marc/Documents/GitHub/IR2117-PSR/tb3_ws/build/obstacles -- -j1 -l1
[0.315s] Invoking command in '/home/marc/Documents/GitHub/IR2117-PSR/tb3_ws/build/obstacles': CMAKE_PREFIX_PATH=/opt/ros/foxy /usr/bin/cmake --install /home/marc/Documents/GitHub/IR2117-PSR/tb3_ws/build/obstacles
[0.327s] -- Install configuration: ""
[0.328s] -- Up-to-date: /home/marc/Documents/GitHub/IR2117-PSR/tb3_ws/install/obstacles/lib/obstacles/detector
[0.328s] -- Up-to-date: /home/marc/Documents/GitHub/IR2117-PSR/tb3_ws/install/obstacles/lib/obstacles/avoidance
[0.328s] -- Up-to-date: /home/marc/Documents/GitHub/IR2117-PSR/tb3_ws/install/obstacles/share/obstacles/launch
[0.328s] -- Up-to-date: /home/marc/Documents/GitHub/IR2117-PSR/tb3_ws/install/obstacles/share/obstacles/launch/triple_detector.launch.py
[0.328s] -- Up-to-date: /home/marc/Documents/GitHub/IR2117-PSR/tb3_ws/install/obstacles/share/obstacles/launch/detector_test.launch.py
[0.329s] -- Up-to-date: /home/marc/Documents/GitHub/IR2117-PSR/tb3_ws/install/obstacles/share/ament_index/resource_index/package_run_dependencies/obstacles
[0.329s] -- Up-to-date: /home/marc/Documents/GitHub/IR2117-PSR/tb3_ws/install/obstacles/share/ament_index/resource_index/parent_prefix_path/obstacles
[0.329s] -- Up-to-date: /home/marc/Documents/GitHub/IR2117-PSR/tb3_ws/install/obstacles/share/obstacles/environment/ament_prefix_path.sh
[0.329s] -- Up-to-date: /home/marc/Documents/GitHub/IR2117-PSR/tb3_ws/install/obstacles/share/obstacles/environment/ament_prefix_path.dsv
[0.329s] -- Up-to-date: /home/marc/Documents/GitHub/IR2117-PSR/tb3_ws/install/obstacles/share/obstacles/environment/path.sh
[0.329s] -- Up-to-date: /home/marc/Documents/GitHub/IR2117-PSR/tb3_ws/install/obstacles/share/obstacles/environment/path.dsv
[0.329s] -- Up-to-date: /home/marc/Documents/GitHub/IR2117-PSR/tb3_ws/install/obstacles/share/obstacles/local_setup.bash
[0.329s] -- Up-to-date: /home/marc/Documents/GitHub/IR2117-PSR/tb3_ws/install/obstacles/share/obstacles/local_setup.sh
[0.330s] -- Up-to-date: /home/marc/Documents/GitHub/IR2117-PSR/tb3_ws/install/obstacles/share/obstacles/local_setup.zsh
[0.330s] -- Up-to-date: /home/marc/Documents/GitHub/IR2117-PSR/tb3_ws/install/obstacles/share/obstacles/local_setup.dsv
[0.330s] -- Installing: /home/marc/Documents/GitHub/IR2117-PSR/tb3_ws/install/obstacles/share/obstacles/package.dsv
[0.330s] -- Up-to-date: /home/marc/Documents/GitHub/IR2117-PSR/tb3_ws/install/obstacles/share/ament_index/resource_index/packages/obstacles
[0.330s] -- Up-to-date: /home/marc/Documents/GitHub/IR2117-PSR/tb3_ws/install/obstacles/share/obstacles/cmake/obstaclesConfig.cmake
[0.330s] -- Up-to-date: /home/marc/Documents/GitHub/IR2117-PSR/tb3_ws/install/obstacles/share/obstacles/cmake/obstaclesConfig-version.cmake
[0.330s] -- Up-to-date: /home/marc/Documents/GitHub/IR2117-PSR/tb3_ws/install/obstacles/share/obstacles/package.xml
[0.338s] Invoked command in '/home/marc/Documents/GitHub/IR2117-PSR/tb3_ws/build/obstacles' returned '0': CMAKE_PREFIX_PATH=/opt/ros/foxy /usr/bin/cmake --install /home/marc/Documents/GitHub/IR2117-PSR/tb3_ws/build/obstacles
