[0.112s] Invoking command in '/home/marc/Documentos/GitHub/IR2117-PSR/tb3_ws/build/obstacles': CMAKE_PREFIX_PATH=/opt/ros/foxy /usr/bin/cmake --build /home/marc/Documentos/GitHub/IR2117-PSR/tb3_ws/build/obstacles -- -j2 -l2
[0.265s] [ 50%] Built target detector
[0.283s] [100%] Built target avoidance
[0.318s] Invoked command in '/home/marc/Documentos/GitHub/IR2117-PSR/tb3_ws/build/obstacles' returned '0': CMAKE_PREFIX_PATH=/opt/ros/foxy /usr/bin/cmake --build /home/marc/Documentos/GitHub/IR2117-PSR/tb3_ws/build/obstacles -- -j2 -l2
[0.376s] Invoking command in '/home/marc/Documentos/GitHub/IR2117-PSR/tb3_ws/build/obstacles': CMAKE_PREFIX_PATH=/opt/ros/foxy /usr/bin/cmake --install /home/marc/Documentos/GitHub/IR2117-PSR/tb3_ws/build/obstacles
[0.391s] -- Install configuration: ""
[0.394s] -- Up-to-date: /home/marc/Documentos/GitHub/IR2117-PSR/tb3_ws/install/obstacles/lib/obstacles/detector
[0.401s] -- Up-to-date: /home/marc/Documentos/GitHub/IR2117-PSR/tb3_ws/install/obstacles/lib/obstacles/avoidance
[0.401s] -- Up-to-date: /home/marc/Documentos/GitHub/IR2117-PSR/tb3_ws/install/obstacles/share/obstacles/launch
[0.402s] -- Up-to-date: /home/marc/Documentos/GitHub/IR2117-PSR/tb3_ws/install/obstacles/share/obstacles/launch/triple_detector.launch.py
[0.402s] -- Up-to-date: /home/marc/Documentos/GitHub/IR2117-PSR/tb3_ws/install/obstacles/share/obstacles/launch/detector_test.launch.py
[0.402s] -- Up-to-date: /home/marc/Documentos/GitHub/IR2117-PSR/tb3_ws/install/obstacles/share/ament_index/resource_index/package_run_dependencies/obstacles
[0.402s] -- Up-to-date: /home/marc/Documentos/GitHub/IR2117-PSR/tb3_ws/install/obstacles/share/ament_index/resource_index/parent_prefix_path/obstacles
[0.403s] -- Up-to-date: /home/marc/Documentos/GitHub/IR2117-PSR/tb3_ws/install/obstacles/share/obstacles/environment/ament_prefix_path.sh
[0.403s] -- Up-to-date: /home/marc/Documentos/GitHub/IR2117-PSR/tb3_ws/install/obstacles/share/obstacles/environment/ament_prefix_path.dsv
[0.403s] -- Up-to-date: /home/marc/Documentos/GitHub/IR2117-PSR/tb3_ws/install/obstacles/share/obstacles/environment/path.sh
[0.404s] -- Up-to-date: /home/marc/Documentos/GitHub/IR2117-PSR/tb3_ws/install/obstacles/share/obstacles/environment/path.dsv
[0.404s] -- Up-to-date: /home/marc/Documentos/GitHub/IR2117-PSR/tb3_ws/install/obstacles/share/obstacles/local_setup.bash
[0.404s] -- Up-to-date: /home/marc/Documentos/GitHub/IR2117-PSR/tb3_ws/install/obstacles/share/obstacles/local_setup.sh
[0.404s] -- Up-to-date: /home/marc/Documentos/GitHub/IR2117-PSR/tb3_ws/install/obstacles/share/obstacles/local_setup.zsh
[0.405s] -- Up-to-date: /home/marc/Documentos/GitHub/IR2117-PSR/tb3_ws/install/obstacles/share/obstacles/local_setup.dsv
[0.405s] -- Installing: /home/marc/Documentos/GitHub/IR2117-PSR/tb3_ws/install/obstacles/share/obstacles/package.dsv
[0.406s] -- Up-to-date: /home/marc/Documentos/GitHub/IR2117-PSR/tb3_ws/install/obstacles/share/ament_index/resource_index/packages/obstacles
[0.406s] -- Up-to-date: /home/marc/Documentos/GitHub/IR2117-PSR/tb3_ws/install/obstacles/share/obstacles/cmake/obstaclesConfig.cmake
[0.406s] -- Up-to-date: /home/marc/Documentos/GitHub/IR2117-PSR/tb3_ws/install/obstacles/share/obstacles/cmake/obstaclesConfig-version.cmake
[0.407s] -- Up-to-date: /home/marc/Documentos/GitHub/IR2117-PSR/tb3_ws/install/obstacles/share/obstacles/package.xml
[0.415s] Invoked command in '/home/marc/Documentos/GitHub/IR2117-PSR/tb3_ws/build/obstacles' returned '0': CMAKE_PREFIX_PATH=/opt/ros/foxy /usr/bin/cmake --install /home/marc/Documentos/GitHub/IR2117-PSR/tb3_ws/build/obstacles
