[0.023s] Invoking command in '/home/usuario/Documentos/GitHub/IR2117-PSR/tb3_ws/build/obstacles': CMAKE_PREFIX_PATH=/opt/ros/foxy /usr/bin/cmake --build /home/usuario/Documentos/GitHub/IR2117-PSR/tb3_ws/build/obstacles -- -j6 -l6
[0.054s] [35m[1mScanning dependencies of target avoidance[0m
[0.069s] [ 50%] Built target detector
[0.072s] [ 75%] [32mBuilding CXX object CMakeFiles/avoidance.dir/src/avoidance.cpp.o[0m
[4.051s] [100%] [32m[1mLinking CXX executable avoidance[0m
[4.458s] [100%] Built target avoidance
[4.470s] Invoked command in '/home/usuario/Documentos/GitHub/IR2117-PSR/tb3_ws/build/obstacles' returned '0': CMAKE_PREFIX_PATH=/opt/ros/foxy /usr/bin/cmake --build /home/usuario/Documentos/GitHub/IR2117-PSR/tb3_ws/build/obstacles -- -j6 -l6
[4.495s] Invoking command in '/home/usuario/Documentos/GitHub/IR2117-PSR/tb3_ws/build/obstacles': CMAKE_PREFIX_PATH=/opt/ros/foxy /usr/bin/cmake --install /home/usuario/Documentos/GitHub/IR2117-PSR/tb3_ws/build/obstacles
[4.505s] -- Install configuration: ""
[4.506s] -- Up-to-date: /home/usuario/Documentos/GitHub/IR2117-PSR/tb3_ws/install/obstacles/lib/obstacles/detector
[4.506s] -- Installing: /home/usuario/Documentos/GitHub/IR2117-PSR/tb3_ws/install/obstacles/lib/obstacles/avoidance
[4.507s] -- Set runtime path of "/home/usuario/Documentos/GitHub/IR2117-PSR/tb3_ws/install/obstacles/lib/obstacles/avoidance" to ""
[4.507s] -- Up-to-date: /home/usuario/Documentos/GitHub/IR2117-PSR/tb3_ws/install/obstacles/share/obstacles/launch
[4.508s] -- Up-to-date: /home/usuario/Documentos/GitHub/IR2117-PSR/tb3_ws/install/obstacles/share/obstacles/launch/detector_test.launch.py
[4.508s] -- Up-to-date: /home/usuario/Documentos/GitHub/IR2117-PSR/tb3_ws/install/obstacles/share/obstacles/launch/triple_detector.launch.py
[4.508s] -- Up-to-date: /home/usuario/Documentos/GitHub/IR2117-PSR/tb3_ws/install/obstacles/share/ament_index/resource_index/package_run_dependencies/obstacles
[4.508s] -- Up-to-date: /home/usuario/Documentos/GitHub/IR2117-PSR/tb3_ws/install/obstacles/share/ament_index/resource_index/parent_prefix_path/obstacles
[4.508s] -- Up-to-date: /home/usuario/Documentos/GitHub/IR2117-PSR/tb3_ws/install/obstacles/share/obstacles/environment/ament_prefix_path.sh
[4.508s] -- Up-to-date: /home/usuario/Documentos/GitHub/IR2117-PSR/tb3_ws/install/obstacles/share/obstacles/environment/ament_prefix_path.dsv
[4.508s] -- Up-to-date: /home/usuario/Documentos/GitHub/IR2117-PSR/tb3_ws/install/obstacles/share/obstacles/environment/path.sh
[4.508s] -- Up-to-date: /home/usuario/Documentos/GitHub/IR2117-PSR/tb3_ws/install/obstacles/share/obstacles/environment/path.dsv
[4.508s] -- Up-to-date: /home/usuario/Documentos/GitHub/IR2117-PSR/tb3_ws/install/obstacles/share/obstacles/local_setup.bash
[4.508s] -- Up-to-date: /home/usuario/Documentos/GitHub/IR2117-PSR/tb3_ws/install/obstacles/share/obstacles/local_setup.sh
[4.508s] -- Up-to-date: /home/usuario/Documentos/GitHub/IR2117-PSR/tb3_ws/install/obstacles/share/obstacles/local_setup.zsh
[4.508s] -- Up-to-date: /home/usuario/Documentos/GitHub/IR2117-PSR/tb3_ws/install/obstacles/share/obstacles/local_setup.dsv
[4.508s] -- Installing: /home/usuario/Documentos/GitHub/IR2117-PSR/tb3_ws/install/obstacles/share/obstacles/package.dsv
[4.508s] -- Up-to-date: /home/usuario/Documentos/GitHub/IR2117-PSR/tb3_ws/install/obstacles/share/ament_index/resource_index/packages/obstacles
[4.508s] -- Up-to-date: /home/usuario/Documentos/GitHub/IR2117-PSR/tb3_ws/install/obstacles/share/obstacles/cmake/obstaclesConfig.cmake
[4.508s] -- Up-to-date: /home/usuario/Documentos/GitHub/IR2117-PSR/tb3_ws/install/obstacles/share/obstacles/cmake/obstaclesConfig-version.cmake
[4.508s] -- Up-to-date: /home/usuario/Documentos/GitHub/IR2117-PSR/tb3_ws/install/obstacles/share/obstacles/package.xml
[4.514s] Invoked command in '/home/usuario/Documentos/GitHub/IR2117-PSR/tb3_ws/build/obstacles' returned '0': CMAKE_PREFIX_PATH=/opt/ros/foxy /usr/bin/cmake --install /home/usuario/Documentos/GitHub/IR2117-PSR/tb3_ws/build/obstacles
