[35m[1mScanning dependencies of target rings_action_client[0m
[ 33%] Built target rings_action_server
[ 50%] [32mBuilding CXX object CMakeFiles/rings_action_client.dir/src/rings_action_client.cpp.o[0m
[ 83%] Built target rings
[100%] [32m[1mLinking CXX executable rings_action_client[0m
[100%] Built target rings_action_client
-- Install configuration: ""
-- Up-to-date: /home/marc/Documentos/GitHub/IR2117-PSR/tb3_ws/install/olympic/lib/olympic/rings
-- Up-to-date: /home/marc/Documentos/GitHub/IR2117-PSR/tb3_ws/install/olympic/lib/olympic/rings_action_server
-- Installing: /home/marc/Documentos/GitHub/IR2117-PSR/tb3_ws/install/olympic/lib/olympic/rings_action_client
-- Set runtime path of "/home/marc/Documentos/GitHub/IR2117-PSR/tb3_ws/install/olympic/lib/olympic/rings_action_client" to ""
-- Up-to-date: /home/marc/Documentos/GitHub/IR2117-PSR/tb3_ws/install/olympic/share/olympic/launch
-- Up-to-date: /home/marc/Documentos/GitHub/IR2117-PSR/tb3_ws/install/olympic/share/olympic/launch/olympic_rings.launch.py
-- Up-to-date: /home/marc/Documentos/GitHub/IR2117-PSR/tb3_ws/install/olympic/share/ament_index/resource_index/package_run_dependencies/olympic
-- Up-to-date: /home/marc/Documentos/GitHub/IR2117-PSR/tb3_ws/install/olympic/share/ament_index/resource_index/parent_prefix_path/olympic
-- Up-to-date: /home/marc/Documentos/GitHub/IR2117-PSR/tb3_ws/install/olympic/share/olympic/environment/ament_prefix_path.sh
-- Up-to-date: /home/marc/Documentos/GitHub/IR2117-PSR/tb3_ws/install/olympic/share/olympic/environment/ament_prefix_path.dsv
-- Up-to-date: /home/marc/Documentos/GitHub/IR2117-PSR/tb3_ws/install/olympic/share/olympic/environment/path.sh
-- Up-to-date: /home/marc/Documentos/GitHub/IR2117-PSR/tb3_ws/install/olympic/share/olympic/environment/path.dsv
-- Up-to-date: /home/marc/Documentos/GitHub/IR2117-PSR/tb3_ws/install/olympic/share/olympic/local_setup.bash
-- Up-to-date: /home/marc/Documentos/GitHub/IR2117-PSR/tb3_ws/install/olympic/share/olympic/local_setup.sh
-- Up-to-date: /home/marc/Documentos/GitHub/IR2117-PSR/tb3_ws/install/olympic/share/olympic/local_setup.zsh
-- Up-to-date: /home/marc/Documentos/GitHub/IR2117-PSR/tb3_ws/install/olympic/share/olympic/local_setup.dsv
-- Installing: /home/marc/Documentos/GitHub/IR2117-PSR/tb3_ws/install/olympic/share/olympic/package.dsv
-- Up-to-date: /home/marc/Documentos/GitHub/IR2117-PSR/tb3_ws/install/olympic/share/ament_index/resource_index/packages/olympic
-- Up-to-date: /home/marc/Documentos/GitHub/IR2117-PSR/tb3_ws/install/olympic/share/olympic/cmake/olympicConfig.cmake
-- Up-to-date: /home/marc/Documentos/GitHub/IR2117-PSR/tb3_ws/install/olympic/share/olympic/cmake/olympicConfig-version.cmake
-- Up-to-date: /home/marc/Documentos/GitHub/IR2117-PSR/tb3_ws/install/olympic/share/olympic/package.xml
