[0.039s] Invoking command in '/home/usuario/Documentos/GitHub/IR2117-PSR/tb3_ws/build/obstacles': CMAKE_PREFIX_PATH=${CMAKE_PREFIX_PATH}:/opt/ros/foxy /usr/bin/cmake /home/usuario/Documentos/GitHub/IR2117-PSR/tb3_ws/src/obstacles -DCMAKE_INSTALL_PREFIX=/home/usuario/Documentos/GitHub/IR2117-PSR/tb3_ws/install/obstacles
[0.508s] -- The C compiler identification is GNU 9.4.0
[0.944s] -- The CXX compiler identification is GNU 9.4.0
[0.952s] -- Check for working C compiler: /usr/bin/cc
[1.405s] -- Check for working C compiler: /usr/bin/cc -- works
[1.407s] -- Detecting C compiler ABI info
[1.860s] -- Detecting C compiler ABI info - done
[1.868s] -- Detecting C compile features
[1.869s] -- Detecting C compile features - done
[1.871s] -- Check for working CXX compiler: /usr/bin/c++
[2.230s] -- Check for working CXX compiler: /usr/bin/c++ -- works
[2.230s] -- Detecting CXX compiler ABI info
[2.561s] -- Detecting CXX compiler ABI info - done
[2.571s] -- Detecting CXX compile features
[2.571s] -- Detecting CXX compile features - done
[2.575s] -- Found ament_cmake: 0.9.11 (/opt/ros/foxy/share/ament_cmake/cmake)
[2.609s] -- Found PythonInterp: /usr/bin/python3 (found suitable version "3.8.10", minimum required is "3") 
[2.609s] -- Using PYTHON_EXECUTABLE: /usr/bin/python3
[2.823s] -- Found rclcpp: 2.4.2 (/opt/ros/foxy/share/rclcpp/cmake)
[2.875s] -- Using all available rosidl_typesupport_c: rosidl_typesupport_fastrtps_c;rosidl_typesupport_introspection_c
[2.882s] -- Found rosidl_adapter: 1.3.0 (/opt/ros/foxy/share/rosidl_adapter/cmake)
[2.960s] -- Found OpenSSL: /usr/lib/x86_64-linux-gnu/libcrypto.so (found version "1.1.1f")  
[2.987s] -- Found FastRTPS: /opt/ros/foxy/include  
[3.057s] -- Using all available rosidl_typesupport_cpp: rosidl_typesupport_fastrtps_cpp;rosidl_typesupport_introspection_cpp
[3.115s] -- Found rmw_implementation_cmake: 1.0.3 (/opt/ros/foxy/share/rmw_implementation_cmake/cmake)
[3.117s] -- Using RMW implementation 'rmw_fastrtps_cpp' as default
[3.126s] -- Looking for pthread.h
[3.448s] -- Looking for pthread.h - found
[3.448s] -- Performing Test CMAKE_HAVE_LIBC_PTHREAD
[3.837s] -- Performing Test CMAKE_HAVE_LIBC_PTHREAD - Failed
[3.837s] -- Looking for pthread_create in pthreads
[4.002s] -- Looking for pthread_create in pthreads - not found
[4.002s] -- Looking for pthread_create in pthread
[4.386s] -- Looking for pthread_create in pthread - found
[4.387s] -- Found Threads: TRUE  
[4.512s] -- Found sensor_msgs: 2.0.5 (/opt/ros/foxy/share/sensor_msgs/cmake)
[4.610s] CMake Error at CMakeLists.txt:22 (find_package):
[4.610s]   By not providing "Findexample_interfaces.cmake" in CMAKE_MODULE_PATH this
[4.610s]   project has asked CMake to find a package configuration file provided by
[4.610s]   "example_interfaces", but CMake did not find one.
[4.610s] 
[4.610s]   Could not find a package configuration file provided by
[4.610s]   "example_interfaces" with any of the following names:
[4.610s] 
[4.611s]     example_interfacesConfig.cmake
[4.611s]     example_interfaces-config.cmake
[4.611s] 
[4.611s]   Add the installation prefix of "example_interfaces" to CMAKE_PREFIX_PATH or
[4.611s]   set "example_interfaces_DIR" to a directory containing one of the above
[4.611s]   files.  If "example_interfaces" provides a separate development package or
[4.611s]   SDK, be sure it has been installed.
[4.611s] 
[4.611s] 
[4.611s] -- Configuring incomplete, errors occurred!
[4.611s] See also "/home/usuario/Documentos/GitHub/IR2117-PSR/tb3_ws/build/obstacles/CMakeFiles/CMakeOutput.log".
[4.611s] See also "/home/usuario/Documentos/GitHub/IR2117-PSR/tb3_ws/build/obstacles/CMakeFiles/CMakeError.log".
[4.618s] Invoked command in '/home/usuario/Documentos/GitHub/IR2117-PSR/tb3_ws/build/obstacles' returned '1': CMAKE_PREFIX_PATH=${CMAKE_PREFIX_PATH}:/opt/ros/foxy /usr/bin/cmake /home/usuario/Documentos/GitHub/IR2117-PSR/tb3_ws/src/obstacles -DCMAKE_INSTALL_PREFIX=/home/usuario/Documentos/GitHub/IR2117-PSR/tb3_ws/install/obstacles
