[0.022s] Invoking command in '/home/usuario/Documentos/GitHub/IR2117-PSR/tb3_ws/src/build/obstacles': CMAKE_PREFIX_PATH=/opt/ros/foxy /usr/bin/cmake /home/usuario/Documentos/GitHub/IR2117-PSR/tb3_ws/src/obstacles -DCMAKE_INSTALL_PREFIX=/home/usuario/Documentos/GitHub/IR2117-PSR/tb3_ws/src/install/obstacles
[0.065s] -- The C compiler identification is GNU 9.4.0
[0.112s] -- The CXX compiler identification is GNU 9.4.0
[0.116s] -- Check for working C compiler: /usr/bin/cc
[0.174s] -- Check for working C compiler: /usr/bin/cc -- works
[0.174s] -- Detecting C compiler ABI info
[0.230s] -- Detecting C compiler ABI info - done
[0.238s] -- Detecting C compile features
[0.238s] -- Detecting C compile features - done
[0.241s] -- Check for working CXX compiler: /usr/bin/c++
[0.306s] -- Check for working CXX compiler: /usr/bin/c++ -- works
[0.307s] -- Detecting CXX compiler ABI info
[0.373s] -- Detecting CXX compiler ABI info - done
[0.383s] -- Detecting CXX compile features
[0.383s] -- Detecting CXX compile features - done
[0.385s] -- Found ament_cmake: 0.9.11 (/opt/ros/foxy/share/ament_cmake/cmake)
[0.407s] -- Found PythonInterp: /usr/bin/python3 (found suitable version "3.8.10", minimum required is "3") 
[0.407s] -- Using PYTHON_EXECUTABLE: /usr/bin/python3
[0.576s] -- Found rclcpp: 2.4.2 (/opt/ros/foxy/share/rclcpp/cmake)
[0.611s] -- Using all available rosidl_typesupport_c: rosidl_typesupport_fastrtps_c;rosidl_typesupport_introspection_c
[0.615s] -- Found rosidl_adapter: 1.3.0 (/opt/ros/foxy/share/rosidl_adapter/cmake)
[0.675s] -- Found OpenSSL: /usr/lib/x86_64-linux-gnu/libcrypto.so (found version "1.1.1f")  
[0.703s] -- Found FastRTPS: /opt/ros/foxy/include  
[0.760s] -- Using all available rosidl_typesupport_cpp: rosidl_typesupport_fastrtps_cpp;rosidl_typesupport_introspection_cpp
[0.800s] -- Found rmw_implementation_cmake: 1.0.3 (/opt/ros/foxy/share/rmw_implementation_cmake/cmake)
[0.801s] -- Using RMW implementation 'rmw_fastrtps_cpp' as default
[0.803s] -- Looking for pthread.h
[0.863s] -- Looking for pthread.h - found
[0.863s] -- Performing Test CMAKE_HAVE_LIBC_PTHREAD
[0.928s] -- Performing Test CMAKE_HAVE_LIBC_PTHREAD - Failed
[0.928s] -- Looking for pthread_create in pthreads
[0.973s] -- Looking for pthread_create in pthreads - not found
[0.974s] -- Looking for pthread_create in pthread
[1.025s] -- Looking for pthread_create in pthread - found
[1.026s] -- Found Threads: TRUE  
[1.134s] -- Found sensor_msgs: 2.0.5 (/opt/ros/foxy/share/sensor_msgs/cmake)
[1.224s] CMake Error at CMakeLists.txt:22 (find_package):
[1.224s]   By not providing "Findexample_interfaces.cmake" in CMAKE_MODULE_PATH this
[1.224s]   project has asked CMake to find a package configuration file provided by
[1.224s]   "example_interfaces", but CMake did not find one.
[1.224s] 
[1.224s]   Could not find a package configuration file provided by
[1.224s]   "example_interfaces" with any of the following names:
[1.225s] 
[1.225s]     example_interfacesConfig.cmake
[1.225s]     example_interfaces-config.cmake
[1.225s] 
[1.225s]   Add the installation prefix of "example_interfaces" to CMAKE_PREFIX_PATH or
[1.225s]   set "example_interfaces_DIR" to a directory containing one of the above
[1.225s]   files.  If "example_interfaces" provides a separate development package or
[1.225s]   SDK, be sure it has been installed.
[1.225s] 
[1.225s] 
[1.225s] -- Configuring incomplete, errors occurred!
[1.226s] See also "/home/usuario/Documentos/GitHub/IR2117-PSR/tb3_ws/src/build/obstacles/CMakeFiles/CMakeOutput.log".
[1.226s] See also "/home/usuario/Documentos/GitHub/IR2117-PSR/tb3_ws/src/build/obstacles/CMakeFiles/CMakeError.log".
[1.232s] Invoked command in '/home/usuario/Documentos/GitHub/IR2117-PSR/tb3_ws/src/build/obstacles' returned '1': CMAKE_PREFIX_PATH=/opt/ros/foxy /usr/bin/cmake /home/usuario/Documentos/GitHub/IR2117-PSR/tb3_ws/src/obstacles -DCMAKE_INSTALL_PREFIX=/home/usuario/Documentos/GitHub/IR2117-PSR/tb3_ws/src/install/obstacles
