[0.015s] Invoking command in '/home/usuario/Documentos/GitHub/IR2117-PSR/tb3_ws/build/olympic': CMAKE_PREFIX_PATH=/opt/ros/foxy /usr/bin/cmake /home/usuario/Documentos/GitHub/IR2117-PSR/tb3_ws/src/olympic -DCMAKE_INSTALL_PREFIX=/home/usuario/Documentos/GitHub/IR2117-PSR/tb3_ws/install/olympic
[0.066s] -- The C compiler identification is GNU 9.4.0
[0.122s] -- The CXX compiler identification is GNU 9.4.0
[0.129s] -- Check for working C compiler: /usr/bin/cc
[0.191s] -- Check for working C compiler: /usr/bin/cc -- works
[0.192s] -- Detecting C compiler ABI info
[0.261s] -- Detecting C compiler ABI info - done
[0.273s] -- Detecting C compile features
[0.273s] -- Detecting C compile features - done
[0.275s] -- Check for working CXX compiler: /usr/bin/c++
[0.349s] -- Check for working CXX compiler: /usr/bin/c++ -- works
[0.350s] -- Detecting CXX compiler ABI info
[0.435s] -- Detecting CXX compiler ABI info - done
[0.451s] -- Detecting CXX compile features
[0.451s] -- Detecting CXX compile features - done
[0.453s] -- Found ament_cmake: 0.9.11 (/opt/ros/foxy/share/ament_cmake/cmake)
[0.477s] -- Found PythonInterp: /usr/bin/python3 (found suitable version "3.8.10", minimum required is "3") 
[0.477s] -- Using PYTHON_EXECUTABLE: /usr/bin/python3
[0.643s] -- Found rclcpp: 2.4.2 (/opt/ros/foxy/share/rclcpp/cmake)
[0.675s] -- Using all available rosidl_typesupport_c: rosidl_typesupport_fastrtps_c;rosidl_typesupport_introspection_c
[0.680s] -- Found rosidl_adapter: 1.3.0 (/opt/ros/foxy/share/rosidl_adapter/cmake)
[0.744s] -- Found OpenSSL: /usr/lib/x86_64-linux-gnu/libcrypto.so (found version "1.1.1f")  
[0.769s] -- Found FastRTPS: /opt/ros/foxy/include  
[0.828s] -- Using all available rosidl_typesupport_cpp: rosidl_typesupport_fastrtps_cpp;rosidl_typesupport_introspection_cpp
[0.868s] -- Found rmw_implementation_cmake: 1.0.3 (/opt/ros/foxy/share/rmw_implementation_cmake/cmake)
[0.869s] -- Using RMW implementation 'rmw_fastrtps_cpp' as default
[0.872s] -- Looking for pthread.h
[0.954s] -- Looking for pthread.h - found
[0.954s] -- Performing Test CMAKE_HAVE_LIBC_PTHREAD
[1.030s] -- Performing Test CMAKE_HAVE_LIBC_PTHREAD - Failed
[1.031s] -- Looking for pthread_create in pthreads
[1.085s] -- Looking for pthread_create in pthreads - not found
[1.085s] -- Looking for pthread_create in pthread
[1.163s] -- Looking for pthread_create in pthread - found
[1.164s] -- Found Threads: TRUE  
[1.277s] -- Found rclcpp_action: 2.4.2 (/opt/ros/foxy/share/rclcpp_action/cmake)
[1.332s] -- Found rclcpp_components: 2.4.2 (/opt/ros/foxy/share/rclcpp_components/cmake)
[1.374s] -- Found geometry_msgs: 2.0.5 (/opt/ros/foxy/share/geometry_msgs/cmake)
[1.399s] -- Found turtlesim: 1.2.6 (/opt/ros/foxy/share/turtlesim/cmake)
[1.445s] CMake Error at CMakeLists.txt:26 (find_package):
[1.445s]   By not providing "Findolympic_interfaces.cmake" in CMAKE_MODULE_PATH this
[1.445s]   project has asked CMake to find a package configuration file provided by
[1.445s]   "olympic_interfaces", but CMake did not find one.
[1.446s] 
[1.446s]   Could not find a package configuration file provided by
[1.446s]   "olympic_interfaces" with any of the following names:
[1.446s] 
[1.446s]     olympic_interfacesConfig.cmake
[1.446s]     olympic_interfaces-config.cmake
[1.446s] 
[1.446s]   Add the installation prefix of "olympic_interfaces" to CMAKE_PREFIX_PATH or
[1.446s]   set "olympic_interfaces_DIR" to a directory containing one of the above
[1.446s]   files.  If "olympic_interfaces" provides a separate development package or
[1.446s]   SDK, be sure it has been installed.
[1.446s] 
[1.446s] 
[1.446s] -- Configuring incomplete, errors occurred!
[1.447s] See also "/home/usuario/Documentos/GitHub/IR2117-PSR/tb3_ws/build/olympic/CMakeFiles/CMakeOutput.log".
[1.447s] See also "/home/usuario/Documentos/GitHub/IR2117-PSR/tb3_ws/build/olympic/CMakeFiles/CMakeError.log".
[1.455s] Invoked command in '/home/usuario/Documentos/GitHub/IR2117-PSR/tb3_ws/build/olympic' returned '1': CMAKE_PREFIX_PATH=/opt/ros/foxy /usr/bin/cmake /home/usuario/Documentos/GitHub/IR2117-PSR/tb3_ws/src/olympic -DCMAKE_INSTALL_PREFIX=/home/usuario/Documentos/GitHub/IR2117-PSR/tb3_ws/install/olympic
