[0.016s] Invoking command in '/home/usuario/Documentos/GitHub/IR2117-PSR/tb3_ws/build/olympic_interfaces': CMAKE_PREFIX_PATH=/opt/ros/foxy /usr/bin/cmake /home/usuario/Documentos/GitHub/IR2117-PSR/tb3_ws/src/olympic_interfaces -DCMAKE_INSTALL_PREFIX=/home/usuario/Documentos/GitHub/IR2117-PSR/tb3_ws/install/olympic_interfaces
[0.076s] -- The C compiler identification is GNU 9.4.0
[0.127s] -- The CXX compiler identification is GNU 9.4.0
[0.133s] -- Check for working C compiler: /usr/bin/cc
[0.204s] -- Check for working C compiler: /usr/bin/cc -- works
[0.205s] -- Detecting C compiler ABI info
[0.285s] -- Detecting C compiler ABI info - done
[0.295s] -- Detecting C compile features
[0.296s] -- Detecting C compile features - done
[0.297s] -- Check for working CXX compiler: /usr/bin/c++
[0.373s] -- Check for working CXX compiler: /usr/bin/c++ -- works
[0.374s] -- Detecting CXX compiler ABI info
[0.449s] -- Detecting CXX compiler ABI info - done
[0.457s] -- Detecting CXX compile features
[0.457s] -- Detecting CXX compile features - done
[0.459s] -- Found ament_cmake: 0.9.11 (/opt/ros/foxy/share/ament_cmake/cmake)
[0.481s] -- Found PythonInterp: /usr/bin/python3 (found suitable version "3.8.10", minimum required is "3") 
[0.481s] -- Using PYTHON_EXECUTABLE: /usr/bin/python3
[0.654s] -- Found rclcpp: 2.4.2 (/opt/ros/foxy/share/rclcpp/cmake)
[0.686s] -- Using all available rosidl_typesupport_c: rosidl_typesupport_fastrtps_c;rosidl_typesupport_introspection_c
[0.690s] -- Found rosidl_adapter: 1.3.0 (/opt/ros/foxy/share/rosidl_adapter/cmake)
[0.753s] -- Found OpenSSL: /usr/lib/x86_64-linux-gnu/libcrypto.so (found version "1.1.1f")  
[0.781s] -- Found FastRTPS: /opt/ros/foxy/include  
[0.840s] -- Using all available rosidl_typesupport_cpp: rosidl_typesupport_fastrtps_cpp;rosidl_typesupport_introspection_cpp
[0.880s] -- Found rmw_implementation_cmake: 1.0.3 (/opt/ros/foxy/share/rmw_implementation_cmake/cmake)
[0.881s] -- Using RMW implementation 'rmw_fastrtps_cpp' as default
[0.883s] -- Looking for pthread.h
[0.968s] -- Looking for pthread.h - found
[0.968s] -- Performing Test CMAKE_HAVE_LIBC_PTHREAD
[1.051s] -- Performing Test CMAKE_HAVE_LIBC_PTHREAD - Failed
[1.051s] -- Looking for pthread_create in pthreads
[1.106s] -- Looking for pthread_create in pthreads - not found
[1.107s] -- Looking for pthread_create in pthread
[1.176s] -- Looking for pthread_create in pthread - found
[1.177s] -- Found Threads: TRUE  
[1.287s] -- Found rclcpp_action: 2.4.2 (/opt/ros/foxy/share/rclcpp_action/cmake)
[1.342s] -- Found rclcpp_components: 2.4.2 (/opt/ros/foxy/share/rclcpp_components/cmake)
[1.385s] -- Found geometry_msgs: 2.0.5 (/opt/ros/foxy/share/geometry_msgs/cmake)
[1.410s] -- Found turtlesim: 1.2.6 (/opt/ros/foxy/share/turtlesim/cmake)
[1.449s] -- Found rosidl_default_generators: 1.0.1 (/opt/ros/foxy/share/rosidl_default_generators/cmake)
[1.484s] -- Found PythonInterp: /usr/bin/python3 (found version "3.8.10") 
[1.618s] -- Found ament_cmake_ros: 0.9.2 (/opt/ros/foxy/share/ament_cmake_ros/cmake)
[1.714s] -- Using all available rosidl_typesupport_c: rosidl_typesupport_fastrtps_c;rosidl_typesupport_introspection_c
[1.730s] -- Using all available rosidl_typesupport_cpp: rosidl_typesupport_fastrtps_cpp;rosidl_typesupport_introspection_cpp
[1.759s] -- Found PythonInterp: /usr/bin/python3 (found suitable version "3.8.10", minimum required is "3.5") 
[1.760s] -- Found python_cmake_module: 0.8.1 (/opt/ros/foxy/share/python_cmake_module/cmake)
[1.797s] -- Found PythonLibs: /usr/lib/x86_64-linux-gnu/libpython3.8.so (found suitable version "3.8.10", minimum required is "3.5") 
[1.797s] -- Using PYTHON_EXECUTABLE: /usr/bin/python3
[1.797s] -- Using PYTHON_INCLUDE_DIRS: /usr/include/python3.8
[1.797s] -- Using PYTHON_LIBRARIES: /usr/lib/x86_64-linux-gnu/libpython3.8.so
[1.823s] -- Found PythonExtra: .so  
[1.871s] -- Found ament_lint_auto: 0.9.7 (/opt/ros/foxy/share/ament_lint_auto/cmake)
[1.890s] -- Added test 'copyright' to check source files copyright and LICENSE
[1.891s] -- Added test 'lint_cmake' to check CMake code style
[1.892s] -- Added test 'xmllint' to check XML markup files
[1.899s] -- Configuring done
[1.934s] -- Generating done
[1.936s] -- Build files have been written to: /home/usuario/Documentos/GitHub/IR2117-PSR/tb3_ws/build/olympic_interfaces
[1.946s] Invoked command in '/home/usuario/Documentos/GitHub/IR2117-PSR/tb3_ws/build/olympic_interfaces' returned '0': CMAKE_PREFIX_PATH=/opt/ros/foxy /usr/bin/cmake /home/usuario/Documentos/GitHub/IR2117-PSR/tb3_ws/src/olympic_interfaces -DCMAKE_INSTALL_PREFIX=/home/usuario/Documentos/GitHub/IR2117-PSR/tb3_ws/install/olympic_interfaces
[1.949s] Invoking command in '/home/usuario/Documentos/GitHub/IR2117-PSR/tb3_ws/build/olympic_interfaces': CMAKE_PREFIX_PATH=/opt/ros/foxy /usr/bin/cmake --build /home/usuario/Documentos/GitHub/IR2117-PSR/tb3_ws/build/olympic_interfaces -- -j6 -l6
[1.986s] [  3%] [34m[1mGenerating C code for ROS interfaces[0m
[1.986s] [35m[1mScanning dependencies of target olympic_interfaces__cpp[0m
[1.997s] [  6%] [34m[1mGenerating C++ code for ROS interfaces[0m
[2.265s] [  6%] Built target olympic_interfaces__cpp
[2.272s] [ 12%] [34m[1mGenerating C++ introspection for ROS interfaces[0m
[2.272s] [ 12%] [34m[1mGenerating C++ type support for eProsima Fast-RTPS[0m
[2.273s] [35m[1mScanning dependencies of target olympic_interfaces__rosidl_generator_c[0m
[2.273s] [ 16%] [34m[1mGenerating C++ type support dispatch for ROS interfaces[0m
[2.283s] [ 19%] [32mBuilding C object CMakeFiles/olympic_interfaces__rosidl_generator_c.dir/rosidl_generator_c/olympic_interfaces/action/detail/rings__functions.c.o[0m
[2.379s] [ 22%] [32m[1mLinking C shared library libolympic_interfaces__rosidl_generator_c.so[0m
[2.409s] [ 22%] Built target olympic_interfaces__rosidl_generator_c
[2.416s] [ 29%] [34m[1mGenerating C introspection for ROS interfaces[0m
[2.416s] [ 29%] [34m[1mGenerating C type support dispatch for ROS interfaces[0m
[2.451s] [35m[1mScanning dependencies of target olympic_interfaces__rosidl_typesupport_cpp[0m
[2.462s] [ 32%] [32mBuilding CXX object CMakeFiles/olympic_interfaces__rosidl_typesupport_cpp.dir/rosidl_typesupport_cpp/olympic_interfaces/action/rings__type_support.cpp.o[0m
[2.483s] [35m[1mScanning dependencies of target olympic_interfaces__rosidl_typesupport_introspection_cpp[0m
[2.501s] [ 35%] [32mBuilding CXX object CMakeFiles/olympic_interfaces__rosidl_typesupport_introspection_cpp.dir/rosidl_typesupport_introspection_cpp/olympic_interfaces/action/detail/rings__type_support.cpp.o[0m
[2.523s] [35m[1mScanning dependencies of target olympic_interfaces__rosidl_typesupport_fastrtps_cpp[0m
[2.537s] [ 38%] [32mBuilding CXX object CMakeFiles/olympic_interfaces__rosidl_typesupport_fastrtps_cpp.dir/rosidl_typesupport_fastrtps_cpp/olympic_interfaces/action/detail/dds_fastrtps/rings__type_support.cpp.o[0m
[2.592s] [35m[1mScanning dependencies of target olympic_interfaces__rosidl_typesupport_c[0m
[2.603s] [ 41%] [32mBuilding CXX object CMakeFiles/olympic_interfaces__rosidl_typesupport_c.dir/rosidl_typesupport_c/olympic_interfaces/action/rings__type_support.cpp.o[0m
[2.636s] [ 45%] [32m[1mLinking CXX shared library libolympic_interfaces__rosidl_typesupport_c.so[0m
[2.642s] [35m[1mScanning dependencies of target olympic_interfaces__rosidl_typesupport_introspection_c[0m
[2.653s] [ 48%] [32mBuilding C object CMakeFiles/olympic_interfaces__rosidl_typesupport_introspection_c.dir/rosidl_typesupport_introspection_c/olympic_interfaces/action/detail/rings__type_support.c.o[0m
[2.666s] [ 48%] Built target olympic_interfaces__rosidl_typesupport_c
[2.686s] [ 54%] [32m[1mLinking CXX shared library libolympic_interfaces__rosidl_typesupport_cpp.so[0m
[2.686s] [ 54%] [32m[1mLinking C shared library libolympic_interfaces__rosidl_typesupport_introspection_c.so[0m
[2.708s] [ 54%] Built target olympic_interfaces__rosidl_typesupport_introspection_c
[2.714s] [ 54%] Built target olympic_interfaces__rosidl_typesupport_cpp
[2.742s] [ 58%] [32m[1mLinking CXX shared library libolympic_interfaces__rosidl_typesupport_introspection_cpp.so[0m
[2.805s] [ 58%] Built target olympic_interfaces__rosidl_typesupport_introspection_cpp
[2.906s] [ 61%] [32m[1mLinking CXX shared library libolympic_interfaces__rosidl_typesupport_fastrtps_cpp.so[0m
[2.990s] [ 61%] Built target olympic_interfaces__rosidl_typesupport_fastrtps_cpp
[3.002s] [ 64%] [34m[1mGenerating C type support for eProsima Fast-RTPS[0m
[3.260s] [35m[1mScanning dependencies of target olympic_interfaces__rosidl_typesupport_fastrtps_c[0m
[3.279s] [ 67%] [32mBuilding CXX object CMakeFiles/olympic_interfaces__rosidl_typesupport_fastrtps_c.dir/rosidl_typesupport_fastrtps_c/olympic_interfaces/action/detail/rings__type_support_c.cpp.o[0m
[3.570s] [ 70%] [32m[1mLinking CXX shared library libolympic_interfaces__rosidl_typesupport_fastrtps_c.so[0m
[3.658s] [ 70%] Built target olympic_interfaces__rosidl_typesupport_fastrtps_c
[3.673s] [35m[1mScanning dependencies of target olympic_interfaces[0m
[3.687s] [ 70%] Built target olympic_interfaces
[3.699s] [35m[1mScanning dependencies of target olympic_interfaces__py[0m
[3.709s] [ 74%] [34m[1mGenerating Python code for ROS interfaces[0m
[4.247s] [ 74%] Built target olympic_interfaces__py
[4.258s] [35m[1mScanning dependencies of target olympic_interfaces__python[0m
[4.276s] [ 77%] [32mBuilding C object CMakeFiles/olympic_interfaces__python.dir/rosidl_generator_py/olympic_interfaces/action/_rings_s.c.o[0m
[4.382s] [ 80%] [32m[1mLinking C shared library rosidl_generator_py/olympic_interfaces/libolympic_interfaces__python.so[0m
[4.426s] [ 80%] Built target olympic_interfaces__python
[4.435s] [35m[1mScanning dependencies of target olympic_interfaces__rosidl_typesupport_introspection_c__pyext[0m
[4.436s] [35m[1mScanning dependencies of target olympic_interfaces__rosidl_typesupport_c__pyext[0m
[4.436s] [35m[1mScanning dependencies of target olympic_interfaces__rosidl_typesupport_fastrtps_c__pyext[0m
[4.449s] [ 87%] [32mBuilding C object CMakeFiles/olympic_interfaces__rosidl_typesupport_c__pyext.dir/rosidl_generator_py/olympic_interfaces/_olympic_interfaces_s.ep.rosidl_typesupport_c.c.o[0m
[4.449s] [ 87%] [32mBuilding C object CMakeFiles/olympic_interfaces__rosidl_typesupport_introspection_c__pyext.dir/rosidl_generator_py/olympic_interfaces/_olympic_interfaces_s.ep.rosidl_typesupport_introspection_c.c.o[0m
[4.449s] [ 90%] [32mBuilding C object CMakeFiles/olympic_interfaces__rosidl_typesupport_fastrtps_c__pyext.dir/rosidl_generator_py/olympic_interfaces/_olympic_interfaces_s.ep.rosidl_typesupport_fastrtps_c.c.o[0m
[4.522s] [100%] [32m[1mLinking C shared library rosidl_generator_py/olympic_interfaces/olympic_interfaces_s__rosidl_typesupport_introspection_c.cpython-38-x86_64-linux-gnu.so[0m
[4.522s] [100%] [32m[1mLinking C shared library rosidl_generator_py/olympic_interfaces/olympic_interfaces_s__rosidl_typesupport_c.cpython-38-x86_64-linux-gnu.so[0m
[4.522s] [100%] [32m[1mLinking CXX shared library rosidl_generator_py/olympic_interfaces/olympic_interfaces_s__rosidl_typesupport_fastrtps_c.cpython-38-x86_64-linux-gnu.so[0m
[4.551s] [100%] Built target olympic_interfaces__rosidl_typesupport_c__pyext
[4.551s] [100%] Built target olympic_interfaces__rosidl_typesupport_introspection_c__pyext
[4.573s] [100%] Built target olympic_interfaces__rosidl_typesupport_fastrtps_c__pyext
[4.584s] Invoked command in '/home/usuario/Documentos/GitHub/IR2117-PSR/tb3_ws/build/olympic_interfaces' returned '0': CMAKE_PREFIX_PATH=/opt/ros/foxy /usr/bin/cmake --build /home/usuario/Documentos/GitHub/IR2117-PSR/tb3_ws/build/olympic_interfaces -- -j6 -l6
[4.637s] Invoking command in '/home/usuario/Documentos/GitHub/IR2117-PSR/tb3_ws/build/olympic_interfaces': CMAKE_PREFIX_PATH=/opt/ros/foxy /usr/bin/cmake --install /home/usuario/Documentos/GitHub/IR2117-PSR/tb3_ws/build/olympic_interfaces
[4.643s] -- Install configuration: ""
[4.644s] -- Installing: /home/usuario/Documentos/GitHub/IR2117-PSR/tb3_ws/install/olympic_interfaces/share/ament_index/resource_index/rosidl_interfaces/olympic_interfaces
[4.644s] -- Installing: /home/usuario/Documentos/GitHub/IR2117-PSR/tb3_ws/install/olympic_interfaces/include/olympic_interfaces
[4.644s] -- Installing: /home/usuario/Documentos/GitHub/IR2117-PSR/tb3_ws/install/olympic_interfaces/include/olympic_interfaces/msg
[4.644s] -- Installing: /home/usuario/Documentos/GitHub/IR2117-PSR/tb3_ws/install/olympic_interfaces/include/olympic_interfaces/msg/rosidl_generator_c__visibility_control.h
[4.644s] -- Installing: /home/usuario/Documentos/GitHub/IR2117-PSR/tb3_ws/install/olympic_interfaces/include/olympic_interfaces/action
[4.644s] -- Installing: /home/usuario/Documentos/GitHub/IR2117-PSR/tb3_ws/install/olympic_interfaces/include/olympic_interfaces/action/detail
[4.644s] -- Installing: /home/usuario/Documentos/GitHub/IR2117-PSR/tb3_ws/install/olympic_interfaces/include/olympic_interfaces/action/detail/rings__functions.c
[4.645s] -- Installing: /home/usuario/Documentos/GitHub/IR2117-PSR/tb3_ws/install/olympic_interfaces/include/olympic_interfaces/action/detail/rings__functions.h
[4.645s] -- Installing: /home/usuario/Documentos/GitHub/IR2117-PSR/tb3_ws/install/olympic_interfaces/include/olympic_interfaces/action/detail/rings__struct.h
[4.646s] -- Installing: /home/usuario/Documentos/GitHub/IR2117-PSR/tb3_ws/install/olympic_interfaces/include/olympic_interfaces/action/detail/rings__type_support.h
[4.646s] -- Installing: /home/usuario/Documentos/GitHub/IR2117-PSR/tb3_ws/install/olympic_interfaces/include/olympic_interfaces/action/rings.h
[4.646s] -- Installing: /home/usuario/Documentos/GitHub/IR2117-PSR/tb3_ws/install/olympic_interfaces/share/olympic_interfaces/environment/library_path.sh
[4.646s] -- Installing: /home/usuario/Documentos/GitHub/IR2117-PSR/tb3_ws/install/olympic_interfaces/share/olympic_interfaces/environment/library_path.dsv
[4.646s] -- Installing: /home/usuario/Documentos/GitHub/IR2117-PSR/tb3_ws/install/olympic_interfaces/lib/libolympic_interfaces__rosidl_generator_c.so
[4.647s] -- Set runtime path of "/home/usuario/Documentos/GitHub/IR2117-PSR/tb3_ws/install/olympic_interfaces/lib/libolympic_interfaces__rosidl_generator_c.so" to ""
[4.647s] -- Up-to-date: /home/usuario/Documentos/GitHub/IR2117-PSR/tb3_ws/install/olympic_interfaces/include/olympic_interfaces
[4.647s] -- Up-to-date: /home/usuario/Documentos/GitHub/IR2117-PSR/tb3_ws/install/olympic_interfaces/include/olympic_interfaces/msg
[4.647s] -- Installing: /home/usuario/Documentos/GitHub/IR2117-PSR/tb3_ws/install/olympic_interfaces/include/olympic_interfaces/msg/rosidl_typesupport_fastrtps_c__visibility_control.h
[4.647s] -- Up-to-date: /home/usuario/Documentos/GitHub/IR2117-PSR/tb3_ws/install/olympic_interfaces/include/olympic_interfaces/action
[4.647s] -- Up-to-date: /home/usuario/Documentos/GitHub/IR2117-PSR/tb3_ws/install/olympic_interfaces/include/olympic_interfaces/action/detail
[4.647s] -- Installing: /home/usuario/Documentos/GitHub/IR2117-PSR/tb3_ws/install/olympic_interfaces/include/olympic_interfaces/action/detail/rings__rosidl_typesupport_fastrtps_c.h
[4.647s] -- Installing: /home/usuario/Documentos/GitHub/IR2117-PSR/tb3_ws/install/olympic_interfaces/lib/libolympic_interfaces__rosidl_typesupport_fastrtps_c.so
[4.647s] -- Set runtime path of "/home/usuario/Documentos/GitHub/IR2117-PSR/tb3_ws/install/olympic_interfaces/lib/libolympic_interfaces__rosidl_typesupport_fastrtps_c.so" to ""
[4.647s] -- Up-to-date: /home/usuario/Documentos/GitHub/IR2117-PSR/tb3_ws/install/olympic_interfaces/include/olympic_interfaces
[4.647s] -- Up-to-date: /home/usuario/Documentos/GitHub/IR2117-PSR/tb3_ws/install/olympic_interfaces/include/olympic_interfaces/msg
[4.647s] -- Installing: /home/usuario/Documentos/GitHub/IR2117-PSR/tb3_ws/install/olympic_interfaces/include/olympic_interfaces/msg/rosidl_typesupport_fastrtps_cpp__visibility_control.h
[4.648s] -- Up-to-date: /home/usuario/Documentos/GitHub/IR2117-PSR/tb3_ws/install/olympic_interfaces/include/olympic_interfaces/action
[4.648s] -- Up-to-date: /home/usuario/Documentos/GitHub/IR2117-PSR/tb3_ws/install/olympic_interfaces/include/olympic_interfaces/action/detail
[4.648s] -- Installing: /home/usuario/Documentos/GitHub/IR2117-PSR/tb3_ws/install/olympic_interfaces/include/olympic_interfaces/action/detail/dds_fastrtps
[4.648s] -- Installing: /home/usuario/Documentos/GitHub/IR2117-PSR/tb3_ws/install/olympic_interfaces/include/olympic_interfaces/action/detail/rings__rosidl_typesupport_fastrtps_cpp.hpp
[4.648s] -- Installing: /home/usuario/Documentos/GitHub/IR2117-PSR/tb3_ws/install/olympic_interfaces/lib/libolympic_interfaces__rosidl_typesupport_fastrtps_cpp.so
[4.648s] -- Set runtime path of "/home/usuario/Documentos/GitHub/IR2117-PSR/tb3_ws/install/olympic_interfaces/lib/libolympic_interfaces__rosidl_typesupport_fastrtps_cpp.so" to ""
[4.648s] -- Up-to-date: /home/usuario/Documentos/GitHub/IR2117-PSR/tb3_ws/install/olympic_interfaces/include/olympic_interfaces
[4.648s] -- Up-to-date: /home/usuario/Documentos/GitHub/IR2117-PSR/tb3_ws/install/olympic_interfaces/include/olympic_interfaces/msg
[4.648s] -- Installing: /home/usuario/Documentos/GitHub/IR2117-PSR/tb3_ws/install/olympic_interfaces/include/olympic_interfaces/msg/rosidl_typesupport_introspection_c__visibility_control.h
[4.648s] -- Up-to-date: /home/usuario/Documentos/GitHub/IR2117-PSR/tb3_ws/install/olympic_interfaces/include/olympic_interfaces/action
[4.648s] -- Up-to-date: /home/usuario/Documentos/GitHub/IR2117-PSR/tb3_ws/install/olympic_interfaces/include/olympic_interfaces/action/detail
[4.648s] -- Installing: /home/usuario/Documentos/GitHub/IR2117-PSR/tb3_ws/install/olympic_interfaces/include/olympic_interfaces/action/detail/rings__rosidl_typesupport_introspection_c.h
[4.648s] -- Installing: /home/usuario/Documentos/GitHub/IR2117-PSR/tb3_ws/install/olympic_interfaces/include/olympic_interfaces/action/detail/rings__type_support.c
[4.649s] -- Installing: /home/usuario/Documentos/GitHub/IR2117-PSR/tb3_ws/install/olympic_interfaces/lib/libolympic_interfaces__rosidl_typesupport_introspection_c.so
[4.649s] -- Set runtime path of "/home/usuario/Documentos/GitHub/IR2117-PSR/tb3_ws/install/olympic_interfaces/lib/libolympic_interfaces__rosidl_typesupport_introspection_c.so" to ""
[4.649s] -- Installing: /home/usuario/Documentos/GitHub/IR2117-PSR/tb3_ws/install/olympic_interfaces/lib/libolympic_interfaces__rosidl_typesupport_c.so
[4.649s] -- Set runtime path of "/home/usuario/Documentos/GitHub/IR2117-PSR/tb3_ws/install/olympic_interfaces/lib/libolympic_interfaces__rosidl_typesupport_c.so" to ""
[4.649s] -- Up-to-date: /home/usuario/Documentos/GitHub/IR2117-PSR/tb3_ws/install/olympic_interfaces/include/olympic_interfaces
[4.649s] -- Up-to-date: /home/usuario/Documentos/GitHub/IR2117-PSR/tb3_ws/install/olympic_interfaces/include/olympic_interfaces/action
[4.649s] -- Up-to-date: /home/usuario/Documentos/GitHub/IR2117-PSR/tb3_ws/install/olympic_interfaces/include/olympic_interfaces/action/detail
[4.649s] -- Installing: /home/usuario/Documentos/GitHub/IR2117-PSR/tb3_ws/install/olympic_interfaces/include/olympic_interfaces/action/detail/rings__builder.hpp
[4.650s] -- Installing: /home/usuario/Documentos/GitHub/IR2117-PSR/tb3_ws/install/olympic_interfaces/include/olympic_interfaces/action/detail/rings__struct.hpp
[4.650s] -- Installing: /home/usuario/Documentos/GitHub/IR2117-PSR/tb3_ws/install/olympic_interfaces/include/olympic_interfaces/action/detail/rings__traits.hpp
[4.650s] -- Installing: /home/usuario/Documentos/GitHub/IR2117-PSR/tb3_ws/install/olympic_interfaces/include/olympic_interfaces/action/rings.hpp
[4.650s] -- Up-to-date: /home/usuario/Documentos/GitHub/IR2117-PSR/tb3_ws/install/olympic_interfaces/include/olympic_interfaces
[4.650s] -- Up-to-date: /home/usuario/Documentos/GitHub/IR2117-PSR/tb3_ws/install/olympic_interfaces/include/olympic_interfaces/action
[4.650s] -- Up-to-date: /home/usuario/Documentos/GitHub/IR2117-PSR/tb3_ws/install/olympic_interfaces/include/olympic_interfaces/action/detail
[4.650s] -- Installing: /home/usuario/Documentos/GitHub/IR2117-PSR/tb3_ws/install/olympic_interfaces/include/olympic_interfaces/action/detail/rings__rosidl_typesupport_introspection_cpp.hpp
[4.650s] -- Installing: /home/usuario/Documentos/GitHub/IR2117-PSR/tb3_ws/install/olympic_interfaces/include/olympic_interfaces/action/detail/rings__type_support.cpp
[4.651s] -- Installing: /home/usuario/Documentos/GitHub/IR2117-PSR/tb3_ws/install/olympic_interfaces/lib/libolympic_interfaces__rosidl_typesupport_introspection_cpp.so
[4.651s] -- Set runtime path of "/home/usuario/Documentos/GitHub/IR2117-PSR/tb3_ws/install/olympic_interfaces/lib/libolympic_interfaces__rosidl_typesupport_introspection_cpp.so" to ""
[4.651s] -- Installing: /home/usuario/Documentos/GitHub/IR2117-PSR/tb3_ws/install/olympic_interfaces/lib/libolympic_interfaces__rosidl_typesupport_cpp.so
[4.652s] -- Set runtime path of "/home/usuario/Documentos/GitHub/IR2117-PSR/tb3_ws/install/olympic_interfaces/lib/libolympic_interfaces__rosidl_typesupport_cpp.so" to ""
[4.652s] -- Installing: /home/usuario/Documentos/GitHub/IR2117-PSR/tb3_ws/install/olympic_interfaces/share/olympic_interfaces/environment/pythonpath.sh
[4.652s] -- Installing: /home/usuario/Documentos/GitHub/IR2117-PSR/tb3_ws/install/olympic_interfaces/share/olympic_interfaces/environment/pythonpath.dsv
[4.652s] -- Installing: /home/usuario/Documentos/GitHub/IR2117-PSR/tb3_ws/install/olympic_interfaces/lib/python3.8/site-packages/olympic_interfaces/__init__.py
[4.676s] Compiling '/home/usuario/Documentos/GitHub/IR2117-PSR/tb3_ws/install/olympic_interfaces/lib/python3.8/site-packages/olympic_interfaces/__init__.py'...
[4.680s] -- Installing: /home/usuario/Documentos/GitHub/IR2117-PSR/tb3_ws/install/olympic_interfaces/lib/python3.8/site-packages/olympic_interfaces/action
[4.680s] -- Installing: /home/usuario/Documentos/GitHub/IR2117-PSR/tb3_ws/install/olympic_interfaces/lib/python3.8/site-packages/olympic_interfaces/action/_rings_s.c
[4.681s] -- Installing: /home/usuario/Documentos/GitHub/IR2117-PSR/tb3_ws/install/olympic_interfaces/lib/python3.8/site-packages/olympic_interfaces/action/__init__.py
[4.682s] -- Installing: /home/usuario/Documentos/GitHub/IR2117-PSR/tb3_ws/install/olympic_interfaces/lib/python3.8/site-packages/olympic_interfaces/action/_rings.py
[4.682s] -- Installing: /home/usuario/Documentos/GitHub/IR2117-PSR/tb3_ws/install/olympic_interfaces/lib/python3.8/site-packages/olympic_interfaces/olympic_interfaces_s__rosidl_typesupport_fastrtps_c.cpython-38-x86_64-linux-gnu.so
[4.683s] -- Set runtime path of "/home/usuario/Documentos/GitHub/IR2117-PSR/tb3_ws/install/olympic_interfaces/lib/python3.8/site-packages/olympic_interfaces/olympic_interfaces_s__rosidl_typesupport_fastrtps_c.cpython-38-x86_64-linux-gnu.so" to ""
[4.683s] -- Installing: /home/usuario/Documentos/GitHub/IR2117-PSR/tb3_ws/install/olympic_interfaces/lib/python3.8/site-packages/olympic_interfaces/olympic_interfaces_s__rosidl_typesupport_introspection_c.cpython-38-x86_64-linux-gnu.so
[4.684s] -- Set runtime path of "/home/usuario/Documentos/GitHub/IR2117-PSR/tb3_ws/install/olympic_interfaces/lib/python3.8/site-packages/olympic_interfaces/olympic_interfaces_s__rosidl_typesupport_introspection_c.cpython-38-x86_64-linux-gnu.so" to ""
[4.684s] -- Installing: /home/usuario/Documentos/GitHub/IR2117-PSR/tb3_ws/install/olympic_interfaces/lib/python3.8/site-packages/olympic_interfaces/olympic_interfaces_s__rosidl_typesupport_c.cpython-38-x86_64-linux-gnu.so
[4.684s] -- Set runtime path of "/home/usuario/Documentos/GitHub/IR2117-PSR/tb3_ws/install/olympic_interfaces/lib/python3.8/site-packages/olympic_interfaces/olympic_interfaces_s__rosidl_typesupport_c.cpython-38-x86_64-linux-gnu.so" to ""
[4.684s] -- Installing: /home/usuario/Documentos/GitHub/IR2117-PSR/tb3_ws/install/olympic_interfaces/lib/libolympic_interfaces__python.so
[4.685s] -- Set runtime path of "/home/usuario/Documentos/GitHub/IR2117-PSR/tb3_ws/install/olympic_interfaces/lib/libolympic_interfaces__python.so" to ""
[4.685s] -- Installing: /home/usuario/Documentos/GitHub/IR2117-PSR/tb3_ws/install/olympic_interfaces/share/olympic_interfaces/action/Rings.idl
[4.685s] -- Installing: /home/usuario/Documentos/GitHub/IR2117-PSR/tb3_ws/install/olympic_interfaces/share/olympic_interfaces/action/Rings.action
[4.686s] -- Installing: /home/usuario/Documentos/GitHub/IR2117-PSR/tb3_ws/install/olympic_interfaces/share/ament_index/resource_index/package_run_dependencies/olympic_interfaces
[4.686s] -- Installing: /home/usuario/Documentos/GitHub/IR2117-PSR/tb3_ws/install/olympic_interfaces/share/ament_index/resource_index/parent_prefix_path/olympic_interfaces
[4.686s] -- Installing: /home/usuario/Documentos/GitHub/IR2117-PSR/tb3_ws/install/olympic_interfaces/share/olympic_interfaces/environment/ament_prefix_path.sh
[4.687s] -- Installing: /home/usuario/Documentos/GitHub/IR2117-PSR/tb3_ws/install/olympic_interfaces/share/olympic_interfaces/environment/ament_prefix_path.dsv
[4.687s] -- Installing: /home/usuario/Documentos/GitHub/IR2117-PSR/tb3_ws/install/olympic_interfaces/share/olympic_interfaces/environment/path.sh
[4.687s] -- Installing: /home/usuario/Documentos/GitHub/IR2117-PSR/tb3_ws/install/olympic_interfaces/share/olympic_interfaces/environment/path.dsv
[4.688s] -- Installing: /home/usuario/Documentos/GitHub/IR2117-PSR/tb3_ws/install/olympic_interfaces/share/olympic_interfaces/local_setup.bash
[4.688s] -- Installing: /home/usuario/Documentos/GitHub/IR2117-PSR/tb3_ws/install/olympic_interfaces/share/olympic_interfaces/local_setup.sh
[4.688s] -- Installing: /home/usuario/Documentos/GitHub/IR2117-PSR/tb3_ws/install/olympic_interfaces/share/olympic_interfaces/local_setup.zsh
[4.689s] -- Installing: /home/usuario/Documentos/GitHub/IR2117-PSR/tb3_ws/install/olympic_interfaces/share/olympic_interfaces/local_setup.dsv
[4.689s] -- Installing: /home/usuario/Documentos/GitHub/IR2117-PSR/tb3_ws/install/olympic_interfaces/share/olympic_interfaces/package.dsv
[4.689s] -- Installing: /home/usuario/Documentos/GitHub/IR2117-PSR/tb3_ws/install/olympic_interfaces/share/ament_index/resource_index/packages/olympic_interfaces
[4.690s] -- Installing: /home/usuario/Documentos/GitHub/IR2117-PSR/tb3_ws/install/olympic_interfaces/share/olympic_interfaces/cmake/olympic_interfaces__rosidl_generator_cExport.cmake
[4.690s] -- Installing: /home/usuario/Documentos/GitHub/IR2117-PSR/tb3_ws/install/olympic_interfaces/share/olympic_interfaces/cmake/olympic_interfaces__rosidl_generator_cExport-noconfig.cmake
[4.691s] -- Installing: /home/usuario/Documentos/GitHub/IR2117-PSR/tb3_ws/install/olympic_interfaces/share/olympic_interfaces/cmake/olympic_interfaces__rosidl_typesupport_introspection_cExport.cmake
[4.691s] -- Installing: /home/usuario/Documentos/GitHub/IR2117-PSR/tb3_ws/install/olympic_interfaces/share/olympic_interfaces/cmake/olympic_interfaces__rosidl_typesupport_introspection_cExport-noconfig.cmake
[4.692s] -- Installing: /home/usuario/Documentos/GitHub/IR2117-PSR/tb3_ws/install/olympic_interfaces/share/olympic_interfaces/cmake/olympic_interfaces__rosidl_typesupport_cExport.cmake
[4.692s] -- Installing: /home/usuario/Documentos/GitHub/IR2117-PSR/tb3_ws/install/olympic_interfaces/share/olympic_interfaces/cmake/olympic_interfaces__rosidl_typesupport_cExport-noconfig.cmake
[4.693s] -- Installing: /home/usuario/Documentos/GitHub/IR2117-PSR/tb3_ws/install/olympic_interfaces/share/olympic_interfaces/cmake/olympic_interfaces__rosidl_generator_cppExport.cmake
[4.693s] -- Installing: /home/usuario/Documentos/GitHub/IR2117-PSR/tb3_ws/install/olympic_interfaces/share/olympic_interfaces/cmake/olympic_interfaces__rosidl_typesupport_introspection_cppExport.cmake
[4.694s] -- Installing: /home/usuario/Documentos/GitHub/IR2117-PSR/tb3_ws/install/olympic_interfaces/share/olympic_interfaces/cmake/olympic_interfaces__rosidl_typesupport_introspection_cppExport-noconfig.cmake
[4.694s] -- Installing: /home/usuario/Documentos/GitHub/IR2117-PSR/tb3_ws/install/olympic_interfaces/share/olympic_interfaces/cmake/olympic_interfaces__rosidl_typesupport_cppExport.cmake
[4.695s] -- Installing: /home/usuario/Documentos/GitHub/IR2117-PSR/tb3_ws/install/olympic_interfaces/share/olympic_interfaces/cmake/olympic_interfaces__rosidl_typesupport_cppExport-noconfig.cmake
[4.695s] -- Installing: /home/usuario/Documentos/GitHub/IR2117-PSR/tb3_ws/install/olympic_interfaces/share/olympic_interfaces/cmake/rosidl_cmake-extras.cmake
[4.695s] -- Installing: /home/usuario/Documentos/GitHub/IR2117-PSR/tb3_ws/install/olympic_interfaces/share/olympic_interfaces/cmake/ament_cmake_export_dependencies-extras.cmake
[4.696s] -- Installing: /home/usuario/Documentos/GitHub/IR2117-PSR/tb3_ws/install/olympic_interfaces/share/olympic_interfaces/cmake/ament_cmake_export_libraries-extras.cmake
[4.696s] -- Installing: /home/usuario/Documentos/GitHub/IR2117-PSR/tb3_ws/install/olympic_interfaces/share/olympic_interfaces/cmake/ament_cmake_export_targets-extras.cmake
[4.696s] -- Installing: /home/usuario/Documentos/GitHub/IR2117-PSR/tb3_ws/install/olympic_interfaces/share/olympic_interfaces/cmake/ament_cmake_export_include_directories-extras.cmake
[4.697s] -- Installing: /home/usuario/Documentos/GitHub/IR2117-PSR/tb3_ws/install/olympic_interfaces/share/olympic_interfaces/cmake/rosidl_cmake_export_typesupport_libraries-extras.cmake
[4.697s] -- Installing: /home/usuario/Documentos/GitHub/IR2117-PSR/tb3_ws/install/olympic_interfaces/share/olympic_interfaces/cmake/rosidl_cmake_export_typesupport_targets-extras.cmake
[4.697s] -- Installing: /home/usuario/Documentos/GitHub/IR2117-PSR/tb3_ws/install/olympic_interfaces/share/olympic_interfaces/cmake/olympic_interfacesConfig.cmake
[4.697s] -- Installing: /home/usuario/Documentos/GitHub/IR2117-PSR/tb3_ws/install/olympic_interfaces/share/olympic_interfaces/cmake/olympic_interfacesConfig-version.cmake
[4.698s] -- Installing: /home/usuario/Documentos/GitHub/IR2117-PSR/tb3_ws/install/olympic_interfaces/share/olympic_interfaces/package.xml
[4.701s] Invoked command in '/home/usuario/Documentos/GitHub/IR2117-PSR/tb3_ws/build/olympic_interfaces' returned '0': CMAKE_PREFIX_PATH=/opt/ros/foxy /usr/bin/cmake --install /home/usuario/Documentos/GitHub/IR2117-PSR/tb3_ws/build/olympic_interfaces
