[0.050s] Invoking command in '/home/marc/Documentos/GitHub/IR2117-PSR/tb3_ws/build/cpp_srvcli': CMAKE_PREFIX_PATH=/opt/ros/foxy /usr/bin/cmake --build /home/marc/Documentos/GitHub/IR2117-PSR/tb3_ws/build/cpp_srvcli -- -j2 -l2
[0.239s] [ 50%] Built target server
[0.247s] [100%] Built target client
[0.286s] Invoked command in '/home/marc/Documentos/GitHub/IR2117-PSR/tb3_ws/build/cpp_srvcli' returned '0': CMAKE_PREFIX_PATH=/opt/ros/foxy /usr/bin/cmake --build /home/marc/Documentos/GitHub/IR2117-PSR/tb3_ws/build/cpp_srvcli -- -j2 -l2
[0.430s] Invoking command in '/home/marc/Documentos/GitHub/IR2117-PSR/tb3_ws/build/cpp_srvcli': CMAKE_PREFIX_PATH=/opt/ros/foxy /usr/bin/cmake --install /home/marc/Documentos/GitHub/IR2117-PSR/tb3_ws/build/cpp_srvcli
[0.456s] -- Install configuration: ""
[0.457s] -- Up-to-date: /home/marc/Documentos/GitHub/IR2117-PSR/tb3_ws/install/cpp_srvcli/lib/cpp_srvcli/server
[0.459s] -- Up-to-date: /home/marc/Documentos/GitHub/IR2117-PSR/tb3_ws/install/cpp_srvcli/lib/cpp_srvcli/client
[0.460s] -- Up-to-date: /home/marc/Documentos/GitHub/IR2117-PSR/tb3_ws/install/cpp_srvcli/share/ament_index/resource_index/package_run_dependencies/cpp_srvcli
[0.460s] -- Up-to-date: /home/marc/Documentos/GitHub/IR2117-PSR/tb3_ws/install/cpp_srvcli/share/ament_index/resource_index/parent_prefix_path/cpp_srvcli
[0.461s] -- Up-to-date: /home/marc/Documentos/GitHub/IR2117-PSR/tb3_ws/install/cpp_srvcli/share/cpp_srvcli/environment/ament_prefix_path.sh
[0.462s] -- Up-to-date: /home/marc/Documentos/GitHub/IR2117-PSR/tb3_ws/install/cpp_srvcli/share/cpp_srvcli/environment/ament_prefix_path.dsv
[0.462s] -- Up-to-date: /home/marc/Documentos/GitHub/IR2117-PSR/tb3_ws/install/cpp_srvcli/share/cpp_srvcli/environment/path.sh
[0.463s] -- Up-to-date: /home/marc/Documentos/GitHub/IR2117-PSR/tb3_ws/install/cpp_srvcli/share/cpp_srvcli/environment/path.dsv
[0.463s] -- Up-to-date: /home/marc/Documentos/GitHub/IR2117-PSR/tb3_ws/install/cpp_srvcli/share/cpp_srvcli/local_setup.bash
[0.464s] -- Up-to-date: /home/marc/Documentos/GitHub/IR2117-PSR/tb3_ws/install/cpp_srvcli/share/cpp_srvcli/local_setup.sh
[0.464s] -- Up-to-date: /home/marc/Documentos/GitHub/IR2117-PSR/tb3_ws/install/cpp_srvcli/share/cpp_srvcli/local_setup.zsh
[0.465s] -- Up-to-date: /home/marc/Documentos/GitHub/IR2117-PSR/tb3_ws/install/cpp_srvcli/share/cpp_srvcli/local_setup.dsv
[0.466s] -- Installing: /home/marc/Documentos/GitHub/IR2117-PSR/tb3_ws/install/cpp_srvcli/share/cpp_srvcli/package.dsv
[0.467s] -- Up-to-date: /home/marc/Documentos/GitHub/IR2117-PSR/tb3_ws/install/cpp_srvcli/share/ament_index/resource_index/packages/cpp_srvcli
[0.468s] -- Up-to-date: /home/marc/Documentos/GitHub/IR2117-PSR/tb3_ws/install/cpp_srvcli/share/cpp_srvcli/cmake/cpp_srvcliConfig.cmake
[0.469s] -- Up-to-date: /home/marc/Documentos/GitHub/IR2117-PSR/tb3_ws/install/cpp_srvcli/share/cpp_srvcli/cmake/cpp_srvcliConfig-version.cmake
[0.469s] -- Up-to-date: /home/marc/Documentos/GitHub/IR2117-PSR/tb3_ws/install/cpp_srvcli/share/cpp_srvcli/package.xml
[0.483s] Invoked command in '/home/marc/Documentos/GitHub/IR2117-PSR/tb3_ws/build/cpp_srvcli' returned '0': CMAKE_PREFIX_PATH=/opt/ros/foxy /usr/bin/cmake --install /home/marc/Documentos/GitHub/IR2117-PSR/tb3_ws/build/cpp_srvcli
