[0.031s] Invoking command in '/home/usuario/Documentos/GitHub/IR2117-PSR/tb3_ws/build/olympic': CMAKE_PREFIX_PATH=${CMAKE_PREFIX_PATH}:/opt/ros/foxy /usr/bin/cmake /home/usuario/Documentos/GitHub/IR2117-PSR/tb3_ws/olympic -DCMAKE_INSTALL_PREFIX=/home/usuario/Documentos/GitHub/IR2117-PSR/tb3_ws/install/olympic
[0.074s] -- The C compiler identification is GNU 9.4.0
[0.113s] -- The CXX compiler identification is GNU 9.4.0
[0.117s] -- Check for working C compiler: /usr/bin/cc
[0.172s] -- Check for working C compiler: /usr/bin/cc -- works
[0.173s] -- Detecting C compiler ABI info
[0.226s] -- Detecting C compiler ABI info - done
[0.233s] -- Detecting C compile features
[0.233s] -- Detecting C compile features - done
[0.235s] -- Check for working CXX compiler: /usr/bin/c++
[0.318s] -- Check for working CXX compiler: /usr/bin/c++ -- works
[0.319s] -- Detecting CXX compiler ABI info
[0.398s] -- Detecting CXX compiler ABI info - done
[0.411s] -- Detecting CXX compile features
[0.411s] -- Detecting CXX compile features - done
[0.416s] -- Found ament_cmake: 0.9.11 (/opt/ros/foxy/share/ament_cmake/cmake)
[0.441s] -- Found PythonInterp: /usr/bin/python3 (found suitable version "3.8.10", minimum required is "3") 
[0.441s] -- Using PYTHON_EXECUTABLE: /usr/bin/python3
[0.634s] -- Found rclcpp: 2.4.2 (/opt/ros/foxy/share/rclcpp/cmake)
[0.669s] -- Using all available rosidl_typesupport_c: rosidl_typesupport_fastrtps_c;rosidl_typesupport_introspection_c
[0.674s] -- Found rosidl_adapter: 1.3.0 (/opt/ros/foxy/share/rosidl_adapter/cmake)
[0.744s] -- Found OpenSSL: /usr/lib/x86_64-linux-gnu/libcrypto.so (found version "1.1.1f")  
[0.771s] -- Found FastRTPS: /opt/ros/foxy/include  
[0.833s] -- Using all available rosidl_typesupport_cpp: rosidl_typesupport_fastrtps_cpp;rosidl_typesupport_introspection_cpp
[0.876s] -- Found rmw_implementation_cmake: 1.0.3 (/opt/ros/foxy/share/rmw_implementation_cmake/cmake)
[0.877s] -- Using RMW implementation 'rmw_fastrtps_cpp' as default
[0.879s] -- Looking for pthread.h
[0.956s] -- Looking for pthread.h - found
[0.956s] -- Performing Test CMAKE_HAVE_LIBC_PTHREAD
[1.023s] -- Performing Test CMAKE_HAVE_LIBC_PTHREAD - Failed
[1.023s] -- Looking for pthread_create in pthreads
[1.082s] -- Looking for pthread_create in pthreads - not found
[1.082s] -- Looking for pthread_create in pthread
[1.149s] -- Looking for pthread_create in pthread - found
[1.150s] -- Found Threads: TRUE  
[1.264s] -- Found geometry_msgs: 2.0.5 (/opt/ros/foxy/share/geometry_msgs/cmake)
[1.290s] -- Found turtlesim: 1.2.6 (/opt/ros/foxy/share/turtlesim/cmake)
[1.370s] -- Found ament_lint_auto: 0.9.7 (/opt/ros/foxy/share/ament_lint_auto/cmake)
[1.448s] -- Added test 'copyright' to check source files copyright and LICENSE
[1.449s] -- Added test 'cppcheck' to perform static code analysis on C / C++ code
[1.449s] -- Configured cppcheck include dirs: $<BUILD_INTERFACE:/home/usuario/Documentos/GitHub/IR2117-PSR/tb3_ws/olympic/include>
[1.449s] -- Configured cppcheck exclude dirs and/or files: 
[1.450s] -- Added test 'cpplint' to check C / C++ code against the Google style
[1.450s] -- Configured cpplint exclude dirs and/or files: 
[1.450s] -- Added test 'lint_cmake' to check CMake code style
[1.451s] -- Added test 'uncrustify' to check C / C++ code style
[1.451s] -- Configured uncrustify additional arguments: 
[1.451s] -- Added test 'xmllint' to check XML markup files
[1.454s] -- Configuring done
[1.462s] -- Generating done
[1.465s] -- Build files have been written to: /home/usuario/Documentos/GitHub/IR2117-PSR/tb3_ws/build/olympic
[1.476s] Invoked command in '/home/usuario/Documentos/GitHub/IR2117-PSR/tb3_ws/build/olympic' returned '0': CMAKE_PREFIX_PATH=${CMAKE_PREFIX_PATH}:/opt/ros/foxy /usr/bin/cmake /home/usuario/Documentos/GitHub/IR2117-PSR/tb3_ws/olympic -DCMAKE_INSTALL_PREFIX=/home/usuario/Documentos/GitHub/IR2117-PSR/tb3_ws/install/olympic
[1.479s] Invoking command in '/home/usuario/Documentos/GitHub/IR2117-PSR/tb3_ws/build/olympic': CMAKE_PREFIX_PATH=${CMAKE_PREFIX_PATH}:/opt/ros/foxy /usr/bin/cmake --build /home/usuario/Documentos/GitHub/IR2117-PSR/tb3_ws/build/olympic -- -j6 -l6
[1.520s] [35m[1mScanning dependencies of target rings[0m
[1.531s] [ 50%] [32mBuilding CXX object CMakeFiles/rings.dir/src/rings.cpp.o[0m
[1.566s] [100%] [32m[1mLinking CXX executable rings[0m
[1.629s] [100%] Built target rings
[1.643s] Invoked command in '/home/usuario/Documentos/GitHub/IR2117-PSR/tb3_ws/build/olympic' returned '0': CMAKE_PREFIX_PATH=${CMAKE_PREFIX_PATH}:/opt/ros/foxy /usr/bin/cmake --build /home/usuario/Documentos/GitHub/IR2117-PSR/tb3_ws/build/olympic -- -j6 -l6
[1.669s] Invoking command in '/home/usuario/Documentos/GitHub/IR2117-PSR/tb3_ws/build/olympic': CMAKE_PREFIX_PATH=${CMAKE_PREFIX_PATH}:/opt/ros/foxy /usr/bin/cmake --install /home/usuario/Documentos/GitHub/IR2117-PSR/tb3_ws/build/olympic
[1.678s] -- Install configuration: ""
[1.678s] -- Installing: /home/usuario/Documentos/GitHub/IR2117-PSR/tb3_ws/install/olympic/lib/olympic/rings
[1.685s] -- Set runtime path of "/home/usuario/Documentos/GitHub/IR2117-PSR/tb3_ws/install/olympic/lib/olympic/rings" to ""
[1.686s] -- Installing: /home/usuario/Documentos/GitHub/IR2117-PSR/tb3_ws/install/olympic/share/ament_index/resource_index/package_run_dependencies/olympic
[1.686s] -- Installing: /home/usuario/Documentos/GitHub/IR2117-PSR/tb3_ws/install/olympic/share/ament_index/resource_index/parent_prefix_path/olympic
[1.686s] -- Installing: /home/usuario/Documentos/GitHub/IR2117-PSR/tb3_ws/install/olympic/share/olympic/environment/ament_prefix_path.sh
[1.687s] -- Installing: /home/usuario/Documentos/GitHub/IR2117-PSR/tb3_ws/install/olympic/share/olympic/environment/ament_prefix_path.dsv
[1.687s] -- Installing: /home/usuario/Documentos/GitHub/IR2117-PSR/tb3_ws/install/olympic/share/olympic/environment/path.sh
[1.687s] -- Installing: /home/usuario/Documentos/GitHub/IR2117-PSR/tb3_ws/install/olympic/share/olympic/environment/path.dsv
[1.688s] -- Installing: /home/usuario/Documentos/GitHub/IR2117-PSR/tb3_ws/install/olympic/share/olympic/local_setup.bash
[1.688s] -- Installing: /home/usuario/Documentos/GitHub/IR2117-PSR/tb3_ws/install/olympic/share/olympic/local_setup.sh
[1.688s] -- Installing: /home/usuario/Documentos/GitHub/IR2117-PSR/tb3_ws/install/olympic/share/olympic/local_setup.zsh
[1.689s] -- Installing: /home/usuario/Documentos/GitHub/IR2117-PSR/tb3_ws/install/olympic/share/olympic/local_setup.dsv
[1.689s] -- Installing: /home/usuario/Documentos/GitHub/IR2117-PSR/tb3_ws/install/olympic/share/olympic/package.dsv
[1.690s] -- Installing: /home/usuario/Documentos/GitHub/IR2117-PSR/tb3_ws/install/olympic/share/ament_index/resource_index/packages/olympic
[1.690s] -- Installing: /home/usuario/Documentos/GitHub/IR2117-PSR/tb3_ws/install/olympic/share/olympic/cmake/olympicConfig.cmake
[1.690s] -- Installing: /home/usuario/Documentos/GitHub/IR2117-PSR/tb3_ws/install/olympic/share/olympic/cmake/olympicConfig-version.cmake
[1.691s] -- Installing: /home/usuario/Documentos/GitHub/IR2117-PSR/tb3_ws/install/olympic/share/olympic/package.xml
[1.697s] Invoked command in '/home/usuario/Documentos/GitHub/IR2117-PSR/tb3_ws/build/olympic' returned '0': CMAKE_PREFIX_PATH=${CMAKE_PREFIX_PATH}:/opt/ros/foxy /usr/bin/cmake --install /home/usuario/Documentos/GitHub/IR2117-PSR/tb3_ws/build/olympic
