[0.032s] Invoking command in '/home/usuario/Documentos/GitHub/IR2117-PSR/tb3_ws/build/obstacles': CMAKE_PREFIX_PATH=${CMAKE_PREFIX_PATH}:/opt/ros/foxy /usr/bin/cmake /home/usuario/Documentos/GitHub/IR2117-PSR/tb3_ws/src/obstacles -DCMAKE_INSTALL_PREFIX=/home/usuario/Documentos/GitHub/IR2117-PSR/tb3_ws/install/obstacles
[0.421s] -- The C compiler identification is GNU 9.4.0
[0.770s] -- The CXX compiler identification is GNU 9.4.0
[0.778s] -- Check for working C compiler: /usr/bin/cc
[1.160s] -- Check for working C compiler: /usr/bin/cc -- works
[1.161s] -- Detecting C compiler ABI info
[1.540s] -- Detecting C compiler ABI info - done
[1.550s] -- Detecting C compile features
[1.550s] -- Detecting C compile features - done
[1.553s] -- Check for working CXX compiler: /usr/bin/c++
[1.876s] -- Check for working CXX compiler: /usr/bin/c++ -- works
[1.877s] -- Detecting CXX compiler ABI info
[2.173s] -- Detecting CXX compiler ABI info - done
[2.176s] -- Detecting CXX compile features
[2.176s] -- Detecting CXX compile features - done
[2.181s] -- Found ament_cmake: 0.9.11 (/opt/ros/foxy/share/ament_cmake/cmake)
[2.211s] -- Found PythonInterp: /usr/bin/python3 (found suitable version "3.8.10", minimum required is "3") 
[2.211s] -- Using PYTHON_EXECUTABLE: /usr/bin/python3
[2.419s] -- Found rclcpp: 2.4.2 (/opt/ros/foxy/share/rclcpp/cmake)
[2.472s] -- Using all available rosidl_typesupport_c: rosidl_typesupport_fastrtps_c;rosidl_typesupport_introspection_c
[2.479s] -- Found rosidl_adapter: 1.3.0 (/opt/ros/foxy/share/rosidl_adapter/cmake)
[2.547s] -- Found OpenSSL: /usr/lib/x86_64-linux-gnu/libcrypto.so (found version "1.1.1f")  
[2.574s] -- Found FastRTPS: /opt/ros/foxy/include  
[2.658s] -- Using all available rosidl_typesupport_cpp: rosidl_typesupport_fastrtps_cpp;rosidl_typesupport_introspection_cpp
[2.713s] -- Found rmw_implementation_cmake: 1.0.3 (/opt/ros/foxy/share/rmw_implementation_cmake/cmake)
[2.715s] -- Using RMW implementation 'rmw_fastrtps_cpp' as default
[2.724s] -- Looking for pthread.h
[3.008s] -- Looking for pthread.h - found
[3.008s] -- Performing Test CMAKE_HAVE_LIBC_PTHREAD
[3.394s] -- Performing Test CMAKE_HAVE_LIBC_PTHREAD - Failed
[3.394s] -- Looking for pthread_create in pthreads
[3.535s] -- Looking for pthread_create in pthreads - not found
[3.535s] -- Looking for pthread_create in pthread
[3.860s] -- Looking for pthread_create in pthread - found
[3.861s] -- Found Threads: TRUE  
[3.989s] -- Found sensor_msgs: 2.0.5 (/opt/ros/foxy/share/sensor_msgs/cmake)
[4.089s] CMake Error at CMakeLists.txt:22 (find_package):
[4.089s]   By not providing "Findexample_interfaces.cmake" in CMAKE_MODULE_PATH this
[4.089s]   project has asked CMake to find a package configuration file provided by
[4.089s]   "example_interfaces", but CMake did not find one.
[4.089s] 
[4.089s]   Could not find a package configuration file provided by
[4.089s]   "example_interfaces" with any of the following names:
[4.089s] 
[4.090s]     example_interfacesConfig.cmake
[4.090s]     example_interfaces-config.cmake
[4.090s] 
[4.090s]   Add the installation prefix of "example_interfaces" to CMAKE_PREFIX_PATH or
[4.090s]   set "example_interfaces_DIR" to a directory containing one of the above
[4.090s]   files.  If "example_interfaces" provides a separate development package or
[4.090s]   SDK, be sure it has been installed.
[4.090s] 
[4.090s] 
[4.090s] -- Configuring incomplete, errors occurred!
[4.090s] See also "/home/usuario/Documentos/GitHub/IR2117-PSR/tb3_ws/build/obstacles/CMakeFiles/CMakeOutput.log".
[4.090s] See also "/home/usuario/Documentos/GitHub/IR2117-PSR/tb3_ws/build/obstacles/CMakeFiles/CMakeError.log".
[4.097s] Invoked command in '/home/usuario/Documentos/GitHub/IR2117-PSR/tb3_ws/build/obstacles' returned '1': CMAKE_PREFIX_PATH=${CMAKE_PREFIX_PATH}:/opt/ros/foxy /usr/bin/cmake /home/usuario/Documentos/GitHub/IR2117-PSR/tb3_ws/src/obstacles -DCMAKE_INSTALL_PREFIX=/home/usuario/Documentos/GitHub/IR2117-PSR/tb3_ws/install/obstacles
