[0.029s] Invoking command in '/home/usuario/Documentos/GitHub/IR2117-PSR/tb3_ws/build/obstacles': CMAKE_PREFIX_PATH=${CMAKE_PREFIX_PATH}:/opt/ros/foxy /usr/bin/cmake --build /home/usuario/Documentos/GitHub/IR2117-PSR/tb3_ws/build/obstacles -- -j6 -l6
[0.070s] [ 25%] [32mBuilding CXX object CMakeFiles/avoidance.dir/src/avoidance.cpp.o[0m
[0.072s] [ 50%] [32mBuilding CXX object CMakeFiles/detector.dir/src/detector.cpp.o[0m
[0.987s] [01m[K/home/usuario/Documentos/GitHub/IR2117-PSR/tb3_ws/src/obstacles/src/avoidance.cpp:[m[K In function ‘[01m[Kvoid callback_front(example_interfaces::msg::Bool_<std::allocator<void> >::SharedPtr)[m[K’:
[0.987s] [01m[K/home/usuario/Documentos/GitHub/IR2117-PSR/tb3_ws/src/obstacles/src/avoidance.cpp:8:68:[m[K [01;35m[Kwarning: [m[Kunused parameter ‘[01m[Kmsg[m[K’ [[01;35m[K-Wunused-parameter[m[K]
[0.987s]     8 | void callback_front([01;35m[Kconst example_interfaces::msg::Bool::SharedPtr msg[m[K)
[0.987s]       |                     [01;35m[K~~~~~~~~~~~~~~~~~~~~~~~~~~~~~~~~~~~~~~~~~~~~~~~^~~[m[K
[0.987s] [01m[K/home/usuario/Documentos/GitHub/IR2117-PSR/tb3_ws/src/obstacles/src/avoidance.cpp:[m[K In function ‘[01m[Kvoid callback_left(example_interfaces::msg::Bool_<std::allocator<void> >::SharedPtr)[m[K’:
[0.987s] [01m[K/home/usuario/Documentos/GitHub/IR2117-PSR/tb3_ws/src/obstacles/src/avoidance.cpp:13:67:[m[K [01;35m[Kwarning: [m[Kunused parameter ‘[01m[Kmsg[m[K’ [[01;35m[K-Wunused-parameter[m[K]
[0.987s]    13 | void callback_left([01;35m[Kconst example_interfaces::msg::Bool::SharedPtr msg[m[K)
[0.988s]       |                    [01;35m[K~~~~~~~~~~~~~~~~~~~~~~~~~~~~~~~~~~~~~~~~~~~~~~~^~~[m[K
[0.988s] [01m[K/home/usuario/Documentos/GitHub/IR2117-PSR/tb3_ws/src/obstacles/src/avoidance.cpp:[m[K In function ‘[01m[Kvoid callback_right(example_interfaces::msg::Bool_<std::allocator<void> >::SharedPtr)[m[K’:
[0.988s] [01m[K/home/usuario/Documentos/GitHub/IR2117-PSR/tb3_ws/src/obstacles/src/avoidance.cpp:18:68:[m[K [01;35m[Kwarning: [m[Kunused parameter ‘[01m[Kmsg[m[K’ [[01;35m[K-Wunused-parameter[m[K]
[0.988s]    18 | void callback_right([01;35m[Kconst example_interfaces::msg::Bool::SharedPtr msg[m[K)
[0.988s]       |                     [01;35m[K~~~~~~~~~~~~~~~~~~~~~~~~~~~~~~~~~~~~~~~~~~~~~~~^~~[m[K
[3.980s] [ 75%] [32m[1mLinking CXX executable avoidance[0m
[3.995s] [100%] [32m[1mLinking CXX executable detector[0m
[4.328s] [100%] Built target avoidance
[4.332s] [100%] Built target detector
[4.341s] Invoked command in '/home/usuario/Documentos/GitHub/IR2117-PSR/tb3_ws/build/obstacles' returned '0': CMAKE_PREFIX_PATH=${CMAKE_PREFIX_PATH}:/opt/ros/foxy /usr/bin/cmake --build /home/usuario/Documentos/GitHub/IR2117-PSR/tb3_ws/build/obstacles -- -j6 -l6
[4.366s] Invoking command in '/home/usuario/Documentos/GitHub/IR2117-PSR/tb3_ws/build/obstacles': CMAKE_PREFIX_PATH=${CMAKE_PREFIX_PATH}:/opt/ros/foxy /usr/bin/cmake --install /home/usuario/Documentos/GitHub/IR2117-PSR/tb3_ws/build/obstacles
[4.372s] -- Install configuration: ""
[4.372s] -- Installing: /home/usuario/Documentos/GitHub/IR2117-PSR/tb3_ws/install/obstacles/lib/obstacles/detector
[4.381s] -- Set runtime path of "/home/usuario/Documentos/GitHub/IR2117-PSR/tb3_ws/install/obstacles/lib/obstacles/detector" to ""
[4.381s] -- Installing: /home/usuario/Documentos/GitHub/IR2117-PSR/tb3_ws/install/obstacles/lib/obstacles/avoidance
[4.389s] -- Set runtime path of "/home/usuario/Documentos/GitHub/IR2117-PSR/tb3_ws/install/obstacles/lib/obstacles/avoidance" to ""
[4.389s] -- Installing: /home/usuario/Documentos/GitHub/IR2117-PSR/tb3_ws/install/obstacles/share/obstacles/launch
[4.389s] -- Installing: /home/usuario/Documentos/GitHub/IR2117-PSR/tb3_ws/install/obstacles/share/obstacles/launch/detector_test.launch.py
[4.389s] -- Installing: /home/usuario/Documentos/GitHub/IR2117-PSR/tb3_ws/install/obstacles/share/obstacles/launch/triple_detector.launch.py
[4.389s] -- Installing: /home/usuario/Documentos/GitHub/IR2117-PSR/tb3_ws/install/obstacles/share/ament_index/resource_index/package_run_dependencies/obstacles
[4.390s] -- Installing: /home/usuario/Documentos/GitHub/IR2117-PSR/tb3_ws/install/obstacles/share/ament_index/resource_index/parent_prefix_path/obstacles
[4.390s] -- Installing: /home/usuario/Documentos/GitHub/IR2117-PSR/tb3_ws/install/obstacles/share/obstacles/environment/ament_prefix_path.sh
[4.390s] -- Installing: /home/usuario/Documentos/GitHub/IR2117-PSR/tb3_ws/install/obstacles/share/obstacles/environment/ament_prefix_path.dsv
[4.390s] -- Installing: /home/usuario/Documentos/GitHub/IR2117-PSR/tb3_ws/install/obstacles/share/obstacles/environment/path.sh
[4.390s] -- Installing: /home/usuario/Documentos/GitHub/IR2117-PSR/tb3_ws/install/obstacles/share/obstacles/environment/path.dsv
[4.391s] -- Installing: /home/usuario/Documentos/GitHub/IR2117-PSR/tb3_ws/install/obstacles/share/obstacles/local_setup.bash
[4.391s] -- Installing: /home/usuario/Documentos/GitHub/IR2117-PSR/tb3_ws/install/obstacles/share/obstacles/local_setup.sh
[4.391s] -- Installing: /home/usuario/Documentos/GitHub/IR2117-PSR/tb3_ws/install/obstacles/share/obstacles/local_setup.zsh
[4.392s] -- Installing: /home/usuario/Documentos/GitHub/IR2117-PSR/tb3_ws/install/obstacles/share/obstacles/local_setup.dsv
[4.392s] -- Installing: /home/usuario/Documentos/GitHub/IR2117-PSR/tb3_ws/install/obstacles/share/obstacles/package.dsv
[4.392s] -- Installing: /home/usuario/Documentos/GitHub/IR2117-PSR/tb3_ws/install/obstacles/share/ament_index/resource_index/packages/obstacles
[4.392s] -- Installing: /home/usuario/Documentos/GitHub/IR2117-PSR/tb3_ws/install/obstacles/share/obstacles/cmake/obstaclesConfig.cmake
[4.393s] -- Installing: /home/usuario/Documentos/GitHub/IR2117-PSR/tb3_ws/install/obstacles/share/obstacles/cmake/obstaclesConfig-version.cmake
[4.393s] -- Installing: /home/usuario/Documentos/GitHub/IR2117-PSR/tb3_ws/install/obstacles/share/obstacles/package.xml
[4.395s] Invoked command in '/home/usuario/Documentos/GitHub/IR2117-PSR/tb3_ws/build/obstacles' returned '0': CMAKE_PREFIX_PATH=${CMAKE_PREFIX_PATH}:/opt/ros/foxy /usr/bin/cmake --install /home/usuario/Documentos/GitHub/IR2117-PSR/tb3_ws/build/obstacles
