[0.020s] Invoking command in '/home/usuario/Documentos/GitHub/IR2117-PSR/ros2_ws/build/action_tutorials_interfaces': CMAKE_PREFIX_PATH=${CMAKE_PREFIX_PATH}:/opt/ros/foxy /usr/bin/cmake /home/usuario/Documentos/GitHub/IR2117-PSR/ros2_ws/src/action_tutorials_interfaces -DCMAKE_INSTALL_PREFIX=/home/usuario/Documentos/GitHub/IR2117-PSR/ros2_ws/install/action_tutorials_interfaces
[0.033s] -- Found ament_cmake: 0.9.11 (/opt/ros/foxy/share/ament_cmake/cmake)
[0.058s] -- Found PythonInterp: /usr/bin/python3 (found suitable version "3.8.10", minimum required is "3") 
[0.058s] -- Using PYTHON_EXECUTABLE: /usr/bin/python3
[0.224s] -- Found ament_lint_auto: 0.9.7 (/opt/ros/foxy/share/ament_lint_auto/cmake)
[0.284s] -- Found rosidl_default_generators: 1.0.1 (/opt/ros/foxy/share/rosidl_default_generators/cmake)
[0.286s] -- Using all available rosidl_typesupport_c: rosidl_typesupport_fastrtps_c;rosidl_typesupport_introspection_c
[0.289s] -- Found rosidl_adapter: 1.3.0 (/opt/ros/foxy/share/rosidl_adapter/cmake)
[0.396s] -- Using all available rosidl_typesupport_cpp: rosidl_typesupport_fastrtps_cpp;rosidl_typesupport_introspection_cpp
[0.440s] -- Found PythonInterp: /usr/bin/python3 (found version "3.8.10") 
[0.574s] -- Found ament_cmake_ros: 0.9.2 (/opt/ros/foxy/share/ament_cmake_ros/cmake)
[0.718s] -- Using all available rosidl_typesupport_c: rosidl_typesupport_fastrtps_c;rosidl_typesupport_introspection_c
[0.746s] -- Using all available rosidl_typesupport_cpp: rosidl_typesupport_fastrtps_cpp;rosidl_typesupport_introspection_cpp
[0.771s] -- Found PythonInterp: /usr/bin/python3 (found suitable version "3.8.10", minimum required is "3.5") 
[0.773s] -- Found python_cmake_module: 0.8.1 (/opt/ros/foxy/share/python_cmake_module/cmake)
[0.803s] -- Found PythonLibs: /usr/lib/x86_64-linux-gnu/libpython3.8.so (found suitable version "3.8.10", minimum required is "3.5") 
[0.803s] -- Using PYTHON_EXECUTABLE: /usr/bin/python3
[0.803s] -- Using PYTHON_INCLUDE_DIRS: /usr/include/python3.8
[0.804s] -- Using PYTHON_LIBRARIES: /usr/lib/x86_64-linux-gnu/libpython3.8.so
[0.827s] -- Found PythonExtra: .so  
[0.890s] -- Added test 'copyright' to check source files copyright and LICENSE
[0.893s] -- Added test 'lint_cmake' to check CMake code style
[0.896s] -- Added test 'xmllint' to check XML markup files
[0.911s] -- Configuring done
[0.966s] -- Generating done
[0.969s] -- Build files have been written to: /home/usuario/Documentos/GitHub/IR2117-PSR/ros2_ws/build/action_tutorials_interfaces
[0.976s] Invoked command in '/home/usuario/Documentos/GitHub/IR2117-PSR/ros2_ws/build/action_tutorials_interfaces' returned '0': CMAKE_PREFIX_PATH=${CMAKE_PREFIX_PATH}:/opt/ros/foxy /usr/bin/cmake /home/usuario/Documentos/GitHub/IR2117-PSR/ros2_ws/src/action_tutorials_interfaces -DCMAKE_INSTALL_PREFIX=/home/usuario/Documentos/GitHub/IR2117-PSR/ros2_ws/install/action_tutorials_interfaces
[0.980s] Invoking command in '/home/usuario/Documentos/GitHub/IR2117-PSR/ros2_ws/build/action_tutorials_interfaces': CMAKE_PREFIX_PATH=${CMAKE_PREFIX_PATH}:/opt/ros/foxy /usr/bin/cmake --build /home/usuario/Documentos/GitHub/IR2117-PSR/ros2_ws/build/action_tutorials_interfaces -- -j6 -l6
[1.021s] [  3%] [34m[1mGenerating C code for ROS interfaces[0m
[1.021s] [35m[1mScanning dependencies of target action_tutorials_interfaces__cpp[0m
[1.029s] [  6%] [34m[1mGenerating C++ code for ROS interfaces[0m
[1.290s] [  6%] Built target action_tutorials_interfaces__cpp
[1.300s] [ 16%] [34m[1mGenerating C++ introspection for ROS interfaces[0m
[1.300s] [ 16%] [34m[1mGenerating C++ type support dispatch for ROS interfaces[0m
[1.300s] [ 16%] [34m[1mGenerating C++ type support for eProsima Fast-RTPS[0m
[1.317s] [35m[1mScanning dependencies of target action_tutorials_interfaces__rosidl_generator_c[0m
[1.334s] [ 19%] [32mBuilding C object CMakeFiles/action_tutorials_interfaces__rosidl_generator_c.dir/rosidl_generator_c/action_tutorials_interfaces/action/detail/fibonacci__functions.c.o[0m
[1.444s] [ 22%] [32m[1mLinking C shared library libaction_tutorials_interfaces__rosidl_generator_c.so[0m
[1.483s] [ 22%] Built target action_tutorials_interfaces__rosidl_generator_c
[1.483s] [35m[1mScanning dependencies of target action_tutorials_interfaces__rosidl_typesupport_cpp[0m
[1.491s] [ 29%] [34m[1mGenerating C introspection for ROS interfaces[0m
[1.491s] [ 29%] [34m[1mGenerating C type support dispatch for ROS interfaces[0m
[1.500s] [ 32%] [32mBuilding CXX object CMakeFiles/action_tutorials_interfaces__rosidl_typesupport_cpp.dir/rosidl_typesupport_cpp/action_tutorials_interfaces/action/fibonacci__type_support.cpp.o[0m
[1.513s] [35m[1mScanning dependencies of target action_tutorials_interfaces__rosidl_typesupport_introspection_cpp[0m
[1.526s] [ 35%] [32mBuilding CXX object CMakeFiles/action_tutorials_interfaces__rosidl_typesupport_introspection_cpp.dir/rosidl_typesupport_introspection_cpp/action_tutorials_interfaces/action/detail/fibonacci__type_support.cpp.o[0m
[1.549s] [35m[1mScanning dependencies of target action_tutorials_interfaces__rosidl_typesupport_fastrtps_cpp[0m
[1.572s] [ 38%] [32mBuilding CXX object CMakeFiles/action_tutorials_interfaces__rosidl_typesupport_fastrtps_cpp.dir/rosidl_typesupport_fastrtps_cpp/action_tutorials_interfaces/action/detail/dds_fastrtps/fibonacci__type_support.cpp.o[0m
[1.674s] [35m[1mScanning dependencies of target action_tutorials_interfaces__rosidl_typesupport_c[0m
[1.689s] [ 41%] [32mBuilding CXX object CMakeFiles/action_tutorials_interfaces__rosidl_typesupport_c.dir/rosidl_typesupport_c/action_tutorials_interfaces/action/fibonacci__type_support.cpp.o[0m
[1.718s] [35m[1mScanning dependencies of target action_tutorials_interfaces__rosidl_typesupport_introspection_c[0m
[1.725s] [ 45%] [32m[1mLinking CXX shared library libaction_tutorials_interfaces__rosidl_typesupport_c.so[0m
[1.734s] [ 48%] [32mBuilding C object CMakeFiles/action_tutorials_interfaces__rosidl_typesupport_introspection_c.dir/rosidl_typesupport_introspection_c/action_tutorials_interfaces/action/detail/fibonacci__type_support.c.o[0m
[1.745s] [ 51%] [32m[1mLinking CXX shared library libaction_tutorials_interfaces__rosidl_typesupport_cpp.so[0m
[1.754s] [ 51%] Built target action_tutorials_interfaces__rosidl_typesupport_c
[1.769s] [ 54%] [32m[1mLinking C shared library libaction_tutorials_interfaces__rosidl_typesupport_introspection_c.so[0m
[1.778s] [ 54%] Built target action_tutorials_interfaces__rosidl_typesupport_cpp
[1.796s] [ 54%] Built target action_tutorials_interfaces__rosidl_typesupport_introspection_c
[1.800s] [ 58%] [32m[1mLinking CXX shared library libaction_tutorials_interfaces__rosidl_typesupport_introspection_cpp.so[0m
[1.866s] [ 58%] Built target action_tutorials_interfaces__rosidl_typesupport_introspection_cpp
[1.975s] [ 61%] [32m[1mLinking CXX shared library libaction_tutorials_interfaces__rosidl_typesupport_fastrtps_cpp.so[0m
[2.065s] [ 61%] Built target action_tutorials_interfaces__rosidl_typesupport_fastrtps_cpp
[2.077s] [ 64%] [34m[1mGenerating C type support for eProsima Fast-RTPS[0m
[2.340s] [35m[1mScanning dependencies of target action_tutorials_interfaces__rosidl_typesupport_fastrtps_c[0m
[2.368s] [ 67%] [32mBuilding CXX object CMakeFiles/action_tutorials_interfaces__rosidl_typesupport_fastrtps_c.dir/rosidl_typesupport_fastrtps_c/action_tutorials_interfaces/action/detail/fibonacci__type_support_c.cpp.o[0m
[2.695s] [ 70%] [32m[1mLinking CXX shared library libaction_tutorials_interfaces__rosidl_typesupport_fastrtps_c.so[0m
[2.788s] [ 70%] Built target action_tutorials_interfaces__rosidl_typesupport_fastrtps_c
[2.799s] [35m[1mScanning dependencies of target action_tutorials_interfaces[0m
[2.813s] [ 70%] Built target action_tutorials_interfaces
[2.826s] [35m[1mScanning dependencies of target action_tutorials_interfaces__py[0m
[2.837s] [ 74%] [34m[1mGenerating Python code for ROS interfaces[0m
[3.399s] [ 74%] Built target action_tutorials_interfaces__py
[3.410s] [35m[1mScanning dependencies of target action_tutorials_interfaces__python[0m
[3.455s] [ 77%] [32mBuilding C object CMakeFiles/action_tutorials_interfaces__python.dir/rosidl_generator_py/action_tutorials_interfaces/action/_fibonacci_s.c.o[0m
[3.575s] [ 80%] [32m[1mLinking C shared library rosidl_generator_py/action_tutorials_interfaces/libaction_tutorials_interfaces__python.so[0m
[3.625s] [ 80%] Built target action_tutorials_interfaces__python
[3.634s] [35m[1mScanning dependencies of target action_tutorials_interfaces__rosidl_typesupport_c__pyext[0m
[3.634s] [35m[1mScanning dependencies of target action_tutorials_interfaces__rosidl_typesupport_fastrtps_c__pyext[0m
[3.634s] [35m[1mScanning dependencies of target action_tutorials_interfaces__rosidl_typesupport_introspection_c__pyext[0m
[3.650s] [ 87%] [32mBuilding C object CMakeFiles/action_tutorials_interfaces__rosidl_typesupport_introspection_c__pyext.dir/rosidl_generator_py/action_tutorials_interfaces/_action_tutorials_interfaces_s.ep.rosidl_typesupport_introspection_c.c.o[0m
[3.650s] [ 87%] [32mBuilding C object CMakeFiles/action_tutorials_interfaces__rosidl_typesupport_fastrtps_c__pyext.dir/rosidl_generator_py/action_tutorials_interfaces/_action_tutorials_interfaces_s.ep.rosidl_typesupport_fastrtps_c.c.o[0m
[3.651s] [ 90%] [32mBuilding C object CMakeFiles/action_tutorials_interfaces__rosidl_typesupport_c__pyext.dir/rosidl_generator_py/action_tutorials_interfaces/_action_tutorials_interfaces_s.ep.rosidl_typesupport_c.c.o[0m
[3.722s] [ 96%] [32m[1mLinking C shared library rosidl_generator_py/action_tutorials_interfaces/action_tutorials_interfaces_s__rosidl_typesupport_introspection_c.cpython-38-x86_64-linux-gnu.so[0m
[3.722s] [ 96%] [32m[1mLinking CXX shared library rosidl_generator_py/action_tutorials_interfaces/action_tutorials_interfaces_s__rosidl_typesupport_fastrtps_c.cpython-38-x86_64-linux-gnu.so[0m
[3.723s] [100%] [32m[1mLinking C shared library rosidl_generator_py/action_tutorials_interfaces/action_tutorials_interfaces_s__rosidl_typesupport_c.cpython-38-x86_64-linux-gnu.so[0m
[3.754s] [100%] Built target action_tutorials_interfaces__rosidl_typesupport_c__pyext
[3.755s] [100%] Built target action_tutorials_interfaces__rosidl_typesupport_introspection_c__pyext
[3.780s] [100%] Built target action_tutorials_interfaces__rosidl_typesupport_fastrtps_c__pyext
[3.791s] Invoked command in '/home/usuario/Documentos/GitHub/IR2117-PSR/ros2_ws/build/action_tutorials_interfaces' returned '0': CMAKE_PREFIX_PATH=${CMAKE_PREFIX_PATH}:/opt/ros/foxy /usr/bin/cmake --build /home/usuario/Documentos/GitHub/IR2117-PSR/ros2_ws/build/action_tutorials_interfaces -- -j6 -l6
[3.838s] Invoking command in '/home/usuario/Documentos/GitHub/IR2117-PSR/ros2_ws/build/action_tutorials_interfaces': CMAKE_PREFIX_PATH=${CMAKE_PREFIX_PATH}:/opt/ros/foxy /usr/bin/cmake --install /home/usuario/Documentos/GitHub/IR2117-PSR/ros2_ws/build/action_tutorials_interfaces
[3.847s] -- Install configuration: ""
[3.847s] -- Installing: /home/usuario/Documentos/GitHub/IR2117-PSR/ros2_ws/install/action_tutorials_interfaces/share/ament_index/resource_index/rosidl_interfaces/action_tutorials_interfaces
[3.848s] -- Installing: /home/usuario/Documentos/GitHub/IR2117-PSR/ros2_ws/install/action_tutorials_interfaces/include/action_tutorials_interfaces
[3.848s] -- Installing: /home/usuario/Documentos/GitHub/IR2117-PSR/ros2_ws/install/action_tutorials_interfaces/include/action_tutorials_interfaces/msg
[3.849s] -- Installing: /home/usuario/Documentos/GitHub/IR2117-PSR/ros2_ws/install/action_tutorials_interfaces/include/action_tutorials_interfaces/msg/rosidl_generator_c__visibility_control.h
[3.849s] -- Installing: /home/usuario/Documentos/GitHub/IR2117-PSR/ros2_ws/install/action_tutorials_interfaces/include/action_tutorials_interfaces/action
[3.849s] -- Installing: /home/usuario/Documentos/GitHub/IR2117-PSR/ros2_ws/install/action_tutorials_interfaces/include/action_tutorials_interfaces/action/fibonacci.h
[3.849s] -- Installing: /home/usuario/Documentos/GitHub/IR2117-PSR/ros2_ws/install/action_tutorials_interfaces/include/action_tutorials_interfaces/action/detail
[3.849s] -- Installing: /home/usuario/Documentos/GitHub/IR2117-PSR/ros2_ws/install/action_tutorials_interfaces/include/action_tutorials_interfaces/action/detail/fibonacci__type_support.h
[3.850s] -- Installing: /home/usuario/Documentos/GitHub/IR2117-PSR/ros2_ws/install/action_tutorials_interfaces/include/action_tutorials_interfaces/action/detail/fibonacci__functions.c
[3.851s] -- Installing: /home/usuario/Documentos/GitHub/IR2117-PSR/ros2_ws/install/action_tutorials_interfaces/include/action_tutorials_interfaces/action/detail/fibonacci__struct.h
[3.851s] -- Installing: /home/usuario/Documentos/GitHub/IR2117-PSR/ros2_ws/install/action_tutorials_interfaces/include/action_tutorials_interfaces/action/detail/fibonacci__functions.h
[3.852s] -- Installing: /home/usuario/Documentos/GitHub/IR2117-PSR/ros2_ws/install/action_tutorials_interfaces/share/action_tutorials_interfaces/environment/library_path.sh
[3.852s] -- Installing: /home/usuario/Documentos/GitHub/IR2117-PSR/ros2_ws/install/action_tutorials_interfaces/share/action_tutorials_interfaces/environment/library_path.dsv
[3.853s] -- Installing: /home/usuario/Documentos/GitHub/IR2117-PSR/ros2_ws/install/action_tutorials_interfaces/lib/libaction_tutorials_interfaces__rosidl_generator_c.so
[3.862s] -- Set runtime path of "/home/usuario/Documentos/GitHub/IR2117-PSR/ros2_ws/install/action_tutorials_interfaces/lib/libaction_tutorials_interfaces__rosidl_generator_c.so" to ""
[3.862s] -- Up-to-date: /home/usuario/Documentos/GitHub/IR2117-PSR/ros2_ws/install/action_tutorials_interfaces/include/action_tutorials_interfaces
[3.862s] -- Up-to-date: /home/usuario/Documentos/GitHub/IR2117-PSR/ros2_ws/install/action_tutorials_interfaces/include/action_tutorials_interfaces/msg
[3.862s] -- Installing: /home/usuario/Documentos/GitHub/IR2117-PSR/ros2_ws/install/action_tutorials_interfaces/include/action_tutorials_interfaces/msg/rosidl_typesupport_fastrtps_c__visibility_control.h
[3.862s] -- Up-to-date: /home/usuario/Documentos/GitHub/IR2117-PSR/ros2_ws/install/action_tutorials_interfaces/include/action_tutorials_interfaces/action
[3.862s] -- Up-to-date: /home/usuario/Documentos/GitHub/IR2117-PSR/ros2_ws/install/action_tutorials_interfaces/include/action_tutorials_interfaces/action/detail
[3.862s] -- Installing: /home/usuario/Documentos/GitHub/IR2117-PSR/ros2_ws/install/action_tutorials_interfaces/include/action_tutorials_interfaces/action/detail/fibonacci__rosidl_typesupport_fastrtps_c.h
[3.863s] -- Installing: /home/usuario/Documentos/GitHub/IR2117-PSR/ros2_ws/install/action_tutorials_interfaces/lib/libaction_tutorials_interfaces__rosidl_typesupport_fastrtps_c.so
[3.869s] -- Set runtime path of "/home/usuario/Documentos/GitHub/IR2117-PSR/ros2_ws/install/action_tutorials_interfaces/lib/libaction_tutorials_interfaces__rosidl_typesupport_fastrtps_c.so" to ""
[3.869s] -- Up-to-date: /home/usuario/Documentos/GitHub/IR2117-PSR/ros2_ws/install/action_tutorials_interfaces/include/action_tutorials_interfaces
[3.869s] -- Up-to-date: /home/usuario/Documentos/GitHub/IR2117-PSR/ros2_ws/install/action_tutorials_interfaces/include/action_tutorials_interfaces/msg
[3.869s] -- Installing: /home/usuario/Documentos/GitHub/IR2117-PSR/ros2_ws/install/action_tutorials_interfaces/include/action_tutorials_interfaces/msg/rosidl_typesupport_fastrtps_cpp__visibility_control.h
[3.869s] -- Up-to-date: /home/usuario/Documentos/GitHub/IR2117-PSR/ros2_ws/install/action_tutorials_interfaces/include/action_tutorials_interfaces/action
[3.869s] -- Up-to-date: /home/usuario/Documentos/GitHub/IR2117-PSR/ros2_ws/install/action_tutorials_interfaces/include/action_tutorials_interfaces/action/detail
[3.870s] -- Installing: /home/usuario/Documentos/GitHub/IR2117-PSR/ros2_ws/install/action_tutorials_interfaces/include/action_tutorials_interfaces/action/detail/dds_fastrtps
[3.870s] -- Installing: /home/usuario/Documentos/GitHub/IR2117-PSR/ros2_ws/install/action_tutorials_interfaces/include/action_tutorials_interfaces/action/detail/fibonacci__rosidl_typesupport_fastrtps_cpp.hpp
[3.870s] -- Installing: /home/usuario/Documentos/GitHub/IR2117-PSR/ros2_ws/install/action_tutorials_interfaces/lib/libaction_tutorials_interfaces__rosidl_typesupport_fastrtps_cpp.so
[3.881s] -- Set runtime path of "/home/usuario/Documentos/GitHub/IR2117-PSR/ros2_ws/install/action_tutorials_interfaces/lib/libaction_tutorials_interfaces__rosidl_typesupport_fastrtps_cpp.so" to ""
[3.881s] -- Up-to-date: /home/usuario/Documentos/GitHub/IR2117-PSR/ros2_ws/install/action_tutorials_interfaces/include/action_tutorials_interfaces
[3.881s] -- Up-to-date: /home/usuario/Documentos/GitHub/IR2117-PSR/ros2_ws/install/action_tutorials_interfaces/include/action_tutorials_interfaces/msg
[3.881s] -- Installing: /home/usuario/Documentos/GitHub/IR2117-PSR/ros2_ws/install/action_tutorials_interfaces/include/action_tutorials_interfaces/msg/rosidl_typesupport_introspection_c__visibility_control.h
[3.881s] -- Up-to-date: /home/usuario/Documentos/GitHub/IR2117-PSR/ros2_ws/install/action_tutorials_interfaces/include/action_tutorials_interfaces/action
[3.882s] -- Up-to-date: /home/usuario/Documentos/GitHub/IR2117-PSR/ros2_ws/install/action_tutorials_interfaces/include/action_tutorials_interfaces/action/detail
[3.882s] -- Installing: /home/usuario/Documentos/GitHub/IR2117-PSR/ros2_ws/install/action_tutorials_interfaces/include/action_tutorials_interfaces/action/detail/fibonacci__rosidl_typesupport_introspection_c.h
[3.882s] -- Installing: /home/usuario/Documentos/GitHub/IR2117-PSR/ros2_ws/install/action_tutorials_interfaces/include/action_tutorials_interfaces/action/detail/fibonacci__type_support.c
[3.884s] -- Installing: /home/usuario/Documentos/GitHub/IR2117-PSR/ros2_ws/install/action_tutorials_interfaces/lib/libaction_tutorials_interfaces__rosidl_typesupport_introspection_c.so
[3.890s] -- Set runtime path of "/home/usuario/Documentos/GitHub/IR2117-PSR/ros2_ws/install/action_tutorials_interfaces/lib/libaction_tutorials_interfaces__rosidl_typesupport_introspection_c.so" to ""
[3.891s] -- Installing: /home/usuario/Documentos/GitHub/IR2117-PSR/ros2_ws/install/action_tutorials_interfaces/lib/libaction_tutorials_interfaces__rosidl_typesupport_c.so
[3.896s] -- Set runtime path of "/home/usuario/Documentos/GitHub/IR2117-PSR/ros2_ws/install/action_tutorials_interfaces/lib/libaction_tutorials_interfaces__rosidl_typesupport_c.so" to ""
[3.896s] -- Up-to-date: /home/usuario/Documentos/GitHub/IR2117-PSR/ros2_ws/install/action_tutorials_interfaces/include/action_tutorials_interfaces
[3.896s] -- Up-to-date: /home/usuario/Documentos/GitHub/IR2117-PSR/ros2_ws/install/action_tutorials_interfaces/include/action_tutorials_interfaces/action
[3.896s] -- Up-to-date: /home/usuario/Documentos/GitHub/IR2117-PSR/ros2_ws/install/action_tutorials_interfaces/include/action_tutorials_interfaces/action/detail
[3.896s] -- Installing: /home/usuario/Documentos/GitHub/IR2117-PSR/ros2_ws/install/action_tutorials_interfaces/include/action_tutorials_interfaces/action/detail/fibonacci__struct.hpp
[3.896s] -- Installing: /home/usuario/Documentos/GitHub/IR2117-PSR/ros2_ws/install/action_tutorials_interfaces/include/action_tutorials_interfaces/action/detail/fibonacci__traits.hpp
[3.897s] -- Installing: /home/usuario/Documentos/GitHub/IR2117-PSR/ros2_ws/install/action_tutorials_interfaces/include/action_tutorials_interfaces/action/detail/fibonacci__builder.hpp
[3.897s] -- Installing: /home/usuario/Documentos/GitHub/IR2117-PSR/ros2_ws/install/action_tutorials_interfaces/include/action_tutorials_interfaces/action/fibonacci.hpp
[3.897s] -- Up-to-date: /home/usuario/Documentos/GitHub/IR2117-PSR/ros2_ws/install/action_tutorials_interfaces/include/action_tutorials_interfaces
[3.897s] -- Up-to-date: /home/usuario/Documentos/GitHub/IR2117-PSR/ros2_ws/install/action_tutorials_interfaces/include/action_tutorials_interfaces/action
[3.898s] -- Up-to-date: /home/usuario/Documentos/GitHub/IR2117-PSR/ros2_ws/install/action_tutorials_interfaces/include/action_tutorials_interfaces/action/detail
[3.898s] -- Installing: /home/usuario/Documentos/GitHub/IR2117-PSR/ros2_ws/install/action_tutorials_interfaces/include/action_tutorials_interfaces/action/detail/fibonacci__type_support.cpp
[3.898s] -- Installing: /home/usuario/Documentos/GitHub/IR2117-PSR/ros2_ws/install/action_tutorials_interfaces/include/action_tutorials_interfaces/action/detail/fibonacci__rosidl_typesupport_introspection_cpp.hpp
[3.898s] -- Installing: /home/usuario/Documentos/GitHub/IR2117-PSR/ros2_ws/install/action_tutorials_interfaces/lib/libaction_tutorials_interfaces__rosidl_typesupport_introspection_cpp.so
[3.906s] -- Set runtime path of "/home/usuario/Documentos/GitHub/IR2117-PSR/ros2_ws/install/action_tutorials_interfaces/lib/libaction_tutorials_interfaces__rosidl_typesupport_introspection_cpp.so" to ""
[3.906s] -- Installing: /home/usuario/Documentos/GitHub/IR2117-PSR/ros2_ws/install/action_tutorials_interfaces/lib/libaction_tutorials_interfaces__rosidl_typesupport_cpp.so
[3.916s] -- Set runtime path of "/home/usuario/Documentos/GitHub/IR2117-PSR/ros2_ws/install/action_tutorials_interfaces/lib/libaction_tutorials_interfaces__rosidl_typesupport_cpp.so" to ""
[3.916s] -- Installing: /home/usuario/Documentos/GitHub/IR2117-PSR/ros2_ws/install/action_tutorials_interfaces/share/action_tutorials_interfaces/environment/pythonpath.sh
[3.916s] -- Installing: /home/usuario/Documentos/GitHub/IR2117-PSR/ros2_ws/install/action_tutorials_interfaces/share/action_tutorials_interfaces/environment/pythonpath.dsv
[3.917s] -- Installing: /home/usuario/Documentos/GitHub/IR2117-PSR/ros2_ws/install/action_tutorials_interfaces/lib/python3.8/site-packages/action_tutorials_interfaces/__init__.py
[3.945s] Compiling '/home/usuario/Documentos/GitHub/IR2117-PSR/ros2_ws/install/action_tutorials_interfaces/lib/python3.8/site-packages/action_tutorials_interfaces/__init__.py'...
[3.949s] -- Installing: /home/usuario/Documentos/GitHub/IR2117-PSR/ros2_ws/install/action_tutorials_interfaces/lib/python3.8/site-packages/action_tutorials_interfaces/action
[3.949s] -- Installing: /home/usuario/Documentos/GitHub/IR2117-PSR/ros2_ws/install/action_tutorials_interfaces/lib/python3.8/site-packages/action_tutorials_interfaces/action/_fibonacci.py
[3.950s] -- Installing: /home/usuario/Documentos/GitHub/IR2117-PSR/ros2_ws/install/action_tutorials_interfaces/lib/python3.8/site-packages/action_tutorials_interfaces/action/__init__.py
[3.951s] -- Installing: /home/usuario/Documentos/GitHub/IR2117-PSR/ros2_ws/install/action_tutorials_interfaces/lib/python3.8/site-packages/action_tutorials_interfaces/action/_fibonacci_s.c
[3.952s] -- Installing: /home/usuario/Documentos/GitHub/IR2117-PSR/ros2_ws/install/action_tutorials_interfaces/lib/python3.8/site-packages/action_tutorials_interfaces/action_tutorials_interfaces_s__rosidl_typesupport_fastrtps_c.cpython-38-x86_64-linux-gnu.so
[3.959s] -- Set runtime path of "/home/usuario/Documentos/GitHub/IR2117-PSR/ros2_ws/install/action_tutorials_interfaces/lib/python3.8/site-packages/action_tutorials_interfaces/action_tutorials_interfaces_s__rosidl_typesupport_fastrtps_c.cpython-38-x86_64-linux-gnu.so" to ""
[3.960s] -- Installing: /home/usuario/Documentos/GitHub/IR2117-PSR/ros2_ws/install/action_tutorials_interfaces/lib/python3.8/site-packages/action_tutorials_interfaces/action_tutorials_interfaces_s__rosidl_typesupport_introspection_c.cpython-38-x86_64-linux-gnu.so
[3.972s] -- Set runtime path of "/home/usuario/Documentos/GitHub/IR2117-PSR/ros2_ws/install/action_tutorials_interfaces/lib/python3.8/site-packages/action_tutorials_interfaces/action_tutorials_interfaces_s__rosidl_typesupport_introspection_c.cpython-38-x86_64-linux-gnu.so" to ""
[3.973s] -- Installing: /home/usuario/Documentos/GitHub/IR2117-PSR/ros2_ws/install/action_tutorials_interfaces/lib/python3.8/site-packages/action_tutorials_interfaces/action_tutorials_interfaces_s__rosidl_typesupport_c.cpython-38-x86_64-linux-gnu.so
[3.981s] -- Set runtime path of "/home/usuario/Documentos/GitHub/IR2117-PSR/ros2_ws/install/action_tutorials_interfaces/lib/python3.8/site-packages/action_tutorials_interfaces/action_tutorials_interfaces_s__rosidl_typesupport_c.cpython-38-x86_64-linux-gnu.so" to ""
[3.981s] -- Installing: /home/usuario/Documentos/GitHub/IR2117-PSR/ros2_ws/install/action_tutorials_interfaces/lib/libaction_tutorials_interfaces__python.so
[3.994s] -- Set runtime path of "/home/usuario/Documentos/GitHub/IR2117-PSR/ros2_ws/install/action_tutorials_interfaces/lib/libaction_tutorials_interfaces__python.so" to ""
[3.994s] -- Installing: /home/usuario/Documentos/GitHub/IR2117-PSR/ros2_ws/install/action_tutorials_interfaces/share/action_tutorials_interfaces/action/Fibonacci.idl
[3.996s] -- Installing: /home/usuario/Documentos/GitHub/IR2117-PSR/ros2_ws/install/action_tutorials_interfaces/share/action_tutorials_interfaces/action/Fibonacci.action
[3.997s] -- Installing: /home/usuario/Documentos/GitHub/IR2117-PSR/ros2_ws/install/action_tutorials_interfaces/share/ament_index/resource_index/package_run_dependencies/action_tutorials_interfaces
[3.997s] -- Installing: /home/usuario/Documentos/GitHub/IR2117-PSR/ros2_ws/install/action_tutorials_interfaces/share/ament_index/resource_index/parent_prefix_path/action_tutorials_interfaces
[3.998s] -- Installing: /home/usuario/Documentos/GitHub/IR2117-PSR/ros2_ws/install/action_tutorials_interfaces/share/action_tutorials_interfaces/environment/ament_prefix_path.sh
[3.999s] -- Installing: /home/usuario/Documentos/GitHub/IR2117-PSR/ros2_ws/install/action_tutorials_interfaces/share/action_tutorials_interfaces/environment/ament_prefix_path.dsv
[4.000s] -- Installing: /home/usuario/Documentos/GitHub/IR2117-PSR/ros2_ws/install/action_tutorials_interfaces/share/action_tutorials_interfaces/environment/path.sh
[4.000s] -- Installing: /home/usuario/Documentos/GitHub/IR2117-PSR/ros2_ws/install/action_tutorials_interfaces/share/action_tutorials_interfaces/environment/path.dsv
[4.001s] -- Installing: /home/usuario/Documentos/GitHub/IR2117-PSR/ros2_ws/install/action_tutorials_interfaces/share/action_tutorials_interfaces/local_setup.bash
[4.002s] -- Installing: /home/usuario/Documentos/GitHub/IR2117-PSR/ros2_ws/install/action_tutorials_interfaces/share/action_tutorials_interfaces/local_setup.sh
[4.003s] -- Installing: /home/usuario/Documentos/GitHub/IR2117-PSR/ros2_ws/install/action_tutorials_interfaces/share/action_tutorials_interfaces/local_setup.zsh
[4.003s] -- Installing: /home/usuario/Documentos/GitHub/IR2117-PSR/ros2_ws/install/action_tutorials_interfaces/share/action_tutorials_interfaces/local_setup.dsv
[4.004s] -- Installing: /home/usuario/Documentos/GitHub/IR2117-PSR/ros2_ws/install/action_tutorials_interfaces/share/action_tutorials_interfaces/package.dsv
[4.005s] -- Installing: /home/usuario/Documentos/GitHub/IR2117-PSR/ros2_ws/install/action_tutorials_interfaces/share/ament_index/resource_index/packages/action_tutorials_interfaces
[4.006s] -- Installing: /home/usuario/Documentos/GitHub/IR2117-PSR/ros2_ws/install/action_tutorials_interfaces/share/action_tutorials_interfaces/cmake/action_tutorials_interfaces__rosidl_generator_cExport.cmake
[4.007s] -- Installing: /home/usuario/Documentos/GitHub/IR2117-PSR/ros2_ws/install/action_tutorials_interfaces/share/action_tutorials_interfaces/cmake/action_tutorials_interfaces__rosidl_generator_cExport-noconfig.cmake
[4.008s] -- Installing: /home/usuario/Documentos/GitHub/IR2117-PSR/ros2_ws/install/action_tutorials_interfaces/share/action_tutorials_interfaces/cmake/action_tutorials_interfaces__rosidl_typesupport_introspection_cExport.cmake
[4.009s] -- Installing: /home/usuario/Documentos/GitHub/IR2117-PSR/ros2_ws/install/action_tutorials_interfaces/share/action_tutorials_interfaces/cmake/action_tutorials_interfaces__rosidl_typesupport_introspection_cExport-noconfig.cmake
[4.010s] -- Installing: /home/usuario/Documentos/GitHub/IR2117-PSR/ros2_ws/install/action_tutorials_interfaces/share/action_tutorials_interfaces/cmake/action_tutorials_interfaces__rosidl_typesupport_cExport.cmake
[4.011s] -- Installing: /home/usuario/Documentos/GitHub/IR2117-PSR/ros2_ws/install/action_tutorials_interfaces/share/action_tutorials_interfaces/cmake/action_tutorials_interfaces__rosidl_typesupport_cExport-noconfig.cmake
[4.012s] -- Installing: /home/usuario/Documentos/GitHub/IR2117-PSR/ros2_ws/install/action_tutorials_interfaces/share/action_tutorials_interfaces/cmake/action_tutorials_interfaces__rosidl_generator_cppExport.cmake
[4.013s] -- Installing: /home/usuario/Documentos/GitHub/IR2117-PSR/ros2_ws/install/action_tutorials_interfaces/share/action_tutorials_interfaces/cmake/action_tutorials_interfaces__rosidl_typesupport_introspection_cppExport.cmake
[4.014s] -- Installing: /home/usuario/Documentos/GitHub/IR2117-PSR/ros2_ws/install/action_tutorials_interfaces/share/action_tutorials_interfaces/cmake/action_tutorials_interfaces__rosidl_typesupport_introspection_cppExport-noconfig.cmake
[4.015s] -- Installing: /home/usuario/Documentos/GitHub/IR2117-PSR/ros2_ws/install/action_tutorials_interfaces/share/action_tutorials_interfaces/cmake/action_tutorials_interfaces__rosidl_typesupport_cppExport.cmake
[4.016s] -- Installing: /home/usuario/Documentos/GitHub/IR2117-PSR/ros2_ws/install/action_tutorials_interfaces/share/action_tutorials_interfaces/cmake/action_tutorials_interfaces__rosidl_typesupport_cppExport-noconfig.cmake
[4.017s] -- Installing: /home/usuario/Documentos/GitHub/IR2117-PSR/ros2_ws/install/action_tutorials_interfaces/share/action_tutorials_interfaces/cmake/rosidl_cmake-extras.cmake
[4.017s] -- Installing: /home/usuario/Documentos/GitHub/IR2117-PSR/ros2_ws/install/action_tutorials_interfaces/share/action_tutorials_interfaces/cmake/ament_cmake_export_dependencies-extras.cmake
[4.018s] -- Installing: /home/usuario/Documentos/GitHub/IR2117-PSR/ros2_ws/install/action_tutorials_interfaces/share/action_tutorials_interfaces/cmake/ament_cmake_export_libraries-extras.cmake
[4.019s] -- Installing: /home/usuario/Documentos/GitHub/IR2117-PSR/ros2_ws/install/action_tutorials_interfaces/share/action_tutorials_interfaces/cmake/ament_cmake_export_targets-extras.cmake
[4.020s] -- Installing: /home/usuario/Documentos/GitHub/IR2117-PSR/ros2_ws/install/action_tutorials_interfaces/share/action_tutorials_interfaces/cmake/ament_cmake_export_include_directories-extras.cmake
[4.020s] -- Installing: /home/usuario/Documentos/GitHub/IR2117-PSR/ros2_ws/install/action_tutorials_interfaces/share/action_tutorials_interfaces/cmake/rosidl_cmake_export_typesupport_libraries-extras.cmake
[4.021s] -- Installing: /home/usuario/Documentos/GitHub/IR2117-PSR/ros2_ws/install/action_tutorials_interfaces/share/action_tutorials_interfaces/cmake/rosidl_cmake_export_typesupport_targets-extras.cmake
[4.022s] -- Installing: /home/usuario/Documentos/GitHub/IR2117-PSR/ros2_ws/install/action_tutorials_interfaces/share/action_tutorials_interfaces/cmake/action_tutorials_interfacesConfig.cmake
[4.023s] -- Installing: /home/usuario/Documentos/GitHub/IR2117-PSR/ros2_ws/install/action_tutorials_interfaces/share/action_tutorials_interfaces/cmake/action_tutorials_interfacesConfig-version.cmake
[4.024s] -- Installing: /home/usuario/Documentos/GitHub/IR2117-PSR/ros2_ws/install/action_tutorials_interfaces/share/action_tutorials_interfaces/package.xml
[4.028s] Invoked command in '/home/usuario/Documentos/GitHub/IR2117-PSR/ros2_ws/build/action_tutorials_interfaces' returned '0': CMAKE_PREFIX_PATH=${CMAKE_PREFIX_PATH}:/opt/ros/foxy /usr/bin/cmake --install /home/usuario/Documentos/GitHub/IR2117-PSR/ros2_ws/build/action_tutorials_interfaces
