[0.191s] DEBUG:colcon:Command line arguments: ['/usr/bin/colcon', 'build']
[0.191s] DEBUG:colcon:Parsed command line arguments: Namespace(allow_overriding=[], ament_cmake_args=None, base_paths=['.'], build_base='build', catkin_cmake_args=None, catkin_skip_building_tests=False, cmake_args=None, cmake_clean_cache=False, cmake_clean_first=False, cmake_force_configure=False, cmake_target=None, cmake_target_skip_unavailable=False, continue_on_error=False, event_handlers=None, executor='parallel', ignore_user_meta=False, install_base='install', log_base=None, log_level=None, main=<bound method BuildVerb.main of <colcon_core.verb.build.BuildVerb object at 0x7f7e43fccca0>>, merge_install=False, metas=['./colcon.meta'], packages_above=None, packages_above_and_dependencies=None, packages_above_depth=None, packages_end=None, packages_ignore=None, packages_ignore_regex=None, packages_select=None, packages_select_build_failed=False, packages_select_by_dep=None, packages_select_regex=None, packages_select_test_failures=False, packages_skip=None, packages_skip_build_finished=False, packages_skip_by_dep=None, packages_skip_regex=None, packages_skip_test_passed=False, packages_skip_up_to=None, packages_start=None, packages_up_to=None, packages_up_to_regex=None, parallel_workers=1, paths=None, symlink_install=False, test_result_base=None, verb_extension=<colcon_core.verb.build.BuildVerb object at 0x7f7e43fccca0>, verb_name='build', verb_parser=<colcon_defaults.argument_parser.defaults.DefaultArgumentsDecorator object at 0x7f7e43fd6250>)
[0.238s] Level 1:colcon.colcon_core.package_discovery:discover_packages(colcon_meta) check parameters
[0.247s] Level 1:colcon.colcon_core.package_discovery:discover_packages(recursive) check parameters
[0.247s] Level 1:colcon.colcon_core.package_discovery:discover_packages(ignore) check parameters
[0.247s] Level 1:colcon.colcon_core.package_discovery:discover_packages(path) check parameters
[0.247s] Level 1:colcon.colcon_core.package_discovery:discover_packages(colcon_meta) discover
[0.248s] Level 1:colcon.colcon_core.package_discovery:discover_packages(recursive) discover
[0.248s] INFO:colcon.colcon_core.package_discovery:Crawling recursively for packages in '/home/marc/Documents/GitHub/IR2117-PSR/tb3_ws/src'
[0.248s] Level 1:colcon.colcon_core.package_identification:_identify(.) by extensions ['ignore', 'ignore_ament_install']
[0.248s] Level 1:colcon.colcon_core.package_identification:_identify(.) by extension 'ignore'
[0.248s] Level 1:colcon.colcon_core.package_identification:_identify(.) by extension 'ignore_ament_install'
[0.248s] Level 1:colcon.colcon_core.package_identification:_identify(.) by extensions ['colcon_pkg']
[0.248s] Level 1:colcon.colcon_core.package_identification:_identify(.) by extension 'colcon_pkg'
[0.248s] Level 1:colcon.colcon_core.package_identification:_identify(.) by extensions ['colcon_meta']
[0.248s] Level 1:colcon.colcon_core.package_identification:_identify(.) by extension 'colcon_meta'
[0.248s] Level 1:colcon.colcon_core.package_identification:_identify(.) by extensions ['ros']
[0.248s] Level 1:colcon.colcon_core.package_identification:_identify(.) by extension 'ros'
[0.272s] Level 1:colcon.colcon_core.package_identification:_identify(.) by extensions ['cmake', 'python']
[0.272s] Level 1:colcon.colcon_core.package_identification:_identify(.) by extension 'cmake'
[0.272s] Level 1:colcon.colcon_core.package_identification:_identify(.) by extension 'python'
[0.272s] Level 1:colcon.colcon_core.package_identification:_identify(.) by extensions ['python_setup_py']
[0.272s] Level 1:colcon.colcon_core.package_identification:_identify(.) by extension 'python_setup_py'
[0.272s] Level 1:colcon.colcon_core.package_identification:_identify(build) by extensions ['ignore', 'ignore_ament_install']
[0.272s] Level 1:colcon.colcon_core.package_identification:_identify(build) by extension 'ignore'
[0.272s] Level 1:colcon.colcon_core.package_identification:_identify(build) ignored
[0.272s] Level 1:colcon.colcon_core.package_identification:_identify(install) by extensions ['ignore', 'ignore_ament_install']
[0.273s] Level 1:colcon.colcon_core.package_identification:_identify(install) by extension 'ignore'
[0.273s] Level 1:colcon.colcon_core.package_identification:_identify(install) ignored
[0.273s] Level 1:colcon.colcon_core.package_identification:_identify(log) by extensions ['ignore', 'ignore_ament_install']
[0.273s] Level 1:colcon.colcon_core.package_identification:_identify(log) by extension 'ignore'
[0.273s] Level 1:colcon.colcon_core.package_identification:_identify(log) ignored
[0.273s] Level 1:colcon.colcon_core.package_identification:_identify(obstacles) by extensions ['ignore', 'ignore_ament_install']
[0.273s] Level 1:colcon.colcon_core.package_identification:_identify(obstacles) by extension 'ignore'
[0.273s] Level 1:colcon.colcon_core.package_identification:_identify(obstacles) by extension 'ignore_ament_install'
[0.273s] Level 1:colcon.colcon_core.package_identification:_identify(obstacles) by extensions ['colcon_pkg']
[0.273s] Level 1:colcon.colcon_core.package_identification:_identify(obstacles) by extension 'colcon_pkg'
[0.273s] Level 1:colcon.colcon_core.package_identification:_identify(obstacles) by extensions ['colcon_meta']
[0.273s] Level 1:colcon.colcon_core.package_identification:_identify(obstacles) by extension 'colcon_meta'
[0.273s] Level 1:colcon.colcon_core.package_identification:_identify(obstacles) by extensions ['ros']
[0.273s] Level 1:colcon.colcon_core.package_identification:_identify(obstacles) by extension 'ros'
[0.275s] DEBUG:colcon.colcon_core.package_identification:Package 'obstacles' with type 'ros.ament_cmake' and name 'obstacles'
[0.275s] Level 1:colcon.colcon_core.package_identification:_identify(robot_trajectory) by extensions ['ignore', 'ignore_ament_install']
[0.275s] Level 1:colcon.colcon_core.package_identification:_identify(robot_trajectory) by extension 'ignore'
[0.275s] Level 1:colcon.colcon_core.package_identification:_identify(robot_trajectory) by extension 'ignore_ament_install'
[0.275s] Level 1:colcon.colcon_core.package_identification:_identify(robot_trajectory) by extensions ['colcon_pkg']
[0.275s] Level 1:colcon.colcon_core.package_identification:_identify(robot_trajectory) by extension 'colcon_pkg'
[0.275s] Level 1:colcon.colcon_core.package_identification:_identify(robot_trajectory) by extensions ['colcon_meta']
[0.275s] Level 1:colcon.colcon_core.package_identification:_identify(robot_trajectory) by extension 'colcon_meta'
[0.275s] Level 1:colcon.colcon_core.package_identification:_identify(robot_trajectory) by extensions ['ros']
[0.275s] Level 1:colcon.colcon_core.package_identification:_identify(robot_trajectory) by extension 'ros'
[0.275s] DEBUG:colcon.colcon_core.package_identification:Package 'robot_trajectory' with type 'ros.ament_cmake' and name 'robot_trajectory'
[0.275s] Level 1:colcon.colcon_core.package_discovery:discover_packages(recursive) using defaults
[0.275s] Level 1:colcon.colcon_core.package_discovery:discover_packages(ignore) discover
[0.275s] Level 1:colcon.colcon_core.package_discovery:discover_packages(ignore) using defaults
[0.275s] Level 1:colcon.colcon_core.package_discovery:discover_packages(path) discover
[0.275s] Level 1:colcon.colcon_core.package_discovery:discover_packages(path) using defaults
[0.299s] Level 1:colcon.colcon_core.package_discovery:discover_packages(prefix_path) check parameters
[0.299s] Level 1:colcon.colcon_core.package_discovery:discover_packages(prefix_path) discover
[0.301s] DEBUG:colcon.colcon_installed_package_information.package_discovery:Found 266 installed packages in /opt/ros/foxy
[0.329s] Level 1:colcon.colcon_core.package_discovery:discover_packages(prefix_path) using defaults
[0.410s] Level 5:colcon.colcon_core.verb:set package 'obstacles' build argument 'cmake_args' from command line to 'None'
[0.410s] Level 5:colcon.colcon_core.verb:set package 'obstacles' build argument 'cmake_target' from command line to 'None'
[0.410s] Level 5:colcon.colcon_core.verb:set package 'obstacles' build argument 'cmake_target_skip_unavailable' from command line to 'False'
[0.410s] Level 5:colcon.colcon_core.verb:set package 'obstacles' build argument 'cmake_clean_cache' from command line to 'False'
[0.410s] Level 5:colcon.colcon_core.verb:set package 'obstacles' build argument 'cmake_clean_first' from command line to 'False'
[0.410s] Level 5:colcon.colcon_core.verb:set package 'obstacles' build argument 'cmake_force_configure' from command line to 'False'
[0.410s] Level 5:colcon.colcon_core.verb:set package 'obstacles' build argument 'ament_cmake_args' from command line to 'None'
[0.410s] Level 5:colcon.colcon_core.verb:set package 'obstacles' build argument 'catkin_cmake_args' from command line to 'None'
[0.410s] Level 5:colcon.colcon_core.verb:set package 'obstacles' build argument 'catkin_skip_building_tests' from command line to 'False'
[0.410s] DEBUG:colcon.colcon_core.verb:Building package 'obstacles' with the following arguments: {'ament_cmake_args': None, 'build_base': '/home/marc/Documents/GitHub/IR2117-PSR/tb3_ws/src/build/obstacles', 'catkin_cmake_args': None, 'catkin_skip_building_tests': False, 'cmake_args': None, 'cmake_clean_cache': False, 'cmake_clean_first': False, 'cmake_force_configure': False, 'cmake_target': None, 'cmake_target_skip_unavailable': False, 'install_base': '/home/marc/Documents/GitHub/IR2117-PSR/tb3_ws/src/install/obstacles', 'merge_install': False, 'path': '/home/marc/Documents/GitHub/IR2117-PSR/tb3_ws/src/obstacles', 'symlink_install': False, 'test_result_base': None}
[0.411s] Level 5:colcon.colcon_core.verb:set package 'robot_trajectory' build argument 'cmake_args' from command line to 'None'
[0.411s] Level 5:colcon.colcon_core.verb:set package 'robot_trajectory' build argument 'cmake_target' from command line to 'None'
[0.411s] Level 5:colcon.colcon_core.verb:set package 'robot_trajectory' build argument 'cmake_target_skip_unavailable' from command line to 'False'
[0.411s] Level 5:colcon.colcon_core.verb:set package 'robot_trajectory' build argument 'cmake_clean_cache' from command line to 'False'
[0.411s] Level 5:colcon.colcon_core.verb:set package 'robot_trajectory' build argument 'cmake_clean_first' from command line to 'False'
[0.411s] Level 5:colcon.colcon_core.verb:set package 'robot_trajectory' build argument 'cmake_force_configure' from command line to 'False'
[0.411s] Level 5:colcon.colcon_core.verb:set package 'robot_trajectory' build argument 'ament_cmake_args' from command line to 'None'
[0.411s] Level 5:colcon.colcon_core.verb:set package 'robot_trajectory' build argument 'catkin_cmake_args' from command line to 'None'
[0.411s] Level 5:colcon.colcon_core.verb:set package 'robot_trajectory' build argument 'catkin_skip_building_tests' from command line to 'False'
[0.411s] DEBUG:colcon.colcon_core.verb:Building package 'robot_trajectory' with the following arguments: {'ament_cmake_args': None, 'build_base': '/home/marc/Documents/GitHub/IR2117-PSR/tb3_ws/src/build/robot_trajectory', 'catkin_cmake_args': None, 'catkin_skip_building_tests': False, 'cmake_args': None, 'cmake_clean_cache': False, 'cmake_clean_first': False, 'cmake_force_configure': False, 'cmake_target': None, 'cmake_target_skip_unavailable': False, 'install_base': '/home/marc/Documents/GitHub/IR2117-PSR/tb3_ws/src/install/robot_trajectory', 'merge_install': False, 'path': '/home/marc/Documents/GitHub/IR2117-PSR/tb3_ws/src/robot_trajectory', 'symlink_install': False, 'test_result_base': None}
[0.411s] INFO:colcon.colcon_core.executor:Executing jobs using 'parallel' executor
[0.427s] DEBUG:colcon.colcon_parallel_executor.executor.parallel:run_until_complete
[0.427s] INFO:colcon.colcon_ros.task.ament_cmake.build:Building ROS package in '/home/marc/Documents/GitHub/IR2117-PSR/tb3_ws/src/obstacles' with build type 'ament_cmake'
[0.427s] INFO:colcon.colcon_cmake.task.cmake.build:Building CMake package in '/home/marc/Documents/GitHub/IR2117-PSR/tb3_ws/src/obstacles'
[0.430s] INFO:colcon.colcon_core.plugin_system:Skipping extension 'colcon_core.shell.bat': Not used on non-Windows systems
[0.430s] INFO:colcon.colcon_core.shell:Skip shell extension 'powershell' for command environment: Not usable outside of PowerShell
[0.430s] DEBUG:colcon.colcon_core.shell:Skip shell extension 'dsv' for command environment
[0.440s] DEBUG:colcon.colcon_core.event_handler.log_command:Invoking command in '/home/marc/Documents/GitHub/IR2117-PSR/tb3_ws/src/build/obstacles': CMAKE_PREFIX_PATH=/opt/ros/foxy /usr/bin/cmake /home/marc/Documents/GitHub/IR2117-PSR/tb3_ws/src/obstacles -DCMAKE_INSTALL_PREFIX=/home/marc/Documents/GitHub/IR2117-PSR/tb3_ws/src/install/obstacles
[3.190s] DEBUG:colcon.colcon_core.event_handler.log_command:Invoked command in '/home/marc/Documents/GitHub/IR2117-PSR/tb3_ws/src/build/obstacles' returned '0': CMAKE_PREFIX_PATH=/opt/ros/foxy /usr/bin/cmake /home/marc/Documents/GitHub/IR2117-PSR/tb3_ws/src/obstacles -DCMAKE_INSTALL_PREFIX=/home/marc/Documents/GitHub/IR2117-PSR/tb3_ws/src/install/obstacles
[3.190s] DEBUG:colcon.colcon_core.event_handler.log_command:Invoking command in '/home/marc/Documents/GitHub/IR2117-PSR/tb3_ws/src/build/obstacles': CMAKE_PREFIX_PATH=/opt/ros/foxy /usr/bin/cmake --build /home/marc/Documents/GitHub/IR2117-PSR/tb3_ws/src/build/obstacles -- -j1 -l1
[13.066s] DEBUG:colcon.colcon_core.event_handler.log_command:Invoked command in '/home/marc/Documents/GitHub/IR2117-PSR/tb3_ws/src/build/obstacles' returned '0': CMAKE_PREFIX_PATH=/opt/ros/foxy /usr/bin/cmake --build /home/marc/Documents/GitHub/IR2117-PSR/tb3_ws/src/build/obstacles -- -j1 -l1
[13.159s] DEBUG:colcon.colcon_core.event_handler.log_command:Invoking command in '/home/marc/Documents/GitHub/IR2117-PSR/tb3_ws/src/build/obstacles': CMAKE_PREFIX_PATH=/opt/ros/foxy /usr/bin/cmake --install /home/marc/Documents/GitHub/IR2117-PSR/tb3_ws/src/build/obstacles
[13.191s] Level 1:colcon.colcon_core.environment:create_environment_scripts_only(obstacles)
[13.194s] Level 1:colcon.colcon_core.environment:checking '/home/marc/Documents/GitHub/IR2117-PSR/tb3_ws/src/install/obstacles' for CMake module files
[13.194s] Level 1:colcon.colcon_core.environment:checking '/home/marc/Documents/GitHub/IR2117-PSR/tb3_ws/src/install/obstacles' for CMake config files
[13.194s] Level 1:colcon.colcon_core.shell:create_environment_hook('obstacles', 'cmake_prefix_path')
[13.195s] INFO:colcon.colcon_core.shell:Creating environment hook '/home/marc/Documents/GitHub/IR2117-PSR/tb3_ws/src/install/obstacles/share/obstacles/hook/cmake_prefix_path.ps1'
[13.196s] INFO:colcon.colcon_core.shell:Creating environment descriptor '/home/marc/Documents/GitHub/IR2117-PSR/tb3_ws/src/install/obstacles/share/obstacles/hook/cmake_prefix_path.dsv'
[13.196s] INFO:colcon.colcon_core.shell:Creating environment hook '/home/marc/Documents/GitHub/IR2117-PSR/tb3_ws/src/install/obstacles/share/obstacles/hook/cmake_prefix_path.sh'
[13.196s] Level 1:colcon.colcon_core.environment:checking '/home/marc/Documents/GitHub/IR2117-PSR/tb3_ws/src/install/obstacles/lib'
[13.197s] Level 1:colcon.colcon_core.environment:checking '/home/marc/Documents/GitHub/IR2117-PSR/tb3_ws/src/install/obstacles/bin'
[13.197s] Level 1:colcon.colcon_core.environment:checking '/home/marc/Documents/GitHub/IR2117-PSR/tb3_ws/src/install/obstacles/lib/pkgconfig/obstacles.pc'
[13.197s] Level 1:colcon.colcon_core.environment:checking '/home/marc/Documents/GitHub/IR2117-PSR/tb3_ws/src/install/obstacles/lib/python3.8/site-packages'
[13.197s] Level 1:colcon.colcon_core.environment:checking '/home/marc/Documents/GitHub/IR2117-PSR/tb3_ws/src/install/obstacles/bin'
[13.198s] INFO:colcon.colcon_core.shell:Creating package script '/home/marc/Documents/GitHub/IR2117-PSR/tb3_ws/src/install/obstacles/share/obstacles/package.ps1'
[13.198s] INFO:colcon.colcon_core.shell:Creating package descriptor '/home/marc/Documents/GitHub/IR2117-PSR/tb3_ws/src/install/obstacles/share/obstacles/package.dsv'
[13.211s] DEBUG:colcon.colcon_core.event_handler.log_command:Invoked command in '/home/marc/Documents/GitHub/IR2117-PSR/tb3_ws/src/build/obstacles' returned '0': CMAKE_PREFIX_PATH=/opt/ros/foxy /usr/bin/cmake --install /home/marc/Documents/GitHub/IR2117-PSR/tb3_ws/src/build/obstacles
[13.212s] INFO:colcon.colcon_core.shell:Creating package script '/home/marc/Documents/GitHub/IR2117-PSR/tb3_ws/src/install/obstacles/share/obstacles/package.sh'
[13.212s] INFO:colcon.colcon_core.shell:Creating package script '/home/marc/Documents/GitHub/IR2117-PSR/tb3_ws/src/install/obstacles/share/obstacles/package.bash'
[13.213s] INFO:colcon.colcon_core.shell:Creating package script '/home/marc/Documents/GitHub/IR2117-PSR/tb3_ws/src/install/obstacles/share/obstacles/package.zsh'
[13.213s] Level 1:colcon.colcon_core.environment:create_file_with_runtime_dependencies(/home/marc/Documents/GitHub/IR2117-PSR/tb3_ws/src/install/obstacles/share/colcon-core/packages/obstacles)
[13.308s] Level 1:colcon.colcon_core.environment:create_environment_scripts_only(obstacles)
[13.310s] Level 1:colcon.colcon_core.environment:checking '/home/marc/Documents/GitHub/IR2117-PSR/tb3_ws/src/install/obstacles' for CMake module files
[13.310s] Level 1:colcon.colcon_core.environment:checking '/home/marc/Documents/GitHub/IR2117-PSR/tb3_ws/src/install/obstacles' for CMake config files
[13.310s] Level 1:colcon.colcon_core.shell:create_environment_hook('obstacles', 'cmake_prefix_path')
[13.311s] INFO:colcon.colcon_core.shell:Creating environment hook '/home/marc/Documents/GitHub/IR2117-PSR/tb3_ws/src/install/obstacles/share/obstacles/hook/cmake_prefix_path.ps1'
[13.327s] INFO:colcon.colcon_core.shell:Creating environment descriptor '/home/marc/Documents/GitHub/IR2117-PSR/tb3_ws/src/install/obstacles/share/obstacles/hook/cmake_prefix_path.dsv'
[13.328s] INFO:colcon.colcon_core.shell:Creating environment hook '/home/marc/Documents/GitHub/IR2117-PSR/tb3_ws/src/install/obstacles/share/obstacles/hook/cmake_prefix_path.sh'
[13.329s] Level 1:colcon.colcon_core.environment:checking '/home/marc/Documents/GitHub/IR2117-PSR/tb3_ws/src/install/obstacles/lib'
[13.329s] Level 1:colcon.colcon_core.environment:checking '/home/marc/Documents/GitHub/IR2117-PSR/tb3_ws/src/install/obstacles/bin'
[13.329s] Level 1:colcon.colcon_core.environment:checking '/home/marc/Documents/GitHub/IR2117-PSR/tb3_ws/src/install/obstacles/lib/pkgconfig/obstacles.pc'
[13.330s] Level 1:colcon.colcon_core.environment:checking '/home/marc/Documents/GitHub/IR2117-PSR/tb3_ws/src/install/obstacles/lib/python3.8/site-packages'
[13.330s] Level 1:colcon.colcon_core.environment:checking '/home/marc/Documents/GitHub/IR2117-PSR/tb3_ws/src/install/obstacles/bin'
[13.331s] INFO:colcon.colcon_core.shell:Creating package script '/home/marc/Documents/GitHub/IR2117-PSR/tb3_ws/src/install/obstacles/share/obstacles/package.ps1'
[13.334s] INFO:colcon.colcon_core.shell:Creating package descriptor '/home/marc/Documents/GitHub/IR2117-PSR/tb3_ws/src/install/obstacles/share/obstacles/package.dsv'
[13.334s] INFO:colcon.colcon_core.shell:Creating package script '/home/marc/Documents/GitHub/IR2117-PSR/tb3_ws/src/install/obstacles/share/obstacles/package.sh'
[13.351s] INFO:colcon.colcon_core.shell:Creating package script '/home/marc/Documents/GitHub/IR2117-PSR/tb3_ws/src/install/obstacles/share/obstacles/package.bash'
[13.351s] INFO:colcon.colcon_core.shell:Creating package script '/home/marc/Documents/GitHub/IR2117-PSR/tb3_ws/src/install/obstacles/share/obstacles/package.zsh'
[13.352s] Level 1:colcon.colcon_core.environment:create_file_with_runtime_dependencies(/home/marc/Documents/GitHub/IR2117-PSR/tb3_ws/src/install/obstacles/share/colcon-core/packages/obstacles)
[13.357s] INFO:colcon.colcon_ros.task.ament_cmake.build:Building ROS package in '/home/marc/Documents/GitHub/IR2117-PSR/tb3_ws/src/robot_trajectory' with build type 'ament_cmake'
[13.358s] INFO:colcon.colcon_cmake.task.cmake.build:Building CMake package in '/home/marc/Documents/GitHub/IR2117-PSR/tb3_ws/src/robot_trajectory'
[13.359s] INFO:colcon.colcon_core.shell:Skip shell extension 'powershell' for command environment: Not usable outside of PowerShell
[13.359s] DEBUG:colcon.colcon_core.shell:Skip shell extension 'dsv' for command environment
[13.401s] DEBUG:colcon.colcon_core.event_handler.log_command:Invoking command in '/home/marc/Documents/GitHub/IR2117-PSR/tb3_ws/src/build/robot_trajectory': CMAKE_PREFIX_PATH=/opt/ros/foxy /usr/bin/cmake /home/marc/Documents/GitHub/IR2117-PSR/tb3_ws/src/robot_trajectory -DCMAKE_INSTALL_PREFIX=/home/marc/Documents/GitHub/IR2117-PSR/tb3_ws/src/install/robot_trajectory
[16.970s] DEBUG:colcon.colcon_core.event_handler.log_command:Invoked command in '/home/marc/Documents/GitHub/IR2117-PSR/tb3_ws/src/build/robot_trajectory' returned '0': CMAKE_PREFIX_PATH=/opt/ros/foxy /usr/bin/cmake /home/marc/Documents/GitHub/IR2117-PSR/tb3_ws/src/robot_trajectory -DCMAKE_INSTALL_PREFIX=/home/marc/Documents/GitHub/IR2117-PSR/tb3_ws/src/install/robot_trajectory
[16.971s] DEBUG:colcon.colcon_core.event_handler.log_command:Invoking command in '/home/marc/Documents/GitHub/IR2117-PSR/tb3_ws/src/build/robot_trajectory': CMAKE_PREFIX_PATH=/opt/ros/foxy /usr/bin/cmake --build /home/marc/Documents/GitHub/IR2117-PSR/tb3_ws/src/build/robot_trajectory -- -j1 -l1
[22.146s] DEBUG:colcon.colcon_core.event_handler.log_command:Invoked command in '/home/marc/Documents/GitHub/IR2117-PSR/tb3_ws/src/build/robot_trajectory' returned '2': CMAKE_PREFIX_PATH=/opt/ros/foxy /usr/bin/cmake --build /home/marc/Documents/GitHub/IR2117-PSR/tb3_ws/src/build/robot_trajectory -- -j1 -l1
[22.162s] Level 1:colcon.colcon_core.environment:create_environment_scripts_only(robot_trajectory)
[22.163s] Level 1:colcon.colcon_core.environment:checking '/home/marc/Documents/GitHub/IR2117-PSR/tb3_ws/src/install/robot_trajectory' for CMake module files
[22.163s] Level 1:colcon.colcon_core.environment:checking '/home/marc/Documents/GitHub/IR2117-PSR/tb3_ws/src/install/robot_trajectory' for CMake config files
[22.163s] Level 1:colcon.colcon_core.environment:checking '/home/marc/Documents/GitHub/IR2117-PSR/tb3_ws/src/install/robot_trajectory/bin'
[22.163s] Level 1:colcon.colcon_core.environment:checking '/home/marc/Documents/GitHub/IR2117-PSR/tb3_ws/src/install/robot_trajectory/lib/pkgconfig/robot_trajectory.pc'
[22.163s] Level 1:colcon.colcon_core.environment:checking '/home/marc/Documents/GitHub/IR2117-PSR/tb3_ws/src/install/robot_trajectory/lib/python3.8/site-packages'
[22.164s] Level 1:colcon.colcon_core.environment:checking '/home/marc/Documents/GitHub/IR2117-PSR/tb3_ws/src/install/robot_trajectory/bin'
[22.164s] INFO:colcon.colcon_core.shell:Creating package script '/home/marc/Documents/GitHub/IR2117-PSR/tb3_ws/src/install/robot_trajectory/share/robot_trajectory/package.ps1'
[22.165s] INFO:colcon.colcon_core.shell:Creating package descriptor '/home/marc/Documents/GitHub/IR2117-PSR/tb3_ws/src/install/robot_trajectory/share/robot_trajectory/package.dsv'
[22.165s] INFO:colcon.colcon_core.shell:Creating package script '/home/marc/Documents/GitHub/IR2117-PSR/tb3_ws/src/install/robot_trajectory/share/robot_trajectory/package.sh'
[22.165s] INFO:colcon.colcon_core.shell:Creating package script '/home/marc/Documents/GitHub/IR2117-PSR/tb3_ws/src/install/robot_trajectory/share/robot_trajectory/package.bash'
[22.165s] INFO:colcon.colcon_core.shell:Creating package script '/home/marc/Documents/GitHub/IR2117-PSR/tb3_ws/src/install/robot_trajectory/share/robot_trajectory/package.zsh'
[22.166s] Level 1:colcon.colcon_core.environment:create_file_with_runtime_dependencies(/home/marc/Documents/GitHub/IR2117-PSR/tb3_ws/src/install/robot_trajectory/share/colcon-core/packages/robot_trajectory)
[22.173s] DEBUG:colcon.colcon_parallel_executor.executor.parallel:closing loop
[22.173s] DEBUG:colcon.colcon_parallel_executor.executor.parallel:loop closed
[22.174s] DEBUG:colcon.colcon_parallel_executor.executor.parallel:run_until_complete finished with '2'
[22.174s] DEBUG:colcon.colcon_core.event_reactor:joining thread
[22.314s] INFO:colcon.colcon_core.plugin_system:Skipping extension 'colcon_notification.desktop_notification.terminal_notifier': Not used on non-Darwin systems
[22.314s] INFO:colcon.colcon_core.plugin_system:Skipping extension 'colcon_notification.desktop_notification.win32': Not used on non-Windows systems
[22.314s] INFO:colcon.colcon_notification.desktop_notification:Sending desktop notification using 'notify2'
[22.344s] DEBUG:colcon.colcon_core.event_reactor:joined thread
[22.345s] INFO:colcon.colcon_core.shell:Creating prefix script '/home/marc/Documents/GitHub/IR2117-PSR/tb3_ws/src/install/local_setup.ps1'
[22.345s] INFO:colcon.colcon_core.shell:Creating prefix util module '/home/marc/Documents/GitHub/IR2117-PSR/tb3_ws/src/install/_local_setup_util_ps1.py'
[22.346s] INFO:colcon.colcon_core.shell:Creating prefix chain script '/home/marc/Documents/GitHub/IR2117-PSR/tb3_ws/src/install/setup.ps1'
[22.347s] INFO:colcon.colcon_core.shell:Creating prefix script '/home/marc/Documents/GitHub/IR2117-PSR/tb3_ws/src/install/local_setup.sh'
[22.347s] INFO:colcon.colcon_core.shell:Creating prefix util module '/home/marc/Documents/GitHub/IR2117-PSR/tb3_ws/src/install/_local_setup_util_sh.py'
[22.347s] INFO:colcon.colcon_core.shell:Creating prefix chain script '/home/marc/Documents/GitHub/IR2117-PSR/tb3_ws/src/install/setup.sh'
[22.348s] INFO:colcon.colcon_core.shell:Creating prefix script '/home/marc/Documents/GitHub/IR2117-PSR/tb3_ws/src/install/local_setup.bash'
[22.348s] INFO:colcon.colcon_core.shell:Creating prefix chain script '/home/marc/Documents/GitHub/IR2117-PSR/tb3_ws/src/install/setup.bash'
[22.349s] INFO:colcon.colcon_core.shell:Creating prefix script '/home/marc/Documents/GitHub/IR2117-PSR/tb3_ws/src/install/local_setup.zsh'
[22.349s] INFO:colcon.colcon_core.shell:Creating prefix chain script '/home/marc/Documents/GitHub/IR2117-PSR/tb3_ws/src/install/setup.zsh'
