[0.056s] Invoking command in '/home/marc/Documentos/GitHub/IR2117-PSR/tb3_ws/build/olympic_interfaces': CMAKE_PREFIX_PATH=/opt/ros/foxy /usr/bin/cmake --build /home/marc/Documentos/GitHub/IR2117-PSR/tb3_ws/build/olympic_interfaces -- -j2 -l2
[0.326s] [  3%] Built target olympic_interfaces__cpp
[0.392s] [ 12%] Built target olympic_interfaces__rosidl_generator_c
[0.451s] [ 22%] Built target olympic_interfaces__rosidl_typesupport_fastrtps_cpp
[0.548s] [ 32%] Built target olympic_interfaces__rosidl_typesupport_introspection_cpp
[0.553s] [ 41%] Built target olympic_interfaces__rosidl_typesupport_c
[0.639s] [ 51%] Built target olympic_interfaces__rosidl_typesupport_cpp
[0.668s] [ 61%] Built target olympic_interfaces__rosidl_typesupport_fastrtps_c
[0.755s] [ 70%] Built target olympic_interfaces__rosidl_typesupport_introspection_c
[0.886s] [ 70%] Built target olympic_interfaces
[0.966s] [ 74%] Built target olympic_interfaces__py
[1.075s] [ 80%] Built target olympic_interfaces__python
[1.214s] [ 87%] Built target olympic_interfaces__rosidl_typesupport_fastrtps_c__pyext
[1.310s] [ 93%] Built target olympic_interfaces__rosidl_typesupport_introspection_c__pyext
[1.368s] [100%] Built target olympic_interfaces__rosidl_typesupport_c__pyext
[1.415s] Invoked command in '/home/marc/Documentos/GitHub/IR2117-PSR/tb3_ws/build/olympic_interfaces' returned '0': CMAKE_PREFIX_PATH=/opt/ros/foxy /usr/bin/cmake --build /home/marc/Documentos/GitHub/IR2117-PSR/tb3_ws/build/olympic_interfaces -- -j2 -l2
[1.625s] Invoking command in '/home/marc/Documentos/GitHub/IR2117-PSR/tb3_ws/build/olympic_interfaces': CMAKE_PREFIX_PATH=/opt/ros/foxy /usr/bin/cmake --install /home/marc/Documentos/GitHub/IR2117-PSR/tb3_ws/build/olympic_interfaces
[1.648s] -- Install configuration: ""
[1.649s] -- Up-to-date: /home/marc/Documentos/GitHub/IR2117-PSR/tb3_ws/install/olympic_interfaces/share/ament_index/resource_index/rosidl_interfaces/olympic_interfaces
[1.649s] -- Up-to-date: /home/marc/Documentos/GitHub/IR2117-PSR/tb3_ws/install/olympic_interfaces/include/olympic_interfaces
[1.649s] -- Up-to-date: /home/marc/Documentos/GitHub/IR2117-PSR/tb3_ws/install/olympic_interfaces/include/olympic_interfaces/msg
[1.650s] -- Up-to-date: /home/marc/Documentos/GitHub/IR2117-PSR/tb3_ws/install/olympic_interfaces/include/olympic_interfaces/msg/rosidl_generator_c__visibility_control.h
[1.650s] -- Up-to-date: /home/marc/Documentos/GitHub/IR2117-PSR/tb3_ws/install/olympic_interfaces/include/olympic_interfaces/action
[1.650s] -- Up-to-date: /home/marc/Documentos/GitHub/IR2117-PSR/tb3_ws/install/olympic_interfaces/include/olympic_interfaces/action/rings.h
[1.651s] -- Up-to-date: /home/marc/Documentos/GitHub/IR2117-PSR/tb3_ws/install/olympic_interfaces/include/olympic_interfaces/action/detail
[1.651s] -- Up-to-date: /home/marc/Documentos/GitHub/IR2117-PSR/tb3_ws/install/olympic_interfaces/include/olympic_interfaces/action/detail/rings__functions.h
[1.651s] -- Up-to-date: /home/marc/Documentos/GitHub/IR2117-PSR/tb3_ws/install/olympic_interfaces/include/olympic_interfaces/action/detail/rings__functions.c
[1.652s] -- Up-to-date: /home/marc/Documentos/GitHub/IR2117-PSR/tb3_ws/install/olympic_interfaces/include/olympic_interfaces/action/detail/rings__struct.h
[1.652s] -- Up-to-date: /home/marc/Documentos/GitHub/IR2117-PSR/tb3_ws/install/olympic_interfaces/include/olympic_interfaces/action/detail/rings__type_support.h
[1.652s] -- Up-to-date: /home/marc/Documentos/GitHub/IR2117-PSR/tb3_ws/install/olympic_interfaces/share/olympic_interfaces/environment/library_path.sh
[1.653s] -- Up-to-date: /home/marc/Documentos/GitHub/IR2117-PSR/tb3_ws/install/olympic_interfaces/share/olympic_interfaces/environment/library_path.dsv
[1.654s] -- Up-to-date: /home/marc/Documentos/GitHub/IR2117-PSR/tb3_ws/install/olympic_interfaces/lib/libolympic_interfaces__rosidl_generator_c.so
[1.654s] -- Up-to-date: /home/marc/Documentos/GitHub/IR2117-PSR/tb3_ws/install/olympic_interfaces/include/olympic_interfaces
[1.655s] -- Up-to-date: /home/marc/Documentos/GitHub/IR2117-PSR/tb3_ws/install/olympic_interfaces/include/olympic_interfaces/msg
[1.655s] -- Up-to-date: /home/marc/Documentos/GitHub/IR2117-PSR/tb3_ws/install/olympic_interfaces/include/olympic_interfaces/msg/rosidl_typesupport_fastrtps_c__visibility_control.h
[1.656s] -- Up-to-date: /home/marc/Documentos/GitHub/IR2117-PSR/tb3_ws/install/olympic_interfaces/include/olympic_interfaces/action
[1.656s] -- Up-to-date: /home/marc/Documentos/GitHub/IR2117-PSR/tb3_ws/install/olympic_interfaces/include/olympic_interfaces/action/detail
[1.656s] -- Up-to-date: /home/marc/Documentos/GitHub/IR2117-PSR/tb3_ws/install/olympic_interfaces/include/olympic_interfaces/action/detail/rings__rosidl_typesupport_fastrtps_c.h
[1.657s] -- Up-to-date: /home/marc/Documentos/GitHub/IR2117-PSR/tb3_ws/install/olympic_interfaces/lib/libolympic_interfaces__rosidl_typesupport_fastrtps_c.so
[1.658s] -- Up-to-date: /home/marc/Documentos/GitHub/IR2117-PSR/tb3_ws/install/olympic_interfaces/include/olympic_interfaces
[1.658s] -- Up-to-date: /home/marc/Documentos/GitHub/IR2117-PSR/tb3_ws/install/olympic_interfaces/include/olympic_interfaces/msg
[1.659s] -- Up-to-date: /home/marc/Documentos/GitHub/IR2117-PSR/tb3_ws/install/olympic_interfaces/include/olympic_interfaces/msg/rosidl_typesupport_fastrtps_cpp__visibility_control.h
[1.659s] -- Up-to-date: /home/marc/Documentos/GitHub/IR2117-PSR/tb3_ws/install/olympic_interfaces/include/olympic_interfaces/action
[1.659s] -- Up-to-date: /home/marc/Documentos/GitHub/IR2117-PSR/tb3_ws/install/olympic_interfaces/include/olympic_interfaces/action/detail
[1.660s] -- Up-to-date: /home/marc/Documentos/GitHub/IR2117-PSR/tb3_ws/install/olympic_interfaces/include/olympic_interfaces/action/detail/rings__rosidl_typesupport_fastrtps_cpp.hpp
[1.660s] -- Up-to-date: /home/marc/Documentos/GitHub/IR2117-PSR/tb3_ws/install/olympic_interfaces/include/olympic_interfaces/action/detail/dds_fastrtps
[1.661s] -- Up-to-date: /home/marc/Documentos/GitHub/IR2117-PSR/tb3_ws/install/olympic_interfaces/lib/libolympic_interfaces__rosidl_typesupport_fastrtps_cpp.so
[1.662s] -- Up-to-date: /home/marc/Documentos/GitHub/IR2117-PSR/tb3_ws/install/olympic_interfaces/include/olympic_interfaces
[1.662s] -- Up-to-date: /home/marc/Documentos/GitHub/IR2117-PSR/tb3_ws/install/olympic_interfaces/include/olympic_interfaces/msg
[1.663s] -- Up-to-date: /home/marc/Documentos/GitHub/IR2117-PSR/tb3_ws/install/olympic_interfaces/include/olympic_interfaces/msg/rosidl_typesupport_introspection_c__visibility_control.h
[1.663s] -- Up-to-date: /home/marc/Documentos/GitHub/IR2117-PSR/tb3_ws/install/olympic_interfaces/include/olympic_interfaces/action
[1.664s] -- Up-to-date: /home/marc/Documentos/GitHub/IR2117-PSR/tb3_ws/install/olympic_interfaces/include/olympic_interfaces/action/detail
[1.664s] -- Up-to-date: /home/marc/Documentos/GitHub/IR2117-PSR/tb3_ws/install/olympic_interfaces/include/olympic_interfaces/action/detail/rings__rosidl_typesupport_introspection_c.h
[1.664s] -- Up-to-date: /home/marc/Documentos/GitHub/IR2117-PSR/tb3_ws/install/olympic_interfaces/include/olympic_interfaces/action/detail/rings__type_support.c
[1.665s] -- Up-to-date: /home/marc/Documentos/GitHub/IR2117-PSR/tb3_ws/install/olympic_interfaces/lib/libolympic_interfaces__rosidl_typesupport_introspection_c.so
[1.666s] -- Up-to-date: /home/marc/Documentos/GitHub/IR2117-PSR/tb3_ws/install/olympic_interfaces/lib/libolympic_interfaces__rosidl_typesupport_c.so
[1.667s] -- Up-to-date: /home/marc/Documentos/GitHub/IR2117-PSR/tb3_ws/install/olympic_interfaces/include/olympic_interfaces
[1.667s] -- Up-to-date: /home/marc/Documentos/GitHub/IR2117-PSR/tb3_ws/install/olympic_interfaces/include/olympic_interfaces/action
[1.667s] -- Up-to-date: /home/marc/Documentos/GitHub/IR2117-PSR/tb3_ws/install/olympic_interfaces/include/olympic_interfaces/action/rings.hpp
[1.668s] -- Up-to-date: /home/marc/Documentos/GitHub/IR2117-PSR/tb3_ws/install/olympic_interfaces/include/olympic_interfaces/action/detail
[1.668s] -- Up-to-date: /home/marc/Documentos/GitHub/IR2117-PSR/tb3_ws/install/olympic_interfaces/include/olympic_interfaces/action/detail/rings__traits.hpp
[1.668s] -- Up-to-date: /home/marc/Documentos/GitHub/IR2117-PSR/tb3_ws/install/olympic_interfaces/include/olympic_interfaces/action/detail/rings__struct.hpp
[1.669s] -- Up-to-date: /home/marc/Documentos/GitHub/IR2117-PSR/tb3_ws/install/olympic_interfaces/include/olympic_interfaces/action/detail/rings__builder.hpp
[1.669s] -- Up-to-date: /home/marc/Documentos/GitHub/IR2117-PSR/tb3_ws/install/olympic_interfaces/include/olympic_interfaces
[1.669s] -- Up-to-date: /home/marc/Documentos/GitHub/IR2117-PSR/tb3_ws/install/olympic_interfaces/include/olympic_interfaces/action
[1.669s] -- Up-to-date: /home/marc/Documentos/GitHub/IR2117-PSR/tb3_ws/install/olympic_interfaces/include/olympic_interfaces/action/detail
[1.670s] -- Up-to-date: /home/marc/Documentos/GitHub/IR2117-PSR/tb3_ws/install/olympic_interfaces/include/olympic_interfaces/action/detail/rings__rosidl_typesupport_introspection_cpp.hpp
[1.670s] -- Up-to-date: /home/marc/Documentos/GitHub/IR2117-PSR/tb3_ws/install/olympic_interfaces/include/olympic_interfaces/action/detail/rings__type_support.cpp
[1.671s] -- Up-to-date: /home/marc/Documentos/GitHub/IR2117-PSR/tb3_ws/install/olympic_interfaces/lib/libolympic_interfaces__rosidl_typesupport_introspection_cpp.so
[1.673s] -- Up-to-date: /home/marc/Documentos/GitHub/IR2117-PSR/tb3_ws/install/olympic_interfaces/lib/libolympic_interfaces__rosidl_typesupport_cpp.so
[1.674s] -- Up-to-date: /home/marc/Documentos/GitHub/IR2117-PSR/tb3_ws/install/olympic_interfaces/share/olympic_interfaces/environment/pythonpath.sh
[1.674s] -- Up-to-date: /home/marc/Documentos/GitHub/IR2117-PSR/tb3_ws/install/olympic_interfaces/share/olympic_interfaces/environment/pythonpath.dsv
[1.674s] -- Up-to-date: /home/marc/Documentos/GitHub/IR2117-PSR/tb3_ws/install/olympic_interfaces/lib/python3.8/site-packages/olympic_interfaces/__init__.py
[1.749s] -- Up-to-date: /home/marc/Documentos/GitHub/IR2117-PSR/tb3_ws/install/olympic_interfaces/lib/python3.8/site-packages/olympic_interfaces/action
[1.750s] -- Up-to-date: /home/marc/Documentos/GitHub/IR2117-PSR/tb3_ws/install/olympic_interfaces/lib/python3.8/site-packages/olympic_interfaces/action/_rings.py
[1.750s] -- Up-to-date: /home/marc/Documentos/GitHub/IR2117-PSR/tb3_ws/install/olympic_interfaces/lib/python3.8/site-packages/olympic_interfaces/action/_rings_s.c
[1.752s] -- Up-to-date: /home/marc/Documentos/GitHub/IR2117-PSR/tb3_ws/install/olympic_interfaces/lib/python3.8/site-packages/olympic_interfaces/action/__init__.py
[1.752s] -- Up-to-date: /home/marc/Documentos/GitHub/IR2117-PSR/tb3_ws/install/olympic_interfaces/lib/python3.8/site-packages/olympic_interfaces/olympic_interfaces_s__rosidl_typesupport_fastrtps_c.cpython-38-x86_64-linux-gnu.so
[1.754s] -- Up-to-date: /home/marc/Documentos/GitHub/IR2117-PSR/tb3_ws/install/olympic_interfaces/lib/python3.8/site-packages/olympic_interfaces/olympic_interfaces_s__rosidl_typesupport_introspection_c.cpython-38-x86_64-linux-gnu.so
[1.756s] -- Up-to-date: /home/marc/Documentos/GitHub/IR2117-PSR/tb3_ws/install/olympic_interfaces/lib/python3.8/site-packages/olympic_interfaces/olympic_interfaces_s__rosidl_typesupport_c.cpython-38-x86_64-linux-gnu.so
[1.757s] -- Up-to-date: /home/marc/Documentos/GitHub/IR2117-PSR/tb3_ws/install/olympic_interfaces/lib/libolympic_interfaces__python.so
[1.758s] -- Up-to-date: /home/marc/Documentos/GitHub/IR2117-PSR/tb3_ws/install/olympic_interfaces/share/olympic_interfaces/action/Rings.idl
[1.760s] -- Up-to-date: /home/marc/Documentos/GitHub/IR2117-PSR/tb3_ws/install/olympic_interfaces/share/olympic_interfaces/action/Rings.action
[1.761s] -- Up-to-date: /home/marc/Documentos/GitHub/IR2117-PSR/tb3_ws/install/olympic_interfaces/share/ament_index/resource_index/package_run_dependencies/olympic_interfaces
[1.761s] -- Up-to-date: /home/marc/Documentos/GitHub/IR2117-PSR/tb3_ws/install/olympic_interfaces/share/ament_index/resource_index/parent_prefix_path/olympic_interfaces
[1.762s] -- Up-to-date: /home/marc/Documentos/GitHub/IR2117-PSR/tb3_ws/install/olympic_interfaces/share/olympic_interfaces/environment/ament_prefix_path.sh
[1.762s] -- Up-to-date: /home/marc/Documentos/GitHub/IR2117-PSR/tb3_ws/install/olympic_interfaces/share/olympic_interfaces/environment/ament_prefix_path.dsv
[1.763s] -- Up-to-date: /home/marc/Documentos/GitHub/IR2117-PSR/tb3_ws/install/olympic_interfaces/share/olympic_interfaces/environment/path.sh
[1.764s] -- Up-to-date: /home/marc/Documentos/GitHub/IR2117-PSR/tb3_ws/install/olympic_interfaces/share/olympic_interfaces/environment/path.dsv
[1.764s] -- Up-to-date: /home/marc/Documentos/GitHub/IR2117-PSR/tb3_ws/install/olympic_interfaces/share/olympic_interfaces/local_setup.bash
[1.764s] -- Up-to-date: /home/marc/Documentos/GitHub/IR2117-PSR/tb3_ws/install/olympic_interfaces/share/olympic_interfaces/local_setup.sh
[1.765s] -- Up-to-date: /home/marc/Documentos/GitHub/IR2117-PSR/tb3_ws/install/olympic_interfaces/share/olympic_interfaces/local_setup.zsh
[1.765s] -- Up-to-date: /home/marc/Documentos/GitHub/IR2117-PSR/tb3_ws/install/olympic_interfaces/share/olympic_interfaces/local_setup.dsv
[1.765s] -- Installing: /home/marc/Documentos/GitHub/IR2117-PSR/tb3_ws/install/olympic_interfaces/share/olympic_interfaces/package.dsv
[1.766s] -- Up-to-date: /home/marc/Documentos/GitHub/IR2117-PSR/tb3_ws/install/olympic_interfaces/share/ament_index/resource_index/packages/olympic_interfaces
[1.766s] -- Up-to-date: /home/marc/Documentos/GitHub/IR2117-PSR/tb3_ws/install/olympic_interfaces/share/olympic_interfaces/cmake/olympic_interfaces__rosidl_generator_cExport.cmake
[1.767s] -- Up-to-date: /home/marc/Documentos/GitHub/IR2117-PSR/tb3_ws/install/olympic_interfaces/share/olympic_interfaces/cmake/olympic_interfaces__rosidl_generator_cExport-noconfig.cmake
[1.767s] -- Up-to-date: /home/marc/Documentos/GitHub/IR2117-PSR/tb3_ws/install/olympic_interfaces/share/olympic_interfaces/cmake/olympic_interfaces__rosidl_typesupport_introspection_cExport.cmake
[1.768s] -- Up-to-date: /home/marc/Documentos/GitHub/IR2117-PSR/tb3_ws/install/olympic_interfaces/share/olympic_interfaces/cmake/olympic_interfaces__rosidl_typesupport_introspection_cExport-noconfig.cmake
[1.769s] -- Up-to-date: /home/marc/Documentos/GitHub/IR2117-PSR/tb3_ws/install/olympic_interfaces/share/olympic_interfaces/cmake/olympic_interfaces__rosidl_typesupport_cExport.cmake
[1.770s] -- Up-to-date: /home/marc/Documentos/GitHub/IR2117-PSR/tb3_ws/install/olympic_interfaces/share/olympic_interfaces/cmake/olympic_interfaces__rosidl_typesupport_cExport-noconfig.cmake
[1.770s] -- Up-to-date: /home/marc/Documentos/GitHub/IR2117-PSR/tb3_ws/install/olympic_interfaces/share/olympic_interfaces/cmake/olympic_interfaces__rosidl_generator_cppExport.cmake
[1.771s] -- Up-to-date: /home/marc/Documentos/GitHub/IR2117-PSR/tb3_ws/install/olympic_interfaces/share/olympic_interfaces/cmake/olympic_interfaces__rosidl_typesupport_introspection_cppExport.cmake
[1.772s] -- Up-to-date: /home/marc/Documentos/GitHub/IR2117-PSR/tb3_ws/install/olympic_interfaces/share/olympic_interfaces/cmake/olympic_interfaces__rosidl_typesupport_introspection_cppExport-noconfig.cmake
[1.772s] -- Up-to-date: /home/marc/Documentos/GitHub/IR2117-PSR/tb3_ws/install/olympic_interfaces/share/olympic_interfaces/cmake/olympic_interfaces__rosidl_typesupport_cppExport.cmake
[1.772s] -- Up-to-date: /home/marc/Documentos/GitHub/IR2117-PSR/tb3_ws/install/olympic_interfaces/share/olympic_interfaces/cmake/olympic_interfaces__rosidl_typesupport_cppExport-noconfig.cmake
[1.773s] -- Up-to-date: /home/marc/Documentos/GitHub/IR2117-PSR/tb3_ws/install/olympic_interfaces/share/olympic_interfaces/cmake/rosidl_cmake-extras.cmake
[1.773s] -- Up-to-date: /home/marc/Documentos/GitHub/IR2117-PSR/tb3_ws/install/olympic_interfaces/share/olympic_interfaces/cmake/ament_cmake_export_dependencies-extras.cmake
[1.774s] -- Up-to-date: /home/marc/Documentos/GitHub/IR2117-PSR/tb3_ws/install/olympic_interfaces/share/olympic_interfaces/cmake/ament_cmake_export_libraries-extras.cmake
[1.774s] -- Up-to-date: /home/marc/Documentos/GitHub/IR2117-PSR/tb3_ws/install/olympic_interfaces/share/olympic_interfaces/cmake/ament_cmake_export_targets-extras.cmake
[1.774s] -- Up-to-date: /home/marc/Documentos/GitHub/IR2117-PSR/tb3_ws/install/olympic_interfaces/share/olympic_interfaces/cmake/ament_cmake_export_include_directories-extras.cmake
[1.775s] -- Up-to-date: /home/marc/Documentos/GitHub/IR2117-PSR/tb3_ws/install/olympic_interfaces/share/olympic_interfaces/cmake/rosidl_cmake_export_typesupport_libraries-extras.cmake
[1.775s] -- Up-to-date: /home/marc/Documentos/GitHub/IR2117-PSR/tb3_ws/install/olympic_interfaces/share/olympic_interfaces/cmake/rosidl_cmake_export_typesupport_targets-extras.cmake
[1.775s] -- Up-to-date: /home/marc/Documentos/GitHub/IR2117-PSR/tb3_ws/install/olympic_interfaces/share/olympic_interfaces/cmake/olympic_interfacesConfig.cmake
[1.776s] -- Up-to-date: /home/marc/Documentos/GitHub/IR2117-PSR/tb3_ws/install/olympic_interfaces/share/olympic_interfaces/cmake/olympic_interfacesConfig-version.cmake
[1.776s] -- Up-to-date: /home/marc/Documentos/GitHub/IR2117-PSR/tb3_ws/install/olympic_interfaces/share/olympic_interfaces/package.xml
[1.790s] Invoked command in '/home/marc/Documentos/GitHub/IR2117-PSR/tb3_ws/build/olympic_interfaces' returned '0': CMAKE_PREFIX_PATH=/opt/ros/foxy /usr/bin/cmake --install /home/marc/Documentos/GitHub/IR2117-PSR/tb3_ws/build/olympic_interfaces
