[0.006s] Invoking command in '/home/marc/Documents/GitHub/IR2117-PSR/tb3_ws/src/build/obstacles': CMAKE_PREFIX_PATH=/opt/ros/foxy /usr/bin/cmake /home/marc/Documents/GitHub/IR2117-PSR/tb3_ws/src/obstacles -DCMAKE_INSTALL_PREFIX=/home/marc/Documents/GitHub/IR2117-PSR/tb3_ws/src/install/obstacles
[0.276s] -- The C compiler identification is GNU 9.4.0
[0.485s] -- The CXX compiler identification is GNU 9.4.0
[0.512s] -- Check for working C compiler: /usr/bin/cc
[0.580s] -- Check for working C compiler: /usr/bin/cc -- works
[0.584s] -- Detecting C compiler ABI info
[0.686s] -- Detecting C compiler ABI info - done
[0.715s] -- Detecting C compile features
[0.717s] -- Detecting C compile features - done
[0.722s] -- Check for working CXX compiler: /usr/bin/c++
[0.789s] -- Check for working CXX compiler: /usr/bin/c++ -- works
[0.790s] -- Detecting CXX compiler ABI info
[0.952s] -- Detecting CXX compiler ABI info - done
[0.968s] -- Detecting CXX compile features
[0.968s] -- Detecting CXX compile features - done
[0.986s] -- Found ament_cmake: 0.9.11 (/opt/ros/foxy/share/ament_cmake/cmake)
[1.034s] -- Found PythonInterp: /usr/bin/python3 (found suitable version "3.8.10", minimum required is "3") 
[1.034s] -- Using PYTHON_EXECUTABLE: /usr/bin/python3
[1.260s] -- Found rclcpp: 2.4.2 (/opt/ros/foxy/share/rclcpp/cmake)
[1.355s] -- Using all available rosidl_typesupport_c: rosidl_typesupport_fastrtps_c;rosidl_typesupport_introspection_c
[1.370s] -- Found rosidl_adapter: 1.3.0 (/opt/ros/foxy/share/rosidl_adapter/cmake)
[1.463s] -- Found OpenSSL: /usr/lib/x86_64-linux-gnu/libcrypto.so (found version "1.1.1f")  
[1.488s] -- Found FastRTPS: /opt/ros/foxy/include  
[1.594s] -- Using all available rosidl_typesupport_cpp: rosidl_typesupport_fastrtps_cpp;rosidl_typesupport_introspection_cpp
[1.685s] -- Found rmw_implementation_cmake: 1.0.3 (/opt/ros/foxy/share/rmw_implementation_cmake/cmake)
[1.691s] -- Using RMW implementation 'rmw_fastrtps_cpp' as default
[1.695s] -- Looking for pthread.h
[1.809s] -- Looking for pthread.h - found
[1.810s] -- Performing Test CMAKE_HAVE_LIBC_PTHREAD
[1.986s] -- Performing Test CMAKE_HAVE_LIBC_PTHREAD - Failed
[1.986s] -- Looking for pthread_create in pthreads
[2.040s] -- Looking for pthread_create in pthreads - not found
[2.040s] -- Looking for pthread_create in pthread
[2.145s] -- Looking for pthread_create in pthread - found
[2.146s] -- Found Threads: TRUE  
[2.366s] -- Found sensor_msgs: 2.0.5 (/opt/ros/foxy/share/sensor_msgs/cmake)
[2.482s] -- Found example_interfaces: 0.9.1 (/opt/ros/foxy/share/example_interfaces/cmake)
[2.603s] -- Found ament_lint_auto: 0.9.7 (/opt/ros/foxy/share/ament_lint_auto/cmake)
[2.723s] -- Added test 'copyright' to check source files copyright and LICENSE
[2.725s] -- Added test 'cppcheck' to perform static code analysis on C / C++ code
[2.725s] -- Configured cppcheck include dirs: 
[2.726s] -- Configured cppcheck exclude dirs and/or files: 
[2.727s] -- Added test 'cpplint' to check C / C++ code against the Google style
[2.727s] -- Configured cpplint exclude dirs and/or files: 
[2.728s] -- Added test 'flake8' to check Python code syntax and style conventions
[2.729s] -- Added test 'lint_cmake' to check CMake code style
[2.730s] -- Added test 'pep257' to check Python code against some of the style conventions in PEP 257
[2.732s] -- Added test 'uncrustify' to check C / C++ code style
[2.732s] -- Configured uncrustify additional arguments: 
[2.733s] -- Added test 'xmllint' to check XML markup files
[2.737s] -- Configuring done
[2.746s] -- Generating done
[2.748s] -- Build files have been written to: /home/marc/Documents/GitHub/IR2117-PSR/tb3_ws/src/build/obstacles
[2.756s] Invoked command in '/home/marc/Documents/GitHub/IR2117-PSR/tb3_ws/src/build/obstacles' returned '0': CMAKE_PREFIX_PATH=/opt/ros/foxy /usr/bin/cmake /home/marc/Documents/GitHub/IR2117-PSR/tb3_ws/src/obstacles -DCMAKE_INSTALL_PREFIX=/home/marc/Documents/GitHub/IR2117-PSR/tb3_ws/src/install/obstacles
[2.757s] Invoking command in '/home/marc/Documents/GitHub/IR2117-PSR/tb3_ws/src/build/obstacles': CMAKE_PREFIX_PATH=/opt/ros/foxy /usr/bin/cmake --build /home/marc/Documents/GitHub/IR2117-PSR/tb3_ws/src/build/obstacles -- -j1 -l1
[2.790s] [35m[1mScanning dependencies of target detector[0m
[3.063s] [ 50%] [32mBuilding CXX object CMakeFiles/detector.dir/src/detector.cpp.o[0m
[12.092s] [100%] [32m[1mLinking CXX executable detector[0m
[12.575s] [100%] Built target detector
[12.632s] Invoked command in '/home/marc/Documents/GitHub/IR2117-PSR/tb3_ws/src/build/obstacles' returned '0': CMAKE_PREFIX_PATH=/opt/ros/foxy /usr/bin/cmake --build /home/marc/Documents/GitHub/IR2117-PSR/tb3_ws/src/build/obstacles -- -j1 -l1
[12.726s] Invoking command in '/home/marc/Documents/GitHub/IR2117-PSR/tb3_ws/src/build/obstacles': CMAKE_PREFIX_PATH=/opt/ros/foxy /usr/bin/cmake --install /home/marc/Documents/GitHub/IR2117-PSR/tb3_ws/src/build/obstacles
[12.747s] -- Install configuration: ""
[12.747s] -- Installing: /home/marc/Documents/GitHub/IR2117-PSR/tb3_ws/src/install/obstacles/lib/obstacles/detector
[12.749s] -- Set runtime path of "/home/marc/Documents/GitHub/IR2117-PSR/tb3_ws/src/install/obstacles/lib/obstacles/detector" to ""
[12.749s] -- Installing: /home/marc/Documents/GitHub/IR2117-PSR/tb3_ws/src/install/obstacles/share/obstacles/launch
[12.749s] -- Installing: /home/marc/Documents/GitHub/IR2117-PSR/tb3_ws/src/install/obstacles/share/obstacles/launch/triple_detector.launch.py
[12.749s] -- Installing: /home/marc/Documents/GitHub/IR2117-PSR/tb3_ws/src/install/obstacles/share/obstacles/launch/detector_test.launch.py
[12.750s] -- Installing: /home/marc/Documents/GitHub/IR2117-PSR/tb3_ws/src/install/obstacles/share/ament_index/resource_index/package_run_dependencies/obstacles
[12.750s] -- Installing: /home/marc/Documents/GitHub/IR2117-PSR/tb3_ws/src/install/obstacles/share/ament_index/resource_index/parent_prefix_path/obstacles
[12.750s] -- Installing: /home/marc/Documents/GitHub/IR2117-PSR/tb3_ws/src/install/obstacles/share/obstacles/environment/ament_prefix_path.sh
[12.750s] -- Installing: /home/marc/Documents/GitHub/IR2117-PSR/tb3_ws/src/install/obstacles/share/obstacles/environment/ament_prefix_path.dsv
[12.750s] -- Installing: /home/marc/Documents/GitHub/IR2117-PSR/tb3_ws/src/install/obstacles/share/obstacles/environment/path.sh
[12.751s] -- Installing: /home/marc/Documents/GitHub/IR2117-PSR/tb3_ws/src/install/obstacles/share/obstacles/environment/path.dsv
[12.751s] -- Installing: /home/marc/Documents/GitHub/IR2117-PSR/tb3_ws/src/install/obstacles/share/obstacles/local_setup.bash
[12.751s] -- Installing: /home/marc/Documents/GitHub/IR2117-PSR/tb3_ws/src/install/obstacles/share/obstacles/local_setup.sh
[12.751s] -- Installing: /home/marc/Documents/GitHub/IR2117-PSR/tb3_ws/src/install/obstacles/share/obstacles/local_setup.zsh
[12.751s] -- Installing: /home/marc/Documents/GitHub/IR2117-PSR/tb3_ws/src/install/obstacles/share/obstacles/local_setup.dsv
[12.751s] -- Installing: /home/marc/Documents/GitHub/IR2117-PSR/tb3_ws/src/install/obstacles/share/obstacles/package.dsv
[12.752s] -- Installing: /home/marc/Documents/GitHub/IR2117-PSR/tb3_ws/src/install/obstacles/share/ament_index/resource_index/packages/obstacles
[12.752s] -- Installing: /home/marc/Documents/GitHub/IR2117-PSR/tb3_ws/src/install/obstacles/share/obstacles/cmake/obstaclesConfig.cmake
[12.752s] -- Installing: /home/marc/Documents/GitHub/IR2117-PSR/tb3_ws/src/install/obstacles/share/obstacles/cmake/obstaclesConfig-version.cmake
[12.752s] -- Installing: /home/marc/Documents/GitHub/IR2117-PSR/tb3_ws/src/install/obstacles/share/obstacles/package.xml
[12.778s] Invoked command in '/home/marc/Documents/GitHub/IR2117-PSR/tb3_ws/src/build/obstacles' returned '0': CMAKE_PREFIX_PATH=/opt/ros/foxy /usr/bin/cmake --install /home/marc/Documents/GitHub/IR2117-PSR/tb3_ws/src/build/obstacles
