[0.062s] Invoking command in '/home/marc/Documentos/GitHub/IR2117-PSR/tb3_ws/build/olympic_interfaces': CMAKE_PREFIX_PATH=/opt/ros/foxy /usr/bin/cmake /home/marc/Documentos/GitHub/IR2117-PSR/tb3_ws/src/olympic_interfaces -DCMAKE_INSTALL_PREFIX=/home/marc/Documentos/GitHub/IR2117-PSR/tb3_ws/install/olympic_interfaces
[0.222s] -- The C compiler identification is GNU 9.4.0
[0.365s] -- The CXX compiler identification is GNU 9.4.0
[0.375s] -- Check for working C compiler: /usr/bin/cc
[0.506s] -- Check for working C compiler: /usr/bin/cc -- works
[0.506s] -- Detecting C compiler ABI info
[0.640s] -- Detecting C compiler ABI info - done
[0.670s] -- Detecting C compile features
[0.671s] -- Detecting C compile features - done
[0.677s] -- Check for working CXX compiler: /usr/bin/c++
[0.840s] -- Check for working CXX compiler: /usr/bin/c++ -- works
[0.840s] -- Detecting CXX compiler ABI info
[1.021s] -- Detecting CXX compiler ABI info - done
[1.063s] -- Detecting CXX compile features
[1.065s] -- Detecting CXX compile features - done
[1.070s] -- Found ament_cmake: 0.9.11 (/opt/ros/foxy/share/ament_cmake/cmake)
[1.120s] -- Found PythonInterp: /usr/bin/python3 (found suitable version "3.8.10", minimum required is "3") 
[1.120s] -- Using PYTHON_EXECUTABLE: /usr/bin/python3
[1.648s] -- Found rclcpp: 2.4.2 (/opt/ros/foxy/share/rclcpp/cmake)
[1.740s] -- Using all available rosidl_typesupport_c: rosidl_typesupport_fastrtps_c;rosidl_typesupport_introspection_c
[1.751s] -- Found rosidl_adapter: 1.3.0 (/opt/ros/foxy/share/rosidl_adapter/cmake)
[1.920s] -- Found OpenSSL: /usr/lib/x86_64-linux-gnu/libcrypto.so (found version "1.1.1f")  
[1.986s] -- Found FastRTPS: /opt/ros/foxy/include  
[2.198s] -- Using all available rosidl_typesupport_cpp: rosidl_typesupport_fastrtps_cpp;rosidl_typesupport_introspection_cpp
[2.368s] -- Found rmw_implementation_cmake: 1.0.4 (/opt/ros/foxy/share/rmw_implementation_cmake/cmake)
[2.374s] -- Using RMW implementation 'rmw_fastrtps_cpp' as default
[2.374s] -- Looking for pthread.h
[2.542s] -- Looking for pthread.h - found
[2.546s] -- Performing Test CMAKE_HAVE_LIBC_PTHREAD
[2.690s] -- Performing Test CMAKE_HAVE_LIBC_PTHREAD - Failed
[2.690s] -- Looking for pthread_create in pthreads
[2.810s] -- Looking for pthread_create in pthreads - not found
[2.810s] -- Looking for pthread_create in pthread
[2.959s] -- Looking for pthread_create in pthread - found
[2.959s] -- Found Threads: TRUE  
[3.405s] -- Found rclcpp_action: 2.4.2 (/opt/ros/foxy/share/rclcpp_action/cmake)
[3.663s] -- Found rclcpp_components: 2.4.2 (/opt/ros/foxy/share/rclcpp_components/cmake)
[3.874s] -- Found geometry_msgs: 2.0.5 (/opt/ros/foxy/share/geometry_msgs/cmake)
[3.993s] -- Found turtlesim: 1.2.6 (/opt/ros/foxy/share/turtlesim/cmake)
[4.198s] -- Found rosidl_default_generators: 1.0.1 (/opt/ros/foxy/share/rosidl_default_generators/cmake)
[4.296s] -- Found PythonInterp: /usr/bin/python3 (found version "3.8.10") 
[4.922s] -- Found ament_cmake_ros: 0.9.2 (/opt/ros/foxy/share/ament_cmake_ros/cmake)
[5.550s] -- Using all available rosidl_typesupport_c: rosidl_typesupport_fastrtps_c;rosidl_typesupport_introspection_c
[5.706s] -- Using all available rosidl_typesupport_cpp: rosidl_typesupport_fastrtps_cpp;rosidl_typesupport_introspection_cpp
[5.891s] -- Found PythonInterp: /usr/bin/python3 (found suitable version "3.8.10", minimum required is "3.5") 
[5.903s] -- Found python_cmake_module: 0.8.1 (/opt/ros/foxy/share/python_cmake_module/cmake)
[6.056s] -- Found PythonLibs: /usr/lib/x86_64-linux-gnu/libpython3.8.so (found suitable version "3.8.10", minimum required is "3.5") 
[6.077s] -- Using PYTHON_EXECUTABLE: /usr/bin/python3
[6.077s] -- Using PYTHON_INCLUDE_DIRS: /usr/include/python3.8
[6.078s] -- Using PYTHON_LIBRARIES: /usr/lib/x86_64-linux-gnu/libpython3.8.so
[6.119s] -- Found PythonExtra: .so  
[6.386s] -- Found ament_lint_auto: 0.9.8 (/opt/ros/foxy/share/ament_lint_auto/cmake)
[6.500s] -- Added test 'copyright' to check source files copyright and LICENSE
[6.503s] -- Added test 'lint_cmake' to check CMake code style
[6.505s] -- Added test 'xmllint' to check XML markup files
[6.518s] -- Configuring done
[6.747s] -- Generating done
[6.776s] -- Build files have been written to: /home/marc/Documentos/GitHub/IR2117-PSR/tb3_ws/build/olympic_interfaces
[6.829s] Invoked command in '/home/marc/Documentos/GitHub/IR2117-PSR/tb3_ws/build/olympic_interfaces' returned '0': CMAKE_PREFIX_PATH=/opt/ros/foxy /usr/bin/cmake /home/marc/Documentos/GitHub/IR2117-PSR/tb3_ws/src/olympic_interfaces -DCMAKE_INSTALL_PREFIX=/home/marc/Documentos/GitHub/IR2117-PSR/tb3_ws/install/olympic_interfaces
[6.831s] Invoking command in '/home/marc/Documentos/GitHub/IR2117-PSR/tb3_ws/build/olympic_interfaces': CMAKE_PREFIX_PATH=/opt/ros/foxy /usr/bin/cmake --build /home/marc/Documentos/GitHub/IR2117-PSR/tb3_ws/build/olympic_interfaces -- -j2 -l2
[7.127s] [35m[1mScanning dependencies of target olympic_interfaces__cpp[0m
[7.129s] [  3%] [34m[1mGenerating C code for ROS interfaces[0m
[7.182s] [  6%] [34m[1mGenerating C++ code for ROS interfaces[0m
[10.133s] [  6%] Built target olympic_interfaces__cpp
[10.181s] [  9%] [34m[1mGenerating C++ type support for eProsima Fast-RTPS[0m
[10.275s] [35m[1mScanning dependencies of target olympic_interfaces__rosidl_generator_c[0m
[10.491s] [ 12%] [32mBuilding C object CMakeFiles/olympic_interfaces__rosidl_generator_c.dir/rosidl_generator_c/olympic_interfaces/action/detail/rings__functions.c.o[0m
[11.423s] [ 16%] [32m[1mLinking C shared library libolympic_interfaces__rosidl_generator_c.so[0m
[11.760s] [ 16%] Built target olympic_interfaces__rosidl_generator_c
[11.845s] [ 19%] [34m[1mGenerating C++ introspection for ROS interfaces[0m
[12.959s] [35m[1mScanning dependencies of target olympic_interfaces__rosidl_typesupport_fastrtps_cpp[0m
[13.097s] [ 22%] [32mBuilding CXX object CMakeFiles/olympic_interfaces__rosidl_typesupport_fastrtps_cpp.dir/rosidl_typesupport_fastrtps_cpp/olympic_interfaces/action/detail/dds_fastrtps/rings__type_support.cpp.o[0m
[13.632s] [35m[1mScanning dependencies of target olympic_interfaces__rosidl_typesupport_introspection_cpp[0m
[13.664s] [ 25%] [32mBuilding CXX object CMakeFiles/olympic_interfaces__rosidl_typesupport_introspection_cpp.dir/rosidl_typesupport_introspection_cpp/olympic_interfaces/action/detail/rings__type_support.cpp.o[0m
[14.743s] [ 29%] [32m[1mLinking CXX shared library libolympic_interfaces__rosidl_typesupport_introspection_cpp.so[0m
[14.943s] [ 32%] [32m[1mLinking CXX shared library libolympic_interfaces__rosidl_typesupport_fastrtps_cpp.so[0m
[15.015s] [ 32%] Built target olympic_interfaces__rosidl_typesupport_introspection_cpp
[15.077s] [ 35%] [34m[1mGenerating C type support dispatch for ROS interfaces[0m
[15.283s] [ 35%] Built target olympic_interfaces__rosidl_typesupport_fastrtps_cpp
[15.372s] [ 38%] [34m[1mGenerating C++ type support dispatch for ROS interfaces[0m
[16.066s] [35m[1mScanning dependencies of target olympic_interfaces__rosidl_typesupport_c[0m
[16.108s] [ 41%] [32mBuilding CXX object CMakeFiles/olympic_interfaces__rosidl_typesupport_c.dir/rosidl_typesupport_c/olympic_interfaces/action/rings__type_support.cpp.o[0m
[16.269s] [ 45%] [32m[1mLinking CXX shared library libolympic_interfaces__rosidl_typesupport_c.so[0m
[16.352s] [35m[1mScanning dependencies of target olympic_interfaces__rosidl_typesupport_cpp[0m
[16.400s] [ 45%] Built target olympic_interfaces__rosidl_typesupport_c
[16.408s] [ 48%] [32mBuilding CXX object CMakeFiles/olympic_interfaces__rosidl_typesupport_cpp.dir/rosidl_typesupport_cpp/olympic_interfaces/action/rings__type_support.cpp.o[0m
[16.458s] [ 51%] [34m[1mGenerating C type support for eProsima Fast-RTPS[0m
[17.519s] [ 54%] [32m[1mLinking CXX shared library libolympic_interfaces__rosidl_typesupport_cpp.so[0m
[17.761s] [ 54%] Built target olympic_interfaces__rosidl_typesupport_cpp
[17.821s] [ 58%] [34m[1mGenerating C introspection for ROS interfaces[0m
[18.522s] [35m[1mScanning dependencies of target olympic_interfaces__rosidl_typesupport_fastrtps_c[0m
[18.693s] [ 61%] [32mBuilding CXX object CMakeFiles/olympic_interfaces__rosidl_typesupport_fastrtps_c.dir/rosidl_typesupport_fastrtps_c/olympic_interfaces/action/detail/rings__type_support_c.cpp.o[0m
[20.008s] [ 64%] [32m[1mLinking CXX shared library libolympic_interfaces__rosidl_typesupport_fastrtps_c.so[0m
[20.227s] [35m[1mScanning dependencies of target olympic_interfaces__rosidl_typesupport_introspection_c[0m
[20.298s] [ 67%] [32mBuilding C object CMakeFiles/olympic_interfaces__rosidl_typesupport_introspection_c.dir/rosidl_typesupport_introspection_c/olympic_interfaces/action/detail/rings__type_support.c.o[0m
[20.372s] [ 67%] Built target olympic_interfaces__rosidl_typesupport_fastrtps_c
[20.425s] [ 70%] [32m[1mLinking C shared library libolympic_interfaces__rosidl_typesupport_introspection_c.so[0m
[20.493s] [ 70%] Built target olympic_interfaces__rosidl_typesupport_introspection_c
[20.516s] [35m[1mScanning dependencies of target olympic_interfaces[0m
[20.532s] [ 70%] Built target olympic_interfaces
[20.551s] [35m[1mScanning dependencies of target olympic_interfaces__py[0m
[20.569s] [ 74%] [34m[1mGenerating Python code for ROS interfaces[0m
[23.511s] [ 74%] Built target olympic_interfaces__py
[23.571s] [35m[1mScanning dependencies of target olympic_interfaces__python[0m
[23.696s] [ 77%] [32mBuilding C object CMakeFiles/olympic_interfaces__python.dir/rosidl_generator_py/olympic_interfaces/action/_rings_s.c.o[0m
[24.312s] [ 80%] [32m[1mLinking C shared library rosidl_generator_py/olympic_interfaces/libolympic_interfaces__python.so[0m
[24.445s] [ 80%] Built target olympic_interfaces__python
[24.511s] [35m[1mScanning dependencies of target olympic_interfaces__rosidl_typesupport_introspection_c__pyext[0m
[24.518s] [35m[1mScanning dependencies of target olympic_interfaces__rosidl_typesupport_fastrtps_c__pyext[0m
[24.610s] [ 83%] [32mBuilding C object CMakeFiles/olympic_interfaces__rosidl_typesupport_introspection_c__pyext.dir/rosidl_generator_py/olympic_interfaces/_olympic_interfaces_s.ep.rosidl_typesupport_introspection_c.c.o[0m
[24.614s] [ 87%] [32mBuilding C object CMakeFiles/olympic_interfaces__rosidl_typesupport_fastrtps_c__pyext.dir/rosidl_generator_py/olympic_interfaces/_olympic_interfaces_s.ep.rosidl_typesupport_fastrtps_c.c.o[0m
[25.096s] [ 90%] [32m[1mLinking C shared library rosidl_generator_py/olympic_interfaces/olympic_interfaces_s__rosidl_typesupport_introspection_c.cpython-38-x86_64-linux-gnu.so[0m
[25.153s] [ 93%] [32m[1mLinking CXX shared library rosidl_generator_py/olympic_interfaces/olympic_interfaces_s__rosidl_typesupport_fastrtps_c.cpython-38-x86_64-linux-gnu.so[0m
[25.291s] [ 93%] Built target olympic_interfaces__rosidl_typesupport_introspection_c__pyext
[25.362s] [35m[1mScanning dependencies of target olympic_interfaces__rosidl_typesupport_c__pyext[0m
[25.458s] [ 96%] [32mBuilding C object CMakeFiles/olympic_interfaces__rosidl_typesupport_c__pyext.dir/rosidl_generator_py/olympic_interfaces/_olympic_interfaces_s.ep.rosidl_typesupport_c.c.o[0m
[25.510s] [ 96%] Built target olympic_interfaces__rosidl_typesupport_fastrtps_c__pyext
[25.836s] [100%] [32m[1mLinking C shared library rosidl_generator_py/olympic_interfaces/olympic_interfaces_s__rosidl_typesupport_c.cpython-38-x86_64-linux-gnu.so[0m
[25.917s] [100%] Built target olympic_interfaces__rosidl_typesupport_c__pyext
[25.943s] Invoked command in '/home/marc/Documentos/GitHub/IR2117-PSR/tb3_ws/build/olympic_interfaces' returned '0': CMAKE_PREFIX_PATH=/opt/ros/foxy /usr/bin/cmake --build /home/marc/Documentos/GitHub/IR2117-PSR/tb3_ws/build/olympic_interfaces -- -j2 -l2
[26.030s] Invoking command in '/home/marc/Documentos/GitHub/IR2117-PSR/tb3_ws/build/olympic_interfaces': CMAKE_PREFIX_PATH=/opt/ros/foxy /usr/bin/cmake --install /home/marc/Documentos/GitHub/IR2117-PSR/tb3_ws/build/olympic_interfaces
[26.047s] -- Install configuration: ""
[26.047s] -- Installing: /home/marc/Documentos/GitHub/IR2117-PSR/tb3_ws/install/olympic_interfaces/share/ament_index/resource_index/rosidl_interfaces/olympic_interfaces
[26.048s] -- Installing: /home/marc/Documentos/GitHub/IR2117-PSR/tb3_ws/install/olympic_interfaces/include/olympic_interfaces
[26.049s] -- Installing: /home/marc/Documentos/GitHub/IR2117-PSR/tb3_ws/install/olympic_interfaces/include/olympic_interfaces/msg
[26.049s] -- Installing: /home/marc/Documentos/GitHub/IR2117-PSR/tb3_ws/install/olympic_interfaces/include/olympic_interfaces/msg/rosidl_generator_c__visibility_control.h
[26.049s] -- Installing: /home/marc/Documentos/GitHub/IR2117-PSR/tb3_ws/install/olympic_interfaces/include/olympic_interfaces/action
[26.049s] -- Installing: /home/marc/Documentos/GitHub/IR2117-PSR/tb3_ws/install/olympic_interfaces/include/olympic_interfaces/action/rings.h
[26.050s] -- Installing: /home/marc/Documentos/GitHub/IR2117-PSR/tb3_ws/install/olympic_interfaces/include/olympic_interfaces/action/detail
[26.050s] -- Installing: /home/marc/Documentos/GitHub/IR2117-PSR/tb3_ws/install/olympic_interfaces/include/olympic_interfaces/action/detail/rings__functions.h
[26.050s] -- Installing: /home/marc/Documentos/GitHub/IR2117-PSR/tb3_ws/install/olympic_interfaces/include/olympic_interfaces/action/detail/rings__functions.c
[26.050s] -- Installing: /home/marc/Documentos/GitHub/IR2117-PSR/tb3_ws/install/olympic_interfaces/include/olympic_interfaces/action/detail/rings__struct.h
[26.050s] -- Installing: /home/marc/Documentos/GitHub/IR2117-PSR/tb3_ws/install/olympic_interfaces/include/olympic_interfaces/action/detail/rings__type_support.h
[26.051s] -- Installing: /home/marc/Documentos/GitHub/IR2117-PSR/tb3_ws/install/olympic_interfaces/share/olympic_interfaces/environment/library_path.sh
[26.051s] -- Installing: /home/marc/Documentos/GitHub/IR2117-PSR/tb3_ws/install/olympic_interfaces/share/olympic_interfaces/environment/library_path.dsv
[26.051s] -- Installing: /home/marc/Documentos/GitHub/IR2117-PSR/tb3_ws/install/olympic_interfaces/lib/libolympic_interfaces__rosidl_generator_c.so
[26.052s] -- Set runtime path of "/home/marc/Documentos/GitHub/IR2117-PSR/tb3_ws/install/olympic_interfaces/lib/libolympic_interfaces__rosidl_generator_c.so" to ""
[26.053s] -- Up-to-date: /home/marc/Documentos/GitHub/IR2117-PSR/tb3_ws/install/olympic_interfaces/include/olympic_interfaces
[26.053s] -- Up-to-date: /home/marc/Documentos/GitHub/IR2117-PSR/tb3_ws/install/olympic_interfaces/include/olympic_interfaces/msg
[26.053s] -- Installing: /home/marc/Documentos/GitHub/IR2117-PSR/tb3_ws/install/olympic_interfaces/include/olympic_interfaces/msg/rosidl_typesupport_fastrtps_c__visibility_control.h
[26.053s] -- Up-to-date: /home/marc/Documentos/GitHub/IR2117-PSR/tb3_ws/install/olympic_interfaces/include/olympic_interfaces/action
[26.053s] -- Up-to-date: /home/marc/Documentos/GitHub/IR2117-PSR/tb3_ws/install/olympic_interfaces/include/olympic_interfaces/action/detail
[26.053s] -- Installing: /home/marc/Documentos/GitHub/IR2117-PSR/tb3_ws/install/olympic_interfaces/include/olympic_interfaces/action/detail/rings__rosidl_typesupport_fastrtps_c.h
[26.054s] -- Installing: /home/marc/Documentos/GitHub/IR2117-PSR/tb3_ws/install/olympic_interfaces/lib/libolympic_interfaces__rosidl_typesupport_fastrtps_c.so
[26.054s] -- Set runtime path of "/home/marc/Documentos/GitHub/IR2117-PSR/tb3_ws/install/olympic_interfaces/lib/libolympic_interfaces__rosidl_typesupport_fastrtps_c.so" to ""
[26.054s] -- Up-to-date: /home/marc/Documentos/GitHub/IR2117-PSR/tb3_ws/install/olympic_interfaces/include/olympic_interfaces
[26.054s] -- Up-to-date: /home/marc/Documentos/GitHub/IR2117-PSR/tb3_ws/install/olympic_interfaces/include/olympic_interfaces/msg
[26.055s] -- Installing: /home/marc/Documentos/GitHub/IR2117-PSR/tb3_ws/install/olympic_interfaces/include/olympic_interfaces/msg/rosidl_typesupport_fastrtps_cpp__visibility_control.h
[26.055s] -- Up-to-date: /home/marc/Documentos/GitHub/IR2117-PSR/tb3_ws/install/olympic_interfaces/include/olympic_interfaces/action
[26.055s] -- Up-to-date: /home/marc/Documentos/GitHub/IR2117-PSR/tb3_ws/install/olympic_interfaces/include/olympic_interfaces/action/detail
[26.055s] -- Installing: /home/marc/Documentos/GitHub/IR2117-PSR/tb3_ws/install/olympic_interfaces/include/olympic_interfaces/action/detail/rings__rosidl_typesupport_fastrtps_cpp.hpp
[26.055s] -- Installing: /home/marc/Documentos/GitHub/IR2117-PSR/tb3_ws/install/olympic_interfaces/include/olympic_interfaces/action/detail/dds_fastrtps
[26.056s] -- Installing: /home/marc/Documentos/GitHub/IR2117-PSR/tb3_ws/install/olympic_interfaces/lib/libolympic_interfaces__rosidl_typesupport_fastrtps_cpp.so
[26.056s] -- Set runtime path of "/home/marc/Documentos/GitHub/IR2117-PSR/tb3_ws/install/olympic_interfaces/lib/libolympic_interfaces__rosidl_typesupport_fastrtps_cpp.so" to ""
[26.056s] -- Up-to-date: /home/marc/Documentos/GitHub/IR2117-PSR/tb3_ws/install/olympic_interfaces/include/olympic_interfaces
[26.057s] -- Up-to-date: /home/marc/Documentos/GitHub/IR2117-PSR/tb3_ws/install/olympic_interfaces/include/olympic_interfaces/msg
[26.057s] -- Installing: /home/marc/Documentos/GitHub/IR2117-PSR/tb3_ws/install/olympic_interfaces/include/olympic_interfaces/msg/rosidl_typesupport_introspection_c__visibility_control.h
[26.057s] -- Up-to-date: /home/marc/Documentos/GitHub/IR2117-PSR/tb3_ws/install/olympic_interfaces/include/olympic_interfaces/action
[26.057s] -- Up-to-date: /home/marc/Documentos/GitHub/IR2117-PSR/tb3_ws/install/olympic_interfaces/include/olympic_interfaces/action/detail
[26.058s] -- Installing: /home/marc/Documentos/GitHub/IR2117-PSR/tb3_ws/install/olympic_interfaces/include/olympic_interfaces/action/detail/rings__rosidl_typesupport_introspection_c.h
[26.058s] -- Installing: /home/marc/Documentos/GitHub/IR2117-PSR/tb3_ws/install/olympic_interfaces/include/olympic_interfaces/action/detail/rings__type_support.c
[26.060s] -- Installing: /home/marc/Documentos/GitHub/IR2117-PSR/tb3_ws/install/olympic_interfaces/lib/libolympic_interfaces__rosidl_typesupport_introspection_c.so
[26.060s] -- Set runtime path of "/home/marc/Documentos/GitHub/IR2117-PSR/tb3_ws/install/olympic_interfaces/lib/libolympic_interfaces__rosidl_typesupport_introspection_c.so" to ""
[26.060s] -- Installing: /home/marc/Documentos/GitHub/IR2117-PSR/tb3_ws/install/olympic_interfaces/lib/libolympic_interfaces__rosidl_typesupport_c.so
[26.060s] -- Set runtime path of "/home/marc/Documentos/GitHub/IR2117-PSR/tb3_ws/install/olympic_interfaces/lib/libolympic_interfaces__rosidl_typesupport_c.so" to ""
[26.062s] -- Up-to-date: /home/marc/Documentos/GitHub/IR2117-PSR/tb3_ws/install/olympic_interfaces/include/olympic_interfaces
[26.063s] -- Up-to-date: /home/marc/Documentos/GitHub/IR2117-PSR/tb3_ws/install/olympic_interfaces/include/olympic_interfaces/action
[26.078s] -- Installing: /home/marc/Documentos/GitHub/IR2117-PSR/tb3_ws/install/olympic_interfaces/include/olympic_interfaces/action/rings.hpp
[26.078s] -- Up-to-date: /home/marc/Documentos/GitHub/IR2117-PSR/tb3_ws/install/olympic_interfaces/include/olympic_interfaces/action/detail
[26.078s] -- Installing: /home/marc/Documentos/GitHub/IR2117-PSR/tb3_ws/install/olympic_interfaces/include/olympic_interfaces/action/detail/rings__traits.hpp
[26.078s] -- Installing: /home/marc/Documentos/GitHub/IR2117-PSR/tb3_ws/install/olympic_interfaces/include/olympic_interfaces/action/detail/rings__struct.hpp
[26.079s] -- Installing: /home/marc/Documentos/GitHub/IR2117-PSR/tb3_ws/install/olympic_interfaces/include/olympic_interfaces/action/detail/rings__builder.hpp
[26.079s] -- Up-to-date: /home/marc/Documentos/GitHub/IR2117-PSR/tb3_ws/install/olympic_interfaces/include/olympic_interfaces
[26.079s] -- Up-to-date: /home/marc/Documentos/GitHub/IR2117-PSR/tb3_ws/install/olympic_interfaces/include/olympic_interfaces/action
[26.079s] -- Up-to-date: /home/marc/Documentos/GitHub/IR2117-PSR/tb3_ws/install/olympic_interfaces/include/olympic_interfaces/action/detail
[26.080s] -- Installing: /home/marc/Documentos/GitHub/IR2117-PSR/tb3_ws/install/olympic_interfaces/include/olympic_interfaces/action/detail/rings__rosidl_typesupport_introspection_cpp.hpp
[26.080s] -- Installing: /home/marc/Documentos/GitHub/IR2117-PSR/tb3_ws/install/olympic_interfaces/include/olympic_interfaces/action/detail/rings__type_support.cpp
[26.080s] -- Installing: /home/marc/Documentos/GitHub/IR2117-PSR/tb3_ws/install/olympic_interfaces/lib/libolympic_interfaces__rosidl_typesupport_introspection_cpp.so
[26.080s] -- Set runtime path of "/home/marc/Documentos/GitHub/IR2117-PSR/tb3_ws/install/olympic_interfaces/lib/libolympic_interfaces__rosidl_typesupport_introspection_cpp.so" to ""
[26.080s] -- Installing: /home/marc/Documentos/GitHub/IR2117-PSR/tb3_ws/install/olympic_interfaces/lib/libolympic_interfaces__rosidl_typesupport_cpp.so
[26.081s] -- Set runtime path of "/home/marc/Documentos/GitHub/IR2117-PSR/tb3_ws/install/olympic_interfaces/lib/libolympic_interfaces__rosidl_typesupport_cpp.so" to ""
[26.081s] -- Installing: /home/marc/Documentos/GitHub/IR2117-PSR/tb3_ws/install/olympic_interfaces/share/olympic_interfaces/environment/pythonpath.sh
[26.081s] -- Installing: /home/marc/Documentos/GitHub/IR2117-PSR/tb3_ws/install/olympic_interfaces/share/olympic_interfaces/environment/pythonpath.dsv
[26.081s] -- Installing: /home/marc/Documentos/GitHub/IR2117-PSR/tb3_ws/install/olympic_interfaces/lib/python3.8/site-packages/olympic_interfaces/__init__.py
[26.201s] Compiling '/home/marc/Documentos/GitHub/IR2117-PSR/tb3_ws/install/olympic_interfaces/lib/python3.8/site-packages/olympic_interfaces/__init__.py'...
[26.217s] -- Installing: /home/marc/Documentos/GitHub/IR2117-PSR/tb3_ws/install/olympic_interfaces/lib/python3.8/site-packages/olympic_interfaces/action
[26.218s] -- Installing: /home/marc/Documentos/GitHub/IR2117-PSR/tb3_ws/install/olympic_interfaces/lib/python3.8/site-packages/olympic_interfaces/action/_rings.py
[26.218s] -- Installing: /home/marc/Documentos/GitHub/IR2117-PSR/tb3_ws/install/olympic_interfaces/lib/python3.8/site-packages/olympic_interfaces/action/_rings_s.c
[26.218s] -- Installing: /home/marc/Documentos/GitHub/IR2117-PSR/tb3_ws/install/olympic_interfaces/lib/python3.8/site-packages/olympic_interfaces/action/__init__.py
[26.219s] -- Installing: /home/marc/Documentos/GitHub/IR2117-PSR/tb3_ws/install/olympic_interfaces/lib/python3.8/site-packages/olympic_interfaces/olympic_interfaces_s__rosidl_typesupport_fastrtps_c.cpython-38-x86_64-linux-gnu.so
[26.219s] -- Set runtime path of "/home/marc/Documentos/GitHub/IR2117-PSR/tb3_ws/install/olympic_interfaces/lib/python3.8/site-packages/olympic_interfaces/olympic_interfaces_s__rosidl_typesupport_fastrtps_c.cpython-38-x86_64-linux-gnu.so" to ""
[26.219s] -- Installing: /home/marc/Documentos/GitHub/IR2117-PSR/tb3_ws/install/olympic_interfaces/lib/python3.8/site-packages/olympic_interfaces/olympic_interfaces_s__rosidl_typesupport_introspection_c.cpython-38-x86_64-linux-gnu.so
[26.221s] -- Set runtime path of "/home/marc/Documentos/GitHub/IR2117-PSR/tb3_ws/install/olympic_interfaces/lib/python3.8/site-packages/olympic_interfaces/olympic_interfaces_s__rosidl_typesupport_introspection_c.cpython-38-x86_64-linux-gnu.so" to ""
[26.221s] -- Installing: /home/marc/Documentos/GitHub/IR2117-PSR/tb3_ws/install/olympic_interfaces/lib/python3.8/site-packages/olympic_interfaces/olympic_interfaces_s__rosidl_typesupport_c.cpython-38-x86_64-linux-gnu.so
[26.222s] -- Set runtime path of "/home/marc/Documentos/GitHub/IR2117-PSR/tb3_ws/install/olympic_interfaces/lib/python3.8/site-packages/olympic_interfaces/olympic_interfaces_s__rosidl_typesupport_c.cpython-38-x86_64-linux-gnu.so" to ""
[26.223s] -- Installing: /home/marc/Documentos/GitHub/IR2117-PSR/tb3_ws/install/olympic_interfaces/lib/libolympic_interfaces__python.so
[26.224s] -- Set runtime path of "/home/marc/Documentos/GitHub/IR2117-PSR/tb3_ws/install/olympic_interfaces/lib/libolympic_interfaces__python.so" to ""
[26.224s] -- Installing: /home/marc/Documentos/GitHub/IR2117-PSR/tb3_ws/install/olympic_interfaces/share/olympic_interfaces/action/Rings.idl
[26.224s] -- Installing: /home/marc/Documentos/GitHub/IR2117-PSR/tb3_ws/install/olympic_interfaces/share/olympic_interfaces/action/Rings.action
[26.225s] -- Installing: /home/marc/Documentos/GitHub/IR2117-PSR/tb3_ws/install/olympic_interfaces/share/ament_index/resource_index/package_run_dependencies/olympic_interfaces
[26.235s] -- Installing: /home/marc/Documentos/GitHub/IR2117-PSR/tb3_ws/install/olympic_interfaces/share/ament_index/resource_index/parent_prefix_path/olympic_interfaces
[26.236s] -- Installing: /home/marc/Documentos/GitHub/IR2117-PSR/tb3_ws/install/olympic_interfaces/share/olympic_interfaces/environment/ament_prefix_path.sh
[26.236s] -- Installing: /home/marc/Documentos/GitHub/IR2117-PSR/tb3_ws/install/olympic_interfaces/share/olympic_interfaces/environment/ament_prefix_path.dsv
[26.242s] -- Installing: /home/marc/Documentos/GitHub/IR2117-PSR/tb3_ws/install/olympic_interfaces/share/olympic_interfaces/environment/path.sh
[26.243s] -- Installing: /home/marc/Documentos/GitHub/IR2117-PSR/tb3_ws/install/olympic_interfaces/share/olympic_interfaces/environment/path.dsv
[26.244s] -- Installing: /home/marc/Documentos/GitHub/IR2117-PSR/tb3_ws/install/olympic_interfaces/share/olympic_interfaces/local_setup.bash
[26.246s] -- Installing: /home/marc/Documentos/GitHub/IR2117-PSR/tb3_ws/install/olympic_interfaces/share/olympic_interfaces/local_setup.sh
[26.247s] -- Installing: /home/marc/Documentos/GitHub/IR2117-PSR/tb3_ws/install/olympic_interfaces/share/olympic_interfaces/local_setup.zsh
[26.248s] -- Installing: /home/marc/Documentos/GitHub/IR2117-PSR/tb3_ws/install/olympic_interfaces/share/olympic_interfaces/local_setup.dsv
[26.249s] -- Installing: /home/marc/Documentos/GitHub/IR2117-PSR/tb3_ws/install/olympic_interfaces/share/olympic_interfaces/package.dsv
[26.250s] -- Installing: /home/marc/Documentos/GitHub/IR2117-PSR/tb3_ws/install/olympic_interfaces/share/ament_index/resource_index/packages/olympic_interfaces
[26.251s] -- Installing: /home/marc/Documentos/GitHub/IR2117-PSR/tb3_ws/install/olympic_interfaces/share/olympic_interfaces/cmake/olympic_interfaces__rosidl_generator_cExport.cmake
[26.252s] -- Installing: /home/marc/Documentos/GitHub/IR2117-PSR/tb3_ws/install/olympic_interfaces/share/olympic_interfaces/cmake/olympic_interfaces__rosidl_generator_cExport-noconfig.cmake
[26.253s] -- Installing: /home/marc/Documentos/GitHub/IR2117-PSR/tb3_ws/install/olympic_interfaces/share/olympic_interfaces/cmake/olympic_interfaces__rosidl_typesupport_introspection_cExport.cmake
[26.258s] -- Installing: /home/marc/Documentos/GitHub/IR2117-PSR/tb3_ws/install/olympic_interfaces/share/olympic_interfaces/cmake/olympic_interfaces__rosidl_typesupport_introspection_cExport-noconfig.cmake
[26.259s] -- Installing: /home/marc/Documentos/GitHub/IR2117-PSR/tb3_ws/install/olympic_interfaces/share/olympic_interfaces/cmake/olympic_interfaces__rosidl_typesupport_cExport.cmake
[26.260s] -- Installing: /home/marc/Documentos/GitHub/IR2117-PSR/tb3_ws/install/olympic_interfaces/share/olympic_interfaces/cmake/olympic_interfaces__rosidl_typesupport_cExport-noconfig.cmake
[26.261s] -- Installing: /home/marc/Documentos/GitHub/IR2117-PSR/tb3_ws/install/olympic_interfaces/share/olympic_interfaces/cmake/olympic_interfaces__rosidl_generator_cppExport.cmake
[26.262s] -- Installing: /home/marc/Documentos/GitHub/IR2117-PSR/tb3_ws/install/olympic_interfaces/share/olympic_interfaces/cmake/olympic_interfaces__rosidl_typesupport_introspection_cppExport.cmake
[26.263s] -- Installing: /home/marc/Documentos/GitHub/IR2117-PSR/tb3_ws/install/olympic_interfaces/share/olympic_interfaces/cmake/olympic_interfaces__rosidl_typesupport_introspection_cppExport-noconfig.cmake
[26.264s] -- Installing: /home/marc/Documentos/GitHub/IR2117-PSR/tb3_ws/install/olympic_interfaces/share/olympic_interfaces/cmake/olympic_interfaces__rosidl_typesupport_cppExport.cmake
[26.265s] -- Installing: /home/marc/Documentos/GitHub/IR2117-PSR/tb3_ws/install/olympic_interfaces/share/olympic_interfaces/cmake/olympic_interfaces__rosidl_typesupport_cppExport-noconfig.cmake
[26.266s] -- Installing: /home/marc/Documentos/GitHub/IR2117-PSR/tb3_ws/install/olympic_interfaces/share/olympic_interfaces/cmake/rosidl_cmake-extras.cmake
[26.267s] -- Installing: /home/marc/Documentos/GitHub/IR2117-PSR/tb3_ws/install/olympic_interfaces/share/olympic_interfaces/cmake/ament_cmake_export_dependencies-extras.cmake
[26.268s] -- Installing: /home/marc/Documentos/GitHub/IR2117-PSR/tb3_ws/install/olympic_interfaces/share/olympic_interfaces/cmake/ament_cmake_export_libraries-extras.cmake
[26.269s] -- Installing: /home/marc/Documentos/GitHub/IR2117-PSR/tb3_ws/install/olympic_interfaces/share/olympic_interfaces/cmake/ament_cmake_export_targets-extras.cmake
[26.270s] -- Installing: /home/marc/Documentos/GitHub/IR2117-PSR/tb3_ws/install/olympic_interfaces/share/olympic_interfaces/cmake/ament_cmake_export_include_directories-extras.cmake
[26.271s] -- Installing: /home/marc/Documentos/GitHub/IR2117-PSR/tb3_ws/install/olympic_interfaces/share/olympic_interfaces/cmake/rosidl_cmake_export_typesupport_libraries-extras.cmake
[26.271s] -- Installing: /home/marc/Documentos/GitHub/IR2117-PSR/tb3_ws/install/olympic_interfaces/share/olympic_interfaces/cmake/rosidl_cmake_export_typesupport_targets-extras.cmake
[26.272s] -- Installing: /home/marc/Documentos/GitHub/IR2117-PSR/tb3_ws/install/olympic_interfaces/share/olympic_interfaces/cmake/olympic_interfacesConfig.cmake
[26.273s] -- Installing: /home/marc/Documentos/GitHub/IR2117-PSR/tb3_ws/install/olympic_interfaces/share/olympic_interfaces/cmake/olympic_interfacesConfig-version.cmake
[26.274s] -- Installing: /home/marc/Documentos/GitHub/IR2117-PSR/tb3_ws/install/olympic_interfaces/share/olympic_interfaces/package.xml
[26.284s] Invoked command in '/home/marc/Documentos/GitHub/IR2117-PSR/tb3_ws/build/olympic_interfaces' returned '0': CMAKE_PREFIX_PATH=/opt/ros/foxy /usr/bin/cmake --install /home/marc/Documentos/GitHub/IR2117-PSR/tb3_ws/build/olympic_interfaces
