[0.029s] Invoking command in '/home/marc/Documentos/GitHub/IR2117-PSR/tb3_ws/build/olympic': AMENT_PREFIX_PATH=/home/marc/Documentos/GitHub/IR2117-PSR/tb3_ws/install/olympic_interfaces:${AMENT_PREFIX_PATH} CMAKE_PREFIX_PATH=/home/marc/Documentos/GitHub/IR2117-PSR/tb3_ws/install/olympic_interfaces:/opt/ros/foxy LD_LIBRARY_PATH=/home/marc/Documentos/GitHub/IR2117-PSR/tb3_ws/install/olympic_interfaces/lib:${LD_LIBRARY_PATH} PYTHONPATH=/home/marc/Documentos/GitHub/IR2117-PSR/tb3_ws/install/olympic_interfaces/lib/python3.8/site-packages:${PYTHONPATH} /usr/bin/cmake --build /home/marc/Documentos/GitHub/IR2117-PSR/tb3_ws/build/olympic -- -j2 -l2
[0.120s] -- Found ament_cmake: 0.9.11 (/opt/ros/foxy/share/ament_cmake/cmake)
[0.165s] -- Using PYTHON_EXECUTABLE: /usr/bin/python3
[0.662s] -- Found rclcpp: 2.4.2 (/opt/ros/foxy/share/rclcpp/cmake)
[0.740s] -- Using all available rosidl_typesupport_c: rosidl_typesupport_fastrtps_c;rosidl_typesupport_introspection_c
[0.749s] -- Found rosidl_adapter: 1.3.0 (/opt/ros/foxy/share/rosidl_adapter/cmake)
[1.030s] -- Using all available rosidl_typesupport_cpp: rosidl_typesupport_fastrtps_cpp;rosidl_typesupport_introspection_cpp
[1.188s] -- Found rmw_implementation_cmake: 1.0.4 (/opt/ros/foxy/share/rmw_implementation_cmake/cmake)
[1.191s] -- Using RMW implementation 'rmw_fastrtps_cpp' as default
[1.538s] -- Found geometry_msgs: 2.0.5 (/opt/ros/foxy/share/geometry_msgs/cmake)
[1.620s] -- Found turtlesim: 1.2.6 (/opt/ros/foxy/share/turtlesim/cmake)
[1.899s] -- Found rclcpp_action: 2.4.2 (/opt/ros/foxy/share/rclcpp_action/cmake)
[1.973s] -- Found rclcpp_components: 2.4.2 (/opt/ros/foxy/share/rclcpp_components/cmake)
[2.108s] -- Found olympic_interfaces: 0.0.0 (/home/marc/Documentos/GitHub/IR2117-PSR/tb3_ws/install/olympic_interfaces/share/olympic_interfaces/cmake)
[2.283s] -- Found ament_lint_auto: 0.9.8 (/opt/ros/foxy/share/ament_lint_auto/cmake)
[2.412s] -- Added test 'copyright' to check source files copyright and LICENSE
[2.414s] -- Added test 'cppcheck' to perform static code analysis on C / C++ code
[2.415s] -- Configured cppcheck include dirs: $<BUILD_INTERFACE:/home/marc/Documentos/GitHub/IR2117-PSR/tb3_ws/src/olympic/include>
[2.415s] -- Configured cppcheck exclude dirs and/or files: 
[2.416s] -- Added test 'cpplint' to check C / C++ code against the Google style
[2.417s] -- Configured cpplint exclude dirs and/or files: 
[2.418s] -- Added test 'lint_cmake' to check CMake code style
[2.419s] -- Added test 'uncrustify' to check C / C++ code style
[2.420s] -- Configured uncrustify additional arguments: 
[2.420s] -- Added test 'xmllint' to check XML markup files
[2.426s] -- Configuring done
[2.497s] -- Generating done
[2.501s] -- Build files have been written to: /home/marc/Documentos/GitHub/IR2117-PSR/tb3_ws/build/olympic
[2.546s] [35m[1mScanning dependencies of target rings_action_server[0m
[2.546s] [35m[1mScanning dependencies of target rings_action_client[0m
[2.757s] [ 16%] [32mBuilding CXX object CMakeFiles/rings_action_server.dir/src/rings_action_server.cpp.o[0m
[2.761s] [ 33%] [32mBuilding CXX object CMakeFiles/rings_action_client.dir/src/rings_action_client.cpp.o[0m
[12.593s] [ 50%] [32m[1mLinking CXX executable rings_action_client[0m
[13.311s] [ 50%] Built target rings_action_client
[13.342s] [35m[1mScanning dependencies of target rings[0m
[13.611s] [ 66%] [32mBuilding CXX object CMakeFiles/rings.dir/src/rings.cpp.o[0m
[16.481s] [ 83%] [32m[1mLinking CXX executable rings_action_server[0m
[17.097s] [01m[K/home/marc/Documentos/GitHub/IR2117-PSR/tb3_ws/src/olympic/src/rings.cpp:[m[K In function ‘[01m[Kint main(int, char**)[m[K’:
[17.097s] [01m[K/home/marc/Documentos/GitHub/IR2117-PSR/tb3_ws/src/olympic/src/rings.cpp:71:40:[m[K [01;31m[Kerror: [m[K‘[01m[Kradius[m[K’ was not declared in this scope
[17.098s]    71 |   std::vector<double> x = {5.5, (5.5-2*[01;31m[Kradius[m[K), (5.5+2*radius), (5.5-radius), (5.5+radius)};
[17.098s]       |                                        [01;31m[K^~~~~~[m[K
[17.098s] [01m[K/home/marc/Documentos/GitHub/IR2117-PSR/tb3_ws/src/olympic/src/rings.cpp:71:91:[m[K [01;31m[Kerror: [m[Kcould not convert ‘[01m[K{5.5e+0, <expression error>, <expression error>, <expression error>, <expression error>}[m[K’ from ‘[01m[K<brace-enclosed initializer list>[m[K’ to ‘[01m[Kstd::vector<double, std::allocator<double> >[m[K’
[17.098s]    71 |   std::vector<double> x = {5.5, (5.5-2*radius), (5.5+2*radius), (5.5-radius), (5.5+radius)[01;31m[K}[m[K;
[17.098s]       |                                                                                           [01;31m[K^[m[K
[17.098s]       |                                                                                           [01;31m[K|[m[K
[17.098s]       |                                                                                           [01;31m[K<brace-enclosed initializer list>[m[K
[17.099s] [01m[K/home/marc/Documentos/GitHub/IR2117-PSR/tb3_ws/src/olympic/src/rings.cpp:72:69:[m[K [01;31m[Kerror: [m[Kcould not convert ‘[01m[K{5.5e+0, 5.5e+0, 5.5e+0, <expression error>, <expression error>}[m[K’ from ‘[01m[K<brace-enclosed initializer list>[m[K’ to ‘[01m[Kstd::vector<double, std::allocator<double> >[m[K’
[17.099s]    72 |   std::vector<double> y = {5.5, 5.5, 5.5, (5.5-radius), (5.5-radius)[01;31m[K}[m[K;
[17.099s]       |                                                                     [01;31m[K^[m[K
[17.099s]       |                                                                     [01;31m[K|[m[K
[17.099s]       |                                                                     [01;31m[K<brace-enclosed initializer list>[m[K
[17.099s] [01m[K/home/marc/Documentos/GitHub/IR2117-PSR/tb3_ws/src/olympic/src/rings.cpp:93:14:[m[K [01;31m[Kerror: [m[K‘[01m[Kusing element_type = struct turtlesim::srv::SetPen_Request_<std::allocator<void> >[m[K’ {aka ‘[01m[Kstruct turtlesim::srv::SetPen_Request_<std::allocator<void> >[m[K’} has no member named ‘[01m[Kred[m[K’
[17.099s]    93 |     request->[01;31m[Kred[m[K = red[i];
[17.100s]       |              [01;31m[K^~~[m[K
[17.100s] [01m[K/home/marc/Documentos/GitHub/IR2117-PSR/tb3_ws/src/olympic/src/rings.cpp:94:14:[m[K [01;31m[Kerror: [m[K‘[01m[Kusing element_type = struct turtlesim::srv::SetPen_Request_<std::allocator<void> >[m[K’ {aka ‘[01m[Kstruct turtlesim::srv::SetPen_Request_<std::allocator<void> >[m[K’} has no member named ‘[01m[Kgreen[m[K’
[17.100s]    94 |     request->[01;31m[Kgreen[m[K = green[i];
[17.100s]       |              [01;31m[K^~~~~[m[K
[17.100s] [01m[K/home/marc/Documentos/GitHub/IR2117-PSR/tb3_ws/src/olympic/src/rings.cpp:95:14:[m[K [01;31m[Kerror: [m[K‘[01m[Kusing element_type = struct turtlesim::srv::SetPen_Request_<std::allocator<void> >[m[K’ {aka ‘[01m[Kstruct turtlesim::srv::SetPen_Request_<std::allocator<void> >[m[K’} has no member named ‘[01m[Kblue[m[K’
[17.100s]    95 |     request->[01;31m[Kblue[m[K = blue[i];
[17.101s]       |              [01;31m[K^~~~[m[K
[17.121s] [01m[K/home/marc/Documentos/GitHub/IR2117-PSR/tb3_ws/src/olympic/src/rings.cpp:24:7:[m[K [01;35m[Kwarning: [m[Kunused variable ‘[01m[Kpublish_count[m[K’ [[01;35m[K-Wunused-variable[m[K]
[17.121s]    24 |  auto [01;35m[Kpublish_count[m[K = 0;
[17.121s]       |       [01;35m[K^~~~~~~~~~~~~[m[K
[17.121s] [01m[K/home/marc/Documentos/GitHub/IR2117-PSR/tb3_ws/src/olympic/src/rings.cpp:27:9:[m[K [01;35m[Kwarning: [m[Kunused variable ‘[01m[Kradius_length[m[K’ [[01;35m[K-Wunused-variable[m[K]
[17.122s]    27 |  double [01;35m[Kradius_length[m[K = node->get_parameter("radius_length").get_parameter_value().get<double>();
[17.122s]       |         [01;35m[K^~~~~~~~~~~~~[m[K
[17.122s] [01m[K/home/marc/Documentos/GitHub/IR2117-PSR/tb3_ws/src/olympic/src/rings.cpp:118:1:[m[K [01;31m[Kerror: [m[Kexpected ‘[01m[K}[m[K’ at end of input
[17.122s]   118 | [01;31m[K}[m[K
[17.122s]       | [01;31m[K^[m[K
[17.122s] [01m[K/home/marc/Documentos/GitHub/IR2117-PSR/tb3_ws/src/olympic/src/rings.cpp:17:1:[m[K [01;36m[Knote: [m[Kto match this ‘[01m[K{[m[K’
[17.122s]    17 | [01;36m[K{[m[K
[17.123s]       | [01;36m[K^[m[K
[17.133s] [ 83%] Built target rings_action_server
[19.380s] make[2]: *** [CMakeFiles/rings.dir/build.make:63: CMakeFiles/rings.dir/src/rings.cpp.o] Error 1
[19.380s] make[1]: *** [CMakeFiles/Makefile2:136: CMakeFiles/rings.dir/all] Error 2
[19.380s] make: *** [Makefile:141: all] Error 2
[19.440s] Invoked command in '/home/marc/Documentos/GitHub/IR2117-PSR/tb3_ws/build/olympic' returned '2': AMENT_PREFIX_PATH=/home/marc/Documentos/GitHub/IR2117-PSR/tb3_ws/install/olympic_interfaces:${AMENT_PREFIX_PATH} CMAKE_PREFIX_PATH=/home/marc/Documentos/GitHub/IR2117-PSR/tb3_ws/install/olympic_interfaces:/opt/ros/foxy LD_LIBRARY_PATH=/home/marc/Documentos/GitHub/IR2117-PSR/tb3_ws/install/olympic_interfaces/lib:${LD_LIBRARY_PATH} PYTHONPATH=/home/marc/Documentos/GitHub/IR2117-PSR/tb3_ws/install/olympic_interfaces/lib/python3.8/site-packages:${PYTHONPATH} /usr/bin/cmake --build /home/marc/Documentos/GitHub/IR2117-PSR/tb3_ws/build/olympic -- -j2 -l2
