[0.679s] DEBUG:colcon:Command line arguments: ['/usr/bin/colcon', 'build']
[0.679s] DEBUG:colcon:Parsed command line arguments: Namespace(allow_overriding=[], ament_cmake_args=None, base_paths=['.'], build_base='build', catkin_cmake_args=None, catkin_skip_building_tests=False, cmake_args=None, cmake_clean_cache=False, cmake_clean_first=False, cmake_force_configure=False, cmake_target=None, cmake_target_skip_unavailable=False, continue_on_error=False, event_handlers=None, executor='parallel', ignore_user_meta=False, install_base='install', log_base=None, log_level=None, main=<bound method BuildVerb.main of <colcon_core.verb.build.BuildVerb object at 0x7fdb1748c7f0>>, merge_install=False, metas=['./colcon.meta'], packages_above=None, packages_above_and_dependencies=None, packages_above_depth=None, packages_end=None, packages_ignore=None, packages_ignore_regex=None, packages_select=None, packages_select_build_failed=False, packages_select_by_dep=None, packages_select_regex=None, packages_select_test_failures=False, packages_skip=None, packages_skip_build_finished=False, packages_skip_by_dep=None, packages_skip_regex=None, packages_skip_test_passed=False, packages_skip_up_to=None, packages_start=None, packages_up_to=None, packages_up_to_regex=None, parallel_workers=2, paths=None, symlink_install=False, test_result_base=None, verb_extension=<colcon_core.verb.build.BuildVerb object at 0x7fdb1748c7f0>, verb_name='build', verb_parser=<colcon_defaults.argument_parser.defaults.DefaultArgumentsDecorator object at 0x7fdb1748cd60>)
[0.732s] Level 1:colcon.colcon_core.package_discovery:discover_packages(colcon_meta) check parameters
[0.732s] Level 1:colcon.colcon_core.package_discovery:discover_packages(recursive) check parameters
[0.732s] Level 1:colcon.colcon_core.package_discovery:discover_packages(ignore) check parameters
[0.732s] Level 1:colcon.colcon_core.package_discovery:discover_packages(path) check parameters
[0.732s] Level 1:colcon.colcon_core.package_discovery:discover_packages(colcon_meta) discover
[0.732s] Level 1:colcon.colcon_core.package_discovery:discover_packages(recursive) discover
[0.732s] INFO:colcon.colcon_core.package_discovery:Crawling recursively for packages in '/home/marc/Documentos/GitHub/IR2117-PSR/tb3_ws'
[0.732s] Level 1:colcon.colcon_core.package_identification:_identify(.) by extensions ['ignore', 'ignore_ament_install']
[0.732s] Level 1:colcon.colcon_core.package_identification:_identify(.) by extension 'ignore'
[0.733s] Level 1:colcon.colcon_core.package_identification:_identify(.) by extension 'ignore_ament_install'
[0.733s] Level 1:colcon.colcon_core.package_identification:_identify(.) by extensions ['colcon_pkg']
[0.733s] Level 1:colcon.colcon_core.package_identification:_identify(.) by extension 'colcon_pkg'
[0.733s] Level 1:colcon.colcon_core.package_identification:_identify(.) by extensions ['colcon_meta']
[0.733s] Level 1:colcon.colcon_core.package_identification:_identify(.) by extension 'colcon_meta'
[0.733s] Level 1:colcon.colcon_core.package_identification:_identify(.) by extensions ['ros']
[0.733s] Level 1:colcon.colcon_core.package_identification:_identify(.) by extension 'ros'
[0.771s] Level 1:colcon.colcon_core.package_identification:_identify(.) by extensions ['cmake', 'python']
[0.771s] Level 1:colcon.colcon_core.package_identification:_identify(.) by extension 'cmake'
[0.771s] Level 1:colcon.colcon_core.package_identification:_identify(.) by extension 'python'
[0.771s] Level 1:colcon.colcon_core.package_identification:_identify(.) by extensions ['python_setup_py']
[0.771s] Level 1:colcon.colcon_core.package_identification:_identify(.) by extension 'python_setup_py'
[0.771s] Level 1:colcon.colcon_core.package_identification:_identify(build) by extensions ['ignore', 'ignore_ament_install']
[0.771s] Level 1:colcon.colcon_core.package_identification:_identify(build) by extension 'ignore'
[0.771s] Level 1:colcon.colcon_core.package_identification:_identify(build) ignored
[0.772s] Level 1:colcon.colcon_core.package_identification:_identify(cpp_srvcli) by extensions ['ignore', 'ignore_ament_install']
[0.772s] Level 1:colcon.colcon_core.package_identification:_identify(cpp_srvcli) by extension 'ignore'
[0.772s] Level 1:colcon.colcon_core.package_identification:_identify(cpp_srvcli) by extension 'ignore_ament_install'
[0.772s] Level 1:colcon.colcon_core.package_identification:_identify(cpp_srvcli) by extensions ['colcon_pkg']
[0.772s] Level 1:colcon.colcon_core.package_identification:_identify(cpp_srvcli) by extension 'colcon_pkg'
[0.772s] Level 1:colcon.colcon_core.package_identification:_identify(cpp_srvcli) by extensions ['colcon_meta']
[0.772s] Level 1:colcon.colcon_core.package_identification:_identify(cpp_srvcli) by extension 'colcon_meta'
[0.772s] Level 1:colcon.colcon_core.package_identification:_identify(cpp_srvcli) by extensions ['ros']
[0.772s] Level 1:colcon.colcon_core.package_identification:_identify(cpp_srvcli) by extension 'ros'
[0.777s] DEBUG:colcon.colcon_core.package_identification:Package 'cpp_srvcli' with type 'ros.ament_cmake' and name 'cpp_srvcli'
[0.777s] Level 1:colcon.colcon_core.package_identification:_identify(install) by extensions ['ignore', 'ignore_ament_install']
[0.778s] Level 1:colcon.colcon_core.package_identification:_identify(install) by extension 'ignore'
[0.778s] Level 1:colcon.colcon_core.package_identification:_identify(install) ignored
[0.778s] Level 1:colcon.colcon_core.package_identification:_identify(log) by extensions ['ignore', 'ignore_ament_install']
[0.778s] Level 1:colcon.colcon_core.package_identification:_identify(log) by extension 'ignore'
[0.778s] Level 1:colcon.colcon_core.package_identification:_identify(log) ignored
[0.778s] Level 1:colcon.colcon_core.package_identification:_identify(rosbag2_2023_03_28-12_32_38) by extensions ['ignore', 'ignore_ament_install']
[0.778s] Level 1:colcon.colcon_core.package_identification:_identify(rosbag2_2023_03_28-12_32_38) by extension 'ignore'
[0.778s] Level 1:colcon.colcon_core.package_identification:_identify(rosbag2_2023_03_28-12_32_38) by extension 'ignore_ament_install'
[0.779s] Level 1:colcon.colcon_core.package_identification:_identify(rosbag2_2023_03_28-12_32_38) by extensions ['colcon_pkg']
[0.779s] Level 1:colcon.colcon_core.package_identification:_identify(rosbag2_2023_03_28-12_32_38) by extension 'colcon_pkg'
[0.779s] Level 1:colcon.colcon_core.package_identification:_identify(rosbag2_2023_03_28-12_32_38) by extensions ['colcon_meta']
[0.779s] Level 1:colcon.colcon_core.package_identification:_identify(rosbag2_2023_03_28-12_32_38) by extension 'colcon_meta'
[0.779s] Level 1:colcon.colcon_core.package_identification:_identify(rosbag2_2023_03_28-12_32_38) by extensions ['ros']
[0.779s] Level 1:colcon.colcon_core.package_identification:_identify(rosbag2_2023_03_28-12_32_38) by extension 'ros'
[0.779s] Level 1:colcon.colcon_core.package_identification:_identify(rosbag2_2023_03_28-12_32_38) by extensions ['cmake', 'python']
[0.779s] Level 1:colcon.colcon_core.package_identification:_identify(rosbag2_2023_03_28-12_32_38) by extension 'cmake'
[0.779s] Level 1:colcon.colcon_core.package_identification:_identify(rosbag2_2023_03_28-12_32_38) by extension 'python'
[0.779s] Level 1:colcon.colcon_core.package_identification:_identify(rosbag2_2023_03_28-12_32_38) by extensions ['python_setup_py']
[0.779s] Level 1:colcon.colcon_core.package_identification:_identify(rosbag2_2023_03_28-12_32_38) by extension 'python_setup_py'
[0.779s] Level 1:colcon.colcon_core.package_identification:_identify(src) by extensions ['ignore', 'ignore_ament_install']
[0.780s] Level 1:colcon.colcon_core.package_identification:_identify(src) by extension 'ignore'
[0.780s] Level 1:colcon.colcon_core.package_identification:_identify(src) by extension 'ignore_ament_install'
[0.780s] Level 1:colcon.colcon_core.package_identification:_identify(src) by extensions ['colcon_pkg']
[0.780s] Level 1:colcon.colcon_core.package_identification:_identify(src) by extension 'colcon_pkg'
[0.780s] Level 1:colcon.colcon_core.package_identification:_identify(src) by extensions ['colcon_meta']
[0.780s] Level 1:colcon.colcon_core.package_identification:_identify(src) by extension 'colcon_meta'
[0.780s] Level 1:colcon.colcon_core.package_identification:_identify(src) by extensions ['ros']
[0.780s] Level 1:colcon.colcon_core.package_identification:_identify(src) by extension 'ros'
[0.780s] Level 1:colcon.colcon_core.package_identification:_identify(src) by extensions ['cmake', 'python']
[0.780s] Level 1:colcon.colcon_core.package_identification:_identify(src) by extension 'cmake'
[0.780s] Level 1:colcon.colcon_core.package_identification:_identify(src) by extension 'python'
[0.780s] Level 1:colcon.colcon_core.package_identification:_identify(src) by extensions ['python_setup_py']
[0.780s] Level 1:colcon.colcon_core.package_identification:_identify(src) by extension 'python_setup_py'
[0.781s] Level 1:colcon.colcon_core.package_identification:_identify(src/obstacles) by extensions ['ignore', 'ignore_ament_install']
[0.781s] Level 1:colcon.colcon_core.package_identification:_identify(src/obstacles) by extension 'ignore'
[0.781s] Level 1:colcon.colcon_core.package_identification:_identify(src/obstacles) by extension 'ignore_ament_install'
[0.781s] Level 1:colcon.colcon_core.package_identification:_identify(src/obstacles) by extensions ['colcon_pkg']
[0.781s] Level 1:colcon.colcon_core.package_identification:_identify(src/obstacles) by extension 'colcon_pkg'
[0.781s] Level 1:colcon.colcon_core.package_identification:_identify(src/obstacles) by extensions ['colcon_meta']
[0.781s] Level 1:colcon.colcon_core.package_identification:_identify(src/obstacles) by extension 'colcon_meta'
[0.781s] Level 1:colcon.colcon_core.package_identification:_identify(src/obstacles) by extensions ['ros']
[0.781s] Level 1:colcon.colcon_core.package_identification:_identify(src/obstacles) by extension 'ros'
[0.782s] DEBUG:colcon.colcon_core.package_identification:Package 'src/obstacles' with type 'ros.ament_cmake' and name 'obstacles'
[0.783s] Level 1:colcon.colcon_core.package_identification:_identify(src/olympic) by extensions ['ignore', 'ignore_ament_install']
[0.783s] Level 1:colcon.colcon_core.package_identification:_identify(src/olympic) by extension 'ignore'
[0.783s] Level 1:colcon.colcon_core.package_identification:_identify(src/olympic) by extension 'ignore_ament_install'
[0.783s] Level 1:colcon.colcon_core.package_identification:_identify(src/olympic) by extensions ['colcon_pkg']
[0.783s] Level 1:colcon.colcon_core.package_identification:_identify(src/olympic) by extension 'colcon_pkg'
[0.783s] Level 1:colcon.colcon_core.package_identification:_identify(src/olympic) by extensions ['colcon_meta']
[0.783s] Level 1:colcon.colcon_core.package_identification:_identify(src/olympic) by extension 'colcon_meta'
[0.783s] Level 1:colcon.colcon_core.package_identification:_identify(src/olympic) by extensions ['ros']
[0.783s] Level 1:colcon.colcon_core.package_identification:_identify(src/olympic) by extension 'ros'
[0.785s] DEBUG:colcon.colcon_core.package_identification:Package 'src/olympic' with type 'ros.ament_cmake' and name 'olympic'
[0.785s] Level 1:colcon.colcon_core.package_identification:_identify(src/olympic_interfaces) by extensions ['ignore', 'ignore_ament_install']
[0.785s] Level 1:colcon.colcon_core.package_identification:_identify(src/olympic_interfaces) by extension 'ignore'
[0.785s] Level 1:colcon.colcon_core.package_identification:_identify(src/olympic_interfaces) by extension 'ignore_ament_install'
[0.785s] Level 1:colcon.colcon_core.package_identification:_identify(src/olympic_interfaces) by extensions ['colcon_pkg']
[0.785s] Level 1:colcon.colcon_core.package_identification:_identify(src/olympic_interfaces) by extension 'colcon_pkg'
[0.785s] Level 1:colcon.colcon_core.package_identification:_identify(src/olympic_interfaces) by extensions ['colcon_meta']
[0.785s] Level 1:colcon.colcon_core.package_identification:_identify(src/olympic_interfaces) by extension 'colcon_meta'
[0.785s] Level 1:colcon.colcon_core.package_identification:_identify(src/olympic_interfaces) by extensions ['ros']
[0.785s] Level 1:colcon.colcon_core.package_identification:_identify(src/olympic_interfaces) by extension 'ros'
[0.787s] DEBUG:colcon.colcon_core.package_identification:Package 'src/olympic_interfaces' with type 'ros.ament_cmake' and name 'olympic_interfaces'
[0.788s] Level 1:colcon.colcon_core.package_identification:_identify(src/robot_trajectory) by extensions ['ignore', 'ignore_ament_install']
[0.788s] Level 1:colcon.colcon_core.package_identification:_identify(src/robot_trajectory) by extension 'ignore'
[0.788s] Level 1:colcon.colcon_core.package_identification:_identify(src/robot_trajectory) by extension 'ignore_ament_install'
[0.788s] Level 1:colcon.colcon_core.package_identification:_identify(src/robot_trajectory) by extensions ['colcon_pkg']
[0.788s] Level 1:colcon.colcon_core.package_identification:_identify(src/robot_trajectory) by extension 'colcon_pkg'
[0.788s] Level 1:colcon.colcon_core.package_identification:_identify(src/robot_trajectory) by extensions ['colcon_meta']
[0.788s] Level 1:colcon.colcon_core.package_identification:_identify(src/robot_trajectory) by extension 'colcon_meta'
[0.788s] Level 1:colcon.colcon_core.package_identification:_identify(src/robot_trajectory) by extensions ['ros']
[0.788s] Level 1:colcon.colcon_core.package_identification:_identify(src/robot_trajectory) by extension 'ros'
[0.790s] DEBUG:colcon.colcon_core.package_identification:Package 'src/robot_trajectory' with type 'ros.ament_cmake' and name 'robot_trajectory'
[0.790s] Level 1:colcon.colcon_core.package_discovery:discover_packages(recursive) using defaults
[0.790s] Level 1:colcon.colcon_core.package_discovery:discover_packages(ignore) discover
[0.790s] Level 1:colcon.colcon_core.package_discovery:discover_packages(ignore) using defaults
[0.790s] Level 1:colcon.colcon_core.package_discovery:discover_packages(path) discover
[0.790s] Level 1:colcon.colcon_core.package_discovery:discover_packages(path) using defaults
[0.836s] Level 1:colcon.colcon_core.package_discovery:discover_packages(prefix_path) check parameters
[0.836s] Level 1:colcon.colcon_core.package_discovery:discover_packages(prefix_path) discover
[0.842s] DEBUG:colcon.colcon_installed_package_information.package_discovery:Found 256 installed packages in /opt/ros/foxy
[0.846s] Level 1:colcon.colcon_core.package_discovery:discover_packages(prefix_path) using defaults
[0.999s] Level 5:colcon.colcon_core.verb:set package 'cpp_srvcli' build argument 'cmake_args' from command line to 'None'
[0.999s] Level 5:colcon.colcon_core.verb:set package 'cpp_srvcli' build argument 'cmake_target' from command line to 'None'
[0.999s] Level 5:colcon.colcon_core.verb:set package 'cpp_srvcli' build argument 'cmake_target_skip_unavailable' from command line to 'False'
[0.999s] Level 5:colcon.colcon_core.verb:set package 'cpp_srvcli' build argument 'cmake_clean_cache' from command line to 'False'
[0.999s] Level 5:colcon.colcon_core.verb:set package 'cpp_srvcli' build argument 'cmake_clean_first' from command line to 'False'
[0.999s] Level 5:colcon.colcon_core.verb:set package 'cpp_srvcli' build argument 'cmake_force_configure' from command line to 'False'
[0.999s] Level 5:colcon.colcon_core.verb:set package 'cpp_srvcli' build argument 'ament_cmake_args' from command line to 'None'
[0.999s] Level 5:colcon.colcon_core.verb:set package 'cpp_srvcli' build argument 'catkin_cmake_args' from command line to 'None'
[0.999s] Level 5:colcon.colcon_core.verb:set package 'cpp_srvcli' build argument 'catkin_skip_building_tests' from command line to 'False'
[0.999s] DEBUG:colcon.colcon_core.verb:Building package 'cpp_srvcli' with the following arguments: {'ament_cmake_args': None, 'build_base': '/home/marc/Documentos/GitHub/IR2117-PSR/tb3_ws/build/cpp_srvcli', 'catkin_cmake_args': None, 'catkin_skip_building_tests': False, 'cmake_args': None, 'cmake_clean_cache': False, 'cmake_clean_first': False, 'cmake_force_configure': False, 'cmake_target': None, 'cmake_target_skip_unavailable': False, 'install_base': '/home/marc/Documentos/GitHub/IR2117-PSR/tb3_ws/install/cpp_srvcli', 'merge_install': False, 'path': '/home/marc/Documentos/GitHub/IR2117-PSR/tb3_ws/cpp_srvcli', 'symlink_install': False, 'test_result_base': None}
[1.002s] Level 5:colcon.colcon_core.verb:set package 'obstacles' build argument 'cmake_args' from command line to 'None'
[1.002s] Level 5:colcon.colcon_core.verb:set package 'obstacles' build argument 'cmake_target' from command line to 'None'
[1.002s] Level 5:colcon.colcon_core.verb:set package 'obstacles' build argument 'cmake_target_skip_unavailable' from command line to 'False'
[1.002s] Level 5:colcon.colcon_core.verb:set package 'obstacles' build argument 'cmake_clean_cache' from command line to 'False'
[1.002s] Level 5:colcon.colcon_core.verb:set package 'obstacles' build argument 'cmake_clean_first' from command line to 'False'
[1.002s] Level 5:colcon.colcon_core.verb:set package 'obstacles' build argument 'cmake_force_configure' from command line to 'False'
[1.002s] Level 5:colcon.colcon_core.verb:set package 'obstacles' build argument 'ament_cmake_args' from command line to 'None'
[1.002s] Level 5:colcon.colcon_core.verb:set package 'obstacles' build argument 'catkin_cmake_args' from command line to 'None'
[1.002s] Level 5:colcon.colcon_core.verb:set package 'obstacles' build argument 'catkin_skip_building_tests' from command line to 'False'
[1.002s] DEBUG:colcon.colcon_core.verb:Building package 'obstacles' with the following arguments: {'ament_cmake_args': None, 'build_base': '/home/marc/Documentos/GitHub/IR2117-PSR/tb3_ws/build/obstacles', 'catkin_cmake_args': None, 'catkin_skip_building_tests': False, 'cmake_args': None, 'cmake_clean_cache': False, 'cmake_clean_first': False, 'cmake_force_configure': False, 'cmake_target': None, 'cmake_target_skip_unavailable': False, 'install_base': '/home/marc/Documentos/GitHub/IR2117-PSR/tb3_ws/install/obstacles', 'merge_install': False, 'path': '/home/marc/Documentos/GitHub/IR2117-PSR/tb3_ws/src/obstacles', 'symlink_install': False, 'test_result_base': None}
[1.004s] Level 5:colcon.colcon_core.verb:set package 'olympic_interfaces' build argument 'cmake_args' from command line to 'None'
[1.004s] Level 5:colcon.colcon_core.verb:set package 'olympic_interfaces' build argument 'cmake_target' from command line to 'None'
[1.004s] Level 5:colcon.colcon_core.verb:set package 'olympic_interfaces' build argument 'cmake_target_skip_unavailable' from command line to 'False'
[1.004s] Level 5:colcon.colcon_core.verb:set package 'olympic_interfaces' build argument 'cmake_clean_cache' from command line to 'False'
[1.004s] Level 5:colcon.colcon_core.verb:set package 'olympic_interfaces' build argument 'cmake_clean_first' from command line to 'False'
[1.005s] Level 5:colcon.colcon_core.verb:set package 'olympic_interfaces' build argument 'cmake_force_configure' from command line to 'False'
[1.005s] Level 5:colcon.colcon_core.verb:set package 'olympic_interfaces' build argument 'ament_cmake_args' from command line to 'None'
[1.005s] Level 5:colcon.colcon_core.verb:set package 'olympic_interfaces' build argument 'catkin_cmake_args' from command line to 'None'
[1.005s] Level 5:colcon.colcon_core.verb:set package 'olympic_interfaces' build argument 'catkin_skip_building_tests' from command line to 'False'
[1.005s] DEBUG:colcon.colcon_core.verb:Building package 'olympic_interfaces' with the following arguments: {'ament_cmake_args': None, 'build_base': '/home/marc/Documentos/GitHub/IR2117-PSR/tb3_ws/build/olympic_interfaces', 'catkin_cmake_args': None, 'catkin_skip_building_tests': False, 'cmake_args': None, 'cmake_clean_cache': False, 'cmake_clean_first': False, 'cmake_force_configure': False, 'cmake_target': None, 'cmake_target_skip_unavailable': False, 'install_base': '/home/marc/Documentos/GitHub/IR2117-PSR/tb3_ws/install/olympic_interfaces', 'merge_install': False, 'path': '/home/marc/Documentos/GitHub/IR2117-PSR/tb3_ws/src/olympic_interfaces', 'symlink_install': False, 'test_result_base': None}
[1.008s] Level 5:colcon.colcon_core.verb:set package 'robot_trajectory' build argument 'cmake_args' from command line to 'None'
[1.008s] Level 5:colcon.colcon_core.verb:set package 'robot_trajectory' build argument 'cmake_target' from command line to 'None'
[1.008s] Level 5:colcon.colcon_core.verb:set package 'robot_trajectory' build argument 'cmake_target_skip_unavailable' from command line to 'False'
[1.008s] Level 5:colcon.colcon_core.verb:set package 'robot_trajectory' build argument 'cmake_clean_cache' from command line to 'False'
[1.008s] Level 5:colcon.colcon_core.verb:set package 'robot_trajectory' build argument 'cmake_clean_first' from command line to 'False'
[1.008s] Level 5:colcon.colcon_core.verb:set package 'robot_trajectory' build argument 'cmake_force_configure' from command line to 'False'
[1.008s] Level 5:colcon.colcon_core.verb:set package 'robot_trajectory' build argument 'ament_cmake_args' from command line to 'None'
[1.008s] Level 5:colcon.colcon_core.verb:set package 'robot_trajectory' build argument 'catkin_cmake_args' from command line to 'None'
[1.008s] Level 5:colcon.colcon_core.verb:set package 'robot_trajectory' build argument 'catkin_skip_building_tests' from command line to 'False'
[1.008s] DEBUG:colcon.colcon_core.verb:Building package 'robot_trajectory' with the following arguments: {'ament_cmake_args': None, 'build_base': '/home/marc/Documentos/GitHub/IR2117-PSR/tb3_ws/build/robot_trajectory', 'catkin_cmake_args': None, 'catkin_skip_building_tests': False, 'cmake_args': None, 'cmake_clean_cache': False, 'cmake_clean_first': False, 'cmake_force_configure': False, 'cmake_target': None, 'cmake_target_skip_unavailable': False, 'install_base': '/home/marc/Documentos/GitHub/IR2117-PSR/tb3_ws/install/robot_trajectory', 'merge_install': False, 'path': '/home/marc/Documentos/GitHub/IR2117-PSR/tb3_ws/src/robot_trajectory', 'symlink_install': False, 'test_result_base': None}
[1.010s] Level 5:colcon.colcon_core.verb:set package 'olympic' build argument 'cmake_args' from command line to 'None'
[1.010s] Level 5:colcon.colcon_core.verb:set package 'olympic' build argument 'cmake_target' from command line to 'None'
[1.010s] Level 5:colcon.colcon_core.verb:set package 'olympic' build argument 'cmake_target_skip_unavailable' from command line to 'False'
[1.010s] Level 5:colcon.colcon_core.verb:set package 'olympic' build argument 'cmake_clean_cache' from command line to 'False'
[1.011s] Level 5:colcon.colcon_core.verb:set package 'olympic' build argument 'cmake_clean_first' from command line to 'False'
[1.011s] Level 5:colcon.colcon_core.verb:set package 'olympic' build argument 'cmake_force_configure' from command line to 'False'
[1.011s] Level 5:colcon.colcon_core.verb:set package 'olympic' build argument 'ament_cmake_args' from command line to 'None'
[1.011s] Level 5:colcon.colcon_core.verb:set package 'olympic' build argument 'catkin_cmake_args' from command line to 'None'
[1.011s] Level 5:colcon.colcon_core.verb:set package 'olympic' build argument 'catkin_skip_building_tests' from command line to 'False'
[1.011s] DEBUG:colcon.colcon_core.verb:Building package 'olympic' with the following arguments: {'ament_cmake_args': None, 'build_base': '/home/marc/Documentos/GitHub/IR2117-PSR/tb3_ws/build/olympic', 'catkin_cmake_args': None, 'catkin_skip_building_tests': False, 'cmake_args': None, 'cmake_clean_cache': False, 'cmake_clean_first': False, 'cmake_force_configure': False, 'cmake_target': None, 'cmake_target_skip_unavailable': False, 'install_base': '/home/marc/Documentos/GitHub/IR2117-PSR/tb3_ws/install/olympic', 'merge_install': False, 'path': '/home/marc/Documentos/GitHub/IR2117-PSR/tb3_ws/src/olympic', 'symlink_install': False, 'test_result_base': None}
[1.012s] INFO:colcon.colcon_core.executor:Executing jobs using 'parallel' executor
[1.019s] DEBUG:colcon.colcon_parallel_executor.executor.parallel:run_until_complete
[1.020s] INFO:colcon.colcon_ros.task.ament_cmake.build:Building ROS package in '/home/marc/Documentos/GitHub/IR2117-PSR/tb3_ws/src/olympic_interfaces' with build type 'ament_cmake'
[1.020s] INFO:colcon.colcon_cmake.task.cmake.build:Building CMake package in '/home/marc/Documentos/GitHub/IR2117-PSR/tb3_ws/src/olympic_interfaces'
[1.029s] INFO:colcon.colcon_core.plugin_system:Skipping extension 'colcon_core.shell.bat': Not used on non-Windows systems
[1.029s] INFO:colcon.colcon_core.shell:Skip shell extension 'powershell' for command environment: Not usable outside of PowerShell
[1.029s] DEBUG:colcon.colcon_core.shell:Skip shell extension 'dsv' for command environment
[1.044s] INFO:colcon.colcon_ros.task.ament_cmake.build:Building ROS package in '/home/marc/Documentos/GitHub/IR2117-PSR/tb3_ws/cpp_srvcli' with build type 'ament_cmake'
[1.044s] INFO:colcon.colcon_cmake.task.cmake.build:Building CMake package in '/home/marc/Documentos/GitHub/IR2117-PSR/tb3_ws/cpp_srvcli'
[1.048s] INFO:colcon.colcon_core.shell:Skip shell extension 'powershell' for command environment: Not usable outside of PowerShell
[1.048s] DEBUG:colcon.colcon_core.shell:Skip shell extension 'dsv' for command environment
[1.075s] DEBUG:colcon.colcon_core.event_handler.log_command:Invoking command in '/home/marc/Documentos/GitHub/IR2117-PSR/tb3_ws/build/olympic_interfaces': CMAKE_PREFIX_PATH=/opt/ros/foxy /usr/bin/cmake --build /home/marc/Documentos/GitHub/IR2117-PSR/tb3_ws/build/olympic_interfaces -- -j2 -l2
[1.109s] DEBUG:colcon.colcon_core.event_handler.log_command:Invoking command in '/home/marc/Documentos/GitHub/IR2117-PSR/tb3_ws/build/cpp_srvcli': CMAKE_PREFIX_PATH=/opt/ros/foxy /usr/bin/cmake --build /home/marc/Documentos/GitHub/IR2117-PSR/tb3_ws/build/cpp_srvcli -- -j2 -l2
[1.326s] DEBUG:colcon.colcon_core.event_handler.log_command:Invoked command in '/home/marc/Documentos/GitHub/IR2117-PSR/tb3_ws/build/cpp_srvcli' returned '0': CMAKE_PREFIX_PATH=/opt/ros/foxy /usr/bin/cmake --build /home/marc/Documentos/GitHub/IR2117-PSR/tb3_ws/build/cpp_srvcli -- -j2 -l2
[1.453s] DEBUG:colcon.colcon_core.event_handler.log_command:Invoking command in '/home/marc/Documentos/GitHub/IR2117-PSR/tb3_ws/build/cpp_srvcli': CMAKE_PREFIX_PATH=/opt/ros/foxy /usr/bin/cmake --install /home/marc/Documentos/GitHub/IR2117-PSR/tb3_ws/build/cpp_srvcli
[1.488s] Level 1:colcon.colcon_core.environment:create_environment_scripts_only(cpp_srvcli)
[1.491s] DEBUG:colcon.colcon_core.event_handler.log_command:Invoked command in '/home/marc/Documentos/GitHub/IR2117-PSR/tb3_ws/build/cpp_srvcli' returned '0': CMAKE_PREFIX_PATH=/opt/ros/foxy /usr/bin/cmake --install /home/marc/Documentos/GitHub/IR2117-PSR/tb3_ws/build/cpp_srvcli
[1.506s] Level 1:colcon.colcon_core.environment:checking '/home/marc/Documentos/GitHub/IR2117-PSR/tb3_ws/install/cpp_srvcli' for CMake module files
[1.508s] Level 1:colcon.colcon_core.environment:checking '/home/marc/Documentos/GitHub/IR2117-PSR/tb3_ws/install/cpp_srvcli' for CMake config files
[1.509s] Level 1:colcon.colcon_core.shell:create_environment_hook('cpp_srvcli', 'cmake_prefix_path')
[1.513s] INFO:colcon.colcon_core.shell:Creating environment hook '/home/marc/Documentos/GitHub/IR2117-PSR/tb3_ws/install/cpp_srvcli/share/cpp_srvcli/hook/cmake_prefix_path.ps1'
[1.517s] INFO:colcon.colcon_core.shell:Creating environment descriptor '/home/marc/Documentos/GitHub/IR2117-PSR/tb3_ws/install/cpp_srvcli/share/cpp_srvcli/hook/cmake_prefix_path.dsv'
[1.519s] INFO:colcon.colcon_core.shell:Creating environment hook '/home/marc/Documentos/GitHub/IR2117-PSR/tb3_ws/install/cpp_srvcli/share/cpp_srvcli/hook/cmake_prefix_path.sh'
[1.523s] Level 1:colcon.colcon_core.environment:checking '/home/marc/Documentos/GitHub/IR2117-PSR/tb3_ws/install/cpp_srvcli/lib'
[1.523s] Level 1:colcon.colcon_core.environment:checking '/home/marc/Documentos/GitHub/IR2117-PSR/tb3_ws/install/cpp_srvcli/bin'
[1.524s] Level 1:colcon.colcon_core.environment:checking '/home/marc/Documentos/GitHub/IR2117-PSR/tb3_ws/install/cpp_srvcli/lib/pkgconfig/cpp_srvcli.pc'
[1.524s] Level 1:colcon.colcon_core.environment:checking '/home/marc/Documentos/GitHub/IR2117-PSR/tb3_ws/install/cpp_srvcli/lib/python3.8/site-packages'
[1.525s] Level 1:colcon.colcon_core.environment:checking '/home/marc/Documentos/GitHub/IR2117-PSR/tb3_ws/install/cpp_srvcli/bin'
[1.531s] INFO:colcon.colcon_core.shell:Creating package script '/home/marc/Documentos/GitHub/IR2117-PSR/tb3_ws/install/cpp_srvcli/share/cpp_srvcli/package.ps1'
[1.533s] INFO:colcon.colcon_core.shell:Creating package descriptor '/home/marc/Documentos/GitHub/IR2117-PSR/tb3_ws/install/cpp_srvcli/share/cpp_srvcli/package.dsv'
[1.535s] INFO:colcon.colcon_core.shell:Creating package script '/home/marc/Documentos/GitHub/IR2117-PSR/tb3_ws/install/cpp_srvcli/share/cpp_srvcli/package.sh'
[1.538s] INFO:colcon.colcon_core.shell:Creating package script '/home/marc/Documentos/GitHub/IR2117-PSR/tb3_ws/install/cpp_srvcli/share/cpp_srvcli/package.bash'
[1.540s] INFO:colcon.colcon_core.shell:Creating package script '/home/marc/Documentos/GitHub/IR2117-PSR/tb3_ws/install/cpp_srvcli/share/cpp_srvcli/package.zsh'
[1.542s] Level 1:colcon.colcon_core.environment:create_file_with_runtime_dependencies(/home/marc/Documentos/GitHub/IR2117-PSR/tb3_ws/install/cpp_srvcli/share/colcon-core/packages/cpp_srvcli)
[1.625s] Level 1:colcon.colcon_core.environment:create_environment_scripts_only(cpp_srvcli)
[1.632s] Level 1:colcon.colcon_core.environment:checking '/home/marc/Documentos/GitHub/IR2117-PSR/tb3_ws/install/cpp_srvcli' for CMake module files
[1.634s] Level 1:colcon.colcon_core.environment:checking '/home/marc/Documentos/GitHub/IR2117-PSR/tb3_ws/install/cpp_srvcli' for CMake config files
[1.634s] Level 1:colcon.colcon_core.shell:create_environment_hook('cpp_srvcli', 'cmake_prefix_path')
[1.639s] INFO:colcon.colcon_core.shell:Creating environment hook '/home/marc/Documentos/GitHub/IR2117-PSR/tb3_ws/install/cpp_srvcli/share/cpp_srvcli/hook/cmake_prefix_path.ps1'
[1.640s] INFO:colcon.colcon_core.shell:Creating environment descriptor '/home/marc/Documentos/GitHub/IR2117-PSR/tb3_ws/install/cpp_srvcli/share/cpp_srvcli/hook/cmake_prefix_path.dsv'
[1.641s] INFO:colcon.colcon_core.shell:Creating environment hook '/home/marc/Documentos/GitHub/IR2117-PSR/tb3_ws/install/cpp_srvcli/share/cpp_srvcli/hook/cmake_prefix_path.sh'
[1.643s] Level 1:colcon.colcon_core.environment:checking '/home/marc/Documentos/GitHub/IR2117-PSR/tb3_ws/install/cpp_srvcli/lib'
[1.643s] Level 1:colcon.colcon_core.environment:checking '/home/marc/Documentos/GitHub/IR2117-PSR/tb3_ws/install/cpp_srvcli/bin'
[1.643s] Level 1:colcon.colcon_core.environment:checking '/home/marc/Documentos/GitHub/IR2117-PSR/tb3_ws/install/cpp_srvcli/lib/pkgconfig/cpp_srvcli.pc'
[1.644s] Level 1:colcon.colcon_core.environment:checking '/home/marc/Documentos/GitHub/IR2117-PSR/tb3_ws/install/cpp_srvcli/lib/python3.8/site-packages'
[1.645s] Level 1:colcon.colcon_core.environment:checking '/home/marc/Documentos/GitHub/IR2117-PSR/tb3_ws/install/cpp_srvcli/bin'
[1.649s] INFO:colcon.colcon_core.shell:Creating package script '/home/marc/Documentos/GitHub/IR2117-PSR/tb3_ws/install/cpp_srvcli/share/cpp_srvcli/package.ps1'
[1.651s] INFO:colcon.colcon_core.shell:Creating package descriptor '/home/marc/Documentos/GitHub/IR2117-PSR/tb3_ws/install/cpp_srvcli/share/cpp_srvcli/package.dsv'
[1.652s] INFO:colcon.colcon_core.shell:Creating package script '/home/marc/Documentos/GitHub/IR2117-PSR/tb3_ws/install/cpp_srvcli/share/cpp_srvcli/package.sh'
[1.654s] INFO:colcon.colcon_core.shell:Creating package script '/home/marc/Documentos/GitHub/IR2117-PSR/tb3_ws/install/cpp_srvcli/share/cpp_srvcli/package.bash'
[1.655s] INFO:colcon.colcon_core.shell:Creating package script '/home/marc/Documentos/GitHub/IR2117-PSR/tb3_ws/install/cpp_srvcli/share/cpp_srvcli/package.zsh'
[1.656s] Level 1:colcon.colcon_core.environment:create_file_with_runtime_dependencies(/home/marc/Documentos/GitHub/IR2117-PSR/tb3_ws/install/cpp_srvcli/share/colcon-core/packages/cpp_srvcli)
[1.661s] INFO:colcon.colcon_ros.task.ament_cmake.build:Building ROS package in '/home/marc/Documentos/GitHub/IR2117-PSR/tb3_ws/src/obstacles' with build type 'ament_cmake'
[1.662s] INFO:colcon.colcon_cmake.task.cmake.build:Building CMake package in '/home/marc/Documentos/GitHub/IR2117-PSR/tb3_ws/src/obstacles'
[1.667s] INFO:colcon.colcon_core.shell:Skip shell extension 'powershell' for command environment: Not usable outside of PowerShell
[1.667s] DEBUG:colcon.colcon_core.shell:Skip shell extension 'dsv' for command environment
[1.703s] DEBUG:colcon.colcon_core.event_handler.log_command:Invoking command in '/home/marc/Documentos/GitHub/IR2117-PSR/tb3_ws/build/obstacles': CMAKE_PREFIX_PATH=/opt/ros/foxy /usr/bin/cmake --build /home/marc/Documentos/GitHub/IR2117-PSR/tb3_ws/build/obstacles -- -j2 -l2
[1.811s] DEBUG:colcon.colcon_core.event_handler.log_command:Invoked command in '/home/marc/Documentos/GitHub/IR2117-PSR/tb3_ws/build/olympic_interfaces' returned '0': CMAKE_PREFIX_PATH=/opt/ros/foxy /usr/bin/cmake --build /home/marc/Documentos/GitHub/IR2117-PSR/tb3_ws/build/olympic_interfaces -- -j2 -l2
[1.919s] DEBUG:colcon.colcon_core.event_handler.log_command:Invoked command in '/home/marc/Documentos/GitHub/IR2117-PSR/tb3_ws/build/obstacles' returned '0': CMAKE_PREFIX_PATH=/opt/ros/foxy /usr/bin/cmake --build /home/marc/Documentos/GitHub/IR2117-PSR/tb3_ws/build/obstacles -- -j2 -l2
[1.932s] DEBUG:colcon.colcon_core.event_handler.log_command:Invoking command in '/home/marc/Documentos/GitHub/IR2117-PSR/tb3_ws/build/olympic_interfaces': CMAKE_PREFIX_PATH=/opt/ros/foxy /usr/bin/cmake --install /home/marc/Documentos/GitHub/IR2117-PSR/tb3_ws/build/olympic_interfaces
[1.992s] DEBUG:colcon.colcon_core.event_handler.log_command:Invoking command in '/home/marc/Documentos/GitHub/IR2117-PSR/tb3_ws/build/obstacles': CMAKE_PREFIX_PATH=/opt/ros/foxy /usr/bin/cmake --install /home/marc/Documentos/GitHub/IR2117-PSR/tb3_ws/build/obstacles
[2.023s] Level 1:colcon.colcon_core.environment:create_environment_scripts_only(obstacles)
[2.029s] DEBUG:colcon.colcon_core.event_handler.log_command:Invoked command in '/home/marc/Documentos/GitHub/IR2117-PSR/tb3_ws/build/obstacles' returned '0': CMAKE_PREFIX_PATH=/opt/ros/foxy /usr/bin/cmake --install /home/marc/Documentos/GitHub/IR2117-PSR/tb3_ws/build/obstacles
[2.035s] Level 1:colcon.colcon_core.environment:checking '/home/marc/Documentos/GitHub/IR2117-PSR/tb3_ws/install/obstacles' for CMake module files
[2.037s] Level 1:colcon.colcon_core.environment:checking '/home/marc/Documentos/GitHub/IR2117-PSR/tb3_ws/install/obstacles' for CMake config files
[2.037s] Level 1:colcon.colcon_core.shell:create_environment_hook('obstacles', 'cmake_prefix_path')
[2.042s] INFO:colcon.colcon_core.shell:Creating environment hook '/home/marc/Documentos/GitHub/IR2117-PSR/tb3_ws/install/obstacles/share/obstacles/hook/cmake_prefix_path.ps1'
[2.043s] INFO:colcon.colcon_core.shell:Creating environment descriptor '/home/marc/Documentos/GitHub/IR2117-PSR/tb3_ws/install/obstacles/share/obstacles/hook/cmake_prefix_path.dsv'
[2.045s] INFO:colcon.colcon_core.shell:Creating environment hook '/home/marc/Documentos/GitHub/IR2117-PSR/tb3_ws/install/obstacles/share/obstacles/hook/cmake_prefix_path.sh'
[2.046s] Level 1:colcon.colcon_core.environment:checking '/home/marc/Documentos/GitHub/IR2117-PSR/tb3_ws/install/obstacles/lib'
[2.047s] Level 1:colcon.colcon_core.environment:checking '/home/marc/Documentos/GitHub/IR2117-PSR/tb3_ws/install/obstacles/bin'
[2.047s] Level 1:colcon.colcon_core.environment:checking '/home/marc/Documentos/GitHub/IR2117-PSR/tb3_ws/install/obstacles/lib/pkgconfig/obstacles.pc'
[2.047s] Level 1:colcon.colcon_core.environment:checking '/home/marc/Documentos/GitHub/IR2117-PSR/tb3_ws/install/obstacles/lib/python3.8/site-packages'
[2.048s] Level 1:colcon.colcon_core.environment:checking '/home/marc/Documentos/GitHub/IR2117-PSR/tb3_ws/install/obstacles/bin'
[2.052s] INFO:colcon.colcon_core.shell:Creating package script '/home/marc/Documentos/GitHub/IR2117-PSR/tb3_ws/install/obstacles/share/obstacles/package.ps1'
[2.054s] INFO:colcon.colcon_core.shell:Creating package descriptor '/home/marc/Documentos/GitHub/IR2117-PSR/tb3_ws/install/obstacles/share/obstacles/package.dsv'
[2.055s] INFO:colcon.colcon_core.shell:Creating package script '/home/marc/Documentos/GitHub/IR2117-PSR/tb3_ws/install/obstacles/share/obstacles/package.sh'
[2.056s] INFO:colcon.colcon_core.shell:Creating package script '/home/marc/Documentos/GitHub/IR2117-PSR/tb3_ws/install/obstacles/share/obstacles/package.bash'
[2.057s] INFO:colcon.colcon_core.shell:Creating package script '/home/marc/Documentos/GitHub/IR2117-PSR/tb3_ws/install/obstacles/share/obstacles/package.zsh'
[2.060s] Level 1:colcon.colcon_core.environment:create_file_with_runtime_dependencies(/home/marc/Documentos/GitHub/IR2117-PSR/tb3_ws/install/obstacles/share/colcon-core/packages/obstacles)
[2.079s] Level 1:colcon.colcon_core.environment:create_environment_scripts_only(olympic_interfaces)
[2.083s] Level 1:colcon.colcon_core.environment:checking '/home/marc/Documentos/GitHub/IR2117-PSR/tb3_ws/install/olympic_interfaces' for CMake module files
[2.085s] DEBUG:colcon.colcon_core.event_handler.log_command:Invoked command in '/home/marc/Documentos/GitHub/IR2117-PSR/tb3_ws/build/olympic_interfaces' returned '0': CMAKE_PREFIX_PATH=/opt/ros/foxy /usr/bin/cmake --install /home/marc/Documentos/GitHub/IR2117-PSR/tb3_ws/build/olympic_interfaces
[2.086s] Level 1:colcon.colcon_core.environment:checking '/home/marc/Documentos/GitHub/IR2117-PSR/tb3_ws/install/olympic_interfaces' for CMake config files
[2.086s] Level 1:colcon.colcon_core.shell:create_environment_hook('olympic_interfaces', 'cmake_prefix_path')
[2.090s] INFO:colcon.colcon_core.shell:Creating environment hook '/home/marc/Documentos/GitHub/IR2117-PSR/tb3_ws/install/olympic_interfaces/share/olympic_interfaces/hook/cmake_prefix_path.ps1'
[2.091s] INFO:colcon.colcon_core.shell:Creating environment descriptor '/home/marc/Documentos/GitHub/IR2117-PSR/tb3_ws/install/olympic_interfaces/share/olympic_interfaces/hook/cmake_prefix_path.dsv'
[2.092s] INFO:colcon.colcon_core.shell:Creating environment hook '/home/marc/Documentos/GitHub/IR2117-PSR/tb3_ws/install/olympic_interfaces/share/olympic_interfaces/hook/cmake_prefix_path.sh'
[2.093s] Level 1:colcon.colcon_core.environment:checking '/home/marc/Documentos/GitHub/IR2117-PSR/tb3_ws/install/olympic_interfaces/lib'
[2.093s] Level 1:colcon.colcon_core.shell:create_environment_hook('olympic_interfaces', 'ld_library_path_lib')
[2.096s] INFO:colcon.colcon_core.shell:Creating environment hook '/home/marc/Documentos/GitHub/IR2117-PSR/tb3_ws/install/olympic_interfaces/share/olympic_interfaces/hook/ld_library_path_lib.ps1'
[2.097s] INFO:colcon.colcon_core.shell:Creating environment descriptor '/home/marc/Documentos/GitHub/IR2117-PSR/tb3_ws/install/olympic_interfaces/share/olympic_interfaces/hook/ld_library_path_lib.dsv'
[2.098s] INFO:colcon.colcon_core.shell:Creating environment hook '/home/marc/Documentos/GitHub/IR2117-PSR/tb3_ws/install/olympic_interfaces/share/olympic_interfaces/hook/ld_library_path_lib.sh'
[2.099s] Level 1:colcon.colcon_core.environment:checking '/home/marc/Documentos/GitHub/IR2117-PSR/tb3_ws/install/olympic_interfaces/bin'
[2.099s] Level 1:colcon.colcon_core.environment:checking '/home/marc/Documentos/GitHub/IR2117-PSR/tb3_ws/install/olympic_interfaces/lib/pkgconfig/olympic_interfaces.pc'
[2.099s] Level 1:colcon.colcon_core.environment:checking '/home/marc/Documentos/GitHub/IR2117-PSR/tb3_ws/install/olympic_interfaces/lib/python3.8/site-packages'
[2.099s] Level 1:colcon.colcon_core.shell:create_environment_hook('olympic_interfaces', 'pythonpath')
[2.103s] INFO:colcon.colcon_core.shell:Creating environment hook '/home/marc/Documentos/GitHub/IR2117-PSR/tb3_ws/install/olympic_interfaces/share/olympic_interfaces/hook/pythonpath.ps1'
[2.104s] INFO:colcon.colcon_core.shell:Creating environment descriptor '/home/marc/Documentos/GitHub/IR2117-PSR/tb3_ws/install/olympic_interfaces/share/olympic_interfaces/hook/pythonpath.dsv'
[2.104s] INFO:colcon.colcon_core.shell:Creating environment hook '/home/marc/Documentos/GitHub/IR2117-PSR/tb3_ws/install/olympic_interfaces/share/olympic_interfaces/hook/pythonpath.sh'
[2.106s] Level 1:colcon.colcon_core.environment:checking '/home/marc/Documentos/GitHub/IR2117-PSR/tb3_ws/install/olympic_interfaces/bin'
[2.110s] INFO:colcon.colcon_core.shell:Creating package script '/home/marc/Documentos/GitHub/IR2117-PSR/tb3_ws/install/olympic_interfaces/share/olympic_interfaces/package.ps1'
[2.111s] INFO:colcon.colcon_core.shell:Creating package descriptor '/home/marc/Documentos/GitHub/IR2117-PSR/tb3_ws/install/olympic_interfaces/share/olympic_interfaces/package.dsv'
[2.112s] INFO:colcon.colcon_core.shell:Creating package script '/home/marc/Documentos/GitHub/IR2117-PSR/tb3_ws/install/olympic_interfaces/share/olympic_interfaces/package.sh'
[2.113s] INFO:colcon.colcon_core.shell:Creating package script '/home/marc/Documentos/GitHub/IR2117-PSR/tb3_ws/install/olympic_interfaces/share/olympic_interfaces/package.bash'
[2.114s] INFO:colcon.colcon_core.shell:Creating package script '/home/marc/Documentos/GitHub/IR2117-PSR/tb3_ws/install/olympic_interfaces/share/olympic_interfaces/package.zsh'
[2.115s] Level 1:colcon.colcon_core.environment:create_file_with_runtime_dependencies(/home/marc/Documentos/GitHub/IR2117-PSR/tb3_ws/install/olympic_interfaces/share/colcon-core/packages/olympic_interfaces)
[2.138s] Level 1:colcon.colcon_core.environment:create_environment_scripts_only(obstacles)
[2.142s] Level 1:colcon.colcon_core.environment:checking '/home/marc/Documentos/GitHub/IR2117-PSR/tb3_ws/install/obstacles' for CMake module files
[2.144s] Level 1:colcon.colcon_core.environment:checking '/home/marc/Documentos/GitHub/IR2117-PSR/tb3_ws/install/obstacles' for CMake config files
[2.145s] Level 1:colcon.colcon_core.shell:create_environment_hook('obstacles', 'cmake_prefix_path')
[2.148s] INFO:colcon.colcon_core.shell:Creating environment hook '/home/marc/Documentos/GitHub/IR2117-PSR/tb3_ws/install/obstacles/share/obstacles/hook/cmake_prefix_path.ps1'
[2.149s] INFO:colcon.colcon_core.shell:Creating environment descriptor '/home/marc/Documentos/GitHub/IR2117-PSR/tb3_ws/install/obstacles/share/obstacles/hook/cmake_prefix_path.dsv'
[2.150s] INFO:colcon.colcon_core.shell:Creating environment hook '/home/marc/Documentos/GitHub/IR2117-PSR/tb3_ws/install/obstacles/share/obstacles/hook/cmake_prefix_path.sh'
[2.151s] Level 1:colcon.colcon_core.environment:checking '/home/marc/Documentos/GitHub/IR2117-PSR/tb3_ws/install/obstacles/lib'
[2.151s] Level 1:colcon.colcon_core.environment:checking '/home/marc/Documentos/GitHub/IR2117-PSR/tb3_ws/install/obstacles/bin'
[2.151s] Level 1:colcon.colcon_core.environment:checking '/home/marc/Documentos/GitHub/IR2117-PSR/tb3_ws/install/obstacles/lib/pkgconfig/obstacles.pc'
[2.152s] Level 1:colcon.colcon_core.environment:checking '/home/marc/Documentos/GitHub/IR2117-PSR/tb3_ws/install/obstacles/lib/python3.8/site-packages'
[2.152s] Level 1:colcon.colcon_core.environment:checking '/home/marc/Documentos/GitHub/IR2117-PSR/tb3_ws/install/obstacles/bin'
[2.155s] INFO:colcon.colcon_core.shell:Creating package script '/home/marc/Documentos/GitHub/IR2117-PSR/tb3_ws/install/obstacles/share/obstacles/package.ps1'
[2.157s] INFO:colcon.colcon_core.shell:Creating package descriptor '/home/marc/Documentos/GitHub/IR2117-PSR/tb3_ws/install/obstacles/share/obstacles/package.dsv'
[2.158s] INFO:colcon.colcon_core.shell:Creating package script '/home/marc/Documentos/GitHub/IR2117-PSR/tb3_ws/install/obstacles/share/obstacles/package.sh'
[2.159s] INFO:colcon.colcon_core.shell:Creating package script '/home/marc/Documentos/GitHub/IR2117-PSR/tb3_ws/install/obstacles/share/obstacles/package.bash'
[2.162s] INFO:colcon.colcon_core.shell:Creating package script '/home/marc/Documentos/GitHub/IR2117-PSR/tb3_ws/install/obstacles/share/obstacles/package.zsh'
[2.164s] Level 1:colcon.colcon_core.environment:create_file_with_runtime_dependencies(/home/marc/Documentos/GitHub/IR2117-PSR/tb3_ws/install/obstacles/share/colcon-core/packages/obstacles)
[2.165s] INFO:colcon.colcon_ros.task.ament_cmake.build:Building ROS package in '/home/marc/Documentos/GitHub/IR2117-PSR/tb3_ws/src/robot_trajectory' with build type 'ament_cmake'
[2.165s] INFO:colcon.colcon_cmake.task.cmake.build:Building CMake package in '/home/marc/Documentos/GitHub/IR2117-PSR/tb3_ws/src/robot_trajectory'
[2.168s] INFO:colcon.colcon_core.shell:Skip shell extension 'powershell' for command environment: Not usable outside of PowerShell
[2.169s] DEBUG:colcon.colcon_core.shell:Skip shell extension 'dsv' for command environment
[2.202s] DEBUG:colcon.colcon_core.event_handler.log_command:Invoking command in '/home/marc/Documentos/GitHub/IR2117-PSR/tb3_ws/build/robot_trajectory': CMAKE_PREFIX_PATH=/opt/ros/foxy /usr/bin/cmake --build /home/marc/Documentos/GitHub/IR2117-PSR/tb3_ws/build/robot_trajectory -- -j2 -l2
[2.223s] Level 1:colcon.colcon_core.environment:create_environment_scripts_only(olympic_interfaces)
[2.227s] Level 1:colcon.colcon_core.environment:checking '/home/marc/Documentos/GitHub/IR2117-PSR/tb3_ws/install/olympic_interfaces' for CMake module files
[2.229s] Level 1:colcon.colcon_core.environment:checking '/home/marc/Documentos/GitHub/IR2117-PSR/tb3_ws/install/olympic_interfaces' for CMake config files
[2.229s] Level 1:colcon.colcon_core.shell:create_environment_hook('olympic_interfaces', 'cmake_prefix_path')
[2.232s] INFO:colcon.colcon_core.shell:Creating environment hook '/home/marc/Documentos/GitHub/IR2117-PSR/tb3_ws/install/olympic_interfaces/share/olympic_interfaces/hook/cmake_prefix_path.ps1'
[2.234s] INFO:colcon.colcon_core.shell:Creating environment descriptor '/home/marc/Documentos/GitHub/IR2117-PSR/tb3_ws/install/olympic_interfaces/share/olympic_interfaces/hook/cmake_prefix_path.dsv'
[2.234s] INFO:colcon.colcon_core.shell:Creating environment hook '/home/marc/Documentos/GitHub/IR2117-PSR/tb3_ws/install/olympic_interfaces/share/olympic_interfaces/hook/cmake_prefix_path.sh'
[2.235s] Level 1:colcon.colcon_core.environment:checking '/home/marc/Documentos/GitHub/IR2117-PSR/tb3_ws/install/olympic_interfaces/lib'
[2.236s] Level 1:colcon.colcon_core.shell:create_environment_hook('olympic_interfaces', 'ld_library_path_lib')
[2.239s] INFO:colcon.colcon_core.shell:Creating environment hook '/home/marc/Documentos/GitHub/IR2117-PSR/tb3_ws/install/olympic_interfaces/share/olympic_interfaces/hook/ld_library_path_lib.ps1'
[2.240s] INFO:colcon.colcon_core.shell:Creating environment descriptor '/home/marc/Documentos/GitHub/IR2117-PSR/tb3_ws/install/olympic_interfaces/share/olympic_interfaces/hook/ld_library_path_lib.dsv'
[2.241s] INFO:colcon.colcon_core.shell:Creating environment hook '/home/marc/Documentos/GitHub/IR2117-PSR/tb3_ws/install/olympic_interfaces/share/olympic_interfaces/hook/ld_library_path_lib.sh'
[2.242s] Level 1:colcon.colcon_core.environment:checking '/home/marc/Documentos/GitHub/IR2117-PSR/tb3_ws/install/olympic_interfaces/bin'
[2.242s] Level 1:colcon.colcon_core.environment:checking '/home/marc/Documentos/GitHub/IR2117-PSR/tb3_ws/install/olympic_interfaces/lib/pkgconfig/olympic_interfaces.pc'
[2.243s] Level 1:colcon.colcon_core.environment:checking '/home/marc/Documentos/GitHub/IR2117-PSR/tb3_ws/install/olympic_interfaces/lib/python3.8/site-packages'
[2.243s] Level 1:colcon.colcon_core.shell:create_environment_hook('olympic_interfaces', 'pythonpath')
[2.249s] INFO:colcon.colcon_core.shell:Creating environment hook '/home/marc/Documentos/GitHub/IR2117-PSR/tb3_ws/install/olympic_interfaces/share/olympic_interfaces/hook/pythonpath.ps1'
[2.250s] INFO:colcon.colcon_core.shell:Creating environment descriptor '/home/marc/Documentos/GitHub/IR2117-PSR/tb3_ws/install/olympic_interfaces/share/olympic_interfaces/hook/pythonpath.dsv'
[2.250s] INFO:colcon.colcon_core.shell:Creating environment hook '/home/marc/Documentos/GitHub/IR2117-PSR/tb3_ws/install/olympic_interfaces/share/olympic_interfaces/hook/pythonpath.sh'
[2.252s] Level 1:colcon.colcon_core.environment:checking '/home/marc/Documentos/GitHub/IR2117-PSR/tb3_ws/install/olympic_interfaces/bin'
[2.255s] INFO:colcon.colcon_core.shell:Creating package script '/home/marc/Documentos/GitHub/IR2117-PSR/tb3_ws/install/olympic_interfaces/share/olympic_interfaces/package.ps1'
[2.257s] INFO:colcon.colcon_core.shell:Creating package descriptor '/home/marc/Documentos/GitHub/IR2117-PSR/tb3_ws/install/olympic_interfaces/share/olympic_interfaces/package.dsv'
[2.259s] INFO:colcon.colcon_core.shell:Creating package script '/home/marc/Documentos/GitHub/IR2117-PSR/tb3_ws/install/olympic_interfaces/share/olympic_interfaces/package.sh'
[2.262s] INFO:colcon.colcon_core.shell:Creating package script '/home/marc/Documentos/GitHub/IR2117-PSR/tb3_ws/install/olympic_interfaces/share/olympic_interfaces/package.bash'
[2.263s] INFO:colcon.colcon_core.shell:Creating package script '/home/marc/Documentos/GitHub/IR2117-PSR/tb3_ws/install/olympic_interfaces/share/olympic_interfaces/package.zsh'
[2.264s] Level 1:colcon.colcon_core.environment:create_file_with_runtime_dependencies(/home/marc/Documentos/GitHub/IR2117-PSR/tb3_ws/install/olympic_interfaces/share/colcon-core/packages/olympic_interfaces)
[2.266s] INFO:colcon.colcon_ros.task.ament_cmake.build:Building ROS package in '/home/marc/Documentos/GitHub/IR2117-PSR/tb3_ws/src/olympic' with build type 'ament_cmake'
[2.266s] INFO:colcon.colcon_cmake.task.cmake.build:Building CMake package in '/home/marc/Documentos/GitHub/IR2117-PSR/tb3_ws/src/olympic'
[2.269s] INFO:colcon.colcon_core.shell:Skip shell extension 'powershell' for command environment: Not usable outside of PowerShell
[2.269s] DEBUG:colcon.colcon_core.shell:Skip shell extension 'dsv' for command environment
[2.302s] DEBUG:colcon.colcon_core.event_handler.log_command:Invoking command in '/home/marc/Documentos/GitHub/IR2117-PSR/tb3_ws/build/olympic': AMENT_PREFIX_PATH=/home/marc/Documentos/GitHub/IR2117-PSR/tb3_ws/install/olympic_interfaces:${AMENT_PREFIX_PATH} CMAKE_PREFIX_PATH=/home/marc/Documentos/GitHub/IR2117-PSR/tb3_ws/install/olympic_interfaces:/opt/ros/foxy LD_LIBRARY_PATH=/home/marc/Documentos/GitHub/IR2117-PSR/tb3_ws/install/olympic_interfaces/lib:${LD_LIBRARY_PATH} PYTHONPATH=/home/marc/Documentos/GitHub/IR2117-PSR/tb3_ws/install/olympic_interfaces/lib/python3.8/site-packages:${PYTHONPATH} /usr/bin/cmake --build /home/marc/Documentos/GitHub/IR2117-PSR/tb3_ws/build/olympic -- -j2 -l2
[2.552s] DEBUG:colcon.colcon_core.event_handler.log_command:Invoked command in '/home/marc/Documentos/GitHub/IR2117-PSR/tb3_ws/build/robot_trajectory' returned '0': CMAKE_PREFIX_PATH=/opt/ros/foxy /usr/bin/cmake --build /home/marc/Documentos/GitHub/IR2117-PSR/tb3_ws/build/robot_trajectory -- -j2 -l2
[2.894s] DEBUG:colcon.colcon_core.event_handler.log_command:Invoking command in '/home/marc/Documentos/GitHub/IR2117-PSR/tb3_ws/build/robot_trajectory': CMAKE_PREFIX_PATH=/opt/ros/foxy /usr/bin/cmake --install /home/marc/Documentos/GitHub/IR2117-PSR/tb3_ws/build/robot_trajectory
[2.938s] Level 1:colcon.colcon_core.environment:create_environment_scripts_only(robot_trajectory)
[2.943s] Level 1:colcon.colcon_core.environment:checking '/home/marc/Documentos/GitHub/IR2117-PSR/tb3_ws/install/robot_trajectory' for CMake module files
[2.944s] Level 1:colcon.colcon_core.environment:checking '/home/marc/Documentos/GitHub/IR2117-PSR/tb3_ws/install/robot_trajectory' for CMake config files
[2.944s] Level 1:colcon.colcon_core.shell:create_environment_hook('robot_trajectory', 'cmake_prefix_path')
[2.950s] DEBUG:colcon.colcon_core.event_handler.log_command:Invoked command in '/home/marc/Documentos/GitHub/IR2117-PSR/tb3_ws/build/robot_trajectory' returned '0': CMAKE_PREFIX_PATH=/opt/ros/foxy /usr/bin/cmake --install /home/marc/Documentos/GitHub/IR2117-PSR/tb3_ws/build/robot_trajectory
[2.955s] INFO:colcon.colcon_core.shell:Creating environment hook '/home/marc/Documentos/GitHub/IR2117-PSR/tb3_ws/install/robot_trajectory/share/robot_trajectory/hook/cmake_prefix_path.ps1'
[2.962s] INFO:colcon.colcon_core.shell:Creating environment descriptor '/home/marc/Documentos/GitHub/IR2117-PSR/tb3_ws/install/robot_trajectory/share/robot_trajectory/hook/cmake_prefix_path.dsv'
[2.963s] INFO:colcon.colcon_core.shell:Creating environment hook '/home/marc/Documentos/GitHub/IR2117-PSR/tb3_ws/install/robot_trajectory/share/robot_trajectory/hook/cmake_prefix_path.sh'
[2.964s] Level 1:colcon.colcon_core.environment:checking '/home/marc/Documentos/GitHub/IR2117-PSR/tb3_ws/install/robot_trajectory/lib'
[2.965s] Level 1:colcon.colcon_core.environment:checking '/home/marc/Documentos/GitHub/IR2117-PSR/tb3_ws/install/robot_trajectory/bin'
[2.965s] Level 1:colcon.colcon_core.environment:checking '/home/marc/Documentos/GitHub/IR2117-PSR/tb3_ws/install/robot_trajectory/lib/pkgconfig/robot_trajectory.pc'
[2.965s] Level 1:colcon.colcon_core.environment:checking '/home/marc/Documentos/GitHub/IR2117-PSR/tb3_ws/install/robot_trajectory/lib/python3.8/site-packages'
[2.966s] Level 1:colcon.colcon_core.environment:checking '/home/marc/Documentos/GitHub/IR2117-PSR/tb3_ws/install/robot_trajectory/bin'
[2.979s] INFO:colcon.colcon_core.shell:Creating package script '/home/marc/Documentos/GitHub/IR2117-PSR/tb3_ws/install/robot_trajectory/share/robot_trajectory/package.ps1'
[2.981s] INFO:colcon.colcon_core.shell:Creating package descriptor '/home/marc/Documentos/GitHub/IR2117-PSR/tb3_ws/install/robot_trajectory/share/robot_trajectory/package.dsv'
[2.982s] INFO:colcon.colcon_core.shell:Creating package script '/home/marc/Documentos/GitHub/IR2117-PSR/tb3_ws/install/robot_trajectory/share/robot_trajectory/package.sh'
[2.993s] INFO:colcon.colcon_core.shell:Creating package script '/home/marc/Documentos/GitHub/IR2117-PSR/tb3_ws/install/robot_trajectory/share/robot_trajectory/package.bash'
[2.994s] INFO:colcon.colcon_core.shell:Creating package script '/home/marc/Documentos/GitHub/IR2117-PSR/tb3_ws/install/robot_trajectory/share/robot_trajectory/package.zsh'
[2.995s] Level 1:colcon.colcon_core.environment:create_file_with_runtime_dependencies(/home/marc/Documentos/GitHub/IR2117-PSR/tb3_ws/install/robot_trajectory/share/colcon-core/packages/robot_trajectory)
[3.300s] Level 1:colcon.colcon_core.environment:create_environment_scripts_only(robot_trajectory)
[3.305s] Level 1:colcon.colcon_core.environment:checking '/home/marc/Documentos/GitHub/IR2117-PSR/tb3_ws/install/robot_trajectory' for CMake module files
[3.310s] Level 1:colcon.colcon_core.environment:checking '/home/marc/Documentos/GitHub/IR2117-PSR/tb3_ws/install/robot_trajectory' for CMake config files
[3.317s] Level 1:colcon.colcon_core.shell:create_environment_hook('robot_trajectory', 'cmake_prefix_path')
[3.320s] INFO:colcon.colcon_core.shell:Creating environment hook '/home/marc/Documentos/GitHub/IR2117-PSR/tb3_ws/install/robot_trajectory/share/robot_trajectory/hook/cmake_prefix_path.ps1'
[3.322s] INFO:colcon.colcon_core.shell:Creating environment descriptor '/home/marc/Documentos/GitHub/IR2117-PSR/tb3_ws/install/robot_trajectory/share/robot_trajectory/hook/cmake_prefix_path.dsv'
[3.329s] INFO:colcon.colcon_core.shell:Creating environment hook '/home/marc/Documentos/GitHub/IR2117-PSR/tb3_ws/install/robot_trajectory/share/robot_trajectory/hook/cmake_prefix_path.sh'
[3.330s] Level 1:colcon.colcon_core.environment:checking '/home/marc/Documentos/GitHub/IR2117-PSR/tb3_ws/install/robot_trajectory/lib'
[3.331s] Level 1:colcon.colcon_core.environment:checking '/home/marc/Documentos/GitHub/IR2117-PSR/tb3_ws/install/robot_trajectory/bin'
[3.331s] Level 1:colcon.colcon_core.environment:checking '/home/marc/Documentos/GitHub/IR2117-PSR/tb3_ws/install/robot_trajectory/lib/pkgconfig/robot_trajectory.pc'
[3.332s] Level 1:colcon.colcon_core.environment:checking '/home/marc/Documentos/GitHub/IR2117-PSR/tb3_ws/install/robot_trajectory/lib/python3.8/site-packages'
[3.332s] Level 1:colcon.colcon_core.environment:checking '/home/marc/Documentos/GitHub/IR2117-PSR/tb3_ws/install/robot_trajectory/bin'
[3.336s] INFO:colcon.colcon_core.shell:Creating package script '/home/marc/Documentos/GitHub/IR2117-PSR/tb3_ws/install/robot_trajectory/share/robot_trajectory/package.ps1'
[3.346s] INFO:colcon.colcon_core.shell:Creating package descriptor '/home/marc/Documentos/GitHub/IR2117-PSR/tb3_ws/install/robot_trajectory/share/robot_trajectory/package.dsv'
[3.347s] INFO:colcon.colcon_core.shell:Creating package script '/home/marc/Documentos/GitHub/IR2117-PSR/tb3_ws/install/robot_trajectory/share/robot_trajectory/package.sh'
[3.348s] INFO:colcon.colcon_core.shell:Creating package script '/home/marc/Documentos/GitHub/IR2117-PSR/tb3_ws/install/robot_trajectory/share/robot_trajectory/package.bash'
[3.349s] INFO:colcon.colcon_core.shell:Creating package script '/home/marc/Documentos/GitHub/IR2117-PSR/tb3_ws/install/robot_trajectory/share/robot_trajectory/package.zsh'
[3.350s] Level 1:colcon.colcon_core.environment:create_file_with_runtime_dependencies(/home/marc/Documentos/GitHub/IR2117-PSR/tb3_ws/install/robot_trajectory/share/colcon-core/packages/robot_trajectory)
[8.306s] DEBUG:colcon.colcon_core.event_handler.log_command:Invoked command in '/home/marc/Documentos/GitHub/IR2117-PSR/tb3_ws/build/olympic' returned '2': AMENT_PREFIX_PATH=/home/marc/Documentos/GitHub/IR2117-PSR/tb3_ws/install/olympic_interfaces:${AMENT_PREFIX_PATH} CMAKE_PREFIX_PATH=/home/marc/Documentos/GitHub/IR2117-PSR/tb3_ws/install/olympic_interfaces:/opt/ros/foxy LD_LIBRARY_PATH=/home/marc/Documentos/GitHub/IR2117-PSR/tb3_ws/install/olympic_interfaces/lib:${LD_LIBRARY_PATH} PYTHONPATH=/home/marc/Documentos/GitHub/IR2117-PSR/tb3_ws/install/olympic_interfaces/lib/python3.8/site-packages:${PYTHONPATH} /usr/bin/cmake --build /home/marc/Documentos/GitHub/IR2117-PSR/tb3_ws/build/olympic -- -j2 -l2
[8.406s] Level 1:colcon.colcon_core.environment:create_environment_scripts_only(olympic)
[8.411s] Level 1:colcon.colcon_core.environment:checking '/home/marc/Documentos/GitHub/IR2117-PSR/tb3_ws/install/olympic' for CMake module files
[8.412s] Level 1:colcon.colcon_core.environment:checking '/home/marc/Documentos/GitHub/IR2117-PSR/tb3_ws/install/olympic' for CMake config files
[8.413s] Level 1:colcon.colcon_core.environment:checking '/home/marc/Documentos/GitHub/IR2117-PSR/tb3_ws/install/olympic/bin'
[8.413s] Level 1:colcon.colcon_core.environment:checking '/home/marc/Documentos/GitHub/IR2117-PSR/tb3_ws/install/olympic/lib/pkgconfig/olympic.pc'
[8.413s] Level 1:colcon.colcon_core.environment:checking '/home/marc/Documentos/GitHub/IR2117-PSR/tb3_ws/install/olympic/lib/python3.8/site-packages'
[8.414s] Level 1:colcon.colcon_core.environment:checking '/home/marc/Documentos/GitHub/IR2117-PSR/tb3_ws/install/olympic/bin'
[8.417s] INFO:colcon.colcon_core.shell:Creating package script '/home/marc/Documentos/GitHub/IR2117-PSR/tb3_ws/install/olympic/share/olympic/package.ps1'
[8.419s] INFO:colcon.colcon_core.shell:Creating package descriptor '/home/marc/Documentos/GitHub/IR2117-PSR/tb3_ws/install/olympic/share/olympic/package.dsv'
[8.420s] INFO:colcon.colcon_core.shell:Creating package script '/home/marc/Documentos/GitHub/IR2117-PSR/tb3_ws/install/olympic/share/olympic/package.sh'
[8.420s] INFO:colcon.colcon_core.shell:Creating package script '/home/marc/Documentos/GitHub/IR2117-PSR/tb3_ws/install/olympic/share/olympic/package.bash'
[8.422s] INFO:colcon.colcon_core.shell:Creating package script '/home/marc/Documentos/GitHub/IR2117-PSR/tb3_ws/install/olympic/share/olympic/package.zsh'
[8.424s] Level 1:colcon.colcon_core.environment:create_file_with_runtime_dependencies(/home/marc/Documentos/GitHub/IR2117-PSR/tb3_ws/install/olympic/share/colcon-core/packages/olympic)
[8.428s] DEBUG:colcon.colcon_parallel_executor.executor.parallel:closing loop
[8.428s] DEBUG:colcon.colcon_parallel_executor.executor.parallel:loop closed
[8.429s] DEBUG:colcon.colcon_parallel_executor.executor.parallel:run_until_complete finished with '2'
[8.429s] DEBUG:colcon.colcon_core.event_reactor:joining thread
[8.449s] INFO:colcon.colcon_core.plugin_system:Skipping extension 'colcon_notification.desktop_notification.terminal_notifier': Not used on non-Darwin systems
[8.449s] INFO:colcon.colcon_core.plugin_system:Skipping extension 'colcon_notification.desktop_notification.win32': Not used on non-Windows systems
[8.449s] INFO:colcon.colcon_notification.desktop_notification:Sending desktop notification using 'notify2'
[8.497s] DEBUG:colcon.colcon_core.event_reactor:joined thread
[8.502s] INFO:colcon.colcon_core.shell:Creating prefix script '/home/marc/Documentos/GitHub/IR2117-PSR/tb3_ws/install/local_setup.ps1'
[8.505s] INFO:colcon.colcon_core.shell:Creating prefix util module '/home/marc/Documentos/GitHub/IR2117-PSR/tb3_ws/install/_local_setup_util_ps1.py'
[8.510s] INFO:colcon.colcon_core.shell:Creating prefix chain script '/home/marc/Documentos/GitHub/IR2117-PSR/tb3_ws/install/setup.ps1'
[8.515s] INFO:colcon.colcon_core.shell:Creating prefix script '/home/marc/Documentos/GitHub/IR2117-PSR/tb3_ws/install/local_setup.sh'
[8.522s] INFO:colcon.colcon_core.shell:Creating prefix util module '/home/marc/Documentos/GitHub/IR2117-PSR/tb3_ws/install/_local_setup_util_sh.py'
[8.523s] INFO:colcon.colcon_core.shell:Creating prefix chain script '/home/marc/Documentos/GitHub/IR2117-PSR/tb3_ws/install/setup.sh'
[8.533s] INFO:colcon.colcon_core.shell:Creating prefix script '/home/marc/Documentos/GitHub/IR2117-PSR/tb3_ws/install/local_setup.bash'
[8.534s] INFO:colcon.colcon_core.shell:Creating prefix chain script '/home/marc/Documentos/GitHub/IR2117-PSR/tb3_ws/install/setup.bash'
[8.540s] INFO:colcon.colcon_core.shell:Creating prefix script '/home/marc/Documentos/GitHub/IR2117-PSR/tb3_ws/install/local_setup.zsh'
[8.541s] INFO:colcon.colcon_core.shell:Creating prefix chain script '/home/marc/Documentos/GitHub/IR2117-PSR/tb3_ws/install/setup.zsh'
