[0.047s] Invoking command in '/home/usuario/Documentos/GitHub/IR2117-PSR/tb3_ws/build/cpp_srvcli': CMAKE_PREFIX_PATH=${CMAKE_PREFIX_PATH}:/opt/ros/foxy /usr/bin/cmake --build /home/usuario/Documentos/GitHub/IR2117-PSR/tb3_ws/build/cpp_srvcli -- -j6 -l6
[0.067s] -- Found ament_cmake: 0.9.11 (/opt/ros/foxy/share/ament_cmake/cmake)
[0.082s] -- Using PYTHON_EXECUTABLE: /usr/bin/python3
[0.232s] -- Found rclcpp: 2.4.2 (/opt/ros/foxy/share/rclcpp/cmake)
[0.257s] -- Using all available rosidl_typesupport_c: rosidl_typesupport_fastrtps_c;rosidl_typesupport_introspection_c
[0.260s] -- Found rosidl_adapter: 1.3.0 (/opt/ros/foxy/share/rosidl_adapter/cmake)
[0.356s] -- Using all available rosidl_typesupport_cpp: rosidl_typesupport_fastrtps_cpp;rosidl_typesupport_introspection_cpp
[0.394s] -- Found rmw_implementation_cmake: 1.0.3 (/opt/ros/foxy/share/rmw_implementation_cmake/cmake)
[0.395s] -- Using RMW implementation 'rmw_fastrtps_cpp' as default
[0.500s] -- Found example_interfaces: 0.9.1 (/opt/ros/foxy/share/example_interfaces/cmake)
[0.579s] -- Found ament_lint_auto: 0.9.7 (/opt/ros/foxy/share/ament_lint_auto/cmake)
[0.661s] -- Added test 'copyright' to check source files copyright and LICENSE
[0.661s] -- Added test 'cppcheck' to perform static code analysis on C / C++ code
[0.661s] -- Configured cppcheck include dirs: 
[0.661s] -- Configured cppcheck exclude dirs and/or files: 
[0.662s] -- Added test 'cpplint' to check C / C++ code against the Google style
[0.662s] -- Configured cpplint exclude dirs and/or files: 
[0.662s] -- Added test 'lint_cmake' to check CMake code style
[0.662s] -- Added test 'uncrustify' to check C / C++ code style
[0.663s] -- Configured uncrustify additional arguments: 
[0.663s] -- Added test 'xmllint' to check XML markup files
[0.666s] -- Configuring done
[0.676s] -- Generating done
[0.678s] -- Build files have been written to: /home/usuario/Documentos/GitHub/IR2117-PSR/tb3_ws/build/cpp_srvcli
[0.732s] [ 50%] [32m[1mLinking CXX executable server[0m
[0.902s] [100%] Built target server
[0.914s] Invoked command in '/home/usuario/Documentos/GitHub/IR2117-PSR/tb3_ws/build/cpp_srvcli' returned '0': CMAKE_PREFIX_PATH=${CMAKE_PREFIX_PATH}:/opt/ros/foxy /usr/bin/cmake --build /home/usuario/Documentos/GitHub/IR2117-PSR/tb3_ws/build/cpp_srvcli -- -j6 -l6
[0.944s] Invoking command in '/home/usuario/Documentos/GitHub/IR2117-PSR/tb3_ws/build/cpp_srvcli': CMAKE_PREFIX_PATH=${CMAKE_PREFIX_PATH}:/opt/ros/foxy /usr/bin/cmake --install /home/usuario/Documentos/GitHub/IR2117-PSR/tb3_ws/build/cpp_srvcli
[0.954s] -- Install configuration: ""
[0.954s] -- Installing: /home/usuario/Documentos/GitHub/IR2117-PSR/tb3_ws/install/cpp_srvcli/lib/cpp_srvcli/server
[0.964s] -- Set runtime path of "/home/usuario/Documentos/GitHub/IR2117-PSR/tb3_ws/install/cpp_srvcli/lib/cpp_srvcli/server" to ""
[0.964s] -- Up-to-date: /home/usuario/Documentos/GitHub/IR2117-PSR/tb3_ws/install/cpp_srvcli/share/ament_index/resource_index/package_run_dependencies/cpp_srvcli
[0.964s] -- Up-to-date: /home/usuario/Documentos/GitHub/IR2117-PSR/tb3_ws/install/cpp_srvcli/share/ament_index/resource_index/parent_prefix_path/cpp_srvcli
[0.965s] -- Up-to-date: /home/usuario/Documentos/GitHub/IR2117-PSR/tb3_ws/install/cpp_srvcli/share/cpp_srvcli/environment/ament_prefix_path.sh
[0.965s] -- Installing: /home/usuario/Documentos/GitHub/IR2117-PSR/tb3_ws/install/cpp_srvcli/share/cpp_srvcli/environment/ament_prefix_path.dsv
[0.966s] -- Up-to-date: /home/usuario/Documentos/GitHub/IR2117-PSR/tb3_ws/install/cpp_srvcli/share/cpp_srvcli/environment/path.sh
[0.966s] -- Installing: /home/usuario/Documentos/GitHub/IR2117-PSR/tb3_ws/install/cpp_srvcli/share/cpp_srvcli/environment/path.dsv
[0.967s] -- Up-to-date: /home/usuario/Documentos/GitHub/IR2117-PSR/tb3_ws/install/cpp_srvcli/share/cpp_srvcli/local_setup.bash
[0.967s] -- Up-to-date: /home/usuario/Documentos/GitHub/IR2117-PSR/tb3_ws/install/cpp_srvcli/share/cpp_srvcli/local_setup.sh
[0.967s] -- Up-to-date: /home/usuario/Documentos/GitHub/IR2117-PSR/tb3_ws/install/cpp_srvcli/share/cpp_srvcli/local_setup.zsh
[0.967s] -- Installing: /home/usuario/Documentos/GitHub/IR2117-PSR/tb3_ws/install/cpp_srvcli/share/cpp_srvcli/local_setup.dsv
[0.968s] -- Installing: /home/usuario/Documentos/GitHub/IR2117-PSR/tb3_ws/install/cpp_srvcli/share/cpp_srvcli/package.dsv
[0.969s] -- Up-to-date: /home/usuario/Documentos/GitHub/IR2117-PSR/tb3_ws/install/cpp_srvcli/share/ament_index/resource_index/packages/cpp_srvcli
[0.969s] -- Up-to-date: /home/usuario/Documentos/GitHub/IR2117-PSR/tb3_ws/install/cpp_srvcli/share/cpp_srvcli/cmake/cpp_srvcliConfig.cmake
[0.969s] -- Up-to-date: /home/usuario/Documentos/GitHub/IR2117-PSR/tb3_ws/install/cpp_srvcli/share/cpp_srvcli/cmake/cpp_srvcliConfig-version.cmake
[0.969s] -- Up-to-date: /home/usuario/Documentos/GitHub/IR2117-PSR/tb3_ws/install/cpp_srvcli/share/cpp_srvcli/package.xml
[0.979s] Invoked command in '/home/usuario/Documentos/GitHub/IR2117-PSR/tb3_ws/build/cpp_srvcli' returned '0': CMAKE_PREFIX_PATH=${CMAKE_PREFIX_PATH}:/opt/ros/foxy /usr/bin/cmake --install /home/usuario/Documentos/GitHub/IR2117-PSR/tb3_ws/build/cpp_srvcli
