[0.007s] Invoking command in '/home/marc/Documents/GitHub/IR2117-PSR/tb3_ws/build/obstacles': CMAKE_PREFIX_PATH=${CMAKE_PREFIX_PATH}:/opt/ros/foxy /usr/bin/cmake /home/marc/Documents/GitHub/IR2117-PSR/tb3_ws/src/obstacles -DCMAKE_INSTALL_PREFIX=/home/marc/Documents/GitHub/IR2117-PSR/tb3_ws/install/obstacles
[0.110s] -- The C compiler identification is GNU 9.4.0
[0.165s] -- The CXX compiler identification is GNU 9.4.0
[0.169s] -- Check for working C compiler: /usr/bin/cc
[0.270s] -- Check for working C compiler: /usr/bin/cc -- works
[0.270s] -- Detecting C compiler ABI info
[0.394s] -- Detecting C compiler ABI info - done
[0.414s] -- Detecting C compile features
[0.414s] -- Detecting C compile features - done
[0.424s] -- Check for working CXX compiler: /usr/bin/c++
[0.488s] -- Check for working CXX compiler: /usr/bin/c++ -- works
[0.490s] -- Detecting CXX compiler ABI info
[0.618s] -- Detecting CXX compiler ABI info - done
[0.636s] -- Detecting CXX compile features
[0.636s] -- Detecting CXX compile features - done
[0.642s] -- Found ament_cmake: 0.9.11 (/opt/ros/foxy/share/ament_cmake/cmake)
[0.662s] -- Found PythonInterp: /usr/bin/python3 (found suitable version "3.8.10", minimum required is "3") 
[0.663s] -- Using PYTHON_EXECUTABLE: /usr/bin/python3
[0.874s] -- Found rclcpp: 2.4.2 (/opt/ros/foxy/share/rclcpp/cmake)
[0.911s] -- Using all available rosidl_typesupport_c: rosidl_typesupport_fastrtps_c;rosidl_typesupport_introspection_c
[0.915s] -- Found rosidl_adapter: 1.3.0 (/opt/ros/foxy/share/rosidl_adapter/cmake)
[0.980s] -- Found OpenSSL: /usr/lib/x86_64-linux-gnu/libcrypto.so (found version "1.1.1f")  
[1.005s] -- Found FastRTPS: /opt/ros/foxy/include  
[1.063s] -- Using all available rosidl_typesupport_cpp: rosidl_typesupport_fastrtps_cpp;rosidl_typesupport_introspection_cpp
[1.106s] -- Found rmw_implementation_cmake: 1.0.3 (/opt/ros/foxy/share/rmw_implementation_cmake/cmake)
[1.107s] -- Using RMW implementation 'rmw_fastrtps_cpp' as default
[1.108s] -- Looking for pthread.h
[1.162s] -- Looking for pthread.h - found
[1.163s] -- Performing Test CMAKE_HAVE_LIBC_PTHREAD
[1.264s] -- Performing Test CMAKE_HAVE_LIBC_PTHREAD - Failed
[1.264s] -- Looking for pthread_create in pthreads
[1.354s] -- Looking for pthread_create in pthreads - not found
[1.354s] -- Looking for pthread_create in pthread
[1.492s] -- Looking for pthread_create in pthread - found
[1.493s] -- Found Threads: TRUE  
[1.625s] -- Found sensor_msgs: 2.0.5 (/opt/ros/foxy/share/sensor_msgs/cmake)
[1.714s] -- Found example_interfaces: 0.9.1 (/opt/ros/foxy/share/example_interfaces/cmake)
[1.851s] -- Found ament_lint_auto: 0.9.7 (/opt/ros/foxy/share/ament_lint_auto/cmake)
[1.924s] -- Added test 'copyright' to check source files copyright and LICENSE
[1.925s] -- Added test 'cppcheck' to perform static code analysis on C / C++ code
[1.925s] -- Configured cppcheck include dirs: 
[1.925s] -- Configured cppcheck exclude dirs and/or files: 
[1.926s] -- Added test 'cpplint' to check C / C++ code against the Google style
[1.926s] -- Configured cpplint exclude dirs and/or files: 
[1.926s] -- Added test 'flake8' to check Python code syntax and style conventions
[1.927s] -- Added test 'lint_cmake' to check CMake code style
[1.928s] -- Added test 'pep257' to check Python code against some of the style conventions in PEP 257
[1.929s] -- Added test 'uncrustify' to check C / C++ code style
[1.929s] -- Configured uncrustify additional arguments: 
[1.929s] -- Added test 'xmllint' to check XML markup files
[1.931s] -- Configuring done
[1.937s] -- Generating done
[1.940s] -- Build files have been written to: /home/marc/Documents/GitHub/IR2117-PSR/tb3_ws/build/obstacles
[1.947s] Invoked command in '/home/marc/Documents/GitHub/IR2117-PSR/tb3_ws/build/obstacles' returned '0': CMAKE_PREFIX_PATH=${CMAKE_PREFIX_PATH}:/opt/ros/foxy /usr/bin/cmake /home/marc/Documents/GitHub/IR2117-PSR/tb3_ws/src/obstacles -DCMAKE_INSTALL_PREFIX=/home/marc/Documents/GitHub/IR2117-PSR/tb3_ws/install/obstacles
[1.948s] Invoking command in '/home/marc/Documents/GitHub/IR2117-PSR/tb3_ws/build/obstacles': CMAKE_PREFIX_PATH=${CMAKE_PREFIX_PATH}:/opt/ros/foxy /usr/bin/cmake --build /home/marc/Documents/GitHub/IR2117-PSR/tb3_ws/build/obstacles -- -j1 -l1
[1.991s] [35m[1mScanning dependencies of target detector[0m
[2.058s] [ 50%] [32mBuilding CXX object CMakeFiles/detector.dir/src/detector.cpp.o[0m
[6.960s] [100%] [32m[1mLinking CXX executable detector[0m
[7.168s] [100%] Built target detector
[7.183s] Invoked command in '/home/marc/Documents/GitHub/IR2117-PSR/tb3_ws/build/obstacles' returned '0': CMAKE_PREFIX_PATH=${CMAKE_PREFIX_PATH}:/opt/ros/foxy /usr/bin/cmake --build /home/marc/Documents/GitHub/IR2117-PSR/tb3_ws/build/obstacles -- -j1 -l1
[7.251s] Invoking command in '/home/marc/Documents/GitHub/IR2117-PSR/tb3_ws/build/obstacles': CMAKE_PREFIX_PATH=${CMAKE_PREFIX_PATH}:/opt/ros/foxy /usr/bin/cmake --install /home/marc/Documents/GitHub/IR2117-PSR/tb3_ws/build/obstacles
[7.259s] -- Install configuration: ""
[7.259s] -- Installing: /home/marc/Documents/GitHub/IR2117-PSR/tb3_ws/install/obstacles/lib/obstacles/detector
[7.261s] -- Set runtime path of "/home/marc/Documents/GitHub/IR2117-PSR/tb3_ws/install/obstacles/lib/obstacles/detector" to ""
[7.261s] -- Installing: /home/marc/Documents/GitHub/IR2117-PSR/tb3_ws/install/obstacles/share/obstacles/launch
[7.261s] -- Installing: /home/marc/Documents/GitHub/IR2117-PSR/tb3_ws/install/obstacles/share/obstacles/launch/triple_detector.launch.py
[7.261s] -- Installing: /home/marc/Documents/GitHub/IR2117-PSR/tb3_ws/install/obstacles/share/obstacles/launch/detector_test.launch.py
[7.261s] -- Installing: /home/marc/Documents/GitHub/IR2117-PSR/tb3_ws/install/obstacles/share/ament_index/resource_index/package_run_dependencies/obstacles
[7.262s] -- Installing: /home/marc/Documents/GitHub/IR2117-PSR/tb3_ws/install/obstacles/share/ament_index/resource_index/parent_prefix_path/obstacles
[7.262s] -- Installing: /home/marc/Documents/GitHub/IR2117-PSR/tb3_ws/install/obstacles/share/obstacles/environment/ament_prefix_path.sh
[7.262s] -- Installing: /home/marc/Documents/GitHub/IR2117-PSR/tb3_ws/install/obstacles/share/obstacles/environment/ament_prefix_path.dsv
[7.262s] -- Installing: /home/marc/Documents/GitHub/IR2117-PSR/tb3_ws/install/obstacles/share/obstacles/environment/path.sh
[7.262s] -- Installing: /home/marc/Documents/GitHub/IR2117-PSR/tb3_ws/install/obstacles/share/obstacles/environment/path.dsv
[7.262s] -- Installing: /home/marc/Documents/GitHub/IR2117-PSR/tb3_ws/install/obstacles/share/obstacles/local_setup.bash
[7.263s] -- Installing: /home/marc/Documents/GitHub/IR2117-PSR/tb3_ws/install/obstacles/share/obstacles/local_setup.sh
[7.263s] -- Installing: /home/marc/Documents/GitHub/IR2117-PSR/tb3_ws/install/obstacles/share/obstacles/local_setup.zsh
[7.263s] -- Installing: /home/marc/Documents/GitHub/IR2117-PSR/tb3_ws/install/obstacles/share/obstacles/local_setup.dsv
[7.263s] -- Installing: /home/marc/Documents/GitHub/IR2117-PSR/tb3_ws/install/obstacles/share/obstacles/package.dsv
[7.263s] -- Installing: /home/marc/Documents/GitHub/IR2117-PSR/tb3_ws/install/obstacles/share/ament_index/resource_index/packages/obstacles
[7.264s] -- Installing: /home/marc/Documents/GitHub/IR2117-PSR/tb3_ws/install/obstacles/share/obstacles/cmake/obstaclesConfig.cmake
[7.264s] -- Installing: /home/marc/Documents/GitHub/IR2117-PSR/tb3_ws/install/obstacles/share/obstacles/cmake/obstaclesConfig-version.cmake
[7.264s] -- Installing: /home/marc/Documents/GitHub/IR2117-PSR/tb3_ws/install/obstacles/share/obstacles/package.xml
[7.275s] Invoked command in '/home/marc/Documents/GitHub/IR2117-PSR/tb3_ws/build/obstacles' returned '0': CMAKE_PREFIX_PATH=${CMAKE_PREFIX_PATH}:/opt/ros/foxy /usr/bin/cmake --install /home/marc/Documents/GitHub/IR2117-PSR/tb3_ws/build/obstacles
