[0.008s] Invoking command in '/home/marc/Documents/GitHub/IR2117-PSR/tb3_ws/src/build/obstacles': CMAKE_PREFIX_PATH=/opt/ros/foxy /usr/bin/cmake --build /home/marc/Documents/GitHub/IR2117-PSR/tb3_ws/src/build/obstacles -- -j1 -l1
[0.122s] [100%] Built target detector
[0.140s] Invoked command in '/home/marc/Documents/GitHub/IR2117-PSR/tb3_ws/src/build/obstacles' returned '0': CMAKE_PREFIX_PATH=/opt/ros/foxy /usr/bin/cmake --build /home/marc/Documents/GitHub/IR2117-PSR/tb3_ws/src/build/obstacles -- -j1 -l1
[0.174s] Invoking command in '/home/marc/Documents/GitHub/IR2117-PSR/tb3_ws/src/build/obstacles': CMAKE_PREFIX_PATH=/opt/ros/foxy /usr/bin/cmake --install /home/marc/Documents/GitHub/IR2117-PSR/tb3_ws/src/build/obstacles
[0.183s] -- Install configuration: ""
[0.183s] -- Up-to-date: /home/marc/Documents/GitHub/IR2117-PSR/tb3_ws/src/install/obstacles/lib/obstacles/detector
[0.183s] -- Up-to-date: /home/marc/Documents/GitHub/IR2117-PSR/tb3_ws/src/install/obstacles/share/obstacles/launch
[0.184s] -- Up-to-date: /home/marc/Documents/GitHub/IR2117-PSR/tb3_ws/src/install/obstacles/share/obstacles/launch/triple_detector.launch.py
[0.184s] -- Up-to-date: /home/marc/Documents/GitHub/IR2117-PSR/tb3_ws/src/install/obstacles/share/obstacles/launch/detector_test.launch.py
[0.184s] -- Up-to-date: /home/marc/Documents/GitHub/IR2117-PSR/tb3_ws/src/install/obstacles/share/ament_index/resource_index/package_run_dependencies/obstacles
[0.184s] -- Up-to-date: /home/marc/Documents/GitHub/IR2117-PSR/tb3_ws/src/install/obstacles/share/ament_index/resource_index/parent_prefix_path/obstacles
[0.184s] -- Up-to-date: /home/marc/Documents/GitHub/IR2117-PSR/tb3_ws/src/install/obstacles/share/obstacles/environment/ament_prefix_path.sh
[0.184s] -- Up-to-date: /home/marc/Documents/GitHub/IR2117-PSR/tb3_ws/src/install/obstacles/share/obstacles/environment/ament_prefix_path.dsv
[0.184s] -- Up-to-date: /home/marc/Documents/GitHub/IR2117-PSR/tb3_ws/src/install/obstacles/share/obstacles/environment/path.sh
[0.184s] -- Up-to-date: /home/marc/Documents/GitHub/IR2117-PSR/tb3_ws/src/install/obstacles/share/obstacles/environment/path.dsv
[0.184s] -- Up-to-date: /home/marc/Documents/GitHub/IR2117-PSR/tb3_ws/src/install/obstacles/share/obstacles/local_setup.bash
[0.185s] -- Up-to-date: /home/marc/Documents/GitHub/IR2117-PSR/tb3_ws/src/install/obstacles/share/obstacles/local_setup.sh
[0.185s] -- Up-to-date: /home/marc/Documents/GitHub/IR2117-PSR/tb3_ws/src/install/obstacles/share/obstacles/local_setup.zsh
[0.185s] -- Up-to-date: /home/marc/Documents/GitHub/IR2117-PSR/tb3_ws/src/install/obstacles/share/obstacles/local_setup.dsv
[0.185s] -- Installing: /home/marc/Documents/GitHub/IR2117-PSR/tb3_ws/src/install/obstacles/share/obstacles/package.dsv
[0.185s] -- Up-to-date: /home/marc/Documents/GitHub/IR2117-PSR/tb3_ws/src/install/obstacles/share/ament_index/resource_index/packages/obstacles
[0.185s] -- Up-to-date: /home/marc/Documents/GitHub/IR2117-PSR/tb3_ws/src/install/obstacles/share/obstacles/cmake/obstaclesConfig.cmake
[0.186s] -- Up-to-date: /home/marc/Documents/GitHub/IR2117-PSR/tb3_ws/src/install/obstacles/share/obstacles/cmake/obstaclesConfig-version.cmake
[0.186s] -- Up-to-date: /home/marc/Documents/GitHub/IR2117-PSR/tb3_ws/src/install/obstacles/share/obstacles/package.xml
[0.198s] Invoked command in '/home/marc/Documents/GitHub/IR2117-PSR/tb3_ws/src/build/obstacles' returned '0': CMAKE_PREFIX_PATH=/opt/ros/foxy /usr/bin/cmake --install /home/marc/Documents/GitHub/IR2117-PSR/tb3_ws/src/build/obstacles
