[01m[K/home/marc/Documents/GitHub/IR2117-PSR/tb3_ws/src/obstacles/src/avoidance.cpp:[m[K In function ‘[01m[Kvoid callback_front(example_interfaces::msg::Bool_<std::allocator<void> >::SharedPtr)[m[K’:
[01m[K/home/marc/Documents/GitHub/IR2117-PSR/tb3_ws/src/obstacles/src/avoidance.cpp:8:68:[m[K [01;35m[Kwarning: [m[Kunused parameter ‘[01m[Kmsg[m[K’ [[01;35m[K-Wunused-parameter[m[K]
    8 | void callback_front([01;35m[Kconst example_interfaces::msg::Bool::SharedPtr msg[m[K)
      |                     [01;35m[K~~~~~~~~~~~~~~~~~~~~~~~~~~~~~~~~~~~~~~~~~~~~~~~^~~[m[K
[01m[K/home/marc/Documents/GitHub/IR2117-PSR/tb3_ws/src/obstacles/src/avoidance.cpp:[m[K In function ‘[01m[Kvoid callback_left(example_interfaces::msg::Bool_<std::allocator<void> >::SharedPtr)[m[K’:
[01m[K/home/marc/Documents/GitHub/IR2117-PSR/tb3_ws/src/obstacles/src/avoidance.cpp:13:67:[m[K [01;35m[Kwarning: [m[Kunused parameter ‘[01m[Kmsg[m[K’ [[01;35m[K-Wunused-parameter[m[K]
   13 | void callback_left([01;35m[Kconst example_interfaces::msg::Bool::SharedPtr msg[m[K)
      |                    [01;35m[K~~~~~~~~~~~~~~~~~~~~~~~~~~~~~~~~~~~~~~~~~~~~~~~^~~[m[K
[01m[K/home/marc/Documents/GitHub/IR2117-PSR/tb3_ws/src/obstacles/src/avoidance.cpp:[m[K In function ‘[01m[Kvoid callback_right(example_interfaces::msg::Bool_<std::allocator<void> >::SharedPtr)[m[K’:
[01m[K/home/marc/Documents/GitHub/IR2117-PSR/tb3_ws/src/obstacles/src/avoidance.cpp:18:68:[m[K [01;35m[Kwarning: [m[Kunused parameter ‘[01m[Kmsg[m[K’ [[01;35m[K-Wunused-parameter[m[K]
   18 | void callback_right([01;35m[Kconst example_interfaces::msg::Bool::SharedPtr msg[m[K)
      |                     [01;35m[K~~~~~~~~~~~~~~~~~~~~~~~~~~~~~~~~~~~~~~~~~~~~~~~^~~[m[K
[01m[K/home/marc/Documents/GitHub/IR2117-PSR/tb3_ws/src/obstacles/src/avoidance.cpp:[m[K In function ‘[01m[Kint main(int, char**)[m[K’:
[01m[K/home/marc/Documents/GitHub/IR2117-PSR/tb3_ws/src/obstacles/src/avoidance.cpp:27:63:[m[K [01;31m[Kerror: [m[K‘[01m[KBool[m[K’ is not a member of ‘[01m[Kgeometry_msgs::msg[m[K’; did you mean ‘[01m[Kexample_interfaces::msg::Bool[m[K’?
   27 |  auto publisher = node->create_publisher<geometry_msgs::msg::[01;31m[KBool[m[K>("cmd_vel", 10);
      |                                                              [01;31m[K^~~~[m[K

In file included from [01m[K/opt/ros/foxy/include/example_interfaces/msg/bool.hpp:7[m[K,
                 from [01m[K/home/marc/Documents/GitHub/IR2117-PSR/tb3_ws/src/obstacles/src/avoidance.cpp:3[m[K:
[01m[K/opt/ros/foxy/include/example_interfaces/msg/detail/bool__struct.hpp:121:7:[m[K [01;36m[Knote: [m[K‘[01m[Kexample_interfaces::msg::Bool[m[K’ declared here
  121 | using [01;36m[KBool[m[K =
      |       [01;36m[K^~~~[m[K
[01m[K/home/marc/Documents/GitHub/IR2117-PSR/tb3_ws/src/obstacles/src/avoidance.cpp:27:63:[m[K [01;31m[Kerror: [m[K‘[01m[KBool[m[K’ is not a member of ‘[01m[Kgeometry_msgs::msg[m[K’; did you mean ‘[01m[Kexample_interfaces::msg::Bool[m[K’?
   27 |  auto publisher = node->create_publisher<geometry_msgs::msg::[01;31m[KBool[m[K>("cmd_vel", 10);
      |                                                              [01;31m[K^~~~[m[K

In file included from [01m[K/opt/ros/foxy/include/example_interfaces/msg/bool.hpp:7[m[K,
                 from [01m[K/home/marc/Documents/GitHub/IR2117-PSR/tb3_ws/src/obstacles/src/avoidance.cpp:3[m[K:
[01m[K/opt/ros/foxy/include/example_interfaces/msg/detail/bool__struct.hpp:121:7:[m[K [01;36m[Knote: [m[K‘[01m[Kexample_interfaces::msg::Bool[m[K’ declared here
  121 | using [01;36m[KBool[m[K =
      |       [01;36m[K^~~~[m[K
[01m[K/home/marc/Documents/GitHub/IR2117-PSR/tb3_ws/src/obstacles/src/avoidance.cpp:27:82:[m[K [01;31m[Kerror: [m[Kno matching function for call to ‘[01m[Krclcpp::Node::create_publisher<<expression error> >(const char [8], int)[m[K’
   27 | ode->create_publisher<geometry_msgs::msg::Bool>("cmd_vel", 10[01;31m[K)[m[K;
      |                                                              [01;31m[K^[m[K

In file included from [01m[K/opt/ros/foxy/include/rclcpp/executors/single_threaded_executor.hpp:28[m[K,
                 from [01m[K/opt/ros/foxy/include/rclcpp/executors.hpp:22[m[K,
                 from [01m[K/opt/ros/foxy/include/rclcpp/rclcpp.hpp:146[m[K,
                 from [01m[K/home/marc/Documents/GitHub/IR2117-PSR/tb3_ws/src/obstacles/src/avoidance.cpp:1[m[K:
[01m[K/opt/ros/foxy/include/rclcpp/node.hpp:184:3:[m[K [01;36m[Knote: [m[Kcandidate: ‘[01m[Ktemplate<class MessageT, class AllocatorT, class PublisherT> std::shared_ptr<PublisherT> rclcpp::Node::create_publisher(const string&, const rclcpp::QoS&, const rclcpp::PublisherOptionsWithAllocator<AllocatorT>&)[m[K’
  184 |   [01;36m[Kcreate_publisher[m[K(
      |   [01;36m[K^~~~~~~~~~~~~~~~[m[K
[01m[K/opt/ros/foxy/include/rclcpp/node.hpp:184:3:[m[K [01;36m[Knote: [m[K  template argument deduction/substitution failed:
[01m[K/home/marc/Documents/GitHub/IR2117-PSR/tb3_ws/src/obstacles/src/avoidance.cpp:27:82:[m[K [01;31m[Kerror: [m[Ktemplate argument 1 is invalid
   27 | ode->create_publisher<geometry_msgs::msg::Bool>("cmd_vel", 10[01;31m[K)[m[K;
      |                                                              [01;31m[K^[m[K

make[2]: *** [CMakeFiles/avoidance.dir/build.make:63: CMakeFiles/avoidance.dir/src/avoidance.cpp.o] Error 1
make[1]: *** [CMakeFiles/Makefile2:107: CMakeFiles/avoidance.dir/all] Error 2
make: *** [Makefile:141: all] Error 2
