[0.057s] Invoking command in '/home/usuario/Documentos/GitHub/IR2117-PSR/tb3_ws/build/cpp_srvcli': CMAKE_PREFIX_PATH=${CMAKE_PREFIX_PATH}:/opt/ros/foxy /usr/bin/cmake /home/usuario/Documentos/GitHub/IR2117-PSR/tb3_ws/cpp_srvcli -DCMAKE_INSTALL_PREFIX=/home/usuario/Documentos/GitHub/IR2117-PSR/tb3_ws/install/cpp_srvcli
[0.462s] -- The C compiler identification is GNU 9.4.0
[0.783s] -- The CXX compiler identification is GNU 9.4.0
[0.795s] -- Check for working C compiler: /usr/bin/cc
[1.114s] -- Check for working C compiler: /usr/bin/cc -- works
[1.123s] -- Detecting C compiler ABI info
[1.599s] -- Detecting C compiler ABI info - done
[1.631s] -- Detecting C compile features
[1.631s] -- Detecting C compile features - done
[1.653s] -- Check for working CXX compiler: /usr/bin/c++
[2.116s] -- Check for working CXX compiler: /usr/bin/c++ -- works
[2.122s] -- Detecting CXX compiler ABI info
[2.386s] -- Detecting CXX compiler ABI info - done
[2.413s] -- Detecting CXX compile features
[2.413s] -- Detecting CXX compile features - done
[2.420s] -- Found ament_cmake: 0.9.11 (/opt/ros/foxy/share/ament_cmake/cmake)
[2.452s] -- Found PythonInterp: /usr/bin/python3 (found suitable version "3.8.10", minimum required is "3") 
[2.452s] -- Using PYTHON_EXECUTABLE: /usr/bin/python3
[2.630s] -- Found rclcpp: 2.4.2 (/opt/ros/foxy/share/rclcpp/cmake)
[2.663s] -- Using all available rosidl_typesupport_c: rosidl_typesupport_fastrtps_c;rosidl_typesupport_introspection_c
[2.668s] -- Found rosidl_adapter: 1.3.0 (/opt/ros/foxy/share/rosidl_adapter/cmake)
[2.730s] -- Found OpenSSL: /usr/lib/x86_64-linux-gnu/libcrypto.so (found version "1.1.1f")  
[2.754s] -- Found FastRTPS: /opt/ros/foxy/include  
[2.812s] -- Using all available rosidl_typesupport_cpp: rosidl_typesupport_fastrtps_cpp;rosidl_typesupport_introspection_cpp
[2.851s] -- Found rmw_implementation_cmake: 1.0.3 (/opt/ros/foxy/share/rmw_implementation_cmake/cmake)
[2.852s] -- Using RMW implementation 'rmw_fastrtps_cpp' as default
[2.859s] -- Looking for pthread.h
[3.091s] -- Looking for pthread.h - found
[3.098s] -- Performing Test CMAKE_HAVE_LIBC_PTHREAD
[3.382s] -- Performing Test CMAKE_HAVE_LIBC_PTHREAD - Failed
[3.382s] -- Looking for pthread_create in pthreads
[3.491s] -- Looking for pthread_create in pthreads - not found
[3.495s] -- Looking for pthread_create in pthread
[3.771s] -- Looking for pthread_create in pthread - found
[3.779s] -- Found Threads: TRUE  
[3.888s] -- Found example_interfaces: 0.9.1 (/opt/ros/foxy/share/example_interfaces/cmake)
[3.967s] -- Found ament_lint_auto: 0.9.7 (/opt/ros/foxy/share/ament_lint_auto/cmake)
[4.063s] -- Added test 'copyright' to check source files copyright and LICENSE
[4.064s] -- Added test 'lint_cmake' to check CMake code style
[4.064s] -- Added test 'xmllint' to check XML markup files
[4.075s] -- Configuring done
[4.078s] -- Generating done
[4.091s] -- Build files have been written to: /home/usuario/Documentos/GitHub/IR2117-PSR/tb3_ws/build/cpp_srvcli
[4.100s] Invoked command in '/home/usuario/Documentos/GitHub/IR2117-PSR/tb3_ws/build/cpp_srvcli' returned '0': CMAKE_PREFIX_PATH=${CMAKE_PREFIX_PATH}:/opt/ros/foxy /usr/bin/cmake /home/usuario/Documentos/GitHub/IR2117-PSR/tb3_ws/cpp_srvcli -DCMAKE_INSTALL_PREFIX=/home/usuario/Documentos/GitHub/IR2117-PSR/tb3_ws/install/cpp_srvcli
[4.104s] Invoking command in '/home/usuario/Documentos/GitHub/IR2117-PSR/tb3_ws/build/cpp_srvcli': CMAKE_PREFIX_PATH=${CMAKE_PREFIX_PATH}:/opt/ros/foxy /usr/bin/cmake --build /home/usuario/Documentos/GitHub/IR2117-PSR/tb3_ws/build/cpp_srvcli -- -j6 -l6
[4.180s] Invoked command in '/home/usuario/Documentos/GitHub/IR2117-PSR/tb3_ws/build/cpp_srvcli' returned '0': CMAKE_PREFIX_PATH=${CMAKE_PREFIX_PATH}:/opt/ros/foxy /usr/bin/cmake --build /home/usuario/Documentos/GitHub/IR2117-PSR/tb3_ws/build/cpp_srvcli -- -j6 -l6
[4.500s] Invoking command in '/home/usuario/Documentos/GitHub/IR2117-PSR/tb3_ws/build/cpp_srvcli': CMAKE_PREFIX_PATH=${CMAKE_PREFIX_PATH}:/opt/ros/foxy /usr/bin/cmake --install /home/usuario/Documentos/GitHub/IR2117-PSR/tb3_ws/build/cpp_srvcli
[4.990s] -- Install configuration: ""
[4.991s] -- Installing: /home/usuario/Documentos/GitHub/IR2117-PSR/tb3_ws/install/cpp_srvcli/share/ament_index/resource_index/package_run_dependencies/cpp_srvcli
[5.568s] -- Installing: /home/usuario/Documentos/GitHub/IR2117-PSR/tb3_ws/install/cpp_srvcli/share/ament_index/resource_index/parent_prefix_path/cpp_srvcli
[7.199s] -- Installing: /home/usuario/Documentos/GitHub/IR2117-PSR/tb3_ws/install/cpp_srvcli/share/cpp_srvcli/environment/ament_prefix_path.sh
[8.144s] -- Installing: /home/usuario/Documentos/GitHub/IR2117-PSR/tb3_ws/install/cpp_srvcli/share/cpp_srvcli/environment/ament_prefix_path.dsv
[14.229s] -- Installing: /home/usuario/Documentos/GitHub/IR2117-PSR/tb3_ws/install/cpp_srvcli/share/cpp_srvcli/environment/path.sh
[15.335s] Invoked command in '/home/usuario/Documentos/GitHub/IR2117-PSR/tb3_ws/build/cpp_srvcli' returned '-2': CMAKE_PREFIX_PATH=${CMAKE_PREFIX_PATH}:/opt/ros/foxy /usr/bin/cmake --install /home/usuario/Documentos/GitHub/IR2117-PSR/tb3_ws/build/cpp_srvcli
