[0.045s] Invoking command in '/home/marc/Documentos/GitHub/IR2117-PSR/tb3_ws/build/olympic': AMENT_PREFIX_PATH=/home/marc/Documentos/GitHub/IR2117-PSR/tb3_ws/install/olympic_interfaces:${AMENT_PREFIX_PATH} CMAKE_PREFIX_PATH=/home/marc/Documentos/GitHub/IR2117-PSR/tb3_ws/install/olympic_interfaces:/opt/ros/foxy LD_LIBRARY_PATH=/home/marc/Documentos/GitHub/IR2117-PSR/tb3_ws/install/olympic_interfaces/lib:${LD_LIBRARY_PATH} PYTHONPATH=/home/marc/Documentos/GitHub/IR2117-PSR/tb3_ws/install/olympic_interfaces/lib/python3.8/site-packages:${PYTHONPATH} /usr/bin/cmake --build /home/marc/Documentos/GitHub/IR2117-PSR/tb3_ws/build/olympic -- -j2 -l2
[0.171s] -- Found ament_cmake: 0.9.11 (/opt/ros/foxy/share/ament_cmake/cmake)
[0.255s] -- Using PYTHON_EXECUTABLE: /usr/bin/python3
[0.785s] -- Found rclcpp: 2.4.2 (/opt/ros/foxy/share/rclcpp/cmake)
[0.887s] -- Using all available rosidl_typesupport_c: rosidl_typesupport_fastrtps_c;rosidl_typesupport_introspection_c
[0.899s] -- Found rosidl_adapter: 1.3.0 (/opt/ros/foxy/share/rosidl_adapter/cmake)
[1.189s] -- Using all available rosidl_typesupport_cpp: rosidl_typesupport_fastrtps_cpp;rosidl_typesupport_introspection_cpp
[1.332s] -- Found rmw_implementation_cmake: 1.0.4 (/opt/ros/foxy/share/rmw_implementation_cmake/cmake)
[1.338s] -- Using RMW implementation 'rmw_fastrtps_cpp' as default
[1.803s] -- Found geometry_msgs: 2.0.5 (/opt/ros/foxy/share/geometry_msgs/cmake)
[1.911s] -- Found turtlesim: 1.2.6 (/opt/ros/foxy/share/turtlesim/cmake)
[2.206s] -- Found rclcpp_action: 2.4.2 (/opt/ros/foxy/share/rclcpp_action/cmake)
[2.291s] -- Found rclcpp_components: 2.4.2 (/opt/ros/foxy/share/rclcpp_components/cmake)
[2.474s] -- Found olympic_interfaces: 0.0.0 (/home/marc/Documentos/GitHub/IR2117-PSR/tb3_ws/install/olympic_interfaces/share/olympic_interfaces/cmake)
[2.623s] -- Found ament_lint_auto: 0.9.8 (/opt/ros/foxy/share/ament_lint_auto/cmake)
[2.859s] -- Added test 'copyright' to check source files copyright and LICENSE
[2.863s] -- Added test 'cppcheck' to perform static code analysis on C / C++ code
[2.864s] -- Configured cppcheck include dirs: $<BUILD_INTERFACE:/home/marc/Documentos/GitHub/IR2117-PSR/tb3_ws/src/olympic/include>
[2.864s] -- Configured cppcheck exclude dirs and/or files: 
[2.867s] -- Added test 'cpplint' to check C / C++ code against the Google style
[2.867s] -- Configured cpplint exclude dirs and/or files: 
[2.871s] -- Added test 'lint_cmake' to check CMake code style
[2.875s] -- Added test 'uncrustify' to check C / C++ code style
[2.876s] -- Configured uncrustify additional arguments: 
[2.878s] -- Added test 'xmllint' to check XML markup files
[2.888s] -- Configuring done
[2.892s] CMake Error at CMakeLists.txt:48 (add_executable):
[2.892s]   Cannot find source file:
[2.892s] 
[2.894s]     src/action_client.cpp
[2.894s] 
[2.894s]   Tried extensions .c .C .c++ .cc .cpp .cxx .cu .m .M .mm .h .hh .h++ .hm
[2.896s]   .hpp .hxx .in .txx
[2.896s] 
[2.896s] 
[2.898s] CMake Error at CMakeLists.txt:40 (add_executable):
[2.899s]   Cannot find source file:
[2.899s] 
[2.899s]     src/action_server.cpp
[2.899s] 
[2.899s]   Tried extensions .c .C .c++ .cc .cpp .cxx .cu .m .M .mm .h .hh .h++ .hm
[2.900s]   .hpp .hxx .in .txx
[2.900s] 
[2.900s] 
[2.901s] CMake Error at CMakeLists.txt:48 (add_executable):
[2.901s]   No SOURCES given to target: action_client
[2.901s] 
[2.902s] 
[2.902s] CMake Error at CMakeLists.txt:40 (add_executable):
[2.902s]   No SOURCES given to target: action_server
[2.902s] 
[2.902s] 
[2.903s] CMake Generate step failed.  Build files cannot be regenerated correctly.
[2.917s] make: *** [Makefile:354: cmake_check_build_system] Error 1
[2.926s] Invoked command in '/home/marc/Documentos/GitHub/IR2117-PSR/tb3_ws/build/olympic' returned '2': AMENT_PREFIX_PATH=/home/marc/Documentos/GitHub/IR2117-PSR/tb3_ws/install/olympic_interfaces:${AMENT_PREFIX_PATH} CMAKE_PREFIX_PATH=/home/marc/Documentos/GitHub/IR2117-PSR/tb3_ws/install/olympic_interfaces:/opt/ros/foxy LD_LIBRARY_PATH=/home/marc/Documentos/GitHub/IR2117-PSR/tb3_ws/install/olympic_interfaces/lib:${LD_LIBRARY_PATH} PYTHONPATH=/home/marc/Documentos/GitHub/IR2117-PSR/tb3_ws/install/olympic_interfaces/lib/python3.8/site-packages:${PYTHONPATH} /usr/bin/cmake --build /home/marc/Documentos/GitHub/IR2117-PSR/tb3_ws/build/olympic -- -j2 -l2
