[0.029s] Invoking command in '/home/usuario/Documentos/GitHub/IR2117-PSR/tb3_ws/build/obstacles': CMAKE_PREFIX_PATH=${CMAKE_PREFIX_PATH}:/opt/ros/foxy /usr/bin/cmake --build /home/usuario/Documentos/GitHub/IR2117-PSR/tb3_ws/build/obstacles -- -j6 -l6
[0.079s] [100%] Built target detector
[0.087s] Invoked command in '/home/usuario/Documentos/GitHub/IR2117-PSR/tb3_ws/build/obstacles' returned '0': CMAKE_PREFIX_PATH=${CMAKE_PREFIX_PATH}:/opt/ros/foxy /usr/bin/cmake --build /home/usuario/Documentos/GitHub/IR2117-PSR/tb3_ws/build/obstacles -- -j6 -l6
[0.115s] Invoking command in '/home/usuario/Documentos/GitHub/IR2117-PSR/tb3_ws/build/obstacles': CMAKE_PREFIX_PATH=${CMAKE_PREFIX_PATH}:/opt/ros/foxy /usr/bin/cmake --install /home/usuario/Documentos/GitHub/IR2117-PSR/tb3_ws/build/obstacles
[0.121s] -- Install configuration: ""
[0.125s] -- Up-to-date: /home/usuario/Documentos/GitHub/IR2117-PSR/tb3_ws/install/obstacles/lib/obstacles/detector
[0.128s] -- Up-to-date: /home/usuario/Documentos/GitHub/IR2117-PSR/tb3_ws/install/obstacles/share/obstacles/launch
[0.128s] -- Installing: /home/usuario/Documentos/GitHub/IR2117-PSR/tb3_ws/install/obstacles/share/obstacles/launch/detector_test.py
[0.129s] -- Up-to-date: /home/usuario/Documentos/GitHub/IR2117-PSR/tb3_ws/install/obstacles/share/ament_index/resource_index/package_run_dependencies/obstacles
[0.129s] -- Up-to-date: /home/usuario/Documentos/GitHub/IR2117-PSR/tb3_ws/install/obstacles/share/ament_index/resource_index/parent_prefix_path/obstacles
[0.129s] -- Up-to-date: /home/usuario/Documentos/GitHub/IR2117-PSR/tb3_ws/install/obstacles/share/obstacles/environment/ament_prefix_path.sh
[0.129s] -- Up-to-date: /home/usuario/Documentos/GitHub/IR2117-PSR/tb3_ws/install/obstacles/share/obstacles/environment/ament_prefix_path.dsv
[0.129s] -- Up-to-date: /home/usuario/Documentos/GitHub/IR2117-PSR/tb3_ws/install/obstacles/share/obstacles/environment/path.sh
[0.129s] -- Up-to-date: /home/usuario/Documentos/GitHub/IR2117-PSR/tb3_ws/install/obstacles/share/obstacles/environment/path.dsv
[0.129s] -- Up-to-date: /home/usuario/Documentos/GitHub/IR2117-PSR/tb3_ws/install/obstacles/share/obstacles/local_setup.bash
[0.129s] -- Up-to-date: /home/usuario/Documentos/GitHub/IR2117-PSR/tb3_ws/install/obstacles/share/obstacles/local_setup.sh
[0.129s] -- Up-to-date: /home/usuario/Documentos/GitHub/IR2117-PSR/tb3_ws/install/obstacles/share/obstacles/local_setup.zsh
[0.129s] -- Up-to-date: /home/usuario/Documentos/GitHub/IR2117-PSR/tb3_ws/install/obstacles/share/obstacles/local_setup.dsv
[0.129s] -- Installing: /home/usuario/Documentos/GitHub/IR2117-PSR/tb3_ws/install/obstacles/share/obstacles/package.dsv
[0.129s] -- Up-to-date: /home/usuario/Documentos/GitHub/IR2117-PSR/tb3_ws/install/obstacles/share/ament_index/resource_index/packages/obstacles
[0.129s] -- Up-to-date: /home/usuario/Documentos/GitHub/IR2117-PSR/tb3_ws/install/obstacles/share/obstacles/cmake/obstaclesConfig.cmake
[0.130s] -- Up-to-date: /home/usuario/Documentos/GitHub/IR2117-PSR/tb3_ws/install/obstacles/share/obstacles/cmake/obstaclesConfig-version.cmake
[0.130s] -- Up-to-date: /home/usuario/Documentos/GitHub/IR2117-PSR/tb3_ws/install/obstacles/share/obstacles/package.xml
[0.131s] Invoked command in '/home/usuario/Documentos/GitHub/IR2117-PSR/tb3_ws/build/obstacles' returned '0': CMAKE_PREFIX_PATH=${CMAKE_PREFIX_PATH}:/opt/ros/foxy /usr/bin/cmake --install /home/usuario/Documentos/GitHub/IR2117-PSR/tb3_ws/build/obstacles
