[0.074s] Invoking command in '/home/marc/Documentos/GitHub/IR2117-PSR/tb3_ws/build/olympic': AMENT_PREFIX_PATH=/home/marc/Documentos/GitHub/IR2117-PSR/tb3_ws/install/olympic_interfaces:${AMENT_PREFIX_PATH} CMAKE_PREFIX_PATH=/home/marc/Documentos/GitHub/IR2117-PSR/tb3_ws/install/olympic_interfaces:/opt/ros/foxy LD_LIBRARY_PATH=/home/marc/Documentos/GitHub/IR2117-PSR/tb3_ws/install/olympic_interfaces/lib:${LD_LIBRARY_PATH} PYTHONPATH=/home/marc/Documentos/GitHub/IR2117-PSR/tb3_ws/install/olympic_interfaces/lib/python3.8/site-packages:${PYTHONPATH} /usr/bin/cmake --build /home/marc/Documentos/GitHub/IR2117-PSR/tb3_ws/build/olympic -- -j2 -l2
[0.200s] [35m[1mScanning dependencies of target action_client[0m
[0.285s] [ 16%] [32mBuilding CXX object CMakeFiles/action_client.dir/src/rings_action_client.cpp.o[0m
[0.286s] [ 33%] [32mBuilding CXX object CMakeFiles/action_server.dir/src/rings_action_server.cpp.o[0m
[3.398s] [01m[K/home/marc/Documentos/GitHub/IR2117-PSR/tb3_ws/src/olympic/src/rings_action_server.cpp:[m[K In function ‘[01m[Kvoid execute(std::shared_ptr<rclcpp_action::ServerGoalHandle<olympic_interfaces::action::Rings> >)[m[K’:
[3.398s] [01m[K/home/marc/Documentos/GitHub/IR2117-PSR/tb3_ws/src/olympic/src/rings_action_server.cpp:48:31:[m[K [01;31m[Kerror: [m[K‘[01m[Kusing element_type = struct olympic_interfaces::action::Rings_Feedback_<std::allocator<void> >[m[K’ {aka ‘[01m[Kstruct olympic_interfaces::action::Rings_Feedback_<std::allocator<void> >[m[K’} has no member named ‘[01m[Kpartial_sequence[m[K’
[3.398s]    48 |   auto & sequence = feedback->[01;31m[Kpartial_sequence[m[K;
[3.399s]       |                               [01;31m[K^~~~~~~~~~~~~~~~[m[K
[3.405s] [01m[K/home/marc/Documentos/GitHub/IR2117-PSR/tb3_ws/src/olympic/src/rings_action_server.cpp:53:32:[m[K [01;31m[Kerror: [m[K‘[01m[Kusing element_type = const struct olympic_interfaces::action::Rings_Goal_<std::allocator<void> >[m[K’ {aka ‘[01m[Kconst struct olympic_interfaces::action::Rings_Goal_<std::allocator<void> >[m[K’} has no member named ‘[01m[Korder[m[K’
[3.405s]    53 |     for (int i = 1; (i < goal->[01;31m[Korder[m[K) && rclcpp::ok(); ++i) {
[3.405s]       |                                [01;31m[K^~~~~[m[K
[3.406s] [01m[K/home/marc/Documentos/GitHub/IR2117-PSR/tb3_ws/src/olympic/src/rings_action_server.cpp:55:15:[m[K [01;31m[Kerror: [m[K‘[01m[Kusing element_type = struct olympic_interfaces::action::Rings_Result_<std::allocator<void> >[m[K’ {aka ‘[01m[Kstruct olympic_interfaces::action::Rings_Result_<std::allocator<void> >[m[K’} has no member named ‘[01m[Ksequence[m[K’
[3.406s]    55 |       result->[01;31m[Ksequence[m[K = sequence;
[3.406s]       |               [01;31m[K^~~~~~~~[m[K
[3.410s] [01m[K/home/marc/Documentos/GitHub/IR2117-PSR/tb3_ws/src/olympic/src/rings_action_server.cpp:68:13:[m[K [01;31m[Kerror: [m[K‘[01m[Kusing element_type = struct olympic_interfaces::action::Rings_Result_<std::allocator<void> >[m[K’ {aka ‘[01m[Kstruct olympic_interfaces::action::Rings_Result_<std::allocator<void> >[m[K’} has no member named ‘[01m[Ksequence[m[K’
[3.410s]    68 |     result->[01;31m[Ksequence[m[K = sequence;
[3.410s]       |             [01;31m[K^~~~~~~~[m[K
[3.420s] In file included from [01m[K/opt/ros/foxy/include/rclcpp/client.hpp:40[m[K,
[3.420s]                  from [01m[K/opt/ros/foxy/include/rclcpp/callback_group.hpp:23[m[K,
[3.420s]                  from [01m[K/opt/ros/foxy/include/rclcpp/any_executable.hpp:20[m[K,
[3.420s]                  from [01m[K/opt/ros/foxy/include/rclcpp/memory_strategy.hpp:24[m[K,
[3.421s]                  from [01m[K/opt/ros/foxy/include/rclcpp/memory_strategies.hpp:18[m[K,
[3.421s]                  from [01m[K/opt/ros/foxy/include/rclcpp/executor_options.hpp:20[m[K,
[3.421s]                  from [01m[K/opt/ros/foxy/include/rclcpp/executor.hpp:33[m[K,
[3.421s]                  from [01m[K/opt/ros/foxy/include/rclcpp/executors/multi_threaded_executor.hpp:26[m[K,
[3.421s]                  from [01m[K/opt/ros/foxy/include/rclcpp/executors.hpp:21[m[K,
[3.421s]                  from [01m[K/opt/ros/foxy/include/rclcpp/rclcpp.hpp:146[m[K,
[3.421s]                  from [01m[K/home/marc/Documentos/GitHub/IR2117-PSR/tb3_ws/src/olympic/src/rings_action_client.cpp:4[m[K:
[3.422s] [01m[K/home/marc/Documentos/GitHub/IR2117-PSR/tb3_ws/src/olympic/src/rings_action_client.cpp:[m[K In function ‘[01m[Kvoid feedback_callback(rclcpp_action::ClientGoalHandle<olympic_interfaces::action::Rings>::SharedPtr, std::shared_ptr<const olympic_interfaces::action::Rings_Feedback_<std::allocator<void> > >)[m[K’:
[3.422s] [01m[K/home/marc/Documentos/GitHub/IR2117-PSR/tb3_ws/src/olympic/src/rings_action_client.cpp:23:15:[m[K [01;31m[Kerror: [m[K‘[01m[Kusing element_type = const struct olympic_interfaces::action::Rings_Feedback_<std::allocator<void> >[m[K’ {aka ‘[01m[Kconst struct olympic_interfaces::action::Rings_Feedback_<std::allocator<void> >[m[K’} has no member named ‘[01m[Kpartial_sequence[m[K’
[3.422s]    23 |     feedback->[01;31m[Kpartial_sequence[m[K.back());
[3.422s]       |               [01;31m[K^~~~~~~~~~~~~~~~[m[K
[3.466s] [01m[K/home/marc/Documentos/GitHub/IR2117-PSR/tb3_ws/src/olympic/src/rings_action_client.cpp:[m[K In function ‘[01m[Kint main(int, char**)[m[K’:
[3.466s] [01m[K/home/marc/Documentos/GitHub/IR2117-PSR/tb3_ws/src/olympic/src/rings_action_client.cpp:71:5:[m[K [01;31m[Kerror: [m[K‘[01m[Kaction_client[m[K’ was not declared in this scope; did you mean ‘[01m[Krings_action_client[m[K’?
[3.466s]    71 |     [01;31m[Kaction_client[m[K->async_get_result(goal_handle);
[3.466s]       |     [01;31m[K^~~~~~~~~~~~~[m[K
[3.466s]       |     [32m[Krings_action_client[m[K
[3.478s] [01m[K/home/marc/Documentos/GitHub/IR2117-PSR/tb3_ws/src/olympic/src/rings_action_client.cpp:104:45:[m[K [01;31m[Kerror: [m[K‘[01m[Kusing element_type = struct olympic_interfaces::action::Rings_Result_<std::allocator<void> >[m[K’ {aka ‘[01m[Kstruct olympic_interfaces::action::Rings_Result_<std::allocator<void> >[m[K’} has no member named ‘[01m[Ksequence[m[K’
[3.478s]   104 |   for (auto number : wrapped_result.result->[01;31m[Ksequence[m[K) {
[3.478s]       |                                             [01;31m[K^~~~~~~~[m[K
[5.247s] make[2]: *** [CMakeFiles/action_server.dir/build.make:63: CMakeFiles/action_server.dir/src/rings_action_server.cpp.o] Error 1
[5.248s] make[1]: *** [CMakeFiles/Makefile2:109: CMakeFiles/action_server.dir/all] Error 2
[5.248s] make[1]: *** Se espera a que terminen otras tareas....
[5.283s] make[2]: *** [CMakeFiles/action_client.dir/build.make:63: CMakeFiles/action_client.dir/src/rings_action_client.cpp.o] Error 1
[5.290s] make[1]: *** [CMakeFiles/Makefile2:82: CMakeFiles/action_client.dir/all] Error 2
[5.290s] make: *** [Makefile:141: all] Error 2
[5.291s] Invoked command in '/home/marc/Documentos/GitHub/IR2117-PSR/tb3_ws/build/olympic' returned '2': AMENT_PREFIX_PATH=/home/marc/Documentos/GitHub/IR2117-PSR/tb3_ws/install/olympic_interfaces:${AMENT_PREFIX_PATH} CMAKE_PREFIX_PATH=/home/marc/Documentos/GitHub/IR2117-PSR/tb3_ws/install/olympic_interfaces:/opt/ros/foxy LD_LIBRARY_PATH=/home/marc/Documentos/GitHub/IR2117-PSR/tb3_ws/install/olympic_interfaces/lib:${LD_LIBRARY_PATH} PYTHONPATH=/home/marc/Documentos/GitHub/IR2117-PSR/tb3_ws/install/olympic_interfaces/lib/python3.8/site-packages:${PYTHONPATH} /usr/bin/cmake --build /home/marc/Documentos/GitHub/IR2117-PSR/tb3_ws/build/olympic -- -j2 -l2
