[0.025s] Invoking command in '/home/usuario/Documentos/GitHub/IR2117-PSR/ros2_ws/build/action_tutorials_cpp': CMAKE_PREFIX_PATH=/home/usuario/Documentos/GitHub/IR2117-PSR/ros2_ws/install/action_tutorials_interfaces:/home/usuario/Documentos/GitHub/IR2117-PSR/ros2_ws/install/action_tutorials_cpp:/home/usuario/Documentos/GitHub/IR2117-PSR/ros2_ws/install/examples_topics:/home/usuario/Documentos/GitHub/IR2117-PSR/ros2_ws/install/examples_sum:/opt/ros/foxy /usr/bin/cmake --build /home/usuario/Documentos/GitHub/IR2117-PSR/ros2_ws/build/action_tutorials_cpp -- -j6 -l6
[0.054s] -- Found ament_cmake: 0.9.11 (/opt/ros/foxy/share/ament_cmake/cmake)
[0.074s] -- Using PYTHON_EXECUTABLE: /usr/bin/python3
[0.238s] -- Found action_tutorials_interfaces: 0.0.0 (/home/usuario/Documentos/GitHub/IR2117-PSR/ros2_ws/install/action_tutorials_interfaces/share/action_tutorials_interfaces/cmake)
[0.256s] -- Using all available rosidl_typesupport_c: rosidl_typesupport_fastrtps_c;rosidl_typesupport_introspection_c
[0.258s] -- Found rosidl_adapter: 1.3.0 (/opt/ros/foxy/share/rosidl_adapter/cmake)
[0.352s] -- Using all available rosidl_typesupport_cpp: rosidl_typesupport_fastrtps_cpp;rosidl_typesupport_introspection_cpp
[0.453s] -- Found rclcpp: 2.4.2 (/opt/ros/foxy/share/rclcpp/cmake)
[0.478s] -- Found rmw_implementation_cmake: 1.0.3 (/opt/ros/foxy/share/rmw_implementation_cmake/cmake)
[0.480s] -- Using RMW implementation 'rmw_fastrtps_cpp' as default
[0.579s] -- Found rclcpp_action: 2.4.2 (/opt/ros/foxy/share/rclcpp_action/cmake)
[0.601s] -- Found rclcpp_components: 2.4.2 (/opt/ros/foxy/share/rclcpp_components/cmake)
[0.642s] -- Found ament_lint_auto: 0.9.7 (/opt/ros/foxy/share/ament_lint_auto/cmake)
[0.712s] -- Added test 'copyright' to check source files copyright and LICENSE
[0.713s] -- Added test 'cppcheck' to perform static code analysis on C / C++ code
[0.713s] -- Configured cppcheck include dirs: 
[0.713s] -- Configured cppcheck exclude dirs and/or files: 
[0.713s] -- Added test 'cpplint' to check C / C++ code against the Google style
[0.713s] -- Configured cpplint exclude dirs and/or files: 
[0.714s] -- Added test 'lint_cmake' to check CMake code style
[0.714s] -- Added test 'uncrustify' to check C / C++ code style
[0.714s] -- Configured uncrustify additional arguments: 
[0.714s] -- Added test 'xmllint' to check XML markup files
[0.717s] -- Configuring done
[0.736s] -- Generating done
[0.738s] -- Build files have been written to: /home/usuario/Documentos/GitHub/IR2117-PSR/ros2_ws/build/action_tutorials_cpp
[0.764s] [35m[1mScanning dependencies of target action_server[0m
[0.779s] [ 50%] [32mBuilding CXX object CMakeFiles/action_server.dir/src/action_server.cpp.o[0m
[0.779s] [ 75%] Built target action_client
[2.998s] [100%] [32m[1mLinking CXX executable action_server[0m
[3.253s] [100%] Built target action_server
[3.265s] Invoked command in '/home/usuario/Documentos/GitHub/IR2117-PSR/ros2_ws/build/action_tutorials_cpp' returned '0': CMAKE_PREFIX_PATH=/home/usuario/Documentos/GitHub/IR2117-PSR/ros2_ws/install/action_tutorials_interfaces:/home/usuario/Documentos/GitHub/IR2117-PSR/ros2_ws/install/action_tutorials_cpp:/home/usuario/Documentos/GitHub/IR2117-PSR/ros2_ws/install/examples_topics:/home/usuario/Documentos/GitHub/IR2117-PSR/ros2_ws/install/examples_sum:/opt/ros/foxy /usr/bin/cmake --build /home/usuario/Documentos/GitHub/IR2117-PSR/ros2_ws/build/action_tutorials_cpp -- -j6 -l6
[3.304s] Invoking command in '/home/usuario/Documentos/GitHub/IR2117-PSR/ros2_ws/build/action_tutorials_cpp': CMAKE_PREFIX_PATH=/home/usuario/Documentos/GitHub/IR2117-PSR/ros2_ws/install/action_tutorials_interfaces:/home/usuario/Documentos/GitHub/IR2117-PSR/ros2_ws/install/action_tutorials_cpp:/home/usuario/Documentos/GitHub/IR2117-PSR/ros2_ws/install/examples_topics:/home/usuario/Documentos/GitHub/IR2117-PSR/ros2_ws/install/examples_sum:/opt/ros/foxy /usr/bin/cmake --install /home/usuario/Documentos/GitHub/IR2117-PSR/ros2_ws/build/action_tutorials_cpp
[3.312s] -- Install configuration: ""
[3.317s] -- Installing: /home/usuario/Documentos/GitHub/IR2117-PSR/ros2_ws/install/action_tutorials_cpp/lib/action_tutorials_cpp/action_server
[3.327s] -- Set runtime path of "/home/usuario/Documentos/GitHub/IR2117-PSR/ros2_ws/install/action_tutorials_cpp/lib/action_tutorials_cpp/action_server" to ""
[3.328s] -- Installing: /home/usuario/Documentos/GitHub/IR2117-PSR/ros2_ws/install/action_tutorials_cpp/lib/action_tutorials_cpp/action_client
[3.349s] -- Set runtime path of "/home/usuario/Documentos/GitHub/IR2117-PSR/ros2_ws/install/action_tutorials_cpp/lib/action_tutorials_cpp/action_client" to ""
[3.349s] -- Up-to-date: /home/usuario/Documentos/GitHub/IR2117-PSR/ros2_ws/install/action_tutorials_cpp/share/ament_index/resource_index/package_run_dependencies/action_tutorials_cpp
[3.349s] -- Installing: /home/usuario/Documentos/GitHub/IR2117-PSR/ros2_ws/install/action_tutorials_cpp/share/ament_index/resource_index/parent_prefix_path/action_tutorials_cpp
[3.349s] -- Up-to-date: /home/usuario/Documentos/GitHub/IR2117-PSR/ros2_ws/install/action_tutorials_cpp/share/action_tutorials_cpp/environment/ament_prefix_path.sh
[3.349s] -- Installing: /home/usuario/Documentos/GitHub/IR2117-PSR/ros2_ws/install/action_tutorials_cpp/share/action_tutorials_cpp/environment/ament_prefix_path.dsv
[3.350s] -- Up-to-date: /home/usuario/Documentos/GitHub/IR2117-PSR/ros2_ws/install/action_tutorials_cpp/share/action_tutorials_cpp/environment/path.sh
[3.350s] -- Installing: /home/usuario/Documentos/GitHub/IR2117-PSR/ros2_ws/install/action_tutorials_cpp/share/action_tutorials_cpp/environment/path.dsv
[3.350s] -- Up-to-date: /home/usuario/Documentos/GitHub/IR2117-PSR/ros2_ws/install/action_tutorials_cpp/share/action_tutorials_cpp/local_setup.bash
[3.350s] -- Up-to-date: /home/usuario/Documentos/GitHub/IR2117-PSR/ros2_ws/install/action_tutorials_cpp/share/action_tutorials_cpp/local_setup.sh
[3.350s] -- Up-to-date: /home/usuario/Documentos/GitHub/IR2117-PSR/ros2_ws/install/action_tutorials_cpp/share/action_tutorials_cpp/local_setup.zsh
[3.350s] -- Installing: /home/usuario/Documentos/GitHub/IR2117-PSR/ros2_ws/install/action_tutorials_cpp/share/action_tutorials_cpp/local_setup.dsv
[3.351s] -- Installing: /home/usuario/Documentos/GitHub/IR2117-PSR/ros2_ws/install/action_tutorials_cpp/share/action_tutorials_cpp/package.dsv
[3.351s] -- Up-to-date: /home/usuario/Documentos/GitHub/IR2117-PSR/ros2_ws/install/action_tutorials_cpp/share/ament_index/resource_index/packages/action_tutorials_cpp
[3.351s] -- Up-to-date: /home/usuario/Documentos/GitHub/IR2117-PSR/ros2_ws/install/action_tutorials_cpp/share/action_tutorials_cpp/cmake/action_tutorials_cppConfig.cmake
[3.351s] -- Up-to-date: /home/usuario/Documentos/GitHub/IR2117-PSR/ros2_ws/install/action_tutorials_cpp/share/action_tutorials_cpp/cmake/action_tutorials_cppConfig-version.cmake
[3.351s] -- Up-to-date: /home/usuario/Documentos/GitHub/IR2117-PSR/ros2_ws/install/action_tutorials_cpp/share/action_tutorials_cpp/package.xml
[3.353s] Invoked command in '/home/usuario/Documentos/GitHub/IR2117-PSR/ros2_ws/build/action_tutorials_cpp' returned '0': CMAKE_PREFIX_PATH=/home/usuario/Documentos/GitHub/IR2117-PSR/ros2_ws/install/action_tutorials_interfaces:/home/usuario/Documentos/GitHub/IR2117-PSR/ros2_ws/install/action_tutorials_cpp:/home/usuario/Documentos/GitHub/IR2117-PSR/ros2_ws/install/examples_topics:/home/usuario/Documentos/GitHub/IR2117-PSR/ros2_ws/install/examples_sum:/opt/ros/foxy /usr/bin/cmake --install /home/usuario/Documentos/GitHub/IR2117-PSR/ros2_ws/build/action_tutorials_cpp
