[0.208s] Invoking command in '/home/marc/Documentos/GitHub/IR2117-PSR/tb3_ws/build/olympic': AMENT_PREFIX_PATH=/home/marc/Documentos/GitHub/IR2117-PSR/tb3_ws/install/olympic_interfaces:${AMENT_PREFIX_PATH} CMAKE_PREFIX_PATH=/home/marc/Documentos/GitHub/IR2117-PSR/tb3_ws/install/olympic_interfaces:/opt/ros/foxy LD_LIBRARY_PATH=/home/marc/Documentos/GitHub/IR2117-PSR/tb3_ws/install/olympic_interfaces/lib:${LD_LIBRARY_PATH} PYTHONPATH=/home/marc/Documentos/GitHub/IR2117-PSR/tb3_ws/install/olympic_interfaces/lib/python3.8/site-packages:${PYTHONPATH} /usr/bin/cmake /home/marc/Documentos/GitHub/IR2117-PSR/tb3_ws/src/olympic -DCMAKE_INSTALL_PREFIX=/home/marc/Documentos/GitHub/IR2117-PSR/tb3_ws/install/olympic
[0.784s] -- The C compiler identification is GNU 9.4.0
[1.218s] -- The CXX compiler identification is GNU 9.4.0
[1.257s] -- Check for working C compiler: /usr/bin/cc
[1.727s] -- Check for working C compiler: /usr/bin/cc -- works
[1.734s] -- Detecting C compiler ABI info
[2.186s] -- Detecting C compiler ABI info - done
[2.306s] -- Detecting C compile features
[2.309s] -- Detecting C compile features - done
[2.345s] -- Check for working CXX compiler: /usr/bin/c++
[2.938s] -- Check for working CXX compiler: /usr/bin/c++ -- works
[2.950s] -- Detecting CXX compiler ABI info
[3.659s] -- Detecting CXX compiler ABI info - done
[3.824s] -- Detecting CXX compile features
[3.832s] -- Detecting CXX compile features - done
[3.874s] -- Found ament_cmake: 0.9.11 (/opt/ros/foxy/share/ament_cmake/cmake)
[4.142s] -- Found PythonInterp: /usr/bin/python3 (found suitable version "3.8.10", minimum required is "3") 
[4.143s] -- Using PYTHON_EXECUTABLE: /usr/bin/python3
[5.471s] -- Found rclcpp: 2.4.2 (/opt/ros/foxy/share/rclcpp/cmake)
[5.769s] -- Using all available rosidl_typesupport_c: rosidl_typesupport_fastrtps_c;rosidl_typesupport_introspection_c
[5.801s] -- Found rosidl_adapter: 1.3.0 (/opt/ros/foxy/share/rosidl_adapter/cmake)
[6.339s] -- Found OpenSSL: /usr/lib/x86_64-linux-gnu/libcrypto.so (found version "1.1.1f")  
[6.433s] -- Found FastRTPS: /opt/ros/foxy/include  
[6.788s] -- Using all available rosidl_typesupport_cpp: rosidl_typesupport_fastrtps_cpp;rosidl_typesupport_introspection_cpp
[7.117s] -- Found rmw_implementation_cmake: 1.0.4 (/opt/ros/foxy/share/rmw_implementation_cmake/cmake)
[7.123s] -- Using RMW implementation 'rmw_fastrtps_cpp' as default
[7.128s] -- Looking for pthread.h
[7.332s] -- Looking for pthread.h - found
[7.332s] -- Performing Test CMAKE_HAVE_LIBC_PTHREAD
[7.735s] -- Performing Test CMAKE_HAVE_LIBC_PTHREAD - Failed
[7.736s] -- Looking for pthread_create in pthreads
[8.044s] -- Looking for pthread_create in pthreads - not found
[8.045s] -- Looking for pthread_create in pthread
[8.288s] -- Looking for pthread_create in pthread - found
[8.295s] -- Found Threads: TRUE  
[9.250s] -- Found turtlesim: 1.2.6 (/opt/ros/foxy/share/turtlesim/cmake)
[9.817s] -- Found geometry_msgs: 2.0.5 (/opt/ros/foxy/share/geometry_msgs/cmake)
[9.995s] -- Found example_interfaces: 0.9.1 (/opt/ros/foxy/share/example_interfaces/cmake)
[10.343s] -- Found rclcpp_action: 2.4.2 (/opt/ros/foxy/share/rclcpp_action/cmake)
[10.467s] -- Found rclcpp_components: 2.4.2 (/opt/ros/foxy/share/rclcpp_components/cmake)
[10.686s] -- Found olympic_interfaces: 0.0.0 (/home/marc/Documentos/GitHub/IR2117-PSR/tb3_ws/install/olympic_interfaces/share/olympic_interfaces/cmake)
[11.023s] -- Found ament_lint_auto: 0.9.8 (/opt/ros/foxy/share/ament_lint_auto/cmake)
[11.333s] -- Configuring done
[11.422s] -- Generating done
[11.427s] -- Build files have been written to: /home/marc/Documentos/GitHub/IR2117-PSR/tb3_ws/build/olympic
[11.448s] Invoked command in '/home/marc/Documentos/GitHub/IR2117-PSR/tb3_ws/build/olympic' returned '0': AMENT_PREFIX_PATH=/home/marc/Documentos/GitHub/IR2117-PSR/tb3_ws/install/olympic_interfaces:${AMENT_PREFIX_PATH} CMAKE_PREFIX_PATH=/home/marc/Documentos/GitHub/IR2117-PSR/tb3_ws/install/olympic_interfaces:/opt/ros/foxy LD_LIBRARY_PATH=/home/marc/Documentos/GitHub/IR2117-PSR/tb3_ws/install/olympic_interfaces/lib:${LD_LIBRARY_PATH} PYTHONPATH=/home/marc/Documentos/GitHub/IR2117-PSR/tb3_ws/install/olympic_interfaces/lib/python3.8/site-packages:${PYTHONPATH} /usr/bin/cmake /home/marc/Documentos/GitHub/IR2117-PSR/tb3_ws/src/olympic -DCMAKE_INSTALL_PREFIX=/home/marc/Documentos/GitHub/IR2117-PSR/tb3_ws/install/olympic
[11.450s] Invoking command in '/home/marc/Documentos/GitHub/IR2117-PSR/tb3_ws/build/olympic': AMENT_PREFIX_PATH=/home/marc/Documentos/GitHub/IR2117-PSR/tb3_ws/install/olympic_interfaces:${AMENT_PREFIX_PATH} CMAKE_PREFIX_PATH=/home/marc/Documentos/GitHub/IR2117-PSR/tb3_ws/install/olympic_interfaces:/opt/ros/foxy LD_LIBRARY_PATH=/home/marc/Documentos/GitHub/IR2117-PSR/tb3_ws/install/olympic_interfaces/lib:${LD_LIBRARY_PATH} PYTHONPATH=/home/marc/Documentos/GitHub/IR2117-PSR/tb3_ws/install/olympic_interfaces/lib/python3.8/site-packages:${PYTHONPATH} /usr/bin/cmake --build /home/marc/Documentos/GitHub/IR2117-PSR/tb3_ws/build/olympic -- -j2 -l2
[11.646s] [35m[1mScanning dependencies of target action_client[0m
[11.701s] [ 16%] [32mBuilding CXX object CMakeFiles/action_client.dir/src/rings_action_server.cpp.o[0m
[11.796s] [ 33%] [32m[1mLinking CXX executable action_client[0m
[11.989s] /usr/bin/ld: /usr/lib/gcc/x86_64-linux-gnu/9/../../../x86_64-linux-gnu/Scrt1.o: en la función `_start':
[11.989s] (.text+0x24): referencia a `main' sin definir
[11.990s] collect2: error: ld returned 1 exit status
[11.996s] make[2]: *** [CMakeFiles/action_client.dir/build.make:158: action_client] Error 1
[11.997s] make[1]: *** [CMakeFiles/Makefile2:82: CMakeFiles/action_client.dir/all] Error 2
[11.997s] make: *** [Makefile:141: all] Error 2
[12.010s] Invoked command in '/home/marc/Documentos/GitHub/IR2117-PSR/tb3_ws/build/olympic' returned '2': AMENT_PREFIX_PATH=/home/marc/Documentos/GitHub/IR2117-PSR/tb3_ws/install/olympic_interfaces:${AMENT_PREFIX_PATH} CMAKE_PREFIX_PATH=/home/marc/Documentos/GitHub/IR2117-PSR/tb3_ws/install/olympic_interfaces:/opt/ros/foxy LD_LIBRARY_PATH=/home/marc/Documentos/GitHub/IR2117-PSR/tb3_ws/install/olympic_interfaces/lib:${LD_LIBRARY_PATH} PYTHONPATH=/home/marc/Documentos/GitHub/IR2117-PSR/tb3_ws/install/olympic_interfaces/lib/python3.8/site-packages:${PYTHONPATH} /usr/bin/cmake --build /home/marc/Documentos/GitHub/IR2117-PSR/tb3_ws/build/olympic -- -j2 -l2
