[0.719s] DEBUG:colcon:Command line arguments: ['/usr/bin/colcon', 'build']
[0.720s] DEBUG:colcon:Parsed command line arguments: Namespace(allow_overriding=[], ament_cmake_args=None, base_paths=['.'], build_base='build', catkin_cmake_args=None, catkin_skip_building_tests=False, cmake_args=None, cmake_clean_cache=False, cmake_clean_first=False, cmake_force_configure=False, cmake_target=None, cmake_target_skip_unavailable=False, continue_on_error=False, event_handlers=None, executor='parallel', ignore_user_meta=False, install_base='install', log_base=None, log_level=None, main=<bound method BuildVerb.main of <colcon_core.verb.build.BuildVerb object at 0x7f3966a9b7c0>>, merge_install=False, metas=['./colcon.meta'], packages_above=None, packages_above_and_dependencies=None, packages_above_depth=None, packages_end=None, packages_ignore=None, packages_ignore_regex=None, packages_select=None, packages_select_build_failed=False, packages_select_by_dep=None, packages_select_regex=None, packages_select_test_failures=False, packages_skip=None, packages_skip_build_finished=False, packages_skip_by_dep=None, packages_skip_regex=None, packages_skip_test_passed=False, packages_skip_up_to=None, packages_start=None, packages_up_to=None, packages_up_to_regex=None, parallel_workers=2, paths=None, symlink_install=False, test_result_base=None, verb_extension=<colcon_core.verb.build.BuildVerb object at 0x7f3966a9b7c0>, verb_name='build', verb_parser=<colcon_defaults.argument_parser.defaults.DefaultArgumentsDecorator object at 0x7f3966a9bd30>)
[0.810s] Level 1:colcon.colcon_core.package_discovery:discover_packages(colcon_meta) check parameters
[0.810s] Level 1:colcon.colcon_core.package_discovery:discover_packages(recursive) check parameters
[0.810s] Level 1:colcon.colcon_core.package_discovery:discover_packages(ignore) check parameters
[0.810s] Level 1:colcon.colcon_core.package_discovery:discover_packages(path) check parameters
[0.811s] Level 1:colcon.colcon_core.package_discovery:discover_packages(colcon_meta) discover
[0.811s] Level 1:colcon.colcon_core.package_discovery:discover_packages(recursive) discover
[0.811s] INFO:colcon.colcon_core.package_discovery:Crawling recursively for packages in '/home/marc/Documentos/GitHub/IR2117-PSR/tb3_ws'
[0.811s] Level 1:colcon.colcon_core.package_identification:_identify(.) by extensions ['ignore', 'ignore_ament_install']
[0.811s] Level 1:colcon.colcon_core.package_identification:_identify(.) by extension 'ignore'
[0.811s] Level 1:colcon.colcon_core.package_identification:_identify(.) by extension 'ignore_ament_install'
[0.811s] Level 1:colcon.colcon_core.package_identification:_identify(.) by extensions ['colcon_pkg']
[0.811s] Level 1:colcon.colcon_core.package_identification:_identify(.) by extension 'colcon_pkg'
[0.811s] Level 1:colcon.colcon_core.package_identification:_identify(.) by extensions ['colcon_meta']
[0.812s] Level 1:colcon.colcon_core.package_identification:_identify(.) by extension 'colcon_meta'
[0.812s] Level 1:colcon.colcon_core.package_identification:_identify(.) by extensions ['ros']
[0.812s] Level 1:colcon.colcon_core.package_identification:_identify(.) by extension 'ros'
[0.896s] Level 1:colcon.colcon_core.package_identification:_identify(.) by extensions ['cmake', 'python']
[0.896s] Level 1:colcon.colcon_core.package_identification:_identify(.) by extension 'cmake'
[0.897s] Level 1:colcon.colcon_core.package_identification:_identify(.) by extension 'python'
[0.897s] Level 1:colcon.colcon_core.package_identification:_identify(.) by extensions ['python_setup_py']
[0.897s] Level 1:colcon.colcon_core.package_identification:_identify(.) by extension 'python_setup_py'
[0.897s] Level 1:colcon.colcon_core.package_identification:_identify(build) by extensions ['ignore', 'ignore_ament_install']
[0.898s] Level 1:colcon.colcon_core.package_identification:_identify(build) by extension 'ignore'
[0.898s] Level 1:colcon.colcon_core.package_identification:_identify(build) ignored
[0.898s] Level 1:colcon.colcon_core.package_identification:_identify(cpp_srvcli) by extensions ['ignore', 'ignore_ament_install']
[0.898s] Level 1:colcon.colcon_core.package_identification:_identify(cpp_srvcli) by extension 'ignore'
[0.898s] Level 1:colcon.colcon_core.package_identification:_identify(cpp_srvcli) by extension 'ignore_ament_install'
[0.898s] Level 1:colcon.colcon_core.package_identification:_identify(cpp_srvcli) by extensions ['colcon_pkg']
[0.899s] Level 1:colcon.colcon_core.package_identification:_identify(cpp_srvcli) by extension 'colcon_pkg'
[0.899s] Level 1:colcon.colcon_core.package_identification:_identify(cpp_srvcli) by extensions ['colcon_meta']
[0.899s] Level 1:colcon.colcon_core.package_identification:_identify(cpp_srvcli) by extension 'colcon_meta'
[0.899s] Level 1:colcon.colcon_core.package_identification:_identify(cpp_srvcli) by extensions ['ros']
[0.899s] Level 1:colcon.colcon_core.package_identification:_identify(cpp_srvcli) by extension 'ros'
[0.905s] DEBUG:colcon.colcon_core.package_identification:Package 'cpp_srvcli' with type 'ros.ament_cmake' and name 'cpp_srvcli'
[0.906s] Level 1:colcon.colcon_core.package_identification:_identify(install) by extensions ['ignore', 'ignore_ament_install']
[0.906s] Level 1:colcon.colcon_core.package_identification:_identify(install) by extension 'ignore'
[0.906s] Level 1:colcon.colcon_core.package_identification:_identify(install) ignored
[0.906s] Level 1:colcon.colcon_core.package_identification:_identify(log) by extensions ['ignore', 'ignore_ament_install']
[0.907s] Level 1:colcon.colcon_core.package_identification:_identify(log) by extension 'ignore'
[0.907s] Level 1:colcon.colcon_core.package_identification:_identify(log) ignored
[0.907s] Level 1:colcon.colcon_core.package_identification:_identify(rosbag2_2023_03_28-12_32_38) by extensions ['ignore', 'ignore_ament_install']
[0.907s] Level 1:colcon.colcon_core.package_identification:_identify(rosbag2_2023_03_28-12_32_38) by extension 'ignore'
[0.908s] Level 1:colcon.colcon_core.package_identification:_identify(rosbag2_2023_03_28-12_32_38) by extension 'ignore_ament_install'
[0.908s] Level 1:colcon.colcon_core.package_identification:_identify(rosbag2_2023_03_28-12_32_38) by extensions ['colcon_pkg']
[0.908s] Level 1:colcon.colcon_core.package_identification:_identify(rosbag2_2023_03_28-12_32_38) by extension 'colcon_pkg'
[0.908s] Level 1:colcon.colcon_core.package_identification:_identify(rosbag2_2023_03_28-12_32_38) by extensions ['colcon_meta']
[0.908s] Level 1:colcon.colcon_core.package_identification:_identify(rosbag2_2023_03_28-12_32_38) by extension 'colcon_meta'
[0.908s] Level 1:colcon.colcon_core.package_identification:_identify(rosbag2_2023_03_28-12_32_38) by extensions ['ros']
[0.908s] Level 1:colcon.colcon_core.package_identification:_identify(rosbag2_2023_03_28-12_32_38) by extension 'ros'
[0.908s] Level 1:colcon.colcon_core.package_identification:_identify(rosbag2_2023_03_28-12_32_38) by extensions ['cmake', 'python']
[0.908s] Level 1:colcon.colcon_core.package_identification:_identify(rosbag2_2023_03_28-12_32_38) by extension 'cmake'
[0.908s] Level 1:colcon.colcon_core.package_identification:_identify(rosbag2_2023_03_28-12_32_38) by extension 'python'
[0.908s] Level 1:colcon.colcon_core.package_identification:_identify(rosbag2_2023_03_28-12_32_38) by extensions ['python_setup_py']
[0.908s] Level 1:colcon.colcon_core.package_identification:_identify(rosbag2_2023_03_28-12_32_38) by extension 'python_setup_py'
[0.909s] Level 1:colcon.colcon_core.package_identification:_identify(src) by extensions ['ignore', 'ignore_ament_install']
[0.909s] Level 1:colcon.colcon_core.package_identification:_identify(src) by extension 'ignore'
[0.909s] Level 1:colcon.colcon_core.package_identification:_identify(src) by extension 'ignore_ament_install'
[0.909s] Level 1:colcon.colcon_core.package_identification:_identify(src) by extensions ['colcon_pkg']
[0.909s] Level 1:colcon.colcon_core.package_identification:_identify(src) by extension 'colcon_pkg'
[0.909s] Level 1:colcon.colcon_core.package_identification:_identify(src) by extensions ['colcon_meta']
[0.910s] Level 1:colcon.colcon_core.package_identification:_identify(src) by extension 'colcon_meta'
[0.910s] Level 1:colcon.colcon_core.package_identification:_identify(src) by extensions ['ros']
[0.910s] Level 1:colcon.colcon_core.package_identification:_identify(src) by extension 'ros'
[0.910s] Level 1:colcon.colcon_core.package_identification:_identify(src) by extensions ['cmake', 'python']
[0.910s] Level 1:colcon.colcon_core.package_identification:_identify(src) by extension 'cmake'
[0.910s] Level 1:colcon.colcon_core.package_identification:_identify(src) by extension 'python'
[0.910s] Level 1:colcon.colcon_core.package_identification:_identify(src) by extensions ['python_setup_py']
[0.910s] Level 1:colcon.colcon_core.package_identification:_identify(src) by extension 'python_setup_py'
[0.910s] Level 1:colcon.colcon_core.package_identification:_identify(src/obstacles) by extensions ['ignore', 'ignore_ament_install']
[0.911s] Level 1:colcon.colcon_core.package_identification:_identify(src/obstacles) by extension 'ignore'
[0.911s] Level 1:colcon.colcon_core.package_identification:_identify(src/obstacles) by extension 'ignore_ament_install'
[0.911s] Level 1:colcon.colcon_core.package_identification:_identify(src/obstacles) by extensions ['colcon_pkg']
[0.911s] Level 1:colcon.colcon_core.package_identification:_identify(src/obstacles) by extension 'colcon_pkg'
[0.911s] Level 1:colcon.colcon_core.package_identification:_identify(src/obstacles) by extensions ['colcon_meta']
[0.911s] Level 1:colcon.colcon_core.package_identification:_identify(src/obstacles) by extension 'colcon_meta'
[0.912s] Level 1:colcon.colcon_core.package_identification:_identify(src/obstacles) by extensions ['ros']
[0.912s] Level 1:colcon.colcon_core.package_identification:_identify(src/obstacles) by extension 'ros'
[0.913s] DEBUG:colcon.colcon_core.package_identification:Package 'src/obstacles' with type 'ros.ament_cmake' and name 'obstacles'
[0.913s] Level 1:colcon.colcon_core.package_identification:_identify(src/olympic) by extensions ['ignore', 'ignore_ament_install']
[0.914s] Level 1:colcon.colcon_core.package_identification:_identify(src/olympic) by extension 'ignore'
[0.914s] Level 1:colcon.colcon_core.package_identification:_identify(src/olympic) by extension 'ignore_ament_install'
[0.914s] Level 1:colcon.colcon_core.package_identification:_identify(src/olympic) by extensions ['colcon_pkg']
[0.914s] Level 1:colcon.colcon_core.package_identification:_identify(src/olympic) by extension 'colcon_pkg'
[0.914s] Level 1:colcon.colcon_core.package_identification:_identify(src/olympic) by extensions ['colcon_meta']
[0.914s] Level 1:colcon.colcon_core.package_identification:_identify(src/olympic) by extension 'colcon_meta'
[0.914s] Level 1:colcon.colcon_core.package_identification:_identify(src/olympic) by extensions ['ros']
[0.914s] Level 1:colcon.colcon_core.package_identification:_identify(src/olympic) by extension 'ros'
[0.916s] DEBUG:colcon.colcon_core.package_identification:Package 'src/olympic' with type 'ros.ament_cmake' and name 'olympic'
[0.916s] Level 1:colcon.colcon_core.package_identification:_identify(src/olympic_interfaces) by extensions ['ignore', 'ignore_ament_install']
[0.917s] Level 1:colcon.colcon_core.package_identification:_identify(src/olympic_interfaces) by extension 'ignore'
[0.917s] Level 1:colcon.colcon_core.package_identification:_identify(src/olympic_interfaces) by extension 'ignore_ament_install'
[0.917s] Level 1:colcon.colcon_core.package_identification:_identify(src/olympic_interfaces) by extensions ['colcon_pkg']
[0.917s] Level 1:colcon.colcon_core.package_identification:_identify(src/olympic_interfaces) by extension 'colcon_pkg'
[0.917s] Level 1:colcon.colcon_core.package_identification:_identify(src/olympic_interfaces) by extensions ['colcon_meta']
[0.918s] Level 1:colcon.colcon_core.package_identification:_identify(src/olympic_interfaces) by extension 'colcon_meta'
[0.918s] Level 1:colcon.colcon_core.package_identification:_identify(src/olympic_interfaces) by extensions ['ros']
[0.918s] Level 1:colcon.colcon_core.package_identification:_identify(src/olympic_interfaces) by extension 'ros'
[0.921s] DEBUG:colcon.colcon_core.package_identification:Package 'src/olympic_interfaces' with type 'ros.ament_cmake' and name 'olympic_interfaces'
[0.922s] Level 1:colcon.colcon_core.package_identification:_identify(src/robot_trajectory) by extensions ['ignore', 'ignore_ament_install']
[0.922s] Level 1:colcon.colcon_core.package_identification:_identify(src/robot_trajectory) by extension 'ignore'
[0.922s] Level 1:colcon.colcon_core.package_identification:_identify(src/robot_trajectory) by extension 'ignore_ament_install'
[0.922s] Level 1:colcon.colcon_core.package_identification:_identify(src/robot_trajectory) by extensions ['colcon_pkg']
[0.922s] Level 1:colcon.colcon_core.package_identification:_identify(src/robot_trajectory) by extension 'colcon_pkg'
[0.922s] Level 1:colcon.colcon_core.package_identification:_identify(src/robot_trajectory) by extensions ['colcon_meta']
[0.922s] Level 1:colcon.colcon_core.package_identification:_identify(src/robot_trajectory) by extension 'colcon_meta'
[0.922s] Level 1:colcon.colcon_core.package_identification:_identify(src/robot_trajectory) by extensions ['ros']
[0.923s] Level 1:colcon.colcon_core.package_identification:_identify(src/robot_trajectory) by extension 'ros'
[0.924s] DEBUG:colcon.colcon_core.package_identification:Package 'src/robot_trajectory' with type 'ros.ament_cmake' and name 'robot_trajectory'
[0.925s] Level 1:colcon.colcon_core.package_discovery:discover_packages(recursive) using defaults
[0.925s] Level 1:colcon.colcon_core.package_discovery:discover_packages(ignore) discover
[0.925s] Level 1:colcon.colcon_core.package_discovery:discover_packages(ignore) using defaults
[0.925s] Level 1:colcon.colcon_core.package_discovery:discover_packages(path) discover
[0.925s] Level 1:colcon.colcon_core.package_discovery:discover_packages(path) using defaults
[0.986s] Level 1:colcon.colcon_core.package_discovery:discover_packages(prefix_path) check parameters
[0.986s] Level 1:colcon.colcon_core.package_discovery:discover_packages(prefix_path) discover
[0.995s] DEBUG:colcon.colcon_installed_package_information.package_discovery:Found 256 installed packages in /opt/ros/foxy
[0.999s] Level 1:colcon.colcon_core.package_discovery:discover_packages(prefix_path) using defaults
[1.169s] Level 5:colcon.colcon_core.verb:set package 'cpp_srvcli' build argument 'cmake_args' from command line to 'None'
[1.169s] Level 5:colcon.colcon_core.verb:set package 'cpp_srvcli' build argument 'cmake_target' from command line to 'None'
[1.169s] Level 5:colcon.colcon_core.verb:set package 'cpp_srvcli' build argument 'cmake_target_skip_unavailable' from command line to 'False'
[1.169s] Level 5:colcon.colcon_core.verb:set package 'cpp_srvcli' build argument 'cmake_clean_cache' from command line to 'False'
[1.169s] Level 5:colcon.colcon_core.verb:set package 'cpp_srvcli' build argument 'cmake_clean_first' from command line to 'False'
[1.169s] Level 5:colcon.colcon_core.verb:set package 'cpp_srvcli' build argument 'cmake_force_configure' from command line to 'False'
[1.169s] Level 5:colcon.colcon_core.verb:set package 'cpp_srvcli' build argument 'ament_cmake_args' from command line to 'None'
[1.169s] Level 5:colcon.colcon_core.verb:set package 'cpp_srvcli' build argument 'catkin_cmake_args' from command line to 'None'
[1.169s] Level 5:colcon.colcon_core.verb:set package 'cpp_srvcli' build argument 'catkin_skip_building_tests' from command line to 'False'
[1.170s] DEBUG:colcon.colcon_core.verb:Building package 'cpp_srvcli' with the following arguments: {'ament_cmake_args': None, 'build_base': '/home/marc/Documentos/GitHub/IR2117-PSR/tb3_ws/build/cpp_srvcli', 'catkin_cmake_args': None, 'catkin_skip_building_tests': False, 'cmake_args': None, 'cmake_clean_cache': False, 'cmake_clean_first': False, 'cmake_force_configure': False, 'cmake_target': None, 'cmake_target_skip_unavailable': False, 'install_base': '/home/marc/Documentos/GitHub/IR2117-PSR/tb3_ws/install/cpp_srvcli', 'merge_install': False, 'path': '/home/marc/Documentos/GitHub/IR2117-PSR/tb3_ws/cpp_srvcli', 'symlink_install': False, 'test_result_base': None}
[1.172s] Level 5:colcon.colcon_core.verb:set package 'obstacles' build argument 'cmake_args' from command line to 'None'
[1.172s] Level 5:colcon.colcon_core.verb:set package 'obstacles' build argument 'cmake_target' from command line to 'None'
[1.172s] Level 5:colcon.colcon_core.verb:set package 'obstacles' build argument 'cmake_target_skip_unavailable' from command line to 'False'
[1.172s] Level 5:colcon.colcon_core.verb:set package 'obstacles' build argument 'cmake_clean_cache' from command line to 'False'
[1.172s] Level 5:colcon.colcon_core.verb:set package 'obstacles' build argument 'cmake_clean_first' from command line to 'False'
[1.172s] Level 5:colcon.colcon_core.verb:set package 'obstacles' build argument 'cmake_force_configure' from command line to 'False'
[1.172s] Level 5:colcon.colcon_core.verb:set package 'obstacles' build argument 'ament_cmake_args' from command line to 'None'
[1.172s] Level 5:colcon.colcon_core.verb:set package 'obstacles' build argument 'catkin_cmake_args' from command line to 'None'
[1.172s] Level 5:colcon.colcon_core.verb:set package 'obstacles' build argument 'catkin_skip_building_tests' from command line to 'False'
[1.172s] DEBUG:colcon.colcon_core.verb:Building package 'obstacles' with the following arguments: {'ament_cmake_args': None, 'build_base': '/home/marc/Documentos/GitHub/IR2117-PSR/tb3_ws/build/obstacles', 'catkin_cmake_args': None, 'catkin_skip_building_tests': False, 'cmake_args': None, 'cmake_clean_cache': False, 'cmake_clean_first': False, 'cmake_force_configure': False, 'cmake_target': None, 'cmake_target_skip_unavailable': False, 'install_base': '/home/marc/Documentos/GitHub/IR2117-PSR/tb3_ws/install/obstacles', 'merge_install': False, 'path': '/home/marc/Documentos/GitHub/IR2117-PSR/tb3_ws/src/obstacles', 'symlink_install': False, 'test_result_base': None}
[1.174s] Level 5:colcon.colcon_core.verb:set package 'olympic_interfaces' build argument 'cmake_args' from command line to 'None'
[1.174s] Level 5:colcon.colcon_core.verb:set package 'olympic_interfaces' build argument 'cmake_target' from command line to 'None'
[1.175s] Level 5:colcon.colcon_core.verb:set package 'olympic_interfaces' build argument 'cmake_target_skip_unavailable' from command line to 'False'
[1.175s] Level 5:colcon.colcon_core.verb:set package 'olympic_interfaces' build argument 'cmake_clean_cache' from command line to 'False'
[1.175s] Level 5:colcon.colcon_core.verb:set package 'olympic_interfaces' build argument 'cmake_clean_first' from command line to 'False'
[1.175s] Level 5:colcon.colcon_core.verb:set package 'olympic_interfaces' build argument 'cmake_force_configure' from command line to 'False'
[1.175s] Level 5:colcon.colcon_core.verb:set package 'olympic_interfaces' build argument 'ament_cmake_args' from command line to 'None'
[1.175s] Level 5:colcon.colcon_core.verb:set package 'olympic_interfaces' build argument 'catkin_cmake_args' from command line to 'None'
[1.175s] Level 5:colcon.colcon_core.verb:set package 'olympic_interfaces' build argument 'catkin_skip_building_tests' from command line to 'False'
[1.175s] DEBUG:colcon.colcon_core.verb:Building package 'olympic_interfaces' with the following arguments: {'ament_cmake_args': None, 'build_base': '/home/marc/Documentos/GitHub/IR2117-PSR/tb3_ws/build/olympic_interfaces', 'catkin_cmake_args': None, 'catkin_skip_building_tests': False, 'cmake_args': None, 'cmake_clean_cache': False, 'cmake_clean_first': False, 'cmake_force_configure': False, 'cmake_target': None, 'cmake_target_skip_unavailable': False, 'install_base': '/home/marc/Documentos/GitHub/IR2117-PSR/tb3_ws/install/olympic_interfaces', 'merge_install': False, 'path': '/home/marc/Documentos/GitHub/IR2117-PSR/tb3_ws/src/olympic_interfaces', 'symlink_install': False, 'test_result_base': None}
[1.178s] Level 5:colcon.colcon_core.verb:set package 'robot_trajectory' build argument 'cmake_args' from command line to 'None'
[1.178s] Level 5:colcon.colcon_core.verb:set package 'robot_trajectory' build argument 'cmake_target' from command line to 'None'
[1.178s] Level 5:colcon.colcon_core.verb:set package 'robot_trajectory' build argument 'cmake_target_skip_unavailable' from command line to 'False'
[1.178s] Level 5:colcon.colcon_core.verb:set package 'robot_trajectory' build argument 'cmake_clean_cache' from command line to 'False'
[1.178s] Level 5:colcon.colcon_core.verb:set package 'robot_trajectory' build argument 'cmake_clean_first' from command line to 'False'
[1.178s] Level 5:colcon.colcon_core.verb:set package 'robot_trajectory' build argument 'cmake_force_configure' from command line to 'False'
[1.178s] Level 5:colcon.colcon_core.verb:set package 'robot_trajectory' build argument 'ament_cmake_args' from command line to 'None'
[1.178s] Level 5:colcon.colcon_core.verb:set package 'robot_trajectory' build argument 'catkin_cmake_args' from command line to 'None'
[1.178s] Level 5:colcon.colcon_core.verb:set package 'robot_trajectory' build argument 'catkin_skip_building_tests' from command line to 'False'
[1.179s] DEBUG:colcon.colcon_core.verb:Building package 'robot_trajectory' with the following arguments: {'ament_cmake_args': None, 'build_base': '/home/marc/Documentos/GitHub/IR2117-PSR/tb3_ws/build/robot_trajectory', 'catkin_cmake_args': None, 'catkin_skip_building_tests': False, 'cmake_args': None, 'cmake_clean_cache': False, 'cmake_clean_first': False, 'cmake_force_configure': False, 'cmake_target': None, 'cmake_target_skip_unavailable': False, 'install_base': '/home/marc/Documentos/GitHub/IR2117-PSR/tb3_ws/install/robot_trajectory', 'merge_install': False, 'path': '/home/marc/Documentos/GitHub/IR2117-PSR/tb3_ws/src/robot_trajectory', 'symlink_install': False, 'test_result_base': None}
[1.181s] Level 5:colcon.colcon_core.verb:set package 'olympic' build argument 'cmake_args' from command line to 'None'
[1.181s] Level 5:colcon.colcon_core.verb:set package 'olympic' build argument 'cmake_target' from command line to 'None'
[1.181s] Level 5:colcon.colcon_core.verb:set package 'olympic' build argument 'cmake_target_skip_unavailable' from command line to 'False'
[1.181s] Level 5:colcon.colcon_core.verb:set package 'olympic' build argument 'cmake_clean_cache' from command line to 'False'
[1.181s] Level 5:colcon.colcon_core.verb:set package 'olympic' build argument 'cmake_clean_first' from command line to 'False'
[1.181s] Level 5:colcon.colcon_core.verb:set package 'olympic' build argument 'cmake_force_configure' from command line to 'False'
[1.181s] Level 5:colcon.colcon_core.verb:set package 'olympic' build argument 'ament_cmake_args' from command line to 'None'
[1.181s] Level 5:colcon.colcon_core.verb:set package 'olympic' build argument 'catkin_cmake_args' from command line to 'None'
[1.181s] Level 5:colcon.colcon_core.verb:set package 'olympic' build argument 'catkin_skip_building_tests' from command line to 'False'
[1.181s] DEBUG:colcon.colcon_core.verb:Building package 'olympic' with the following arguments: {'ament_cmake_args': None, 'build_base': '/home/marc/Documentos/GitHub/IR2117-PSR/tb3_ws/build/olympic', 'catkin_cmake_args': None, 'catkin_skip_building_tests': False, 'cmake_args': None, 'cmake_clean_cache': False, 'cmake_clean_first': False, 'cmake_force_configure': False, 'cmake_target': None, 'cmake_target_skip_unavailable': False, 'install_base': '/home/marc/Documentos/GitHub/IR2117-PSR/tb3_ws/install/olympic', 'merge_install': False, 'path': '/home/marc/Documentos/GitHub/IR2117-PSR/tb3_ws/src/olympic', 'symlink_install': False, 'test_result_base': None}
[1.183s] INFO:colcon.colcon_core.executor:Executing jobs using 'parallel' executor
[1.193s] DEBUG:colcon.colcon_parallel_executor.executor.parallel:run_until_complete
[1.194s] INFO:colcon.colcon_ros.task.ament_cmake.build:Building ROS package in '/home/marc/Documentos/GitHub/IR2117-PSR/tb3_ws/src/olympic_interfaces' with build type 'ament_cmake'
[1.194s] INFO:colcon.colcon_cmake.task.cmake.build:Building CMake package in '/home/marc/Documentos/GitHub/IR2117-PSR/tb3_ws/src/olympic_interfaces'
[1.203s] INFO:colcon.colcon_core.plugin_system:Skipping extension 'colcon_core.shell.bat': Not used on non-Windows systems
[1.204s] INFO:colcon.colcon_core.shell:Skip shell extension 'powershell' for command environment: Not usable outside of PowerShell
[1.204s] DEBUG:colcon.colcon_core.shell:Skip shell extension 'dsv' for command environment
[1.220s] INFO:colcon.colcon_ros.task.ament_cmake.build:Building ROS package in '/home/marc/Documentos/GitHub/IR2117-PSR/tb3_ws/cpp_srvcli' with build type 'ament_cmake'
[1.221s] INFO:colcon.colcon_cmake.task.cmake.build:Building CMake package in '/home/marc/Documentos/GitHub/IR2117-PSR/tb3_ws/cpp_srvcli'
[1.233s] INFO:colcon.colcon_core.shell:Skip shell extension 'powershell' for command environment: Not usable outside of PowerShell
[1.233s] DEBUG:colcon.colcon_core.shell:Skip shell extension 'dsv' for command environment
[1.326s] DEBUG:colcon.colcon_core.event_handler.log_command:Invoking command in '/home/marc/Documentos/GitHub/IR2117-PSR/tb3_ws/build/olympic_interfaces': CMAKE_PREFIX_PATH=/opt/ros/foxy /usr/bin/cmake --build /home/marc/Documentos/GitHub/IR2117-PSR/tb3_ws/build/olympic_interfaces -- -j2 -l2
[1.348s] DEBUG:colcon.colcon_core.event_handler.log_command:Invoking command in '/home/marc/Documentos/GitHub/IR2117-PSR/tb3_ws/build/cpp_srvcli': CMAKE_PREFIX_PATH=/opt/ros/foxy /usr/bin/cmake --build /home/marc/Documentos/GitHub/IR2117-PSR/tb3_ws/build/cpp_srvcli -- -j2 -l2
[1.796s] DEBUG:colcon.colcon_core.event_handler.log_command:Invoked command in '/home/marc/Documentos/GitHub/IR2117-PSR/tb3_ws/build/cpp_srvcli' returned '0': CMAKE_PREFIX_PATH=/opt/ros/foxy /usr/bin/cmake --build /home/marc/Documentos/GitHub/IR2117-PSR/tb3_ws/build/cpp_srvcli -- -j2 -l2
[2.014s] DEBUG:colcon.colcon_core.event_handler.log_command:Invoking command in '/home/marc/Documentos/GitHub/IR2117-PSR/tb3_ws/build/cpp_srvcli': CMAKE_PREFIX_PATH=/opt/ros/foxy /usr/bin/cmake --install /home/marc/Documentos/GitHub/IR2117-PSR/tb3_ws/build/cpp_srvcli
[2.049s] Level 1:colcon.colcon_core.environment:create_environment_scripts_only(cpp_srvcli)
[2.057s] DEBUG:colcon.colcon_core.event_handler.log_command:Invoked command in '/home/marc/Documentos/GitHub/IR2117-PSR/tb3_ws/build/cpp_srvcli' returned '0': CMAKE_PREFIX_PATH=/opt/ros/foxy /usr/bin/cmake --install /home/marc/Documentos/GitHub/IR2117-PSR/tb3_ws/build/cpp_srvcli
[2.066s] Level 1:colcon.colcon_core.environment:checking '/home/marc/Documentos/GitHub/IR2117-PSR/tb3_ws/install/cpp_srvcli' for CMake module files
[2.068s] Level 1:colcon.colcon_core.environment:checking '/home/marc/Documentos/GitHub/IR2117-PSR/tb3_ws/install/cpp_srvcli' for CMake config files
[2.068s] Level 1:colcon.colcon_core.shell:create_environment_hook('cpp_srvcli', 'cmake_prefix_path')
[2.076s] INFO:colcon.colcon_core.shell:Creating environment hook '/home/marc/Documentos/GitHub/IR2117-PSR/tb3_ws/install/cpp_srvcli/share/cpp_srvcli/hook/cmake_prefix_path.ps1'
[2.078s] INFO:colcon.colcon_core.shell:Creating environment descriptor '/home/marc/Documentos/GitHub/IR2117-PSR/tb3_ws/install/cpp_srvcli/share/cpp_srvcli/hook/cmake_prefix_path.dsv'
[2.079s] INFO:colcon.colcon_core.shell:Creating environment hook '/home/marc/Documentos/GitHub/IR2117-PSR/tb3_ws/install/cpp_srvcli/share/cpp_srvcli/hook/cmake_prefix_path.sh'
[2.081s] Level 1:colcon.colcon_core.environment:checking '/home/marc/Documentos/GitHub/IR2117-PSR/tb3_ws/install/cpp_srvcli/lib'
[2.082s] Level 1:colcon.colcon_core.environment:checking '/home/marc/Documentos/GitHub/IR2117-PSR/tb3_ws/install/cpp_srvcli/bin'
[2.082s] Level 1:colcon.colcon_core.environment:checking '/home/marc/Documentos/GitHub/IR2117-PSR/tb3_ws/install/cpp_srvcli/lib/pkgconfig/cpp_srvcli.pc'
[2.083s] Level 1:colcon.colcon_core.environment:checking '/home/marc/Documentos/GitHub/IR2117-PSR/tb3_ws/install/cpp_srvcli/lib/python3.8/site-packages'
[2.083s] Level 1:colcon.colcon_core.environment:checking '/home/marc/Documentos/GitHub/IR2117-PSR/tb3_ws/install/cpp_srvcli/bin'
[2.088s] INFO:colcon.colcon_core.shell:Creating package script '/home/marc/Documentos/GitHub/IR2117-PSR/tb3_ws/install/cpp_srvcli/share/cpp_srvcli/package.ps1'
[2.090s] INFO:colcon.colcon_core.shell:Creating package descriptor '/home/marc/Documentos/GitHub/IR2117-PSR/tb3_ws/install/cpp_srvcli/share/cpp_srvcli/package.dsv'
[2.092s] INFO:colcon.colcon_core.shell:Creating package script '/home/marc/Documentos/GitHub/IR2117-PSR/tb3_ws/install/cpp_srvcli/share/cpp_srvcli/package.sh'
[2.094s] INFO:colcon.colcon_core.shell:Creating package script '/home/marc/Documentos/GitHub/IR2117-PSR/tb3_ws/install/cpp_srvcli/share/cpp_srvcli/package.bash'
[2.097s] INFO:colcon.colcon_core.shell:Creating package script '/home/marc/Documentos/GitHub/IR2117-PSR/tb3_ws/install/cpp_srvcli/share/cpp_srvcli/package.zsh'
[2.099s] Level 1:colcon.colcon_core.environment:create_file_with_runtime_dependencies(/home/marc/Documentos/GitHub/IR2117-PSR/tb3_ws/install/cpp_srvcli/share/colcon-core/packages/cpp_srvcli)
[2.192s] Level 1:colcon.colcon_core.environment:create_environment_scripts_only(cpp_srvcli)
[2.198s] Level 1:colcon.colcon_core.environment:checking '/home/marc/Documentos/GitHub/IR2117-PSR/tb3_ws/install/cpp_srvcli' for CMake module files
[2.199s] Level 1:colcon.colcon_core.environment:checking '/home/marc/Documentos/GitHub/IR2117-PSR/tb3_ws/install/cpp_srvcli' for CMake config files
[2.200s] Level 1:colcon.colcon_core.shell:create_environment_hook('cpp_srvcli', 'cmake_prefix_path')
[2.204s] INFO:colcon.colcon_core.shell:Creating environment hook '/home/marc/Documentos/GitHub/IR2117-PSR/tb3_ws/install/cpp_srvcli/share/cpp_srvcli/hook/cmake_prefix_path.ps1'
[2.205s] INFO:colcon.colcon_core.shell:Creating environment descriptor '/home/marc/Documentos/GitHub/IR2117-PSR/tb3_ws/install/cpp_srvcli/share/cpp_srvcli/hook/cmake_prefix_path.dsv'
[2.206s] INFO:colcon.colcon_core.shell:Creating environment hook '/home/marc/Documentos/GitHub/IR2117-PSR/tb3_ws/install/cpp_srvcli/share/cpp_srvcli/hook/cmake_prefix_path.sh'
[2.207s] Level 1:colcon.colcon_core.environment:checking '/home/marc/Documentos/GitHub/IR2117-PSR/tb3_ws/install/cpp_srvcli/lib'
[2.208s] Level 1:colcon.colcon_core.environment:checking '/home/marc/Documentos/GitHub/IR2117-PSR/tb3_ws/install/cpp_srvcli/bin'
[2.208s] Level 1:colcon.colcon_core.environment:checking '/home/marc/Documentos/GitHub/IR2117-PSR/tb3_ws/install/cpp_srvcli/lib/pkgconfig/cpp_srvcli.pc'
[2.208s] Level 1:colcon.colcon_core.environment:checking '/home/marc/Documentos/GitHub/IR2117-PSR/tb3_ws/install/cpp_srvcli/lib/python3.8/site-packages'
[2.209s] Level 1:colcon.colcon_core.environment:checking '/home/marc/Documentos/GitHub/IR2117-PSR/tb3_ws/install/cpp_srvcli/bin'
[2.214s] INFO:colcon.colcon_core.shell:Creating package script '/home/marc/Documentos/GitHub/IR2117-PSR/tb3_ws/install/cpp_srvcli/share/cpp_srvcli/package.ps1'
[2.215s] INFO:colcon.colcon_core.shell:Creating package descriptor '/home/marc/Documentos/GitHub/IR2117-PSR/tb3_ws/install/cpp_srvcli/share/cpp_srvcli/package.dsv'
[2.216s] INFO:colcon.colcon_core.shell:Creating package script '/home/marc/Documentos/GitHub/IR2117-PSR/tb3_ws/install/cpp_srvcli/share/cpp_srvcli/package.sh'
[2.217s] INFO:colcon.colcon_core.shell:Creating package script '/home/marc/Documentos/GitHub/IR2117-PSR/tb3_ws/install/cpp_srvcli/share/cpp_srvcli/package.bash'
[2.218s] INFO:colcon.colcon_core.shell:Creating package script '/home/marc/Documentos/GitHub/IR2117-PSR/tb3_ws/install/cpp_srvcli/share/cpp_srvcli/package.zsh'
[2.219s] Level 1:colcon.colcon_core.environment:create_file_with_runtime_dependencies(/home/marc/Documentos/GitHub/IR2117-PSR/tb3_ws/install/cpp_srvcli/share/colcon-core/packages/cpp_srvcli)
[2.221s] INFO:colcon.colcon_ros.task.ament_cmake.build:Building ROS package in '/home/marc/Documentos/GitHub/IR2117-PSR/tb3_ws/src/obstacles' with build type 'ament_cmake'
[2.222s] INFO:colcon.colcon_cmake.task.cmake.build:Building CMake package in '/home/marc/Documentos/GitHub/IR2117-PSR/tb3_ws/src/obstacles'
[2.226s] INFO:colcon.colcon_core.shell:Skip shell extension 'powershell' for command environment: Not usable outside of PowerShell
[2.226s] DEBUG:colcon.colcon_core.shell:Skip shell extension 'dsv' for command environment
[2.270s] DEBUG:colcon.colcon_core.event_handler.log_command:Invoked command in '/home/marc/Documentos/GitHub/IR2117-PSR/tb3_ws/build/olympic_interfaces' returned '0': CMAKE_PREFIX_PATH=/opt/ros/foxy /usr/bin/cmake --build /home/marc/Documentos/GitHub/IR2117-PSR/tb3_ws/build/olympic_interfaces -- -j2 -l2
[2.292s] DEBUG:colcon.colcon_core.event_handler.log_command:Invoking command in '/home/marc/Documentos/GitHub/IR2117-PSR/tb3_ws/build/obstacles': CMAKE_PREFIX_PATH=/opt/ros/foxy /usr/bin/cmake --build /home/marc/Documentos/GitHub/IR2117-PSR/tb3_ws/build/obstacles -- -j2 -l2
[2.484s] DEBUG:colcon.colcon_core.event_handler.log_command:Invoking command in '/home/marc/Documentos/GitHub/IR2117-PSR/tb3_ws/build/olympic_interfaces': CMAKE_PREFIX_PATH=/opt/ros/foxy /usr/bin/cmake --install /home/marc/Documentos/GitHub/IR2117-PSR/tb3_ws/build/olympic_interfaces
[2.560s] DEBUG:colcon.colcon_core.event_handler.log_command:Invoked command in '/home/marc/Documentos/GitHub/IR2117-PSR/tb3_ws/build/obstacles' returned '0': CMAKE_PREFIX_PATH=/opt/ros/foxy /usr/bin/cmake --build /home/marc/Documentos/GitHub/IR2117-PSR/tb3_ws/build/obstacles -- -j2 -l2
[2.623s] DEBUG:colcon.colcon_core.event_handler.log_command:Invoking command in '/home/marc/Documentos/GitHub/IR2117-PSR/tb3_ws/build/obstacles': CMAKE_PREFIX_PATH=/opt/ros/foxy /usr/bin/cmake --install /home/marc/Documentos/GitHub/IR2117-PSR/tb3_ws/build/obstacles
[2.642s] Level 1:colcon.colcon_core.environment:create_environment_scripts_only(obstacles)
[2.647s] Level 1:colcon.colcon_core.environment:checking '/home/marc/Documentos/GitHub/IR2117-PSR/tb3_ws/install/obstacles' for CMake module files
[2.649s] DEBUG:colcon.colcon_core.event_handler.log_command:Invoked command in '/home/marc/Documentos/GitHub/IR2117-PSR/tb3_ws/build/obstacles' returned '0': CMAKE_PREFIX_PATH=/opt/ros/foxy /usr/bin/cmake --install /home/marc/Documentos/GitHub/IR2117-PSR/tb3_ws/build/obstacles
[2.655s] Level 1:colcon.colcon_core.environment:checking '/home/marc/Documentos/GitHub/IR2117-PSR/tb3_ws/install/obstacles' for CMake config files
[2.657s] Level 1:colcon.colcon_core.shell:create_environment_hook('obstacles', 'cmake_prefix_path')
[2.661s] INFO:colcon.colcon_core.shell:Creating environment hook '/home/marc/Documentos/GitHub/IR2117-PSR/tb3_ws/install/obstacles/share/obstacles/hook/cmake_prefix_path.ps1'
[2.665s] INFO:colcon.colcon_core.shell:Creating environment descriptor '/home/marc/Documentos/GitHub/IR2117-PSR/tb3_ws/install/obstacles/share/obstacles/hook/cmake_prefix_path.dsv'
[2.665s] INFO:colcon.colcon_core.shell:Creating environment hook '/home/marc/Documentos/GitHub/IR2117-PSR/tb3_ws/install/obstacles/share/obstacles/hook/cmake_prefix_path.sh'
[2.666s] Level 1:colcon.colcon_core.environment:checking '/home/marc/Documentos/GitHub/IR2117-PSR/tb3_ws/install/obstacles/lib'
[2.666s] Level 1:colcon.colcon_core.environment:checking '/home/marc/Documentos/GitHub/IR2117-PSR/tb3_ws/install/obstacles/bin'
[2.666s] Level 1:colcon.colcon_core.environment:checking '/home/marc/Documentos/GitHub/IR2117-PSR/tb3_ws/install/obstacles/lib/pkgconfig/obstacles.pc'
[2.667s] Level 1:colcon.colcon_core.environment:checking '/home/marc/Documentos/GitHub/IR2117-PSR/tb3_ws/install/obstacles/lib/python3.8/site-packages'
[2.667s] Level 1:colcon.colcon_core.environment:checking '/home/marc/Documentos/GitHub/IR2117-PSR/tb3_ws/install/obstacles/bin'
[2.671s] INFO:colcon.colcon_core.shell:Creating package script '/home/marc/Documentos/GitHub/IR2117-PSR/tb3_ws/install/obstacles/share/obstacles/package.ps1'
[2.671s] INFO:colcon.colcon_core.shell:Creating package descriptor '/home/marc/Documentos/GitHub/IR2117-PSR/tb3_ws/install/obstacles/share/obstacles/package.dsv'
[2.672s] INFO:colcon.colcon_core.shell:Creating package script '/home/marc/Documentos/GitHub/IR2117-PSR/tb3_ws/install/obstacles/share/obstacles/package.sh'
[2.673s] INFO:colcon.colcon_core.shell:Creating package script '/home/marc/Documentos/GitHub/IR2117-PSR/tb3_ws/install/obstacles/share/obstacles/package.bash'
[2.674s] INFO:colcon.colcon_core.shell:Creating package script '/home/marc/Documentos/GitHub/IR2117-PSR/tb3_ws/install/obstacles/share/obstacles/package.zsh'
[2.674s] Level 1:colcon.colcon_core.environment:create_file_with_runtime_dependencies(/home/marc/Documentos/GitHub/IR2117-PSR/tb3_ws/install/obstacles/share/colcon-core/packages/obstacles)
[2.684s] Level 1:colcon.colcon_core.environment:create_environment_scripts_only(olympic_interfaces)
[2.684s] DEBUG:colcon.colcon_core.event_handler.log_command:Invoked command in '/home/marc/Documentos/GitHub/IR2117-PSR/tb3_ws/build/olympic_interfaces' returned '0': CMAKE_PREFIX_PATH=/opt/ros/foxy /usr/bin/cmake --install /home/marc/Documentos/GitHub/IR2117-PSR/tb3_ws/build/olympic_interfaces
[2.690s] Level 1:colcon.colcon_core.environment:checking '/home/marc/Documentos/GitHub/IR2117-PSR/tb3_ws/install/olympic_interfaces' for CMake module files
[2.691s] Level 1:colcon.colcon_core.environment:checking '/home/marc/Documentos/GitHub/IR2117-PSR/tb3_ws/install/olympic_interfaces' for CMake config files
[2.692s] Level 1:colcon.colcon_core.shell:create_environment_hook('olympic_interfaces', 'cmake_prefix_path')
[2.695s] INFO:colcon.colcon_core.shell:Creating environment hook '/home/marc/Documentos/GitHub/IR2117-PSR/tb3_ws/install/olympic_interfaces/share/olympic_interfaces/hook/cmake_prefix_path.ps1'
[2.696s] INFO:colcon.colcon_core.shell:Creating environment descriptor '/home/marc/Documentos/GitHub/IR2117-PSR/tb3_ws/install/olympic_interfaces/share/olympic_interfaces/hook/cmake_prefix_path.dsv'
[2.696s] INFO:colcon.colcon_core.shell:Creating environment hook '/home/marc/Documentos/GitHub/IR2117-PSR/tb3_ws/install/olympic_interfaces/share/olympic_interfaces/hook/cmake_prefix_path.sh'
[2.697s] Level 1:colcon.colcon_core.environment:checking '/home/marc/Documentos/GitHub/IR2117-PSR/tb3_ws/install/olympic_interfaces/lib'
[2.698s] Level 1:colcon.colcon_core.shell:create_environment_hook('olympic_interfaces', 'ld_library_path_lib')
[2.701s] INFO:colcon.colcon_core.shell:Creating environment hook '/home/marc/Documentos/GitHub/IR2117-PSR/tb3_ws/install/olympic_interfaces/share/olympic_interfaces/hook/ld_library_path_lib.ps1'
[2.701s] INFO:colcon.colcon_core.shell:Creating environment descriptor '/home/marc/Documentos/GitHub/IR2117-PSR/tb3_ws/install/olympic_interfaces/share/olympic_interfaces/hook/ld_library_path_lib.dsv'
[2.702s] INFO:colcon.colcon_core.shell:Creating environment hook '/home/marc/Documentos/GitHub/IR2117-PSR/tb3_ws/install/olympic_interfaces/share/olympic_interfaces/hook/ld_library_path_lib.sh'
[2.703s] Level 1:colcon.colcon_core.environment:checking '/home/marc/Documentos/GitHub/IR2117-PSR/tb3_ws/install/olympic_interfaces/bin'
[2.703s] Level 1:colcon.colcon_core.environment:checking '/home/marc/Documentos/GitHub/IR2117-PSR/tb3_ws/install/olympic_interfaces/lib/pkgconfig/olympic_interfaces.pc'
[2.704s] Level 1:colcon.colcon_core.environment:checking '/home/marc/Documentos/GitHub/IR2117-PSR/tb3_ws/install/olympic_interfaces/lib/python3.8/site-packages'
[2.704s] Level 1:colcon.colcon_core.shell:create_environment_hook('olympic_interfaces', 'pythonpath')
[2.707s] INFO:colcon.colcon_core.shell:Creating environment hook '/home/marc/Documentos/GitHub/IR2117-PSR/tb3_ws/install/olympic_interfaces/share/olympic_interfaces/hook/pythonpath.ps1'
[2.708s] INFO:colcon.colcon_core.shell:Creating environment descriptor '/home/marc/Documentos/GitHub/IR2117-PSR/tb3_ws/install/olympic_interfaces/share/olympic_interfaces/hook/pythonpath.dsv'
[2.709s] INFO:colcon.colcon_core.shell:Creating environment hook '/home/marc/Documentos/GitHub/IR2117-PSR/tb3_ws/install/olympic_interfaces/share/olympic_interfaces/hook/pythonpath.sh'
[2.710s] Level 1:colcon.colcon_core.environment:checking '/home/marc/Documentos/GitHub/IR2117-PSR/tb3_ws/install/olympic_interfaces/bin'
[2.713s] INFO:colcon.colcon_core.shell:Creating package script '/home/marc/Documentos/GitHub/IR2117-PSR/tb3_ws/install/olympic_interfaces/share/olympic_interfaces/package.ps1'
[2.715s] INFO:colcon.colcon_core.shell:Creating package descriptor '/home/marc/Documentos/GitHub/IR2117-PSR/tb3_ws/install/olympic_interfaces/share/olympic_interfaces/package.dsv'
[2.715s] INFO:colcon.colcon_core.shell:Creating package script '/home/marc/Documentos/GitHub/IR2117-PSR/tb3_ws/install/olympic_interfaces/share/olympic_interfaces/package.sh'
[2.717s] INFO:colcon.colcon_core.shell:Creating package script '/home/marc/Documentos/GitHub/IR2117-PSR/tb3_ws/install/olympic_interfaces/share/olympic_interfaces/package.bash'
[2.717s] INFO:colcon.colcon_core.shell:Creating package script '/home/marc/Documentos/GitHub/IR2117-PSR/tb3_ws/install/olympic_interfaces/share/olympic_interfaces/package.zsh'
[2.718s] Level 1:colcon.colcon_core.environment:create_file_with_runtime_dependencies(/home/marc/Documentos/GitHub/IR2117-PSR/tb3_ws/install/olympic_interfaces/share/colcon-core/packages/olympic_interfaces)
[2.735s] Level 1:colcon.colcon_core.environment:create_environment_scripts_only(obstacles)
[2.740s] Level 1:colcon.colcon_core.environment:checking '/home/marc/Documentos/GitHub/IR2117-PSR/tb3_ws/install/obstacles' for CMake module files
[2.741s] Level 1:colcon.colcon_core.environment:checking '/home/marc/Documentos/GitHub/IR2117-PSR/tb3_ws/install/obstacles' for CMake config files
[2.742s] Level 1:colcon.colcon_core.shell:create_environment_hook('obstacles', 'cmake_prefix_path')
[2.745s] INFO:colcon.colcon_core.shell:Creating environment hook '/home/marc/Documentos/GitHub/IR2117-PSR/tb3_ws/install/obstacles/share/obstacles/hook/cmake_prefix_path.ps1'
[2.746s] INFO:colcon.colcon_core.shell:Creating environment descriptor '/home/marc/Documentos/GitHub/IR2117-PSR/tb3_ws/install/obstacles/share/obstacles/hook/cmake_prefix_path.dsv'
[2.747s] INFO:colcon.colcon_core.shell:Creating environment hook '/home/marc/Documentos/GitHub/IR2117-PSR/tb3_ws/install/obstacles/share/obstacles/hook/cmake_prefix_path.sh'
[2.748s] Level 1:colcon.colcon_core.environment:checking '/home/marc/Documentos/GitHub/IR2117-PSR/tb3_ws/install/obstacles/lib'
[2.748s] Level 1:colcon.colcon_core.environment:checking '/home/marc/Documentos/GitHub/IR2117-PSR/tb3_ws/install/obstacles/bin'
[2.748s] Level 1:colcon.colcon_core.environment:checking '/home/marc/Documentos/GitHub/IR2117-PSR/tb3_ws/install/obstacles/lib/pkgconfig/obstacles.pc'
[2.749s] Level 1:colcon.colcon_core.environment:checking '/home/marc/Documentos/GitHub/IR2117-PSR/tb3_ws/install/obstacles/lib/python3.8/site-packages'
[2.749s] Level 1:colcon.colcon_core.environment:checking '/home/marc/Documentos/GitHub/IR2117-PSR/tb3_ws/install/obstacles/bin'
[2.753s] INFO:colcon.colcon_core.shell:Creating package script '/home/marc/Documentos/GitHub/IR2117-PSR/tb3_ws/install/obstacles/share/obstacles/package.ps1'
[2.754s] INFO:colcon.colcon_core.shell:Creating package descriptor '/home/marc/Documentos/GitHub/IR2117-PSR/tb3_ws/install/obstacles/share/obstacles/package.dsv'
[2.756s] INFO:colcon.colcon_core.shell:Creating package script '/home/marc/Documentos/GitHub/IR2117-PSR/tb3_ws/install/obstacles/share/obstacles/package.sh'
[2.756s] INFO:colcon.colcon_core.shell:Creating package script '/home/marc/Documentos/GitHub/IR2117-PSR/tb3_ws/install/obstacles/share/obstacles/package.bash'
[2.758s] INFO:colcon.colcon_core.shell:Creating package script '/home/marc/Documentos/GitHub/IR2117-PSR/tb3_ws/install/obstacles/share/obstacles/package.zsh'
[2.759s] Level 1:colcon.colcon_core.environment:create_file_with_runtime_dependencies(/home/marc/Documentos/GitHub/IR2117-PSR/tb3_ws/install/obstacles/share/colcon-core/packages/obstacles)
[2.760s] INFO:colcon.colcon_ros.task.ament_cmake.build:Building ROS package in '/home/marc/Documentos/GitHub/IR2117-PSR/tb3_ws/src/robot_trajectory' with build type 'ament_cmake'
[2.760s] INFO:colcon.colcon_cmake.task.cmake.build:Building CMake package in '/home/marc/Documentos/GitHub/IR2117-PSR/tb3_ws/src/robot_trajectory'
[2.763s] INFO:colcon.colcon_core.shell:Skip shell extension 'powershell' for command environment: Not usable outside of PowerShell
[2.763s] DEBUG:colcon.colcon_core.shell:Skip shell extension 'dsv' for command environment
[2.799s] DEBUG:colcon.colcon_core.event_handler.log_command:Invoking command in '/home/marc/Documentos/GitHub/IR2117-PSR/tb3_ws/build/robot_trajectory': CMAKE_PREFIX_PATH=/opt/ros/foxy /usr/bin/cmake --build /home/marc/Documentos/GitHub/IR2117-PSR/tb3_ws/build/robot_trajectory -- -j2 -l2
[2.836s] Level 1:colcon.colcon_core.environment:create_environment_scripts_only(olympic_interfaces)
[2.842s] Level 1:colcon.colcon_core.environment:checking '/home/marc/Documentos/GitHub/IR2117-PSR/tb3_ws/install/olympic_interfaces' for CMake module files
[2.843s] Level 1:colcon.colcon_core.environment:checking '/home/marc/Documentos/GitHub/IR2117-PSR/tb3_ws/install/olympic_interfaces' for CMake config files
[2.844s] Level 1:colcon.colcon_core.shell:create_environment_hook('olympic_interfaces', 'cmake_prefix_path')
[2.848s] INFO:colcon.colcon_core.shell:Creating environment hook '/home/marc/Documentos/GitHub/IR2117-PSR/tb3_ws/install/olympic_interfaces/share/olympic_interfaces/hook/cmake_prefix_path.ps1'
[2.849s] INFO:colcon.colcon_core.shell:Creating environment descriptor '/home/marc/Documentos/GitHub/IR2117-PSR/tb3_ws/install/olympic_interfaces/share/olympic_interfaces/hook/cmake_prefix_path.dsv'
[2.850s] INFO:colcon.colcon_core.shell:Creating environment hook '/home/marc/Documentos/GitHub/IR2117-PSR/tb3_ws/install/olympic_interfaces/share/olympic_interfaces/hook/cmake_prefix_path.sh'
[2.851s] Level 1:colcon.colcon_core.environment:checking '/home/marc/Documentos/GitHub/IR2117-PSR/tb3_ws/install/olympic_interfaces/lib'
[2.851s] Level 1:colcon.colcon_core.shell:create_environment_hook('olympic_interfaces', 'ld_library_path_lib')
[2.855s] INFO:colcon.colcon_core.shell:Creating environment hook '/home/marc/Documentos/GitHub/IR2117-PSR/tb3_ws/install/olympic_interfaces/share/olympic_interfaces/hook/ld_library_path_lib.ps1'
[2.857s] INFO:colcon.colcon_core.shell:Creating environment descriptor '/home/marc/Documentos/GitHub/IR2117-PSR/tb3_ws/install/olympic_interfaces/share/olympic_interfaces/hook/ld_library_path_lib.dsv'
[2.858s] INFO:colcon.colcon_core.shell:Creating environment hook '/home/marc/Documentos/GitHub/IR2117-PSR/tb3_ws/install/olympic_interfaces/share/olympic_interfaces/hook/ld_library_path_lib.sh'
[2.858s] Level 1:colcon.colcon_core.environment:checking '/home/marc/Documentos/GitHub/IR2117-PSR/tb3_ws/install/olympic_interfaces/bin'
[2.858s] Level 1:colcon.colcon_core.environment:checking '/home/marc/Documentos/GitHub/IR2117-PSR/tb3_ws/install/olympic_interfaces/lib/pkgconfig/olympic_interfaces.pc'
[2.859s] Level 1:colcon.colcon_core.environment:checking '/home/marc/Documentos/GitHub/IR2117-PSR/tb3_ws/install/olympic_interfaces/lib/python3.8/site-packages'
[2.859s] Level 1:colcon.colcon_core.shell:create_environment_hook('olympic_interfaces', 'pythonpath')
[2.863s] INFO:colcon.colcon_core.shell:Creating environment hook '/home/marc/Documentos/GitHub/IR2117-PSR/tb3_ws/install/olympic_interfaces/share/olympic_interfaces/hook/pythonpath.ps1'
[2.864s] INFO:colcon.colcon_core.shell:Creating environment descriptor '/home/marc/Documentos/GitHub/IR2117-PSR/tb3_ws/install/olympic_interfaces/share/olympic_interfaces/hook/pythonpath.dsv'
[2.864s] INFO:colcon.colcon_core.shell:Creating environment hook '/home/marc/Documentos/GitHub/IR2117-PSR/tb3_ws/install/olympic_interfaces/share/olympic_interfaces/hook/pythonpath.sh'
[2.866s] Level 1:colcon.colcon_core.environment:checking '/home/marc/Documentos/GitHub/IR2117-PSR/tb3_ws/install/olympic_interfaces/bin'
[2.873s] INFO:colcon.colcon_core.shell:Creating package script '/home/marc/Documentos/GitHub/IR2117-PSR/tb3_ws/install/olympic_interfaces/share/olympic_interfaces/package.ps1'
[2.874s] INFO:colcon.colcon_core.shell:Creating package descriptor '/home/marc/Documentos/GitHub/IR2117-PSR/tb3_ws/install/olympic_interfaces/share/olympic_interfaces/package.dsv'
[2.876s] INFO:colcon.colcon_core.shell:Creating package script '/home/marc/Documentos/GitHub/IR2117-PSR/tb3_ws/install/olympic_interfaces/share/olympic_interfaces/package.sh'
[2.877s] INFO:colcon.colcon_core.shell:Creating package script '/home/marc/Documentos/GitHub/IR2117-PSR/tb3_ws/install/olympic_interfaces/share/olympic_interfaces/package.bash'
[2.878s] INFO:colcon.colcon_core.shell:Creating package script '/home/marc/Documentos/GitHub/IR2117-PSR/tb3_ws/install/olympic_interfaces/share/olympic_interfaces/package.zsh'
[2.879s] Level 1:colcon.colcon_core.environment:create_file_with_runtime_dependencies(/home/marc/Documentos/GitHub/IR2117-PSR/tb3_ws/install/olympic_interfaces/share/colcon-core/packages/olympic_interfaces)
[2.880s] INFO:colcon.colcon_ros.task.ament_cmake.build:Building ROS package in '/home/marc/Documentos/GitHub/IR2117-PSR/tb3_ws/src/olympic' with build type 'ament_cmake'
[2.880s] INFO:colcon.colcon_cmake.task.cmake.build:Building CMake package in '/home/marc/Documentos/GitHub/IR2117-PSR/tb3_ws/src/olympic'
[2.884s] INFO:colcon.colcon_core.shell:Skip shell extension 'powershell' for command environment: Not usable outside of PowerShell
[2.884s] DEBUG:colcon.colcon_core.shell:Skip shell extension 'dsv' for command environment
[2.948s] DEBUG:colcon.colcon_core.event_handler.log_command:Invoking command in '/home/marc/Documentos/GitHub/IR2117-PSR/tb3_ws/build/olympic': AMENT_PREFIX_PATH=/home/marc/Documentos/GitHub/IR2117-PSR/tb3_ws/install/olympic_interfaces:${AMENT_PREFIX_PATH} CMAKE_PREFIX_PATH=/home/marc/Documentos/GitHub/IR2117-PSR/tb3_ws/install/olympic_interfaces:/opt/ros/foxy LD_LIBRARY_PATH=/home/marc/Documentos/GitHub/IR2117-PSR/tb3_ws/install/olympic_interfaces/lib:${LD_LIBRARY_PATH} PYTHONPATH=/home/marc/Documentos/GitHub/IR2117-PSR/tb3_ws/install/olympic_interfaces/lib/python3.8/site-packages:${PYTHONPATH} /usr/bin/cmake --build /home/marc/Documentos/GitHub/IR2117-PSR/tb3_ws/build/olympic -- -j2 -l2
[3.143s] DEBUG:colcon.colcon_core.event_handler.log_command:Invoked command in '/home/marc/Documentos/GitHub/IR2117-PSR/tb3_ws/build/robot_trajectory' returned '0': CMAKE_PREFIX_PATH=/opt/ros/foxy /usr/bin/cmake --build /home/marc/Documentos/GitHub/IR2117-PSR/tb3_ws/build/robot_trajectory -- -j2 -l2
[3.254s] DEBUG:colcon.colcon_core.event_handler.log_command:Invoking command in '/home/marc/Documentos/GitHub/IR2117-PSR/tb3_ws/build/robot_trajectory': CMAKE_PREFIX_PATH=/opt/ros/foxy /usr/bin/cmake --install /home/marc/Documentos/GitHub/IR2117-PSR/tb3_ws/build/robot_trajectory
[3.328s] Level 1:colcon.colcon_core.environment:create_environment_scripts_only(robot_trajectory)
[3.335s] Level 1:colcon.colcon_core.environment:checking '/home/marc/Documentos/GitHub/IR2117-PSR/tb3_ws/install/robot_trajectory' for CMake module files
[3.336s] DEBUG:colcon.colcon_core.event_handler.log_command:Invoked command in '/home/marc/Documentos/GitHub/IR2117-PSR/tb3_ws/build/robot_trajectory' returned '0': CMAKE_PREFIX_PATH=/opt/ros/foxy /usr/bin/cmake --install /home/marc/Documentos/GitHub/IR2117-PSR/tb3_ws/build/robot_trajectory
[3.338s] Level 1:colcon.colcon_core.environment:checking '/home/marc/Documentos/GitHub/IR2117-PSR/tb3_ws/install/robot_trajectory' for CMake config files
[3.338s] Level 1:colcon.colcon_core.shell:create_environment_hook('robot_trajectory', 'cmake_prefix_path')
[3.352s] INFO:colcon.colcon_core.shell:Creating environment hook '/home/marc/Documentos/GitHub/IR2117-PSR/tb3_ws/install/robot_trajectory/share/robot_trajectory/hook/cmake_prefix_path.ps1'
[3.353s] INFO:colcon.colcon_core.shell:Creating environment descriptor '/home/marc/Documentos/GitHub/IR2117-PSR/tb3_ws/install/robot_trajectory/share/robot_trajectory/hook/cmake_prefix_path.dsv'
[3.353s] INFO:colcon.colcon_core.shell:Creating environment hook '/home/marc/Documentos/GitHub/IR2117-PSR/tb3_ws/install/robot_trajectory/share/robot_trajectory/hook/cmake_prefix_path.sh'
[3.354s] Level 1:colcon.colcon_core.environment:checking '/home/marc/Documentos/GitHub/IR2117-PSR/tb3_ws/install/robot_trajectory/lib'
[3.355s] Level 1:colcon.colcon_core.environment:checking '/home/marc/Documentos/GitHub/IR2117-PSR/tb3_ws/install/robot_trajectory/bin'
[3.355s] Level 1:colcon.colcon_core.environment:checking '/home/marc/Documentos/GitHub/IR2117-PSR/tb3_ws/install/robot_trajectory/lib/pkgconfig/robot_trajectory.pc'
[3.356s] Level 1:colcon.colcon_core.environment:checking '/home/marc/Documentos/GitHub/IR2117-PSR/tb3_ws/install/robot_trajectory/lib/python3.8/site-packages'
[3.356s] Level 1:colcon.colcon_core.environment:checking '/home/marc/Documentos/GitHub/IR2117-PSR/tb3_ws/install/robot_trajectory/bin'
[3.369s] INFO:colcon.colcon_core.shell:Creating package script '/home/marc/Documentos/GitHub/IR2117-PSR/tb3_ws/install/robot_trajectory/share/robot_trajectory/package.ps1'
[3.370s] INFO:colcon.colcon_core.shell:Creating package descriptor '/home/marc/Documentos/GitHub/IR2117-PSR/tb3_ws/install/robot_trajectory/share/robot_trajectory/package.dsv'
[3.372s] INFO:colcon.colcon_core.shell:Creating package script '/home/marc/Documentos/GitHub/IR2117-PSR/tb3_ws/install/robot_trajectory/share/robot_trajectory/package.sh'
[3.381s] INFO:colcon.colcon_core.shell:Creating package script '/home/marc/Documentos/GitHub/IR2117-PSR/tb3_ws/install/robot_trajectory/share/robot_trajectory/package.bash'
[3.383s] INFO:colcon.colcon_core.shell:Creating package script '/home/marc/Documentos/GitHub/IR2117-PSR/tb3_ws/install/robot_trajectory/share/robot_trajectory/package.zsh'
[3.384s] Level 1:colcon.colcon_core.environment:create_file_with_runtime_dependencies(/home/marc/Documentos/GitHub/IR2117-PSR/tb3_ws/install/robot_trajectory/share/colcon-core/packages/robot_trajectory)
[3.818s] Level 1:colcon.colcon_core.environment:create_environment_scripts_only(robot_trajectory)
[3.853s] Level 1:colcon.colcon_core.environment:checking '/home/marc/Documentos/GitHub/IR2117-PSR/tb3_ws/install/robot_trajectory' for CMake module files
[3.870s] Level 1:colcon.colcon_core.environment:checking '/home/marc/Documentos/GitHub/IR2117-PSR/tb3_ws/install/robot_trajectory' for CMake config files
[3.870s] Level 1:colcon.colcon_core.shell:create_environment_hook('robot_trajectory', 'cmake_prefix_path')
[3.902s] INFO:colcon.colcon_core.shell:Creating environment hook '/home/marc/Documentos/GitHub/IR2117-PSR/tb3_ws/install/robot_trajectory/share/robot_trajectory/hook/cmake_prefix_path.ps1'
[3.911s] INFO:colcon.colcon_core.shell:Creating environment descriptor '/home/marc/Documentos/GitHub/IR2117-PSR/tb3_ws/install/robot_trajectory/share/robot_trajectory/hook/cmake_prefix_path.dsv'
[3.918s] INFO:colcon.colcon_core.shell:Creating environment hook '/home/marc/Documentos/GitHub/IR2117-PSR/tb3_ws/install/robot_trajectory/share/robot_trajectory/hook/cmake_prefix_path.sh'
[3.930s] Level 1:colcon.colcon_core.environment:checking '/home/marc/Documentos/GitHub/IR2117-PSR/tb3_ws/install/robot_trajectory/lib'
[3.930s] Level 1:colcon.colcon_core.environment:checking '/home/marc/Documentos/GitHub/IR2117-PSR/tb3_ws/install/robot_trajectory/bin'
[3.930s] Level 1:colcon.colcon_core.environment:checking '/home/marc/Documentos/GitHub/IR2117-PSR/tb3_ws/install/robot_trajectory/lib/pkgconfig/robot_trajectory.pc'
[3.930s] Level 1:colcon.colcon_core.environment:checking '/home/marc/Documentos/GitHub/IR2117-PSR/tb3_ws/install/robot_trajectory/lib/python3.8/site-packages'
[3.931s] Level 1:colcon.colcon_core.environment:checking '/home/marc/Documentos/GitHub/IR2117-PSR/tb3_ws/install/robot_trajectory/bin'
[3.946s] INFO:colcon.colcon_core.shell:Creating package script '/home/marc/Documentos/GitHub/IR2117-PSR/tb3_ws/install/robot_trajectory/share/robot_trajectory/package.ps1'
[3.957s] INFO:colcon.colcon_core.shell:Creating package descriptor '/home/marc/Documentos/GitHub/IR2117-PSR/tb3_ws/install/robot_trajectory/share/robot_trajectory/package.dsv'
[3.959s] INFO:colcon.colcon_core.shell:Creating package script '/home/marc/Documentos/GitHub/IR2117-PSR/tb3_ws/install/robot_trajectory/share/robot_trajectory/package.sh'
[3.960s] INFO:colcon.colcon_core.shell:Creating package script '/home/marc/Documentos/GitHub/IR2117-PSR/tb3_ws/install/robot_trajectory/share/robot_trajectory/package.bash'
[3.961s] INFO:colcon.colcon_core.shell:Creating package script '/home/marc/Documentos/GitHub/IR2117-PSR/tb3_ws/install/robot_trajectory/share/robot_trajectory/package.zsh'
[3.966s] Level 1:colcon.colcon_core.environment:create_file_with_runtime_dependencies(/home/marc/Documentos/GitHub/IR2117-PSR/tb3_ws/install/robot_trajectory/share/colcon-core/packages/robot_trajectory)
[8.664s] DEBUG:colcon.colcon_core.event_handler.log_command:Invoked command in '/home/marc/Documentos/GitHub/IR2117-PSR/tb3_ws/build/olympic' returned '2': AMENT_PREFIX_PATH=/home/marc/Documentos/GitHub/IR2117-PSR/tb3_ws/install/olympic_interfaces:${AMENT_PREFIX_PATH} CMAKE_PREFIX_PATH=/home/marc/Documentos/GitHub/IR2117-PSR/tb3_ws/install/olympic_interfaces:/opt/ros/foxy LD_LIBRARY_PATH=/home/marc/Documentos/GitHub/IR2117-PSR/tb3_ws/install/olympic_interfaces/lib:${LD_LIBRARY_PATH} PYTHONPATH=/home/marc/Documentos/GitHub/IR2117-PSR/tb3_ws/install/olympic_interfaces/lib/python3.8/site-packages:${PYTHONPATH} /usr/bin/cmake --build /home/marc/Documentos/GitHub/IR2117-PSR/tb3_ws/build/olympic -- -j2 -l2
[8.726s] Level 1:colcon.colcon_core.environment:create_environment_scripts_only(olympic)
[8.731s] Level 1:colcon.colcon_core.environment:checking '/home/marc/Documentos/GitHub/IR2117-PSR/tb3_ws/install/olympic' for CMake module files
[8.731s] Level 1:colcon.colcon_core.environment:checking '/home/marc/Documentos/GitHub/IR2117-PSR/tb3_ws/install/olympic' for CMake config files
[8.732s] Level 1:colcon.colcon_core.environment:checking '/home/marc/Documentos/GitHub/IR2117-PSR/tb3_ws/install/olympic/bin'
[8.732s] Level 1:colcon.colcon_core.environment:checking '/home/marc/Documentos/GitHub/IR2117-PSR/tb3_ws/install/olympic/lib/pkgconfig/olympic.pc'
[8.733s] Level 1:colcon.colcon_core.environment:checking '/home/marc/Documentos/GitHub/IR2117-PSR/tb3_ws/install/olympic/lib/python3.8/site-packages'
[8.733s] Level 1:colcon.colcon_core.environment:checking '/home/marc/Documentos/GitHub/IR2117-PSR/tb3_ws/install/olympic/bin'
[8.738s] INFO:colcon.colcon_core.shell:Creating package script '/home/marc/Documentos/GitHub/IR2117-PSR/tb3_ws/install/olympic/share/olympic/package.ps1'
[8.739s] INFO:colcon.colcon_core.shell:Creating package descriptor '/home/marc/Documentos/GitHub/IR2117-PSR/tb3_ws/install/olympic/share/olympic/package.dsv'
[8.740s] INFO:colcon.colcon_core.shell:Creating package script '/home/marc/Documentos/GitHub/IR2117-PSR/tb3_ws/install/olympic/share/olympic/package.sh'
[8.740s] INFO:colcon.colcon_core.shell:Creating package script '/home/marc/Documentos/GitHub/IR2117-PSR/tb3_ws/install/olympic/share/olympic/package.bash'
[8.742s] INFO:colcon.colcon_core.shell:Creating package script '/home/marc/Documentos/GitHub/IR2117-PSR/tb3_ws/install/olympic/share/olympic/package.zsh'
[8.743s] Level 1:colcon.colcon_core.environment:create_file_with_runtime_dependencies(/home/marc/Documentos/GitHub/IR2117-PSR/tb3_ws/install/olympic/share/colcon-core/packages/olympic)
[8.756s] DEBUG:colcon.colcon_parallel_executor.executor.parallel:closing loop
[8.756s] DEBUG:colcon.colcon_parallel_executor.executor.parallel:loop closed
[8.756s] DEBUG:colcon.colcon_parallel_executor.executor.parallel:run_until_complete finished with '2'
[8.756s] DEBUG:colcon.colcon_core.event_reactor:joining thread
[8.770s] INFO:colcon.colcon_core.plugin_system:Skipping extension 'colcon_notification.desktop_notification.terminal_notifier': Not used on non-Darwin systems
[8.771s] INFO:colcon.colcon_core.plugin_system:Skipping extension 'colcon_notification.desktop_notification.win32': Not used on non-Windows systems
[8.771s] INFO:colcon.colcon_notification.desktop_notification:Sending desktop notification using 'notify2'
[8.820s] DEBUG:colcon.colcon_core.event_reactor:joined thread
[8.824s] INFO:colcon.colcon_core.shell:Creating prefix script '/home/marc/Documentos/GitHub/IR2117-PSR/tb3_ws/install/local_setup.ps1'
[8.827s] INFO:colcon.colcon_core.shell:Creating prefix util module '/home/marc/Documentos/GitHub/IR2117-PSR/tb3_ws/install/_local_setup_util_ps1.py'
[8.832s] INFO:colcon.colcon_core.shell:Creating prefix chain script '/home/marc/Documentos/GitHub/IR2117-PSR/tb3_ws/install/setup.ps1'
[8.835s] INFO:colcon.colcon_core.shell:Creating prefix script '/home/marc/Documentos/GitHub/IR2117-PSR/tb3_ws/install/local_setup.sh'
[8.836s] INFO:colcon.colcon_core.shell:Creating prefix util module '/home/marc/Documentos/GitHub/IR2117-PSR/tb3_ws/install/_local_setup_util_sh.py'
[8.837s] INFO:colcon.colcon_core.shell:Creating prefix chain script '/home/marc/Documentos/GitHub/IR2117-PSR/tb3_ws/install/setup.sh'
[8.841s] INFO:colcon.colcon_core.shell:Creating prefix script '/home/marc/Documentos/GitHub/IR2117-PSR/tb3_ws/install/local_setup.bash'
[8.842s] INFO:colcon.colcon_core.shell:Creating prefix chain script '/home/marc/Documentos/GitHub/IR2117-PSR/tb3_ws/install/setup.bash'
[8.845s] INFO:colcon.colcon_core.shell:Creating prefix script '/home/marc/Documentos/GitHub/IR2117-PSR/tb3_ws/install/local_setup.zsh'
[8.846s] INFO:colcon.colcon_core.shell:Creating prefix chain script '/home/marc/Documentos/GitHub/IR2117-PSR/tb3_ws/install/setup.zsh'
