[0.144s] DEBUG:colcon:Command line arguments: ['/usr/bin/colcon', 'build']
[0.144s] DEBUG:colcon:Parsed command line arguments: Namespace(allow_overriding=[], ament_cmake_args=None, base_paths=['.'], build_base='build', catkin_cmake_args=None, catkin_skip_building_tests=False, cmake_args=None, cmake_clean_cache=False, cmake_clean_first=False, cmake_force_configure=False, cmake_target=None, cmake_target_skip_unavailable=False, continue_on_error=False, event_handlers=None, executor='parallel', ignore_user_meta=False, install_base='install', log_base=None, log_level=None, main=<bound method BuildVerb.main of <colcon_core.verb.build.BuildVerb object at 0x7fc07e294970>>, merge_install=False, metas=['./colcon.meta'], packages_above=None, packages_above_and_dependencies=None, packages_above_depth=None, packages_end=None, packages_ignore=None, packages_ignore_regex=None, packages_select=None, packages_select_build_failed=False, packages_select_by_dep=None, packages_select_regex=None, packages_select_test_failures=False, packages_skip=None, packages_skip_build_finished=False, packages_skip_by_dep=None, packages_skip_regex=None, packages_skip_test_passed=False, packages_skip_up_to=None, packages_start=None, packages_up_to=None, packages_up_to_regex=None, parallel_workers=6, paths=None, symlink_install=False, test_result_base=None, verb_extension=<colcon_core.verb.build.BuildVerb object at 0x7fc07e294970>, verb_name='build', verb_parser=<colcon_defaults.argument_parser.defaults.DefaultArgumentsDecorator object at 0x7fc07e294ee0>)
[0.164s] Level 1:colcon.colcon_core.package_discovery:discover_packages(colcon_meta) check parameters
[0.165s] Level 1:colcon.colcon_core.package_discovery:discover_packages(recursive) check parameters
[0.165s] Level 1:colcon.colcon_core.package_discovery:discover_packages(ignore) check parameters
[0.165s] Level 1:colcon.colcon_core.package_discovery:discover_packages(path) check parameters
[0.165s] Level 1:colcon.colcon_core.package_discovery:discover_packages(colcon_meta) discover
[0.165s] Level 1:colcon.colcon_core.package_discovery:discover_packages(recursive) discover
[0.165s] INFO:colcon.colcon_core.package_discovery:Crawling recursively for packages in '/home/usuario/Documentos/GitHub/IR2117-PSR/tb3_ws'
[0.165s] Level 1:colcon.colcon_core.package_identification:_identify(.) by extensions ['ignore', 'ignore_ament_install']
[0.165s] Level 1:colcon.colcon_core.package_identification:_identify(.) by extension 'ignore'
[0.165s] Level 1:colcon.colcon_core.package_identification:_identify(.) by extension 'ignore_ament_install'
[0.165s] Level 1:colcon.colcon_core.package_identification:_identify(.) by extensions ['colcon_pkg']
[0.165s] Level 1:colcon.colcon_core.package_identification:_identify(.) by extension 'colcon_pkg'
[0.165s] Level 1:colcon.colcon_core.package_identification:_identify(.) by extensions ['colcon_meta']
[0.165s] Level 1:colcon.colcon_core.package_identification:_identify(.) by extension 'colcon_meta'
[0.165s] Level 1:colcon.colcon_core.package_identification:_identify(.) by extensions ['ros']
[0.165s] Level 1:colcon.colcon_core.package_identification:_identify(.) by extension 'ros'
[0.182s] Level 1:colcon.colcon_core.package_identification:_identify(.) by extensions ['cmake', 'python']
[0.182s] Level 1:colcon.colcon_core.package_identification:_identify(.) by extension 'cmake'
[0.182s] Level 1:colcon.colcon_core.package_identification:_identify(.) by extension 'python'
[0.182s] Level 1:colcon.colcon_core.package_identification:_identify(.) by extensions ['python_setup_py']
[0.182s] Level 1:colcon.colcon_core.package_identification:_identify(.) by extension 'python_setup_py'
[0.182s] Level 1:colcon.colcon_core.package_identification:_identify(build) by extensions ['ignore', 'ignore_ament_install']
[0.182s] Level 1:colcon.colcon_core.package_identification:_identify(build) by extension 'ignore'
[0.182s] Level 1:colcon.colcon_core.package_identification:_identify(build) ignored
[0.183s] Level 1:colcon.colcon_core.package_identification:_identify(cpp_srvcli) by extensions ['ignore', 'ignore_ament_install']
[0.183s] Level 1:colcon.colcon_core.package_identification:_identify(cpp_srvcli) by extension 'ignore'
[0.183s] Level 1:colcon.colcon_core.package_identification:_identify(cpp_srvcli) by extension 'ignore_ament_install'
[0.183s] Level 1:colcon.colcon_core.package_identification:_identify(cpp_srvcli) by extensions ['colcon_pkg']
[0.183s] Level 1:colcon.colcon_core.package_identification:_identify(cpp_srvcli) by extension 'colcon_pkg'
[0.183s] Level 1:colcon.colcon_core.package_identification:_identify(cpp_srvcli) by extensions ['colcon_meta']
[0.183s] Level 1:colcon.colcon_core.package_identification:_identify(cpp_srvcli) by extension 'colcon_meta'
[0.183s] Level 1:colcon.colcon_core.package_identification:_identify(cpp_srvcli) by extensions ['ros']
[0.183s] Level 1:colcon.colcon_core.package_identification:_identify(cpp_srvcli) by extension 'ros'
[0.186s] DEBUG:colcon.colcon_core.package_identification:Package 'cpp_srvcli' with type 'ros.ament_cmake' and name 'cpp_srvcli'
[0.186s] Level 1:colcon.colcon_core.package_identification:_identify(install) by extensions ['ignore', 'ignore_ament_install']
[0.186s] Level 1:colcon.colcon_core.package_identification:_identify(install) by extension 'ignore'
[0.187s] Level 1:colcon.colcon_core.package_identification:_identify(install) ignored
[0.187s] Level 1:colcon.colcon_core.package_identification:_identify(log) by extensions ['ignore', 'ignore_ament_install']
[0.187s] Level 1:colcon.colcon_core.package_identification:_identify(log) by extension 'ignore'
[0.187s] Level 1:colcon.colcon_core.package_identification:_identify(log) ignored
[0.187s] Level 1:colcon.colcon_core.package_identification:_identify(rosbag2_2023_03_28-12_32_38) by extensions ['ignore', 'ignore_ament_install']
[0.187s] Level 1:colcon.colcon_core.package_identification:_identify(rosbag2_2023_03_28-12_32_38) by extension 'ignore'
[0.187s] Level 1:colcon.colcon_core.package_identification:_identify(rosbag2_2023_03_28-12_32_38) by extension 'ignore_ament_install'
[0.187s] Level 1:colcon.colcon_core.package_identification:_identify(rosbag2_2023_03_28-12_32_38) by extensions ['colcon_pkg']
[0.187s] Level 1:colcon.colcon_core.package_identification:_identify(rosbag2_2023_03_28-12_32_38) by extension 'colcon_pkg'
[0.187s] Level 1:colcon.colcon_core.package_identification:_identify(rosbag2_2023_03_28-12_32_38) by extensions ['colcon_meta']
[0.187s] Level 1:colcon.colcon_core.package_identification:_identify(rosbag2_2023_03_28-12_32_38) by extension 'colcon_meta'
[0.187s] Level 1:colcon.colcon_core.package_identification:_identify(rosbag2_2023_03_28-12_32_38) by extensions ['ros']
[0.187s] Level 1:colcon.colcon_core.package_identification:_identify(rosbag2_2023_03_28-12_32_38) by extension 'ros'
[0.187s] Level 1:colcon.colcon_core.package_identification:_identify(rosbag2_2023_03_28-12_32_38) by extensions ['cmake', 'python']
[0.187s] Level 1:colcon.colcon_core.package_identification:_identify(rosbag2_2023_03_28-12_32_38) by extension 'cmake'
[0.187s] Level 1:colcon.colcon_core.package_identification:_identify(rosbag2_2023_03_28-12_32_38) by extension 'python'
[0.187s] Level 1:colcon.colcon_core.package_identification:_identify(rosbag2_2023_03_28-12_32_38) by extensions ['python_setup_py']
[0.187s] Level 1:colcon.colcon_core.package_identification:_identify(rosbag2_2023_03_28-12_32_38) by extension 'python_setup_py'
[0.187s] Level 1:colcon.colcon_core.package_identification:_identify(src) by extensions ['ignore', 'ignore_ament_install']
[0.187s] Level 1:colcon.colcon_core.package_identification:_identify(src) by extension 'ignore'
[0.187s] Level 1:colcon.colcon_core.package_identification:_identify(src) by extension 'ignore_ament_install'
[0.187s] Level 1:colcon.colcon_core.package_identification:_identify(src) by extensions ['colcon_pkg']
[0.187s] Level 1:colcon.colcon_core.package_identification:_identify(src) by extension 'colcon_pkg'
[0.187s] Level 1:colcon.colcon_core.package_identification:_identify(src) by extensions ['colcon_meta']
[0.187s] Level 1:colcon.colcon_core.package_identification:_identify(src) by extension 'colcon_meta'
[0.187s] Level 1:colcon.colcon_core.package_identification:_identify(src) by extensions ['ros']
[0.187s] Level 1:colcon.colcon_core.package_identification:_identify(src) by extension 'ros'
[0.188s] Level 1:colcon.colcon_core.package_identification:_identify(src) by extensions ['cmake', 'python']
[0.188s] Level 1:colcon.colcon_core.package_identification:_identify(src) by extension 'cmake'
[0.188s] Level 1:colcon.colcon_core.package_identification:_identify(src) by extension 'python'
[0.188s] Level 1:colcon.colcon_core.package_identification:_identify(src) by extensions ['python_setup_py']
[0.188s] Level 1:colcon.colcon_core.package_identification:_identify(src) by extension 'python_setup_py'
[0.188s] Level 1:colcon.colcon_core.package_identification:_identify(src/obstacles) by extensions ['ignore', 'ignore_ament_install']
[0.188s] Level 1:colcon.colcon_core.package_identification:_identify(src/obstacles) by extension 'ignore'
[0.188s] Level 1:colcon.colcon_core.package_identification:_identify(src/obstacles) by extension 'ignore_ament_install'
[0.188s] Level 1:colcon.colcon_core.package_identification:_identify(src/obstacles) by extensions ['colcon_pkg']
[0.188s] Level 1:colcon.colcon_core.package_identification:_identify(src/obstacles) by extension 'colcon_pkg'
[0.188s] Level 1:colcon.colcon_core.package_identification:_identify(src/obstacles) by extensions ['colcon_meta']
[0.188s] Level 1:colcon.colcon_core.package_identification:_identify(src/obstacles) by extension 'colcon_meta'
[0.188s] Level 1:colcon.colcon_core.package_identification:_identify(src/obstacles) by extensions ['ros']
[0.188s] Level 1:colcon.colcon_core.package_identification:_identify(src/obstacles) by extension 'ros'
[0.189s] DEBUG:colcon.colcon_core.package_identification:Package 'src/obstacles' with type 'ros.ament_cmake' and name 'obstacles'
[0.189s] Level 1:colcon.colcon_core.package_identification:_identify(src/robot_trajectory) by extensions ['ignore', 'ignore_ament_install']
[0.189s] Level 1:colcon.colcon_core.package_identification:_identify(src/robot_trajectory) by extension 'ignore'
[0.189s] Level 1:colcon.colcon_core.package_identification:_identify(src/robot_trajectory) by extension 'ignore_ament_install'
[0.189s] Level 1:colcon.colcon_core.package_identification:_identify(src/robot_trajectory) by extensions ['colcon_pkg']
[0.189s] Level 1:colcon.colcon_core.package_identification:_identify(src/robot_trajectory) by extension 'colcon_pkg'
[0.189s] Level 1:colcon.colcon_core.package_identification:_identify(src/robot_trajectory) by extensions ['colcon_meta']
[0.190s] Level 1:colcon.colcon_core.package_identification:_identify(src/robot_trajectory) by extension 'colcon_meta'
[0.190s] Level 1:colcon.colcon_core.package_identification:_identify(src/robot_trajectory) by extensions ['ros']
[0.190s] Level 1:colcon.colcon_core.package_identification:_identify(src/robot_trajectory) by extension 'ros'
[0.191s] DEBUG:colcon.colcon_core.package_identification:Package 'src/robot_trajectory' with type 'ros.ament_cmake' and name 'robot_trajectory'
[0.191s] Level 1:colcon.colcon_core.package_discovery:discover_packages(recursive) using defaults
[0.191s] Level 1:colcon.colcon_core.package_discovery:discover_packages(ignore) discover
[0.191s] Level 1:colcon.colcon_core.package_discovery:discover_packages(ignore) using defaults
[0.191s] Level 1:colcon.colcon_core.package_discovery:discover_packages(path) discover
[0.191s] Level 1:colcon.colcon_core.package_discovery:discover_packages(path) using defaults
[0.211s] Level 1:colcon.colcon_core.package_discovery:discover_packages(prefix_path) check parameters
[0.211s] Level 1:colcon.colcon_core.package_discovery:discover_packages(prefix_path) discover
[0.217s] DEBUG:colcon.colcon_installed_package_information.package_discovery:Found 3 installed packages in /home/usuario/Documentos/GitHub/IR2117-PSR/tb3_ws/install
[0.219s] DEBUG:colcon.colcon_installed_package_information.package_discovery:Found 272 installed packages in /opt/ros/foxy
[0.220s] Level 1:colcon.colcon_core.package_discovery:discover_packages(prefix_path) using defaults
[0.266s] Level 5:colcon.colcon_core.verb:set package 'cpp_srvcli' build argument 'cmake_args' from command line to 'None'
[0.266s] Level 5:colcon.colcon_core.verb:set package 'cpp_srvcli' build argument 'cmake_target' from command line to 'None'
[0.266s] Level 5:colcon.colcon_core.verb:set package 'cpp_srvcli' build argument 'cmake_target_skip_unavailable' from command line to 'False'
[0.266s] Level 5:colcon.colcon_core.verb:set package 'cpp_srvcli' build argument 'cmake_clean_cache' from command line to 'False'
[0.266s] Level 5:colcon.colcon_core.verb:set package 'cpp_srvcli' build argument 'cmake_clean_first' from command line to 'False'
[0.266s] Level 5:colcon.colcon_core.verb:set package 'cpp_srvcli' build argument 'cmake_force_configure' from command line to 'False'
[0.266s] Level 5:colcon.colcon_core.verb:set package 'cpp_srvcli' build argument 'ament_cmake_args' from command line to 'None'
[0.266s] Level 5:colcon.colcon_core.verb:set package 'cpp_srvcli' build argument 'catkin_cmake_args' from command line to 'None'
[0.266s] Level 5:colcon.colcon_core.verb:set package 'cpp_srvcli' build argument 'catkin_skip_building_tests' from command line to 'False'
[0.266s] DEBUG:colcon.colcon_core.verb:Building package 'cpp_srvcli' with the following arguments: {'ament_cmake_args': None, 'build_base': '/home/usuario/Documentos/GitHub/IR2117-PSR/tb3_ws/build/cpp_srvcli', 'catkin_cmake_args': None, 'catkin_skip_building_tests': False, 'cmake_args': None, 'cmake_clean_cache': False, 'cmake_clean_first': False, 'cmake_force_configure': False, 'cmake_target': None, 'cmake_target_skip_unavailable': False, 'install_base': '/home/usuario/Documentos/GitHub/IR2117-PSR/tb3_ws/install/cpp_srvcli', 'merge_install': False, 'path': '/home/usuario/Documentos/GitHub/IR2117-PSR/tb3_ws/cpp_srvcli', 'symlink_install': False, 'test_result_base': None}
[0.267s] Level 5:colcon.colcon_core.verb:set package 'obstacles' build argument 'cmake_args' from command line to 'None'
[0.267s] Level 5:colcon.colcon_core.verb:set package 'obstacles' build argument 'cmake_target' from command line to 'None'
[0.267s] Level 5:colcon.colcon_core.verb:set package 'obstacles' build argument 'cmake_target_skip_unavailable' from command line to 'False'
[0.267s] Level 5:colcon.colcon_core.verb:set package 'obstacles' build argument 'cmake_clean_cache' from command line to 'False'
[0.267s] Level 5:colcon.colcon_core.verb:set package 'obstacles' build argument 'cmake_clean_first' from command line to 'False'
[0.267s] Level 5:colcon.colcon_core.verb:set package 'obstacles' build argument 'cmake_force_configure' from command line to 'False'
[0.267s] Level 5:colcon.colcon_core.verb:set package 'obstacles' build argument 'ament_cmake_args' from command line to 'None'
[0.267s] Level 5:colcon.colcon_core.verb:set package 'obstacles' build argument 'catkin_cmake_args' from command line to 'None'
[0.267s] Level 5:colcon.colcon_core.verb:set package 'obstacles' build argument 'catkin_skip_building_tests' from command line to 'False'
[0.267s] DEBUG:colcon.colcon_core.verb:Building package 'obstacles' with the following arguments: {'ament_cmake_args': None, 'build_base': '/home/usuario/Documentos/GitHub/IR2117-PSR/tb3_ws/build/obstacles', 'catkin_cmake_args': None, 'catkin_skip_building_tests': False, 'cmake_args': None, 'cmake_clean_cache': False, 'cmake_clean_first': False, 'cmake_force_configure': False, 'cmake_target': None, 'cmake_target_skip_unavailable': False, 'install_base': '/home/usuario/Documentos/GitHub/IR2117-PSR/tb3_ws/install/obstacles', 'merge_install': False, 'path': '/home/usuario/Documentos/GitHub/IR2117-PSR/tb3_ws/src/obstacles', 'symlink_install': False, 'test_result_base': None}
[0.268s] Level 5:colcon.colcon_core.verb:set package 'robot_trajectory' build argument 'cmake_args' from command line to 'None'
[0.268s] Level 5:colcon.colcon_core.verb:set package 'robot_trajectory' build argument 'cmake_target' from command line to 'None'
[0.268s] Level 5:colcon.colcon_core.verb:set package 'robot_trajectory' build argument 'cmake_target_skip_unavailable' from command line to 'False'
[0.268s] Level 5:colcon.colcon_core.verb:set package 'robot_trajectory' build argument 'cmake_clean_cache' from command line to 'False'
[0.268s] Level 5:colcon.colcon_core.verb:set package 'robot_trajectory' build argument 'cmake_clean_first' from command line to 'False'
[0.268s] Level 5:colcon.colcon_core.verb:set package 'robot_trajectory' build argument 'cmake_force_configure' from command line to 'False'
[0.269s] Level 5:colcon.colcon_core.verb:set package 'robot_trajectory' build argument 'ament_cmake_args' from command line to 'None'
[0.269s] Level 5:colcon.colcon_core.verb:set package 'robot_trajectory' build argument 'catkin_cmake_args' from command line to 'None'
[0.269s] Level 5:colcon.colcon_core.verb:set package 'robot_trajectory' build argument 'catkin_skip_building_tests' from command line to 'False'
[0.269s] DEBUG:colcon.colcon_core.verb:Building package 'robot_trajectory' with the following arguments: {'ament_cmake_args': None, 'build_base': '/home/usuario/Documentos/GitHub/IR2117-PSR/tb3_ws/build/robot_trajectory', 'catkin_cmake_args': None, 'catkin_skip_building_tests': False, 'cmake_args': None, 'cmake_clean_cache': False, 'cmake_clean_first': False, 'cmake_force_configure': False, 'cmake_target': None, 'cmake_target_skip_unavailable': False, 'install_base': '/home/usuario/Documentos/GitHub/IR2117-PSR/tb3_ws/install/robot_trajectory', 'merge_install': False, 'path': '/home/usuario/Documentos/GitHub/IR2117-PSR/tb3_ws/src/robot_trajectory', 'symlink_install': False, 'test_result_base': None}
[0.270s] INFO:colcon.colcon_core.executor:Executing jobs using 'parallel' executor
[0.275s] DEBUG:colcon.colcon_parallel_executor.executor.parallel:run_until_complete
[0.275s] INFO:colcon.colcon_ros.task.ament_cmake.build:Building ROS package in '/home/usuario/Documentos/GitHub/IR2117-PSR/tb3_ws/cpp_srvcli' with build type 'ament_cmake'
[0.275s] INFO:colcon.colcon_cmake.task.cmake.build:Building CMake package in '/home/usuario/Documentos/GitHub/IR2117-PSR/tb3_ws/cpp_srvcli'
[0.283s] INFO:colcon.colcon_core.plugin_system:Skipping extension 'colcon_core.shell.bat': Not used on non-Windows systems
[0.283s] INFO:colcon.colcon_core.shell:Skip shell extension 'powershell' for command environment: Not usable outside of PowerShell
[0.283s] DEBUG:colcon.colcon_core.shell:Skip shell extension 'dsv' for command environment
[0.297s] INFO:colcon.colcon_ros.task.ament_cmake.build:Building ROS package in '/home/usuario/Documentos/GitHub/IR2117-PSR/tb3_ws/src/obstacles' with build type 'ament_cmake'
[0.298s] INFO:colcon.colcon_cmake.task.cmake.build:Building CMake package in '/home/usuario/Documentos/GitHub/IR2117-PSR/tb3_ws/src/obstacles'
[0.302s] INFO:colcon.colcon_core.shell:Skip shell extension 'powershell' for command environment: Not usable outside of PowerShell
[0.302s] DEBUG:colcon.colcon_core.shell:Skip shell extension 'dsv' for command environment
[0.309s] INFO:colcon.colcon_ros.task.ament_cmake.build:Building ROS package in '/home/usuario/Documentos/GitHub/IR2117-PSR/tb3_ws/src/robot_trajectory' with build type 'ament_cmake'
[0.310s] INFO:colcon.colcon_cmake.task.cmake.build:Building CMake package in '/home/usuario/Documentos/GitHub/IR2117-PSR/tb3_ws/src/robot_trajectory'
[0.312s] INFO:colcon.colcon_core.shell:Skip shell extension 'powershell' for command environment: Not usable outside of PowerShell
[0.312s] DEBUG:colcon.colcon_core.shell:Skip shell extension 'dsv' for command environment
[0.328s] DEBUG:colcon.colcon_core.event_handler.log_command:Invoking command in '/home/usuario/Documentos/GitHub/IR2117-PSR/tb3_ws/build/cpp_srvcli': CMAKE_PREFIX_PATH=${CMAKE_PREFIX_PATH}:/opt/ros/foxy /usr/bin/cmake --build /home/usuario/Documentos/GitHub/IR2117-PSR/tb3_ws/build/cpp_srvcli -- -j6 -l6
[0.332s] DEBUG:colcon.colcon_core.event_handler.log_command:Invoking command in '/home/usuario/Documentos/GitHub/IR2117-PSR/tb3_ws/build/obstacles': CMAKE_PREFIX_PATH=${CMAKE_PREFIX_PATH}:/opt/ros/foxy /usr/bin/cmake --build /home/usuario/Documentos/GitHub/IR2117-PSR/tb3_ws/build/obstacles -- -j6 -l6
[0.337s] DEBUG:colcon.colcon_core.event_handler.log_command:Invoking command in '/home/usuario/Documentos/GitHub/IR2117-PSR/tb3_ws/build/robot_trajectory': CMAKE_PREFIX_PATH=${CMAKE_PREFIX_PATH}:/opt/ros/foxy /usr/bin/cmake --build /home/usuario/Documentos/GitHub/IR2117-PSR/tb3_ws/build/robot_trajectory -- -j6 -l6
[0.383s] DEBUG:colcon.colcon_core.event_handler.log_command:Invoked command in '/home/usuario/Documentos/GitHub/IR2117-PSR/tb3_ws/build/obstacles' returned '0': CMAKE_PREFIX_PATH=${CMAKE_PREFIX_PATH}:/opt/ros/foxy /usr/bin/cmake --build /home/usuario/Documentos/GitHub/IR2117-PSR/tb3_ws/build/obstacles -- -j6 -l6
[0.396s] DEBUG:colcon.colcon_core.event_handler.log_command:Invoked command in '/home/usuario/Documentos/GitHub/IR2117-PSR/tb3_ws/build/robot_trajectory' returned '0': CMAKE_PREFIX_PATH=${CMAKE_PREFIX_PATH}:/opt/ros/foxy /usr/bin/cmake --build /home/usuario/Documentos/GitHub/IR2117-PSR/tb3_ws/build/robot_trajectory -- -j6 -l6
[0.406s] DEBUG:colcon.colcon_core.event_handler.log_command:Invoking command in '/home/usuario/Documentos/GitHub/IR2117-PSR/tb3_ws/build/obstacles': CMAKE_PREFIX_PATH=${CMAKE_PREFIX_PATH}:/opt/ros/foxy /usr/bin/cmake --install /home/usuario/Documentos/GitHub/IR2117-PSR/tb3_ws/build/obstacles
[0.415s] DEBUG:colcon.colcon_core.event_handler.log_command:Invoking command in '/home/usuario/Documentos/GitHub/IR2117-PSR/tb3_ws/build/robot_trajectory': CMAKE_PREFIX_PATH=${CMAKE_PREFIX_PATH}:/opt/ros/foxy /usr/bin/cmake --install /home/usuario/Documentos/GitHub/IR2117-PSR/tb3_ws/build/robot_trajectory
[0.429s] Level 1:colcon.colcon_core.environment:create_environment_scripts_only(obstacles)
[0.430s] DEBUG:colcon.colcon_core.event_handler.log_command:Invoked command in '/home/usuario/Documentos/GitHub/IR2117-PSR/tb3_ws/build/obstacles' returned '0': CMAKE_PREFIX_PATH=${CMAKE_PREFIX_PATH}:/opt/ros/foxy /usr/bin/cmake --install /home/usuario/Documentos/GitHub/IR2117-PSR/tb3_ws/build/obstacles
[0.435s] Level 1:colcon.colcon_core.environment:checking '/home/usuario/Documentos/GitHub/IR2117-PSR/tb3_ws/install/obstacles' for CMake module files
[0.435s] Level 1:colcon.colcon_core.environment:checking '/home/usuario/Documentos/GitHub/IR2117-PSR/tb3_ws/install/obstacles' for CMake config files
[0.436s] Level 1:colcon.colcon_core.shell:create_environment_hook('obstacles', 'cmake_prefix_path')
[0.438s] INFO:colcon.colcon_core.shell:Creating environment hook '/home/usuario/Documentos/GitHub/IR2117-PSR/tb3_ws/install/obstacles/share/obstacles/hook/cmake_prefix_path.ps1'
[0.438s] INFO:colcon.colcon_core.shell:Creating environment descriptor '/home/usuario/Documentos/GitHub/IR2117-PSR/tb3_ws/install/obstacles/share/obstacles/hook/cmake_prefix_path.dsv'
[0.439s] INFO:colcon.colcon_core.shell:Creating environment hook '/home/usuario/Documentos/GitHub/IR2117-PSR/tb3_ws/install/obstacles/share/obstacles/hook/cmake_prefix_path.sh'
[0.440s] Level 1:colcon.colcon_core.environment:checking '/home/usuario/Documentos/GitHub/IR2117-PSR/tb3_ws/install/obstacles/lib'
[0.440s] Level 1:colcon.colcon_core.environment:checking '/home/usuario/Documentos/GitHub/IR2117-PSR/tb3_ws/install/obstacles/bin'
[0.440s] Level 1:colcon.colcon_core.environment:checking '/home/usuario/Documentos/GitHub/IR2117-PSR/tb3_ws/install/obstacles/lib/pkgconfig/obstacles.pc'
[0.440s] Level 1:colcon.colcon_core.environment:checking '/home/usuario/Documentos/GitHub/IR2117-PSR/tb3_ws/install/obstacles/lib/python3.8/site-packages'
[0.440s] Level 1:colcon.colcon_core.environment:checking '/home/usuario/Documentos/GitHub/IR2117-PSR/tb3_ws/install/obstacles/bin'
[0.442s] INFO:colcon.colcon_core.shell:Creating package script '/home/usuario/Documentos/GitHub/IR2117-PSR/tb3_ws/install/obstacles/share/obstacles/package.ps1'
[0.443s] INFO:colcon.colcon_core.shell:Creating package descriptor '/home/usuario/Documentos/GitHub/IR2117-PSR/tb3_ws/install/obstacles/share/obstacles/package.dsv'
[0.444s] INFO:colcon.colcon_core.shell:Creating package script '/home/usuario/Documentos/GitHub/IR2117-PSR/tb3_ws/install/obstacles/share/obstacles/package.sh'
[0.445s] INFO:colcon.colcon_core.shell:Creating package script '/home/usuario/Documentos/GitHub/IR2117-PSR/tb3_ws/install/obstacles/share/obstacles/package.bash'
[0.445s] INFO:colcon.colcon_core.shell:Creating package script '/home/usuario/Documentos/GitHub/IR2117-PSR/tb3_ws/install/obstacles/share/obstacles/package.zsh'
[0.446s] Level 1:colcon.colcon_core.environment:create_file_with_runtime_dependencies(/home/usuario/Documentos/GitHub/IR2117-PSR/tb3_ws/install/obstacles/share/colcon-core/packages/obstacles)
[0.449s] Level 1:colcon.colcon_core.environment:create_environment_scripts_only(robot_trajectory)
[0.452s] Level 1:colcon.colcon_core.environment:checking '/home/usuario/Documentos/GitHub/IR2117-PSR/tb3_ws/install/robot_trajectory' for CMake module files
[0.452s] DEBUG:colcon.colcon_core.event_handler.log_command:Invoked command in '/home/usuario/Documentos/GitHub/IR2117-PSR/tb3_ws/build/robot_trajectory' returned '0': CMAKE_PREFIX_PATH=${CMAKE_PREFIX_PATH}:/opt/ros/foxy /usr/bin/cmake --install /home/usuario/Documentos/GitHub/IR2117-PSR/tb3_ws/build/robot_trajectory
[0.453s] Level 1:colcon.colcon_core.environment:checking '/home/usuario/Documentos/GitHub/IR2117-PSR/tb3_ws/install/robot_trajectory' for CMake config files
[0.453s] Level 1:colcon.colcon_core.shell:create_environment_hook('robot_trajectory', 'cmake_prefix_path')
[0.455s] INFO:colcon.colcon_core.shell:Creating environment hook '/home/usuario/Documentos/GitHub/IR2117-PSR/tb3_ws/install/robot_trajectory/share/robot_trajectory/hook/cmake_prefix_path.ps1'
[0.456s] INFO:colcon.colcon_core.shell:Creating environment descriptor '/home/usuario/Documentos/GitHub/IR2117-PSR/tb3_ws/install/robot_trajectory/share/robot_trajectory/hook/cmake_prefix_path.dsv'
[0.456s] INFO:colcon.colcon_core.shell:Creating environment hook '/home/usuario/Documentos/GitHub/IR2117-PSR/tb3_ws/install/robot_trajectory/share/robot_trajectory/hook/cmake_prefix_path.sh'
[0.457s] Level 1:colcon.colcon_core.environment:checking '/home/usuario/Documentos/GitHub/IR2117-PSR/tb3_ws/install/robot_trajectory/lib'
[0.457s] Level 1:colcon.colcon_core.environment:checking '/home/usuario/Documentos/GitHub/IR2117-PSR/tb3_ws/install/robot_trajectory/bin'
[0.457s] Level 1:colcon.colcon_core.environment:checking '/home/usuario/Documentos/GitHub/IR2117-PSR/tb3_ws/install/robot_trajectory/lib/pkgconfig/robot_trajectory.pc'
[0.457s] Level 1:colcon.colcon_core.environment:checking '/home/usuario/Documentos/GitHub/IR2117-PSR/tb3_ws/install/robot_trajectory/lib/python3.8/site-packages'
[0.457s] Level 1:colcon.colcon_core.environment:checking '/home/usuario/Documentos/GitHub/IR2117-PSR/tb3_ws/install/robot_trajectory/bin'
[0.459s] INFO:colcon.colcon_core.shell:Creating package script '/home/usuario/Documentos/GitHub/IR2117-PSR/tb3_ws/install/robot_trajectory/share/robot_trajectory/package.ps1'
[0.459s] INFO:colcon.colcon_core.shell:Creating package descriptor '/home/usuario/Documentos/GitHub/IR2117-PSR/tb3_ws/install/robot_trajectory/share/robot_trajectory/package.dsv'
[0.460s] INFO:colcon.colcon_core.shell:Creating package script '/home/usuario/Documentos/GitHub/IR2117-PSR/tb3_ws/install/robot_trajectory/share/robot_trajectory/package.sh'
[0.460s] INFO:colcon.colcon_core.shell:Creating package script '/home/usuario/Documentos/GitHub/IR2117-PSR/tb3_ws/install/robot_trajectory/share/robot_trajectory/package.bash'
[0.460s] INFO:colcon.colcon_core.shell:Creating package script '/home/usuario/Documentos/GitHub/IR2117-PSR/tb3_ws/install/robot_trajectory/share/robot_trajectory/package.zsh'
[0.460s] Level 1:colcon.colcon_core.environment:create_file_with_runtime_dependencies(/home/usuario/Documentos/GitHub/IR2117-PSR/tb3_ws/install/robot_trajectory/share/colcon-core/packages/robot_trajectory)
[0.465s] Level 1:colcon.colcon_core.environment:create_environment_scripts_only(obstacles)
[0.468s] Level 1:colcon.colcon_core.environment:checking '/home/usuario/Documentos/GitHub/IR2117-PSR/tb3_ws/install/obstacles' for CMake module files
[0.468s] Level 1:colcon.colcon_core.environment:checking '/home/usuario/Documentos/GitHub/IR2117-PSR/tb3_ws/install/obstacles' for CMake config files
[0.468s] Level 1:colcon.colcon_core.shell:create_environment_hook('obstacles', 'cmake_prefix_path')
[0.470s] INFO:colcon.colcon_core.shell:Creating environment hook '/home/usuario/Documentos/GitHub/IR2117-PSR/tb3_ws/install/obstacles/share/obstacles/hook/cmake_prefix_path.ps1'
[0.471s] INFO:colcon.colcon_core.shell:Creating environment descriptor '/home/usuario/Documentos/GitHub/IR2117-PSR/tb3_ws/install/obstacles/share/obstacles/hook/cmake_prefix_path.dsv'
[0.471s] INFO:colcon.colcon_core.shell:Creating environment hook '/home/usuario/Documentos/GitHub/IR2117-PSR/tb3_ws/install/obstacles/share/obstacles/hook/cmake_prefix_path.sh'
[0.472s] Level 1:colcon.colcon_core.environment:checking '/home/usuario/Documentos/GitHub/IR2117-PSR/tb3_ws/install/obstacles/lib'
[0.472s] Level 1:colcon.colcon_core.environment:checking '/home/usuario/Documentos/GitHub/IR2117-PSR/tb3_ws/install/obstacles/bin'
[0.472s] Level 1:colcon.colcon_core.environment:checking '/home/usuario/Documentos/GitHub/IR2117-PSR/tb3_ws/install/obstacles/lib/pkgconfig/obstacles.pc'
[0.472s] Level 1:colcon.colcon_core.environment:checking '/home/usuario/Documentos/GitHub/IR2117-PSR/tb3_ws/install/obstacles/lib/python3.8/site-packages'
[0.472s] Level 1:colcon.colcon_core.environment:checking '/home/usuario/Documentos/GitHub/IR2117-PSR/tb3_ws/install/obstacles/bin'
[0.474s] INFO:colcon.colcon_core.shell:Creating package script '/home/usuario/Documentos/GitHub/IR2117-PSR/tb3_ws/install/obstacles/share/obstacles/package.ps1'
[0.474s] INFO:colcon.colcon_core.shell:Creating package descriptor '/home/usuario/Documentos/GitHub/IR2117-PSR/tb3_ws/install/obstacles/share/obstacles/package.dsv'
[0.475s] INFO:colcon.colcon_core.shell:Creating package script '/home/usuario/Documentos/GitHub/IR2117-PSR/tb3_ws/install/obstacles/share/obstacles/package.sh'
[0.475s] INFO:colcon.colcon_core.shell:Creating package script '/home/usuario/Documentos/GitHub/IR2117-PSR/tb3_ws/install/obstacles/share/obstacles/package.bash'
[0.476s] INFO:colcon.colcon_core.shell:Creating package script '/home/usuario/Documentos/GitHub/IR2117-PSR/tb3_ws/install/obstacles/share/obstacles/package.zsh'
[0.476s] Level 1:colcon.colcon_core.environment:create_file_with_runtime_dependencies(/home/usuario/Documentos/GitHub/IR2117-PSR/tb3_ws/install/obstacles/share/colcon-core/packages/obstacles)
[0.480s] Level 1:colcon.colcon_core.environment:create_environment_scripts_only(robot_trajectory)
[0.483s] Level 1:colcon.colcon_core.environment:checking '/home/usuario/Documentos/GitHub/IR2117-PSR/tb3_ws/install/robot_trajectory' for CMake module files
[0.483s] Level 1:colcon.colcon_core.environment:checking '/home/usuario/Documentos/GitHub/IR2117-PSR/tb3_ws/install/robot_trajectory' for CMake config files
[0.483s] Level 1:colcon.colcon_core.shell:create_environment_hook('robot_trajectory', 'cmake_prefix_path')
[0.485s] INFO:colcon.colcon_core.shell:Creating environment hook '/home/usuario/Documentos/GitHub/IR2117-PSR/tb3_ws/install/robot_trajectory/share/robot_trajectory/hook/cmake_prefix_path.ps1'
[0.486s] INFO:colcon.colcon_core.shell:Creating environment descriptor '/home/usuario/Documentos/GitHub/IR2117-PSR/tb3_ws/install/robot_trajectory/share/robot_trajectory/hook/cmake_prefix_path.dsv'
[0.486s] INFO:colcon.colcon_core.shell:Creating environment hook '/home/usuario/Documentos/GitHub/IR2117-PSR/tb3_ws/install/robot_trajectory/share/robot_trajectory/hook/cmake_prefix_path.sh'
[0.487s] Level 1:colcon.colcon_core.environment:checking '/home/usuario/Documentos/GitHub/IR2117-PSR/tb3_ws/install/robot_trajectory/lib'
[0.487s] Level 1:colcon.colcon_core.environment:checking '/home/usuario/Documentos/GitHub/IR2117-PSR/tb3_ws/install/robot_trajectory/bin'
[0.487s] Level 1:colcon.colcon_core.environment:checking '/home/usuario/Documentos/GitHub/IR2117-PSR/tb3_ws/install/robot_trajectory/lib/pkgconfig/robot_trajectory.pc'
[0.487s] Level 1:colcon.colcon_core.environment:checking '/home/usuario/Documentos/GitHub/IR2117-PSR/tb3_ws/install/robot_trajectory/lib/python3.8/site-packages'
[0.487s] Level 1:colcon.colcon_core.environment:checking '/home/usuario/Documentos/GitHub/IR2117-PSR/tb3_ws/install/robot_trajectory/bin'
[0.489s] INFO:colcon.colcon_core.shell:Creating package script '/home/usuario/Documentos/GitHub/IR2117-PSR/tb3_ws/install/robot_trajectory/share/robot_trajectory/package.ps1'
[0.490s] INFO:colcon.colcon_core.shell:Creating package descriptor '/home/usuario/Documentos/GitHub/IR2117-PSR/tb3_ws/install/robot_trajectory/share/robot_trajectory/package.dsv'
[0.490s] INFO:colcon.colcon_core.shell:Creating package script '/home/usuario/Documentos/GitHub/IR2117-PSR/tb3_ws/install/robot_trajectory/share/robot_trajectory/package.sh'
[0.491s] INFO:colcon.colcon_core.shell:Creating package script '/home/usuario/Documentos/GitHub/IR2117-PSR/tb3_ws/install/robot_trajectory/share/robot_trajectory/package.bash'
[0.491s] INFO:colcon.colcon_core.shell:Creating package script '/home/usuario/Documentos/GitHub/IR2117-PSR/tb3_ws/install/robot_trajectory/share/robot_trajectory/package.zsh'
[0.491s] Level 1:colcon.colcon_core.environment:create_file_with_runtime_dependencies(/home/usuario/Documentos/GitHub/IR2117-PSR/tb3_ws/install/robot_trajectory/share/colcon-core/packages/robot_trajectory)
[0.973s] DEBUG:colcon.colcon_core.event_handler.log_command:Invoked command in '/home/usuario/Documentos/GitHub/IR2117-PSR/tb3_ws/build/cpp_srvcli' returned '0': CMAKE_PREFIX_PATH=${CMAKE_PREFIX_PATH}:/opt/ros/foxy /usr/bin/cmake --build /home/usuario/Documentos/GitHub/IR2117-PSR/tb3_ws/build/cpp_srvcli -- -j6 -l6
[0.995s] DEBUG:colcon.colcon_core.event_handler.log_command:Invoking command in '/home/usuario/Documentos/GitHub/IR2117-PSR/tb3_ws/build/cpp_srvcli': CMAKE_PREFIX_PATH=${CMAKE_PREFIX_PATH}:/opt/ros/foxy /usr/bin/cmake --install /home/usuario/Documentos/GitHub/IR2117-PSR/tb3_ws/build/cpp_srvcli
[1.010s] Level 1:colcon.colcon_core.environment:create_environment_scripts_only(cpp_srvcli)
[1.015s] Level 1:colcon.colcon_core.environment:checking '/home/usuario/Documentos/GitHub/IR2117-PSR/tb3_ws/install/cpp_srvcli' for CMake module files
[1.016s] DEBUG:colcon.colcon_core.event_handler.log_command:Invoked command in '/home/usuario/Documentos/GitHub/IR2117-PSR/tb3_ws/build/cpp_srvcli' returned '0': CMAKE_PREFIX_PATH=${CMAKE_PREFIX_PATH}:/opt/ros/foxy /usr/bin/cmake --install /home/usuario/Documentos/GitHub/IR2117-PSR/tb3_ws/build/cpp_srvcli
[1.016s] Level 1:colcon.colcon_core.environment:checking '/home/usuario/Documentos/GitHub/IR2117-PSR/tb3_ws/install/cpp_srvcli' for CMake config files
[1.016s] Level 1:colcon.colcon_core.shell:create_environment_hook('cpp_srvcli', 'cmake_prefix_path')
[1.020s] INFO:colcon.colcon_core.shell:Creating environment hook '/home/usuario/Documentos/GitHub/IR2117-PSR/tb3_ws/install/cpp_srvcli/share/cpp_srvcli/hook/cmake_prefix_path.ps1'
[1.021s] INFO:colcon.colcon_core.shell:Creating environment descriptor '/home/usuario/Documentos/GitHub/IR2117-PSR/tb3_ws/install/cpp_srvcli/share/cpp_srvcli/hook/cmake_prefix_path.dsv'
[1.021s] INFO:colcon.colcon_core.shell:Creating environment hook '/home/usuario/Documentos/GitHub/IR2117-PSR/tb3_ws/install/cpp_srvcli/share/cpp_srvcli/hook/cmake_prefix_path.sh'
[1.022s] Level 1:colcon.colcon_core.environment:checking '/home/usuario/Documentos/GitHub/IR2117-PSR/tb3_ws/install/cpp_srvcli/bin'
[1.022s] Level 1:colcon.colcon_core.environment:checking '/home/usuario/Documentos/GitHub/IR2117-PSR/tb3_ws/install/cpp_srvcli/lib/pkgconfig/cpp_srvcli.pc'
[1.023s] Level 1:colcon.colcon_core.environment:checking '/home/usuario/Documentos/GitHub/IR2117-PSR/tb3_ws/install/cpp_srvcli/lib/python3.8/site-packages'
[1.023s] Level 1:colcon.colcon_core.environment:checking '/home/usuario/Documentos/GitHub/IR2117-PSR/tb3_ws/install/cpp_srvcli/bin'
[1.025s] INFO:colcon.colcon_core.shell:Creating package script '/home/usuario/Documentos/GitHub/IR2117-PSR/tb3_ws/install/cpp_srvcli/share/cpp_srvcli/package.ps1'
[1.026s] INFO:colcon.colcon_core.shell:Creating package descriptor '/home/usuario/Documentos/GitHub/IR2117-PSR/tb3_ws/install/cpp_srvcli/share/cpp_srvcli/package.dsv'
[1.026s] INFO:colcon.colcon_core.shell:Creating package script '/home/usuario/Documentos/GitHub/IR2117-PSR/tb3_ws/install/cpp_srvcli/share/cpp_srvcli/package.sh'
[1.027s] INFO:colcon.colcon_core.shell:Creating package script '/home/usuario/Documentos/GitHub/IR2117-PSR/tb3_ws/install/cpp_srvcli/share/cpp_srvcli/package.bash'
[1.027s] INFO:colcon.colcon_core.shell:Creating package script '/home/usuario/Documentos/GitHub/IR2117-PSR/tb3_ws/install/cpp_srvcli/share/cpp_srvcli/package.zsh'
[1.028s] Level 1:colcon.colcon_core.environment:create_file_with_runtime_dependencies(/home/usuario/Documentos/GitHub/IR2117-PSR/tb3_ws/install/cpp_srvcli/share/colcon-core/packages/cpp_srvcli)
[1.054s] Level 1:colcon.colcon_core.environment:create_environment_scripts_only(cpp_srvcli)
[1.058s] Level 1:colcon.colcon_core.environment:checking '/home/usuario/Documentos/GitHub/IR2117-PSR/tb3_ws/install/cpp_srvcli' for CMake module files
[1.059s] Level 1:colcon.colcon_core.environment:checking '/home/usuario/Documentos/GitHub/IR2117-PSR/tb3_ws/install/cpp_srvcli' for CMake config files
[1.059s] Level 1:colcon.colcon_core.shell:create_environment_hook('cpp_srvcli', 'cmake_prefix_path')
[1.061s] INFO:colcon.colcon_core.shell:Creating environment hook '/home/usuario/Documentos/GitHub/IR2117-PSR/tb3_ws/install/cpp_srvcli/share/cpp_srvcli/hook/cmake_prefix_path.ps1'
[1.062s] INFO:colcon.colcon_core.shell:Creating environment descriptor '/home/usuario/Documentos/GitHub/IR2117-PSR/tb3_ws/install/cpp_srvcli/share/cpp_srvcli/hook/cmake_prefix_path.dsv'
[1.062s] INFO:colcon.colcon_core.shell:Creating environment hook '/home/usuario/Documentos/GitHub/IR2117-PSR/tb3_ws/install/cpp_srvcli/share/cpp_srvcli/hook/cmake_prefix_path.sh'
[1.063s] Level 1:colcon.colcon_core.environment:checking '/home/usuario/Documentos/GitHub/IR2117-PSR/tb3_ws/install/cpp_srvcli/bin'
[1.063s] Level 1:colcon.colcon_core.environment:checking '/home/usuario/Documentos/GitHub/IR2117-PSR/tb3_ws/install/cpp_srvcli/lib/pkgconfig/cpp_srvcli.pc'
[1.064s] Level 1:colcon.colcon_core.environment:checking '/home/usuario/Documentos/GitHub/IR2117-PSR/tb3_ws/install/cpp_srvcli/lib/python3.8/site-packages'
[1.064s] Level 1:colcon.colcon_core.environment:checking '/home/usuario/Documentos/GitHub/IR2117-PSR/tb3_ws/install/cpp_srvcli/bin'
[1.066s] INFO:colcon.colcon_core.shell:Creating package script '/home/usuario/Documentos/GitHub/IR2117-PSR/tb3_ws/install/cpp_srvcli/share/cpp_srvcli/package.ps1'
[1.067s] INFO:colcon.colcon_core.shell:Creating package descriptor '/home/usuario/Documentos/GitHub/IR2117-PSR/tb3_ws/install/cpp_srvcli/share/cpp_srvcli/package.dsv'
[1.067s] INFO:colcon.colcon_core.shell:Creating package script '/home/usuario/Documentos/GitHub/IR2117-PSR/tb3_ws/install/cpp_srvcli/share/cpp_srvcli/package.sh'
[1.068s] INFO:colcon.colcon_core.shell:Creating package script '/home/usuario/Documentos/GitHub/IR2117-PSR/tb3_ws/install/cpp_srvcli/share/cpp_srvcli/package.bash'
[1.068s] INFO:colcon.colcon_core.shell:Creating package script '/home/usuario/Documentos/GitHub/IR2117-PSR/tb3_ws/install/cpp_srvcli/share/cpp_srvcli/package.zsh'
[1.069s] Level 1:colcon.colcon_core.environment:create_file_with_runtime_dependencies(/home/usuario/Documentos/GitHub/IR2117-PSR/tb3_ws/install/cpp_srvcli/share/colcon-core/packages/cpp_srvcli)
[1.070s] DEBUG:colcon.colcon_parallel_executor.executor.parallel:closing loop
[1.070s] DEBUG:colcon.colcon_parallel_executor.executor.parallel:loop closed
[1.070s] DEBUG:colcon.colcon_parallel_executor.executor.parallel:run_until_complete finished with '0'
[1.070s] DEBUG:colcon.colcon_core.event_reactor:joining thread
[1.076s] INFO:colcon.colcon_core.plugin_system:Skipping extension 'colcon_notification.desktop_notification.terminal_notifier': Not used on non-Darwin systems
[1.077s] INFO:colcon.colcon_core.plugin_system:Skipping extension 'colcon_notification.desktop_notification.win32': Not used on non-Windows systems
[1.077s] INFO:colcon.colcon_notification.desktop_notification:Sending desktop notification using 'notify2'
[1.091s] DEBUG:colcon.colcon_core.event_reactor:joined thread
[1.094s] INFO:colcon.colcon_core.shell:Creating prefix script '/home/usuario/Documentos/GitHub/IR2117-PSR/tb3_ws/install/local_setup.ps1'
[1.095s] INFO:colcon.colcon_core.shell:Creating prefix util module '/home/usuario/Documentos/GitHub/IR2117-PSR/tb3_ws/install/_local_setup_util_ps1.py'
[1.096s] INFO:colcon.colcon_core.shell:Creating prefix chain script '/home/usuario/Documentos/GitHub/IR2117-PSR/tb3_ws/install/setup.ps1'
[1.099s] INFO:colcon.colcon_core.shell:Creating prefix script '/home/usuario/Documentos/GitHub/IR2117-PSR/tb3_ws/install/local_setup.sh'
[1.099s] INFO:colcon.colcon_core.shell:Creating prefix util module '/home/usuario/Documentos/GitHub/IR2117-PSR/tb3_ws/install/_local_setup_util_sh.py'
[1.100s] INFO:colcon.colcon_core.shell:Creating prefix chain script '/home/usuario/Documentos/GitHub/IR2117-PSR/tb3_ws/install/setup.sh'
[1.102s] INFO:colcon.colcon_core.shell:Creating prefix script '/home/usuario/Documentos/GitHub/IR2117-PSR/tb3_ws/install/local_setup.bash'
[1.103s] INFO:colcon.colcon_core.shell:Creating prefix chain script '/home/usuario/Documentos/GitHub/IR2117-PSR/tb3_ws/install/setup.bash'
[1.104s] INFO:colcon.colcon_core.shell:Creating prefix script '/home/usuario/Documentos/GitHub/IR2117-PSR/tb3_ws/install/local_setup.zsh'
[1.105s] INFO:colcon.colcon_core.shell:Creating prefix chain script '/home/usuario/Documentos/GitHub/IR2117-PSR/tb3_ws/install/setup.zsh'
