[0.200s] DEBUG:colcon:Command line arguments: ['/usr/bin/colcon', 'build']
[0.200s] DEBUG:colcon:Parsed command line arguments: Namespace(allow_overriding=[], ament_cmake_args=None, base_paths=['.'], build_base='build', catkin_cmake_args=None, catkin_skip_building_tests=False, cmake_args=None, cmake_clean_cache=False, cmake_clean_first=False, cmake_force_configure=False, cmake_target=None, cmake_target_skip_unavailable=False, continue_on_error=False, event_handlers=None, executor='parallel', ignore_user_meta=False, install_base='install', log_base=None, log_level=None, main=<bound method BuildVerb.main of <colcon_core.verb.build.BuildVerb object at 0x7f3899284b80>>, merge_install=False, metas=['./colcon.meta'], packages_above=None, packages_above_and_dependencies=None, packages_above_depth=None, packages_end=None, packages_ignore=None, packages_ignore_regex=None, packages_select=None, packages_select_build_failed=False, packages_select_by_dep=None, packages_select_regex=None, packages_select_test_failures=False, packages_skip=None, packages_skip_build_finished=False, packages_skip_by_dep=None, packages_skip_regex=None, packages_skip_test_passed=False, packages_skip_up_to=None, packages_start=None, packages_up_to=None, packages_up_to_regex=None, parallel_workers=1, paths=None, symlink_install=False, test_result_base=None, verb_extension=<colcon_core.verb.build.BuildVerb object at 0x7f3899284b80>, verb_name='build', verb_parser=<colcon_defaults.argument_parser.defaults.DefaultArgumentsDecorator object at 0x7f389928d130>)
[0.258s] Level 1:colcon.colcon_core.package_discovery:discover_packages(colcon_meta) check parameters
[0.258s] Level 1:colcon.colcon_core.package_discovery:discover_packages(recursive) check parameters
[0.258s] Level 1:colcon.colcon_core.package_discovery:discover_packages(ignore) check parameters
[0.258s] Level 1:colcon.colcon_core.package_discovery:discover_packages(path) check parameters
[0.258s] Level 1:colcon.colcon_core.package_discovery:discover_packages(colcon_meta) discover
[0.258s] Level 1:colcon.colcon_core.package_discovery:discover_packages(recursive) discover
[0.258s] INFO:colcon.colcon_core.package_discovery:Crawling recursively for packages in '/home/marc/Documents/GitHub/IR2117-PSR/tb3_ws/src'
[0.258s] Level 1:colcon.colcon_core.package_identification:_identify(.) by extensions ['ignore', 'ignore_ament_install']
[0.258s] Level 1:colcon.colcon_core.package_identification:_identify(.) by extension 'ignore'
[0.258s] Level 1:colcon.colcon_core.package_identification:_identify(.) by extension 'ignore_ament_install'
[0.258s] Level 1:colcon.colcon_core.package_identification:_identify(.) by extensions ['colcon_pkg']
[0.258s] Level 1:colcon.colcon_core.package_identification:_identify(.) by extension 'colcon_pkg'
[0.258s] Level 1:colcon.colcon_core.package_identification:_identify(.) by extensions ['colcon_meta']
[0.258s] Level 1:colcon.colcon_core.package_identification:_identify(.) by extension 'colcon_meta'
[0.258s] Level 1:colcon.colcon_core.package_identification:_identify(.) by extensions ['ros']
[0.258s] Level 1:colcon.colcon_core.package_identification:_identify(.) by extension 'ros'
[0.283s] Level 1:colcon.colcon_core.package_identification:_identify(.) by extensions ['cmake', 'python']
[0.283s] Level 1:colcon.colcon_core.package_identification:_identify(.) by extension 'cmake'
[0.283s] Level 1:colcon.colcon_core.package_identification:_identify(.) by extension 'python'
[0.283s] Level 1:colcon.colcon_core.package_identification:_identify(.) by extensions ['python_setup_py']
[0.283s] Level 1:colcon.colcon_core.package_identification:_identify(.) by extension 'python_setup_py'
[0.284s] Level 1:colcon.colcon_core.package_identification:_identify(build) by extensions ['ignore', 'ignore_ament_install']
[0.284s] Level 1:colcon.colcon_core.package_identification:_identify(build) by extension 'ignore'
[0.284s] Level 1:colcon.colcon_core.package_identification:_identify(build) ignored
[0.284s] Level 1:colcon.colcon_core.package_identification:_identify(install) by extensions ['ignore', 'ignore_ament_install']
[0.284s] Level 1:colcon.colcon_core.package_identification:_identify(install) by extension 'ignore'
[0.284s] Level 1:colcon.colcon_core.package_identification:_identify(install) ignored
[0.284s] Level 1:colcon.colcon_core.package_identification:_identify(log) by extensions ['ignore', 'ignore_ament_install']
[0.284s] Level 1:colcon.colcon_core.package_identification:_identify(log) by extension 'ignore'
[0.284s] Level 1:colcon.colcon_core.package_identification:_identify(log) ignored
[0.284s] Level 1:colcon.colcon_core.package_identification:_identify(obstacles) by extensions ['ignore', 'ignore_ament_install']
[0.284s] Level 1:colcon.colcon_core.package_identification:_identify(obstacles) by extension 'ignore'
[0.284s] Level 1:colcon.colcon_core.package_identification:_identify(obstacles) by extension 'ignore_ament_install'
[0.284s] Level 1:colcon.colcon_core.package_identification:_identify(obstacles) by extensions ['colcon_pkg']
[0.284s] Level 1:colcon.colcon_core.package_identification:_identify(obstacles) by extension 'colcon_pkg'
[0.284s] Level 1:colcon.colcon_core.package_identification:_identify(obstacles) by extensions ['colcon_meta']
[0.284s] Level 1:colcon.colcon_core.package_identification:_identify(obstacles) by extension 'colcon_meta'
[0.284s] Level 1:colcon.colcon_core.package_identification:_identify(obstacles) by extensions ['ros']
[0.284s] Level 1:colcon.colcon_core.package_identification:_identify(obstacles) by extension 'ros'
[0.298s] DEBUG:colcon.colcon_core.package_identification:Package 'obstacles' with type 'ros.ament_cmake' and name 'obstacles'
[0.298s] Level 1:colcon.colcon_core.package_identification:_identify(robot_trajectory) by extensions ['ignore', 'ignore_ament_install']
[0.298s] Level 1:colcon.colcon_core.package_identification:_identify(robot_trajectory) by extension 'ignore'
[0.298s] Level 1:colcon.colcon_core.package_identification:_identify(robot_trajectory) by extension 'ignore_ament_install'
[0.298s] Level 1:colcon.colcon_core.package_identification:_identify(robot_trajectory) by extensions ['colcon_pkg']
[0.298s] Level 1:colcon.colcon_core.package_identification:_identify(robot_trajectory) by extension 'colcon_pkg'
[0.299s] Level 1:colcon.colcon_core.package_identification:_identify(robot_trajectory) by extensions ['colcon_meta']
[0.299s] Level 1:colcon.colcon_core.package_identification:_identify(robot_trajectory) by extension 'colcon_meta'
[0.299s] Level 1:colcon.colcon_core.package_identification:_identify(robot_trajectory) by extensions ['ros']
[0.299s] Level 1:colcon.colcon_core.package_identification:_identify(robot_trajectory) by extension 'ros'
[0.299s] DEBUG:colcon.colcon_core.package_identification:Package 'robot_trajectory' with type 'ros.ament_cmake' and name 'robot_trajectory'
[0.299s] Level 1:colcon.colcon_core.package_discovery:discover_packages(recursive) using defaults
[0.299s] Level 1:colcon.colcon_core.package_discovery:discover_packages(ignore) discover
[0.299s] Level 1:colcon.colcon_core.package_discovery:discover_packages(ignore) using defaults
[0.299s] Level 1:colcon.colcon_core.package_discovery:discover_packages(path) discover
[0.299s] Level 1:colcon.colcon_core.package_discovery:discover_packages(path) using defaults
[0.316s] Level 1:colcon.colcon_core.package_discovery:discover_packages(prefix_path) check parameters
[0.316s] Level 1:colcon.colcon_core.package_discovery:discover_packages(prefix_path) discover
[0.330s] DEBUG:colcon.colcon_installed_package_information.package_discovery:Found 266 installed packages in /opt/ros/foxy
[0.331s] Level 1:colcon.colcon_core.package_discovery:discover_packages(prefix_path) using defaults
[0.384s] Level 5:colcon.colcon_core.verb:set package 'obstacles' build argument 'cmake_args' from command line to 'None'
[0.385s] Level 5:colcon.colcon_core.verb:set package 'obstacles' build argument 'cmake_target' from command line to 'None'
[0.385s] Level 5:colcon.colcon_core.verb:set package 'obstacles' build argument 'cmake_target_skip_unavailable' from command line to 'False'
[0.385s] Level 5:colcon.colcon_core.verb:set package 'obstacles' build argument 'cmake_clean_cache' from command line to 'False'
[0.385s] Level 5:colcon.colcon_core.verb:set package 'obstacles' build argument 'cmake_clean_first' from command line to 'False'
[0.385s] Level 5:colcon.colcon_core.verb:set package 'obstacles' build argument 'cmake_force_configure' from command line to 'False'
[0.385s] Level 5:colcon.colcon_core.verb:set package 'obstacles' build argument 'ament_cmake_args' from command line to 'None'
[0.385s] Level 5:colcon.colcon_core.verb:set package 'obstacles' build argument 'catkin_cmake_args' from command line to 'None'
[0.385s] Level 5:colcon.colcon_core.verb:set package 'obstacles' build argument 'catkin_skip_building_tests' from command line to 'False'
[0.385s] DEBUG:colcon.colcon_core.verb:Building package 'obstacles' with the following arguments: {'ament_cmake_args': None, 'build_base': '/home/marc/Documents/GitHub/IR2117-PSR/tb3_ws/src/build/obstacles', 'catkin_cmake_args': None, 'catkin_skip_building_tests': False, 'cmake_args': None, 'cmake_clean_cache': False, 'cmake_clean_first': False, 'cmake_force_configure': False, 'cmake_target': None, 'cmake_target_skip_unavailable': False, 'install_base': '/home/marc/Documents/GitHub/IR2117-PSR/tb3_ws/src/install/obstacles', 'merge_install': False, 'path': '/home/marc/Documents/GitHub/IR2117-PSR/tb3_ws/src/obstacles', 'symlink_install': False, 'test_result_base': None}
[0.386s] Level 5:colcon.colcon_core.verb:set package 'robot_trajectory' build argument 'cmake_args' from command line to 'None'
[0.386s] Level 5:colcon.colcon_core.verb:set package 'robot_trajectory' build argument 'cmake_target' from command line to 'None'
[0.386s] Level 5:colcon.colcon_core.verb:set package 'robot_trajectory' build argument 'cmake_target_skip_unavailable' from command line to 'False'
[0.386s] Level 5:colcon.colcon_core.verb:set package 'robot_trajectory' build argument 'cmake_clean_cache' from command line to 'False'
[0.386s] Level 5:colcon.colcon_core.verb:set package 'robot_trajectory' build argument 'cmake_clean_first' from command line to 'False'
[0.386s] Level 5:colcon.colcon_core.verb:set package 'robot_trajectory' build argument 'cmake_force_configure' from command line to 'False'
[0.386s] Level 5:colcon.colcon_core.verb:set package 'robot_trajectory' build argument 'ament_cmake_args' from command line to 'None'
[0.386s] Level 5:colcon.colcon_core.verb:set package 'robot_trajectory' build argument 'catkin_cmake_args' from command line to 'None'
[0.386s] Level 5:colcon.colcon_core.verb:set package 'robot_trajectory' build argument 'catkin_skip_building_tests' from command line to 'False'
[0.386s] DEBUG:colcon.colcon_core.verb:Building package 'robot_trajectory' with the following arguments: {'ament_cmake_args': None, 'build_base': '/home/marc/Documents/GitHub/IR2117-PSR/tb3_ws/src/build/robot_trajectory', 'catkin_cmake_args': None, 'catkin_skip_building_tests': False, 'cmake_args': None, 'cmake_clean_cache': False, 'cmake_clean_first': False, 'cmake_force_configure': False, 'cmake_target': None, 'cmake_target_skip_unavailable': False, 'install_base': '/home/marc/Documents/GitHub/IR2117-PSR/tb3_ws/src/install/robot_trajectory', 'merge_install': False, 'path': '/home/marc/Documents/GitHub/IR2117-PSR/tb3_ws/src/robot_trajectory', 'symlink_install': False, 'test_result_base': None}
[0.386s] INFO:colcon.colcon_core.executor:Executing jobs using 'parallel' executor
[0.388s] DEBUG:colcon.colcon_parallel_executor.executor.parallel:run_until_complete
[0.388s] INFO:colcon.colcon_ros.task.ament_cmake.build:Building ROS package in '/home/marc/Documents/GitHub/IR2117-PSR/tb3_ws/src/obstacles' with build type 'ament_cmake'
[0.388s] INFO:colcon.colcon_cmake.task.cmake.build:Building CMake package in '/home/marc/Documents/GitHub/IR2117-PSR/tb3_ws/src/obstacles'
[0.391s] INFO:colcon.colcon_core.plugin_system:Skipping extension 'colcon_core.shell.bat': Not used on non-Windows systems
[0.391s] INFO:colcon.colcon_core.shell:Skip shell extension 'powershell' for command environment: Not usable outside of PowerShell
[0.391s] DEBUG:colcon.colcon_core.shell:Skip shell extension 'dsv' for command environment
[0.401s] DEBUG:colcon.colcon_core.event_handler.log_command:Invoking command in '/home/marc/Documents/GitHub/IR2117-PSR/tb3_ws/src/build/obstacles': CMAKE_PREFIX_PATH=/opt/ros/foxy /usr/bin/cmake --build /home/marc/Documents/GitHub/IR2117-PSR/tb3_ws/src/build/obstacles -- -j1 -l1
[0.533s] DEBUG:colcon.colcon_core.event_handler.log_command:Invoked command in '/home/marc/Documents/GitHub/IR2117-PSR/tb3_ws/src/build/obstacles' returned '0': CMAKE_PREFIX_PATH=/opt/ros/foxy /usr/bin/cmake --build /home/marc/Documents/GitHub/IR2117-PSR/tb3_ws/src/build/obstacles -- -j1 -l1
[0.567s] DEBUG:colcon.colcon_core.event_handler.log_command:Invoking command in '/home/marc/Documents/GitHub/IR2117-PSR/tb3_ws/src/build/obstacles': CMAKE_PREFIX_PATH=/opt/ros/foxy /usr/bin/cmake --install /home/marc/Documents/GitHub/IR2117-PSR/tb3_ws/src/build/obstacles
[0.581s] Level 1:colcon.colcon_core.environment:create_environment_scripts_only(obstacles)
[0.584s] Level 1:colcon.colcon_core.environment:checking '/home/marc/Documents/GitHub/IR2117-PSR/tb3_ws/src/install/obstacles' for CMake module files
[0.585s] Level 1:colcon.colcon_core.environment:checking '/home/marc/Documents/GitHub/IR2117-PSR/tb3_ws/src/install/obstacles' for CMake config files
[0.585s] Level 1:colcon.colcon_core.shell:create_environment_hook('obstacles', 'cmake_prefix_path')
[0.586s] INFO:colcon.colcon_core.shell:Creating environment hook '/home/marc/Documents/GitHub/IR2117-PSR/tb3_ws/src/install/obstacles/share/obstacles/hook/cmake_prefix_path.ps1'
[0.591s] DEBUG:colcon.colcon_core.event_handler.log_command:Invoked command in '/home/marc/Documents/GitHub/IR2117-PSR/tb3_ws/src/build/obstacles' returned '0': CMAKE_PREFIX_PATH=/opt/ros/foxy /usr/bin/cmake --install /home/marc/Documents/GitHub/IR2117-PSR/tb3_ws/src/build/obstacles
[0.591s] INFO:colcon.colcon_core.shell:Creating environment descriptor '/home/marc/Documents/GitHub/IR2117-PSR/tb3_ws/src/install/obstacles/share/obstacles/hook/cmake_prefix_path.dsv'
[0.592s] INFO:colcon.colcon_core.shell:Creating environment hook '/home/marc/Documents/GitHub/IR2117-PSR/tb3_ws/src/install/obstacles/share/obstacles/hook/cmake_prefix_path.sh'
[0.593s] Level 1:colcon.colcon_core.environment:checking '/home/marc/Documents/GitHub/IR2117-PSR/tb3_ws/src/install/obstacles/lib'
[0.593s] Level 1:colcon.colcon_core.environment:checking '/home/marc/Documents/GitHub/IR2117-PSR/tb3_ws/src/install/obstacles/bin'
[0.593s] Level 1:colcon.colcon_core.environment:checking '/home/marc/Documents/GitHub/IR2117-PSR/tb3_ws/src/install/obstacles/lib/pkgconfig/obstacles.pc'
[0.593s] Level 1:colcon.colcon_core.environment:checking '/home/marc/Documents/GitHub/IR2117-PSR/tb3_ws/src/install/obstacles/lib/python3.8/site-packages'
[0.594s] Level 1:colcon.colcon_core.environment:checking '/home/marc/Documents/GitHub/IR2117-PSR/tb3_ws/src/install/obstacles/bin'
[0.594s] INFO:colcon.colcon_core.shell:Creating package script '/home/marc/Documents/GitHub/IR2117-PSR/tb3_ws/src/install/obstacles/share/obstacles/package.ps1'
[0.595s] INFO:colcon.colcon_core.shell:Creating package descriptor '/home/marc/Documents/GitHub/IR2117-PSR/tb3_ws/src/install/obstacles/share/obstacles/package.dsv'
[0.596s] INFO:colcon.colcon_core.shell:Creating package script '/home/marc/Documents/GitHub/IR2117-PSR/tb3_ws/src/install/obstacles/share/obstacles/package.sh'
[0.609s] INFO:colcon.colcon_core.shell:Creating package script '/home/marc/Documents/GitHub/IR2117-PSR/tb3_ws/src/install/obstacles/share/obstacles/package.bash'
[0.610s] INFO:colcon.colcon_core.shell:Creating package script '/home/marc/Documents/GitHub/IR2117-PSR/tb3_ws/src/install/obstacles/share/obstacles/package.zsh'
[0.611s] Level 1:colcon.colcon_core.environment:create_file_with_runtime_dependencies(/home/marc/Documents/GitHub/IR2117-PSR/tb3_ws/src/install/obstacles/share/colcon-core/packages/obstacles)
[0.674s] Level 1:colcon.colcon_core.environment:create_environment_scripts_only(obstacles)
[0.676s] Level 1:colcon.colcon_core.environment:checking '/home/marc/Documents/GitHub/IR2117-PSR/tb3_ws/src/install/obstacles' for CMake module files
[0.676s] Level 1:colcon.colcon_core.environment:checking '/home/marc/Documents/GitHub/IR2117-PSR/tb3_ws/src/install/obstacles' for CMake config files
[0.676s] Level 1:colcon.colcon_core.shell:create_environment_hook('obstacles', 'cmake_prefix_path')
[0.677s] INFO:colcon.colcon_core.shell:Creating environment hook '/home/marc/Documents/GitHub/IR2117-PSR/tb3_ws/src/install/obstacles/share/obstacles/hook/cmake_prefix_path.ps1'
[0.678s] INFO:colcon.colcon_core.shell:Creating environment descriptor '/home/marc/Documents/GitHub/IR2117-PSR/tb3_ws/src/install/obstacles/share/obstacles/hook/cmake_prefix_path.dsv'
[0.678s] INFO:colcon.colcon_core.shell:Creating environment hook '/home/marc/Documents/GitHub/IR2117-PSR/tb3_ws/src/install/obstacles/share/obstacles/hook/cmake_prefix_path.sh'
[0.684s] Level 1:colcon.colcon_core.environment:checking '/home/marc/Documents/GitHub/IR2117-PSR/tb3_ws/src/install/obstacles/lib'
[0.684s] Level 1:colcon.colcon_core.environment:checking '/home/marc/Documents/GitHub/IR2117-PSR/tb3_ws/src/install/obstacles/bin'
[0.684s] Level 1:colcon.colcon_core.environment:checking '/home/marc/Documents/GitHub/IR2117-PSR/tb3_ws/src/install/obstacles/lib/pkgconfig/obstacles.pc'
[0.684s] Level 1:colcon.colcon_core.environment:checking '/home/marc/Documents/GitHub/IR2117-PSR/tb3_ws/src/install/obstacles/lib/python3.8/site-packages'
[0.684s] Level 1:colcon.colcon_core.environment:checking '/home/marc/Documents/GitHub/IR2117-PSR/tb3_ws/src/install/obstacles/bin'
[0.685s] INFO:colcon.colcon_core.shell:Creating package script '/home/marc/Documents/GitHub/IR2117-PSR/tb3_ws/src/install/obstacles/share/obstacles/package.ps1'
[0.686s] INFO:colcon.colcon_core.shell:Creating package descriptor '/home/marc/Documents/GitHub/IR2117-PSR/tb3_ws/src/install/obstacles/share/obstacles/package.dsv'
[0.686s] INFO:colcon.colcon_core.shell:Creating package script '/home/marc/Documents/GitHub/IR2117-PSR/tb3_ws/src/install/obstacles/share/obstacles/package.sh'
[0.687s] INFO:colcon.colcon_core.shell:Creating package script '/home/marc/Documents/GitHub/IR2117-PSR/tb3_ws/src/install/obstacles/share/obstacles/package.bash'
[0.693s] INFO:colcon.colcon_core.shell:Creating package script '/home/marc/Documents/GitHub/IR2117-PSR/tb3_ws/src/install/obstacles/share/obstacles/package.zsh'
[0.694s] Level 1:colcon.colcon_core.environment:create_file_with_runtime_dependencies(/home/marc/Documents/GitHub/IR2117-PSR/tb3_ws/src/install/obstacles/share/colcon-core/packages/obstacles)
[0.695s] INFO:colcon.colcon_ros.task.ament_cmake.build:Building ROS package in '/home/marc/Documents/GitHub/IR2117-PSR/tb3_ws/src/robot_trajectory' with build type 'ament_cmake'
[0.696s] INFO:colcon.colcon_cmake.task.cmake.build:Building CMake package in '/home/marc/Documents/GitHub/IR2117-PSR/tb3_ws/src/robot_trajectory'
[0.696s] INFO:colcon.colcon_core.shell:Skip shell extension 'powershell' for command environment: Not usable outside of PowerShell
[0.697s] DEBUG:colcon.colcon_core.shell:Skip shell extension 'dsv' for command environment
[0.736s] DEBUG:colcon.colcon_core.event_handler.log_command:Invoking command in '/home/marc/Documents/GitHub/IR2117-PSR/tb3_ws/src/build/robot_trajectory': CMAKE_PREFIX_PATH=/opt/ros/foxy /usr/bin/cmake --build /home/marc/Documents/GitHub/IR2117-PSR/tb3_ws/src/build/robot_trajectory -- -j1 -l1
[3.574s] DEBUG:colcon.colcon_core.event_handler.log_command:Invoked command in '/home/marc/Documents/GitHub/IR2117-PSR/tb3_ws/src/build/robot_trajectory' returned '2': CMAKE_PREFIX_PATH=/opt/ros/foxy /usr/bin/cmake --build /home/marc/Documents/GitHub/IR2117-PSR/tb3_ws/src/build/robot_trajectory -- -j1 -l1
[3.588s] Level 1:colcon.colcon_core.environment:create_environment_scripts_only(robot_trajectory)
[3.590s] Level 1:colcon.colcon_core.environment:checking '/home/marc/Documents/GitHub/IR2117-PSR/tb3_ws/src/install/robot_trajectory' for CMake module files
[3.590s] Level 1:colcon.colcon_core.environment:checking '/home/marc/Documents/GitHub/IR2117-PSR/tb3_ws/src/install/robot_trajectory' for CMake config files
[3.590s] Level 1:colcon.colcon_core.environment:checking '/home/marc/Documents/GitHub/IR2117-PSR/tb3_ws/src/install/robot_trajectory/bin'
[3.590s] Level 1:colcon.colcon_core.environment:checking '/home/marc/Documents/GitHub/IR2117-PSR/tb3_ws/src/install/robot_trajectory/lib/pkgconfig/robot_trajectory.pc'
[3.590s] Level 1:colcon.colcon_core.environment:checking '/home/marc/Documents/GitHub/IR2117-PSR/tb3_ws/src/install/robot_trajectory/lib/python3.8/site-packages'
[3.591s] Level 1:colcon.colcon_core.environment:checking '/home/marc/Documents/GitHub/IR2117-PSR/tb3_ws/src/install/robot_trajectory/bin'
[3.591s] INFO:colcon.colcon_core.shell:Creating package script '/home/marc/Documents/GitHub/IR2117-PSR/tb3_ws/src/install/robot_trajectory/share/robot_trajectory/package.ps1'
[3.605s] INFO:colcon.colcon_core.shell:Creating package descriptor '/home/marc/Documents/GitHub/IR2117-PSR/tb3_ws/src/install/robot_trajectory/share/robot_trajectory/package.dsv'
[3.608s] INFO:colcon.colcon_core.shell:Creating package script '/home/marc/Documents/GitHub/IR2117-PSR/tb3_ws/src/install/robot_trajectory/share/robot_trajectory/package.sh'
[3.609s] INFO:colcon.colcon_core.shell:Creating package script '/home/marc/Documents/GitHub/IR2117-PSR/tb3_ws/src/install/robot_trajectory/share/robot_trajectory/package.bash'
[3.609s] INFO:colcon.colcon_core.shell:Creating package script '/home/marc/Documents/GitHub/IR2117-PSR/tb3_ws/src/install/robot_trajectory/share/robot_trajectory/package.zsh'
[3.610s] Level 1:colcon.colcon_core.environment:create_file_with_runtime_dependencies(/home/marc/Documents/GitHub/IR2117-PSR/tb3_ws/src/install/robot_trajectory/share/colcon-core/packages/robot_trajectory)
[3.623s] DEBUG:colcon.colcon_parallel_executor.executor.parallel:closing loop
[3.623s] DEBUG:colcon.colcon_parallel_executor.executor.parallel:loop closed
[3.624s] DEBUG:colcon.colcon_parallel_executor.executor.parallel:run_until_complete finished with '2'
[3.624s] DEBUG:colcon.colcon_core.event_reactor:joining thread
[3.736s] INFO:colcon.colcon_core.plugin_system:Skipping extension 'colcon_notification.desktop_notification.terminal_notifier': Not used on non-Darwin systems
[3.736s] INFO:colcon.colcon_core.plugin_system:Skipping extension 'colcon_notification.desktop_notification.win32': Not used on non-Windows systems
[3.736s] INFO:colcon.colcon_notification.desktop_notification:Sending desktop notification using 'notify2'
[3.755s] DEBUG:colcon.colcon_core.event_reactor:joined thread
[3.756s] INFO:colcon.colcon_core.shell:Creating prefix script '/home/marc/Documents/GitHub/IR2117-PSR/tb3_ws/src/install/local_setup.ps1'
[3.758s] INFO:colcon.colcon_core.shell:Creating prefix util module '/home/marc/Documents/GitHub/IR2117-PSR/tb3_ws/src/install/_local_setup_util_ps1.py'
[3.771s] INFO:colcon.colcon_core.shell:Creating prefix chain script '/home/marc/Documents/GitHub/IR2117-PSR/tb3_ws/src/install/setup.ps1'
[3.773s] INFO:colcon.colcon_core.shell:Creating prefix script '/home/marc/Documents/GitHub/IR2117-PSR/tb3_ws/src/install/local_setup.sh'
[3.774s] INFO:colcon.colcon_core.shell:Creating prefix util module '/home/marc/Documents/GitHub/IR2117-PSR/tb3_ws/src/install/_local_setup_util_sh.py'
[3.778s] INFO:colcon.colcon_core.shell:Creating prefix chain script '/home/marc/Documents/GitHub/IR2117-PSR/tb3_ws/src/install/setup.sh'
[3.779s] INFO:colcon.colcon_core.shell:Creating prefix script '/home/marc/Documents/GitHub/IR2117-PSR/tb3_ws/src/install/local_setup.bash'
[3.779s] INFO:colcon.colcon_core.shell:Creating prefix chain script '/home/marc/Documents/GitHub/IR2117-PSR/tb3_ws/src/install/setup.bash'
[3.805s] INFO:colcon.colcon_core.shell:Creating prefix script '/home/marc/Documents/GitHub/IR2117-PSR/tb3_ws/src/install/local_setup.zsh'
[3.806s] INFO:colcon.colcon_core.shell:Creating prefix chain script '/home/marc/Documents/GitHub/IR2117-PSR/tb3_ws/src/install/setup.zsh'
