[0.021s] Invoking command in '/home/usuario/Documentos/GitHub/IR2117-PSR/ros2_ws/build/action_tutorials_interfaces': CMAKE_PREFIX_PATH=${CMAKE_PREFIX_PATH}:/opt/ros/foxy /usr/bin/cmake /home/usuario/Documentos/GitHub/IR2117-PSR/ros2_ws/src/action_tutorials_interfaces -DCMAKE_INSTALL_PREFIX=/home/usuario/Documentos/GitHub/IR2117-PSR/ros2_ws/install/action_tutorials_interfaces
[0.033s] -- Found ament_cmake: 0.9.11 (/opt/ros/foxy/share/ament_cmake/cmake)
[0.058s] -- Found PythonInterp: /usr/bin/python3 (found suitable version "3.8.10", minimum required is "3") 
[0.058s] -- Using PYTHON_EXECUTABLE: /usr/bin/python3
[0.233s] -- Found ament_lint_auto: 0.9.7 (/opt/ros/foxy/share/ament_lint_auto/cmake)
[0.290s] -- Found rosidl_default_generators: 1.0.1 (/opt/ros/foxy/share/rosidl_default_generators/cmake)
[0.292s] -- Using all available rosidl_typesupport_c: rosidl_typesupport_fastrtps_c;rosidl_typesupport_introspection_c
[0.295s] -- Found rosidl_adapter: 1.3.0 (/opt/ros/foxy/share/rosidl_adapter/cmake)
[0.402s] -- Using all available rosidl_typesupport_cpp: rosidl_typesupport_fastrtps_cpp;rosidl_typesupport_introspection_cpp
[0.441s] -- Found PythonInterp: /usr/bin/python3 (found version "3.8.10") 
[0.581s] CMake Error at /opt/ros/foxy/share/rosidl_adapter/cmake/rosidl_adapt_interfaces.cmake:60 (message):
[0.581s]   execute_process(/usr/bin/python3 -m rosidl_adapter --package-name
[0.581s]   action_tutorials_interfaces --arguments-file
[0.581s]   /home/usuario/Documentos/GitHub/IR2117-PSR/ros2_ws/build/action_tutorials_interfaces/rosidl_adapter__arguments__action_tutorials_interfaces.json
[0.581s]   --output-dir
[0.581s]   /home/usuario/Documentos/GitHub/IR2117-PSR/ros2_ws/build/action_tutorials_interfaces/rosidl_adapter/action_tutorials_interfaces
[0.581s]   --output-file
[0.581s]   /home/usuario/Documentos/GitHub/IR2117-PSR/ros2_ws/build/action_tutorials_interfaces/rosidl_adapter/action_tutorials_interfaces.idls)
[0.581s]   returned error code 1:
[0.581s] 
[0.581s]   Traceback (most recent call last):
[0.581s] 
[0.582s]     File "/usr/lib/python3.8/runpy.py", line 194, in _run_module_as_main
[0.582s]       return _run_code(code, main_globals, None,
[0.582s]     File "/usr/lib/python3.8/runpy.py", line 87, in _run_code
[0.582s]       exec(code, run_globals)
[0.582s]     File "/opt/ros/foxy/lib/python3.8/site-packages/rosidl_adapter/__main__.py", line 19, in <module>
[0.582s]       sys.exit(main())
[0.582s]     File "/opt/ros/foxy/lib/python3.8/site-packages/rosidl_adapter/main.py", line 53, in main
[0.582s]       abs_idl_file = convert_to_idl(
[0.582s]     File "/opt/ros/foxy/lib/python3.8/site-packages/rosidl_adapter/__init__.py", line 29, in convert_to_idl
[0.582s]       return convert_action_to_idl(
[0.583s]     File "/opt/ros/foxy/lib/python3.8/site-packages/rosidl_adapter/action/__init__.py", line 28, in convert_action_to_idl
[0.583s]       action = parse_action_string(package_name, input_file.stem, content)
[0.583s]     File "/opt/ros/foxy/lib/python3.8/site-packages/rosidl_adapter/parser.py", line 886, in parse_action_string
[0.583s]       raise InvalidActionSpecification(
[0.583s] 
[0.583s]   rosidl_adapter.parser.InvalidActionSpecification: Number of '---'
[0.583s]   separators nonconformant with action definition
[0.583s] 
[0.583s] Call Stack (most recent call first):
[0.583s]   /opt/ros/foxy/share/rosidl_cmake/cmake/rosidl_generate_interfaces.cmake:130 (rosidl_adapt_interfaces)
[0.583s]   CMakeLists.txt:36 (rosidl_generate_interfaces)
[0.583s] 
[0.583s] 
[0.583s] -- Configuring incomplete, errors occurred!
[0.584s] See also "/home/usuario/Documentos/GitHub/IR2117-PSR/ros2_ws/build/action_tutorials_interfaces/CMakeFiles/CMakeOutput.log".
[0.593s] Invoked command in '/home/usuario/Documentos/GitHub/IR2117-PSR/ros2_ws/build/action_tutorials_interfaces' returned '1': CMAKE_PREFIX_PATH=${CMAKE_PREFIX_PATH}:/opt/ros/foxy /usr/bin/cmake /home/usuario/Documentos/GitHub/IR2117-PSR/ros2_ws/src/action_tutorials_interfaces -DCMAKE_INSTALL_PREFIX=/home/usuario/Documentos/GitHub/IR2117-PSR/ros2_ws/install/action_tutorials_interfaces
